09:29:02.607 | Info | '/api/user/login' | 
09:29:02.916 | Info | '/transaction/getuserpermissions' | 
09:29:02.949 | Info | '/transaction/myprofile' | 
09:29:02.952 | Info | '/transaction/myrequests' | 
09:29:02.954 | Info | '/transaction/mycollections' | 
09:29:02.957 | Info | '/transaction/getuserpermissions' | 
09:29:02.966 | Info | '/transaction/myprofile' | 
09:29:02.997 | Info | '/transaction/myprofile' | 
09:29:03.003 | Info | '/transaction/mycollections' | 
09:29:02.999 | Info | '/transaction/myrequests' | 
09:29:03.017 | Info | '/transaction/myprofile' | 
09:29:21.988 | Info | '/dashboard' | 
09:29:22.662 | Info | '/dashboard' | 
09:31:33.177 | Info | '/transaction/myprofile' | 
09:31:33.188 | Info | '/transaction/myrequests' | 
09:31:33.190 | Info | '/transaction/mycollections' | 
09:31:33.232 | Info | '/transaction/myrequests' | 
09:31:33.238 | Info | '/transaction/mycollections' | 
09:31:33.241 | Info | '/transaction/myprofile' | 
09:31:33.263 | Info | '/transaction/myprofile' | 
09:31:33.307 | Info | '/transaction/myprofile' | 
09:31:36.015 | Info | '/dashboard' | 
09:31:36.020 | Info | '/dashboard' | 
09:31:38.661 | Info | '/transaction/reports/:reportId' | 
09:32:20.163 | Info | '/transaction/getuserpermissions' | 
09:32:20.174 | Info | '/transaction/getuserpermissions' | 
09:32:24.931 | Info | '/api/user/login' | 
09:32:25.332 | Info | '/transaction/getuserpermissions' | 
09:32:25.369 | Info | '/transaction/getuserpermissions' | 
09:32:25.399 | Info | '/transaction/myprofile' | 
09:32:25.423 | Info | '/transaction/myrequests' | 
09:32:25.427 | Info | '/transaction/mycollections' | 
09:32:25.430 | Info | '/transaction/myprofile' | 
09:32:25.467 | Info | '/transaction/myrequests' | 
09:32:25.472 | Info | '/transaction/mycollections' | 
09:32:25.487 | Info | '/transaction/myprofile' | 
09:32:25.515 | Info | '/transaction/myprofile' | 
09:33:59.695 | Info | '/transaction/getchannel' | 
09:33:59.701 | Info | '/transaction/getcenters' | 
09:33:59.707 | Info | '/transaction/getuserroles' | 
09:33:59.717 | Info | '/transaction/getusers' | 
09:33:59.735 | Info | '/transaction/getchannel' | 
09:33:59.738 | Info | '/transaction/getcenters' | 
09:33:59.748 | Info | '/transaction/getuserroles' | 
09:33:59.755 | Info | '/transaction/getusers' | 
09:34:45.501 | Info | '/transaction/getuserpermissions' | 
09:34:45.505 | Info | '/transaction/getuserpermissions' | 
09:34:49.006 | Info | '/api/user/login' | 
09:34:49.246 | Info | '/transaction/getuserpermissions' | 
09:34:49.263 | Info | '/transaction/myprofile' | 
09:34:49.265 | Info | '/transaction/getuserpermissions' | 
09:34:49.283 | Info | '/transaction/myrequests' | 
09:34:49.285 | Info | '/transaction/mycollections' | 
09:34:49.305 | Info | '/transaction/myprofile' | 
09:34:49.309 | Info | '/transaction/mycollections' | 
09:34:49.324 | Info | '/transaction/myrequests' | 
09:34:49.356 | Info | '/transaction/myprofile' | 
09:34:49.393 | Info | '/transaction/myprofile' | 
09:34:54.282 | Info | '/transaction/getchannel' | 
09:34:54.284 | Info | '/transaction/getcenters' | 
09:34:54.286 | Info | '/transaction/getuserroles' | 
09:34:54.288 | Info | '/transaction/getusers' | 
09:34:54.303 | Info | '/transaction/getchannel' | 
09:34:54.317 | Info | '/transaction/getuserroles' | 
09:34:54.335 | Info | '/transaction/getcenters' | 
09:34:54.337 | Info | '/transaction/getusers' | 
09:35:06.595 | Info | '/transaction/myprofile' | 
09:35:06.610 | Info | '/transaction/myrequests' | 
09:35:06.614 | Info | '/transaction/myprofile' | 
09:35:06.619 | Info | '/transaction/mycollections' | 
09:35:06.631 | Info | '/transaction/myrequests' | 
09:35:06.661 | Info | '/transaction/myprofile' | 
09:35:06.752 | Info | '/transaction/mycollections' | 
09:35:06.764 | Info | '/transaction/myprofile' | 
09:35:13.268 | Info | '/transaction/getarea' | 
09:35:13.276 | Info | '/transaction/getdonationtypes' | 
09:35:13.283 | Info | '/transaction/getdonationmethods' | 
09:35:13.314 | Info | '/transaction/getarea' | 
09:35:13.316 | Info | '/transaction/getdonationmethods' | 
09:35:13.430 | Info | '/transaction/getdonationtypes' | 
09:35:16.093 | Info | '/transaction/getdonordetails' | 
09:35:26.231 | Info | '/transaction/getdonationpurpose' | 
09:35:27.111 | Info | '/transaction/getdonationpurpose' | 
09:35:33.527 | Info | '/transaction/newdonation' | 
09:35:43.037 | Info | '/transaction/getchannel' | 
09:35:43.044 | Info | '/transaction/getcenters' | 
09:35:43.046 | Info | '/transaction/getuserroles' | 
09:35:43.049 | Info | '/transaction/getusers' | 
09:35:43.055 | Info | '/transaction/getchannel' | 
09:35:43.067 | Info | '/transaction/getcenters' | 
09:35:43.071 | Info | '/transaction/getuserroles' | 
09:35:43.092 | Info | '/transaction/getusers' | 
09:35:43.564 | Info | '/transaction/myprofile' | 
09:35:43.567 | Info | '/transaction/myrequests' | 
09:35:43.569 | Info | '/transaction/mycollections' | 
09:35:43.579 | Info | '/transaction/myprofile' | 
09:35:43.582 | Info | '/transaction/myrequests' | 
09:35:43.589 | Info | '/transaction/mycollections' | 
09:35:43.600 | Info | '/transaction/myprofile' | 
09:35:43.611 | Info | '/transaction/myprofile' | 
09:35:45.823 | Info | '/transaction/getdonation/:refNum/refnum' | 
09:37:57.091 | Info | '/transaction/getdonation/:refNum/refnum' | 
09:37:57.093 | Info | '/transaction/getdonation/:refNum/refnum' | 
09:38:33.281 | Info | '/transaction/getchannel' | 
09:38:33.283 | Info | '/transaction/getcenters' | 
09:38:33.284 | Info | '/transaction/getuserroles' | 
09:38:33.287 | Info | '/transaction/getusers' | 
09:38:33.295 | Info | '/transaction/getusers' | 
09:38:33.298 | Info | '/transaction/getuserroles' | 
09:38:33.300 | Info | '/transaction/getcenters' | 
09:38:33.304 | Info | '/transaction/getchannel' | 
09:40:00.119 | Info | '/transaction/myprofile' | 
09:40:00.145 | Info | '/transaction/myprofile' | 
09:40:00.153 | Info | '/transaction/myrequests' | 
09:40:00.156 | Info | '/transaction/mycollections' | 
09:40:00.158 | Info | '/transaction/myprofile' | 
09:40:00.183 | Info | '/transaction/myrequests' | 
09:40:00.186 | Info | '/transaction/mycollections' | 
09:40:00.191 | Info | '/transaction/myprofile' | 
09:40:18.542 | Info | '/transaction/getchannel' | 
09:40:18.544 | Info | '/transaction/getcenters' | 
09:40:18.546 | Info | '/transaction/getuserroles' | 
09:40:18.548 | Info | '/transaction/getusers' | 
09:40:18.573 | Info | '/transaction/getchannel' | 
09:40:18.579 | Info | '/transaction/getuserroles' | 
09:40:18.576 | Info | '/transaction/getcenters' | 
09:40:18.582 | Info | '/transaction/getusers' | 
09:41:38.929 | Info | '/api/user/login' | 
09:41:48.672 | Info | '/api/user/login' | 
09:41:48.888 | Info | '/transaction/getuserpermissions' | 
09:41:48.890 | Info | '/transaction/myprofile' | 
09:41:48.899 | Info | '/transaction/myrequests' | 
09:41:48.901 | Info | '/transaction/mycollections' | 
09:41:48.909 | Info | '/transaction/getuserpermissions' | 
09:41:48.919 | Info | '/transaction/myprofile' | 
09:41:48.922 | Info | '/transaction/myrequests' | 
09:41:48.949 | Info | '/transaction/mycollections' | 
09:41:48.952 | Info | '/transaction/myprofile' | 
09:41:48.973 | Info | '/transaction/myprofile' | 
09:41:52.350 | Info | '/transaction/getchannel' | 
09:41:52.352 | Info | '/transaction/getcenters' | 
09:41:52.359 | Info | '/transaction/getuserroles' | 
09:41:52.362 | Info | '/transaction/getusers' | 
09:41:52.365 | Info | '/transaction/getchannel' | 
09:41:52.370 | Info | '/transaction/getcenters' | 
09:41:52.384 | Info | '/transaction/getuserroles' | 
09:41:52.389 | Info | '/transaction/getusers' | 
09:42:18.230 | Info | '/transaction/createuser' | 
09:42:18.431 | Info | '/transaction/getusers' | 
09:42:27.185 | Info | '/api/user/login' | 
09:42:35.597 | Info | '/api/user/login' | 
09:42:35.820 | Info | '/transaction/getuserpermissions' | 
09:42:35.822 | Info | '/transaction/myprofile' | 
09:42:35.824 | Info | '/transaction/myrequests' | 
09:42:35.827 | Info | '/transaction/mycollections' | 
09:42:35.836 | Info | '/transaction/getuserpermissions' | 
09:42:35.848 | Info | '/transaction/myprofile' | 
09:42:35.867 | Info | '/transaction/myrequests' | 
09:42:35.869 | Info | '/transaction/mycollections' | 
09:42:35.877 | Info | '/transaction/myprofile' | 
09:42:35.889 | Info | '/transaction/myprofile' | 
09:42:39.240 | Info | '/transaction/getarea' | 
09:42:39.244 | Info | '/transaction/getdonationtypes' | 
09:42:39.249 | Info | '/transaction/getdonationmethods' | 
09:42:39.253 | Info | '/transaction/getarea' | 
09:42:39.260 | Info | '/transaction/getdonationtypes' | 
09:42:39.265 | Info | '/transaction/getdonationmethods' | 
09:42:40.915 | Info | '/transaction/myprofile' | 
09:42:40.920 | Info | '/transaction/myrequests' | 
09:42:40.922 | Info | '/transaction/mycollections' | 
09:42:40.937 | Info | '/transaction/myprofile' | 
09:42:40.940 | Info | '/transaction/myrequests' | 
09:42:40.943 | Info | '/transaction/mycollections' | 
09:42:40.946 | Info | '/transaction/myprofile' | 
09:42:40.968 | Info | '/transaction/myprofile' | 
09:52:08.562 | Info | '/api/user/login' | 
09:52:09.304 | Info | '/transaction/getuserpermissions' | 
09:52:09.318 | Info | '/transaction/myprofile' | 
09:52:09.450 | Info | '/transaction/myrequests' | 
09:52:09.482 | Info | '/transaction/mycollections' | 
09:52:09.540 | Info | '/transaction/getuserpermissions' | 
09:52:09.583 | Info | '/transaction/myprofile' | 
09:52:09.593 | Info | '/transaction/myrequests' | 
09:52:09.598 | Info | '/transaction/mycollections' | 
09:52:09.639 | Info | '/transaction/myprofile' | 
09:52:09.651 | Info | '/transaction/myprofile' | 
