05:45:53.317 | Info | '/transaction/myprofile' | 
05:46:20.419 | Info | '/api/user/login' | 
05:46:20.464 | Info | ({'message':'Access denied for user \'root\'@\'localhost\' (using password: YES)','code':'ER_ACCESS_DENIED_ERROR','errno':1045,'sqlState':'28000','sqlMessage':'Access denied for user \'root\'@\'localhost\' (using password: YES)'}) | 
05:46:43.957 | Info | '/api/user/login' | 
05:46:43.963 | Info | ({'message':'Access denied for user \'root\'@\'localhost\' (using password: YES)','code':'ER_ACCESS_DENIED_ERROR','errno':1045,'sqlState':'28000','sqlMessage':'Access denied for user \'root\'@\'localhost\' (using password: YES)'}) | 
05:46:59.721 | Info | '/transaction/myprofile' | 
05:47:01.831 | Info | '/transaction/myprofile' | 
05:47:01.844 | Info | '/transaction/gettour' | 
05:47:15.576 | Info | '/transaction/myprofile' | 
05:47:15.589 | Info | '/transaction/gethotels' | 
05:47:21.695 | Info | '/transaction/myprofile' | 
05:47:21.711 | Info | '/transaction/gethotels' | 
05:47:23.409 | Info | '/transaction/myprofile' | 
05:47:23.418 | Info | '/transaction/gethotels' | 
05:47:24.086 | Info | '/transaction/myprofile' | 
05:47:24.095 | Info | '/transaction/gethotels' | 
05:48:02.119 | Info | '/transaction/myprofile' | 
05:48:13.472 | Info | '/api/user/login' | 
05:48:13.477 | Info | ({'message':'Access denied for user \'root\'@\'localhost\' (using password: YES)','code':'ER_ACCESS_DENIED_ERROR','errno':1045,'sqlState':'28000','sqlMessage':'Access denied for user \'root\'@\'localhost\' (using password: YES)'}) | 
05:48:59.989 | Info | '/api/user/login' | 
05:48:59.995 | Info | ({'message':'Access denied for user \'root\'@\'localhost\' (using password: YES)','code':'ER_ACCESS_DENIED_ERROR','errno':1045,'sqlState':'28000','sqlMessage':'Access denied for user \'root\'@\'localhost\' (using password: YES)'}) | 
05:53:51.323 | Info | '/api/user/login' | 
05:53:51.329 | Info | ({'message':'Access denied for user \'root\'@\'localhost\' (using password: YES)','code':'ER_ACCESS_DENIED_ERROR','errno':1045,'sqlState':'28000','sqlMessage':'Access denied for user \'root\'@\'localhost\' (using password: YES)'}) | 
05:53:54.023 | Info | '/api/user/login' | 
05:53:54.028 | Info | ({'message':'Access denied for user \'root\'@\'localhost\' (using password: YES)','code':'ER_ACCESS_DENIED_ERROR','errno':1045,'sqlState':'28000','sqlMessage':'Access denied for user \'root\'@\'localhost\' (using password: YES)'}) | 
05:53:55.105 | Info | '/api/user/login' | 
05:53:55.109 | Info | ({'message':'Access denied for user \'root\'@\'localhost\' (using password: YES)','code':'ER_ACCESS_DENIED_ERROR','errno':1045,'sqlState':'28000','sqlMessage':'Access denied for user \'root\'@\'localhost\' (using password: YES)'}) | 
05:55:06.312 | Info | '/api/user/signup' | 
05:55:23.176 | Info | '/api/user/login' | 
05:55:23.182 | Info | ({'message':'Access denied for user \'root\'@\'localhost\' (using password: YES)','code':'ER_ACCESS_DENIED_ERROR','errno':1045,'sqlState':'28000','sqlMessage':'Access denied for user \'root\'@\'localhost\' (using password: YES)'}) | 
05:55:25.178 | Info | '/api/user/login' | 
05:55:25.182 | Info | ({'message':'Access denied for user \'root\'@\'localhost\' (using password: YES)','code':'ER_ACCESS_DENIED_ERROR','errno':1045,'sqlState':'28000','sqlMessage':'Access denied for user \'root\'@\'localhost\' (using password: YES)'}) | 
05:55:25.753 | Info | '/api/user/login' | 
05:55:25.759 | Info | ({'message':'Access denied for user \'root\'@\'localhost\' (using password: YES)','code':'ER_ACCESS_DENIED_ERROR','errno':1045,'sqlState':'28000','sqlMessage':'Access denied for user \'root\'@\'localhost\' (using password: YES)'}) | 
05:55:26.048 | Info | '/api/user/login' | 
05:55:26.052 | Info | ({'message':'Access denied for user \'root\'@\'localhost\' (using password: YES)','code':'ER_ACCESS_DENIED_ERROR','errno':1045,'sqlState':'28000','sqlMessage':'Access denied for user \'root\'@\'localhost\' (using password: YES)'}) | 
05:55:26.068 | Info | '/api/user/login' | 
05:55:26.072 | Info | ({'message':'Access denied for user \'root\'@\'localhost\' (using password: YES)','code':'ER_ACCESS_DENIED_ERROR','errno':1045,'sqlState':'28000','sqlMessage':'Access denied for user \'root\'@\'localhost\' (using password: YES)'}) | 
05:55:26.412 | Info | '/api/user/login' | 
05:55:26.423 | Info | ({'message':'Access denied for user \'root\'@\'localhost\' (using password: YES)','code':'ER_ACCESS_DENIED_ERROR','errno':1045,'sqlState':'28000','sqlMessage':'Access denied for user \'root\'@\'localhost\' (using password: YES)'}) | 
05:55:26.434 | Info | '/api/user/login' | 
05:55:26.438 | Info | ({'message':'Access denied for user \'root\'@\'localhost\' (using password: YES)','code':'ER_ACCESS_DENIED_ERROR','errno':1045,'sqlState':'28000','sqlMessage':'Access denied for user \'root\'@\'localhost\' (using password: YES)'}) | 
05:55:26.766 | Info | '/api/user/login' | 
05:55:26.770 | Info | ({'message':'Access denied for user \'root\'@\'localhost\' (using password: YES)','code':'ER_ACCESS_DENIED_ERROR','errno':1045,'sqlState':'28000','sqlMessage':'Access denied for user \'root\'@\'localhost\' (using password: YES)'}) | 
05:55:26.786 | Info | '/api/user/login' | 
05:55:26.791 | Info | ({'message':'Access denied for user \'root\'@\'localhost\' (using password: YES)','code':'ER_ACCESS_DENIED_ERROR','errno':1045,'sqlState':'28000','sqlMessage':'Access denied for user \'root\'@\'localhost\' (using password: YES)'}) | 
05:55:27.100 | Info | '/api/user/login' | 
05:55:27.105 | Info | ({'message':'Access denied for user \'root\'@\'localhost\' (using password: YES)','code':'ER_ACCESS_DENIED_ERROR','errno':1045,'sqlState':'28000','sqlMessage':'Access denied for user \'root\'@\'localhost\' (using password: YES)'}) | 
05:55:27.121 | Info | '/api/user/login' | 
05:55:27.126 | Info | ({'message':'Access denied for user \'root\'@\'localhost\' (using password: YES)','code':'ER_ACCESS_DENIED_ERROR','errno':1045,'sqlState':'28000','sqlMessage':'Access denied for user \'root\'@\'localhost\' (using password: YES)'}) | 
05:55:34.028 | Info | '/api/user/login' | 
05:55:34.032 | Info | ({'message':'Access denied for user \'root\'@\'localhost\' (using password: YES)','code':'ER_ACCESS_DENIED_ERROR','errno':1045,'sqlState':'28000','sqlMessage':'Access denied for user \'root\'@\'localhost\' (using password: YES)'}) | 
05:58:40.363 | Info | '/api/user/login' | 
05:58:40.624 | Info | ({'message':'Access denied for user \'root\'@\'localhost\' (using password: YES)','code':'ER_ACCESS_DENIED_ERROR','errno':1045,'sqlState':'28000','sqlMessage':'Access denied for user \'root\'@\'localhost\' (using password: YES)'}) | 
06:19:14.795 | Info | '/transaction/myprofile' | 
06:19:29.732 | Info | '/api/user/login' | 
06:19:30.254 | Info | '/transaction/myprofile' | 
06:19:30.384 | Info | '/transaction/getusertype' | 
06:20:26.811 | Info | '/transaction/getusertype' | 
06:20:26.851 | Info | '/transaction/myprofile' | 
06:26:06.947 | Info | '/api/user/login' | 
06:26:08.134 | Info | '/transaction/gettourbyuserid' | 
06:26:09.999 | Info | '/transaction/getlastannouncement' | 
06:26:10.057 | Info | '/transaction/gettourdetails' | 
06:26:23.658 | Info | '/transaction/createannouncement' | 
06:26:24.544 | Info | '/transaction/gettourbyuserid' | 
06:26:26.613 | Info | '/transaction/getlastannouncement' | 
06:26:26.627 | Info | '/transaction/gettourdetails' | 
06:26:30.301 | Info | '/transaction/getannouncement' | 
06:26:36.837 | Info | '/transaction/getcustomer' | 
06:26:41.187 | Info | '/transaction/getEvents' | 
06:26:43.331 | Info | '/transaction/updateEvent' | 
06:26:45.047 | Info | '/transaction/getEvents' | 
06:27:16.134 | Info | '/transaction/myprofile' | 
06:27:32.224 | Info | '/api/user/login' | 
06:27:32.277 | Info | '/transaction/myprofile' | 
06:27:32.285 | Info | '/transaction/getusertype' | 
06:27:32.307 | Info | '/transaction/myprofile' | 
06:27:47.969 | Info | '/transaction/myprofile' | 
06:27:47.993 | Info | '/transaction/getusertype' | 
06:27:48.030 | Info | '/transaction/myprofile' | 
06:27:49.717 | Info | '/transaction/getcollabtour' | 
06:27:52.062 | Info | '/transaction/gettourdetails' | 
06:27:52.067 | Info | '/transaction/getusertype' | 
06:27:52.117 | Info | '/transaction/gettourdetails' | 
06:27:54.976 | Info | '/transaction/getusertype' | 
06:28:02.523 | Info | '/transaction/createcollaboration' | 
06:28:06.454 | Info | '/transaction/getcollabtour' | 
06:28:06.469 | Info | '/transaction/getusertype' | 
06:28:06.520 | Info | '/transaction/getcollabtour' | 
06:28:23.151 | Info | '/transaction/getcollabtour' | 
06:28:23.152 | Info | '/transaction/getusertype' | 
06:28:23.202 | Info | '/transaction/getcollabtour' | 
06:28:24.199 | Info | '/transaction/gettourbyuserid' | 
06:28:27.532 | Info | '/transaction/gettourdetails' | 
06:28:27.542 | Info | '/transaction/getcustomer' | 
06:28:56.782 | Info | '/transaction/updatebookingstatus' | 
06:28:56.810 | Info | '/transaction/updatequantity' | 
06:29:11.009 | Info | '/transaction/gettourbyuserid' | 
06:29:15.432 | Info | '/transaction/getusertype' | 
06:29:45.379 | Info | '/transaction/createtour' | 
06:29:52.550 | Info | '/transaction/gettourbyuserid' | 
06:30:03.561 | Info | '/transaction/gettourbyuserid' | 
06:30:03.569 | Info | '/transaction/getusertype' | 
06:30:03.720 | Info | '/transaction/gettourbyuserid' | 
06:30:13.117 | Info | '/transaction/gettourbyuserid' | 
06:30:13.125 | Info | '/transaction/getusertype' | 
06:30:13.277 | Info | '/transaction/gettourbyuserid' | 
06:30:18.218 | Info | '/transaction/getusertype' | 
06:30:20.500 | Info | '/transaction/gettourbyuserid' | 
06:34:46.557 | Info | '/transaction/gettourbyuserid' | 
06:34:46.567 | Info | '/transaction/getusertype' | 
06:34:46.700 | Info | '/transaction/gettourbyuserid' | 
06:34:52.674 | Info | '/transaction/myprofile' | 
06:34:54.256 | Info | '/transaction/gettourbyuserid' | 
06:34:56.683 | Info | '/transaction/getusertype' | 
06:35:29.378 | Info | '/transaction/createtour' | 
06:35:34.179 | Info | '/transaction/gettourbyuserid' | 
06:36:11.561 | Info | '/transaction/getusertype' | 
06:36:42.903 | Info | '/transaction/createtour' | 
06:36:47.947 | Info | '/transaction/gettourbyuserid' | 
06:37:50.319 | Info | '/transaction/gettourbyuserid' | 
06:37:50.321 | Info | '/transaction/getusertype' | 
06:37:50.547 | Info | '/transaction/gettourbyuserid' | 
06:50:37.714 | Info | '/transaction/myprofile' | 
06:50:41.411 | Info | '/transaction/myprofile' | 
06:50:41.418 | Info | '/transaction/getusertype' | 
06:50:41.439 | Info | '/transaction/myprofile' | 
06:54:02.521 | Info | '/transaction/myprofile' | 
06:54:02.544 | Info | '/transaction/getusertype' | 
06:54:02.574 | Info | '/transaction/myprofile' | 
06:54:13.934 | Info | '/transaction/myprofile' | 
06:54:13.937 | Info | '/transaction/getusertype' | 
06:54:13.969 | Info | '/transaction/myprofile' | 
06:59:21.131 | Info | '/transaction/myprofile' | 
06:59:21.136 | Info | '/transaction/getusertype' | 
06:59:21.180 | Info | '/transaction/myprofile' | 
06:59:23.620 | Info | '/transaction/getcollabtour' | 
06:59:32.287 | Info | '/transaction/myprofile' | 
06:59:32.296 | Info | '/transaction/getusertype' | 
06:59:32.321 | Info | '/transaction/myprofile' | 
07:05:13.509 | Info | '/transaction/myprofile' | 
07:05:24.342 | Info | '/api/user/login' | 
07:05:24.388 | Info | '/transaction/getusertype' | 
07:05:24.422 | Info | '/transaction/myprofile' | 
07:06:50.267 | Info | '/transaction/getusertype' | 
07:09:41.313 | Info | '/transaction/gettourcollaborate' | 
07:10:29.421 | Info | '/transaction/getmytourcollaborate' | 
07:12:21.310 | Info | '/transaction/gettourcollaborate' | 
07:12:21.333 | Info | '/transaction/getmytourcollaborate' | 
07:12:27.142 | Info | '/transaction/gettourcollaborate' | 
07:12:27.152 | Info | '/transaction/getmytourcollaborate' | 
07:12:27.166 | Info | '/transaction/getusertype' | 
07:12:27.204 | Info | '/transaction/gettourcollaborate' | 
07:12:27.207 | Info | '/transaction/getmytourcollaborate' | 
07:12:53.731 | Info | '/transaction/gettourcollaborate' | 
07:12:53.747 | Info | '/transaction/getmytourcollaborate' | 
07:12:53.766 | Info | '/transaction/getusertype' | 
07:12:53.831 | Info | '/transaction/gettourcollaborate' | 
07:12:53.839 | Info | '/transaction/getmytourcollaborate' | 
07:15:54.931 | Info | '/transaction/gettourcollaborate' | 
07:15:54.938 | Info | '/transaction/getmytourcollaborate' | 
07:16:09.783 | Info | '/transaction/gettourcollaborate' | 
07:16:09.785 | Info | '/transaction/getmytourcollaborate' | 
07:16:15.757 | Info | '/transaction/gettourcollaborate' | 
07:16:15.764 | Info | '/transaction/getmytourcollaborate' | 
07:16:15.771 | Info | '/transaction/getusertype' | 
07:16:15.845 | Info | '/transaction/gettourcollaborate' | 
07:16:15.849 | Info | '/transaction/getmytourcollaborate' | 
07:16:31.349 | Info | '/transaction/updatecollaboratestatus' | 
07:16:31.368 | Info | '/transaction/updatequantity' | 
07:16:38.532 | Info | '/transaction/gettourcollaborate' | 
07:16:38.541 | Info | '/transaction/getmytourcollaborate' | 
07:16:38.551 | Info | '/transaction/getusertype' | 
07:16:38.636 | Info | '/transaction/gettourcollaborate' | 
07:16:38.649 | Info | '/transaction/getmytourcollaborate' | 
07:16:46.829 | Info | '/transaction/getcollabtour' | 
07:17:01.655 | Info | '/transaction/gettourdetails' | 
07:17:01.656 | Info | '/transaction/getusertype' | 
07:17:01.715 | Info | '/transaction/gettourdetails' | 
07:17:03.850 | Info | '/transaction/getusertype' | 
07:17:11.478 | Info | '/transaction/createcollaboration' | 
07:17:18.271 | Info | '/transaction/gettourbyuserid' | 
07:17:30.140 | Info | '/transaction/gettourcollaborate' | 
07:17:30.141 | Info | '/transaction/getmytourcollaborate' | 
07:17:55.051 | Info | '/transaction/myprofile' | 
07:18:00.309 | Info | '/transaction/myprofile' | 
07:18:07.786 | Info | '/transaction/myprofile' | 
07:18:09.588 | Info | '/transaction/myprofile' | 
07:18:09.603 | Info | '/transaction/gettour' | 
07:18:12.820 | Info | '/transaction/myprofile' | 
07:18:12.832 | Info | '/transaction/gettourdetails' | 
07:18:59.024 | Info | '/transaction/myprofile' | 
07:18:59.037 | Info | '/transaction/gettourdetails' | 
07:21:44.714 | Info | '/transaction/createcustomer' | 
07:22:04.115 | Info | '/transaction/gettour' | 
07:22:10.185 | Info | '/transaction/myprofile' | 
07:22:10.196 | Info | '/transaction/gethotels' | 
07:24:45.193 | Info | '/transaction/myprofile' | 
07:24:45.200 | Info | '/transaction/gethotels' | 
07:24:47.702 | Info | '/transaction/myprofile' | 
07:24:47.712 | Info | '/transaction/gethotels' | 
07:25:26.069 | Info | '/transaction/myprofile' | 
07:25:28.563 | Info | '/transaction/myprofile' | 
07:25:30.069 | Info | '/transaction/myprofile' | 
07:25:31.879 | Info | '/transaction/myprofile' | 
07:25:43.941 | Info | '/transaction/myprofile' | 
07:25:43.953 | Info | '/transaction/gethotels' | 
07:25:47.047 | Info | '/transaction/myprofile' | 
07:25:47.058 | Info | '/transaction/gethotels' | 
07:25:59.973 | Info | '/transaction/myprofile' | 
07:25:59.982 | Info | '/transaction/gethotels' | 
07:26:25.422 | Info | '/transaction/myprofile' | 
07:26:36.574 | Info | '/api/user/login' | 
07:26:36.620 | Info | '/transaction/myprofile' | 
07:26:36.631 | Info | '/transaction/getusertype' | 
07:26:36.648 | Info | '/transaction/myprofile' | 
07:26:50.146 | Info | '/transaction/myprofile' | 
07:26:52.198 | Info | '/transaction/myprofile' | 
07:26:52.225 | Info | '/transaction/gethotels' | 
07:27:04.371 | Info | '/transaction/myprofile' | 
07:27:04.388 | Info | '/transaction/gettransport' | 
07:30:25.442 | Info | '/transaction/myprofile' | 
07:30:25.467 | Info | '/transaction/gettransport' | 
07:30:34.554 | Info | '/transaction/myprofile' | 
07:30:38.544 | Info | '/transaction/myprofile' | 
07:30:38.561 | Info | '/transaction/gettour' | 
07:30:42.472 | Info | '/transaction/myprofile' | 
07:30:42.485 | Info | '/transaction/gethotels' | 
07:30:48.871 | Info | '/transaction/myprofile' | 
07:30:48.886 | Info | '/transaction/gettransport' | 
07:30:53.214 | Info | '/transaction/myprofile' | 
07:30:53.221 | Info | '/transaction/gettransport' | 
07:30:54.131 | Info | '/transaction/myprofile' | 
07:30:54.144 | Info | '/transaction/gettransport' | 
07:30:54.476 | Info | '/transaction/myprofile' | 
07:30:54.485 | Info | '/transaction/gettransport' | 
07:31:27.953 | Info | '/transaction/myprofile' | 
07:31:27.961 | Info | '/transaction/gethotels' | 
07:31:29.695 | Info | '/transaction/myprofile' | 
07:31:29.706 | Info | '/transaction/gethoteldetails' | 
07:31:46.964 | Info | '/transaction/myprofile' | 
07:31:46.974 | Info | '/transaction/gethoteldetails' | 
07:31:59.498 | Info | '/transaction/gethoteldetails' | 
07:31:59.504 | Info | '/transaction/myprofile' | 
07:32:43.991 | Info | '/transaction/myprofile' | 
07:32:44.092 | Info | '/transaction/gethoteldetails' | 
07:33:01.644 | Info | '/transaction/myprofile' | 
07:33:01.655 | Info | '/transaction/gethoteldetails' | 
07:33:03.918 | Info | '/transaction/myprofile' | 
07:33:03.932 | Info | '/transaction/gethoteldetails' | 
07:33:24.217 | Info | '/transaction/createhotelcustomer' | 
07:34:53.854 | Info | '/transaction/gethoteldetails' | 
07:35:20.936 | Info | '/transaction/myprofile' | 
07:35:20.949 | Info | '/transaction/gettransport' | 
07:35:26.597 | Info | '/transaction/myprofile' | 
07:35:26.619 | Info | '/transaction/gettransportdetails' | 
07:35:43.453 | Info | '/transaction/myprofile' | 
07:35:43.463 | Info | '/transaction/gettransportdetails' | 
07:36:34.377 | Info | '/transaction/gettransportdetails' | 
07:36:34.398 | Info | '/transaction/myprofile' | 
07:36:44.311 | Info | '/transaction/myprofile' | 
07:36:44.319 | Info | '/transaction/gettransportdetails' | 
07:37:00.104 | Info | '/transaction/myprofile' | 
07:37:00.114 | Info | '/transaction/gettourdetails' | 
07:37:26.452 | Info | '/transaction/createtransportcustomer' | 
07:39:42.239 | Info | '/transaction/gettourdetails' | 
07:41:06.188 | Info | '/api/user/login' | 
07:41:06.259 | Info | '/transaction/myprofile' | 
07:41:06.268 | Info | '/transaction/getusertype' | 
07:41:06.282 | Info | '/transaction/myprofile' | 
07:41:11.621 | Info | '/transaction/gettourcollaborate' | 
07:41:11.625 | Info | '/transaction/getmytourcollaborate' | 
07:41:19.868 | Info | '/transaction/gettourbyuserid' | 
07:44:32.641 | Info | '/transaction/gettourbyuserid' | 
07:44:32.643 | Info | '/transaction/getusertype' | 
07:44:32.976 | Info | '/transaction/gettourbyuserid' | 
07:52:54.415 | Info | '/transaction/gettourbyuserid' | 
07:52:54.421 | Info | '/transaction/getusertype' | 
07:52:54.541 | Info | '/transaction/gettourbyuserid' | 
07:53:04.546 | Info | '/transaction/gethotelshistory' | 
07:53:04.574 | Info | '/transaction/getusertype' | 
07:53:04.642 | Info | '/transaction/gethotelshistory' | 
07:53:21.082 | Info | '/transaction/gettourbyuserid' | 
07:53:32.552 | Info | '/transaction/gettourcollaborate' | 
07:53:32.556 | Info | '/transaction/getmytourcollaborate' | 
07:53:35.352 | Info | '/transaction/getcollabtour' | 
07:53:37.031 | Info | '/transaction/gettourbyuserid' | 
07:54:51.052 | Info | '/transaction/getcustomer' | 
07:55:00.209 | Info | '/transaction/getlastannouncement' | 
07:55:00.213 | Info | '/transaction/gettourdetails' | 
07:55:13.321 | Info | '/transaction/createannouncement' | 
07:55:13.991 | Info | '/transaction/gettourbyuserid' | 
07:55:15.663 | Info | '/transaction/getlastannouncement' | 
07:55:15.665 | Info | '/transaction/gettourdetails' | 
07:55:20.071 | Info | '/transaction/getannouncement' | 
07:56:08.444 | Info | '/transaction/myprofile' | 
07:56:20.455 | Info | '/transaction/myprofile' | 
07:56:20.462 | Info | '/transaction/getusertype' | 
07:56:20.485 | Info | '/transaction/myprofile' | 
07:56:26.269 | Info | '/transaction/gettourbyuserid' | 
07:58:02.914 | Info | '/transaction/gettourbyuserid' | 
07:58:02.919 | Info | '/transaction/getusertype' | 
07:58:03.052 | Info | '/transaction/gettourbyuserid' | 
07:59:40.570 | Info | '/transaction/getusertype' | 
08:00:20.244 | Info | '/transaction/getusertype' | 
08:00:53.842 | Info | '/transaction/myprofile' | 
08:01:08.938 | Info | '/api/user/login' | 
08:01:08.964 | Info | '/transaction/getusertype' | 
08:01:08.979 | Info | '/transaction/myprofile' | 
08:01:15.164 | Info | '/transaction/gettourbyuserid' | 
08:10:39.271 | Info | '/transaction/myprofile' | 
08:10:49.717 | Info | '/api/user/login' | 
08:10:49.741 | Info | '/transaction/getusertype' | 
08:10:49.770 | Info | '/transaction/myprofile' | 
08:10:53.264 | Info | '/transaction/gettourbyuserid' | 
08:15:41.574 | Info | '/transaction/gettourdetails' | 
08:16:40.424 | Info | '/transaction/gettourdetails' | 
08:24:25.243 | Info | '/transaction/gettourdetails' | 
08:24:25.249 | Info | '/transaction/getusertype' | 
08:24:25.390 | Info | '/transaction/gettourdetails' | 
08:26:38.761 | Info | '/transaction/gettourdetails' | 
08:26:38.771 | Info | '/transaction/getcustomer' | 
08:26:38.781 | Info | '/transaction/getusertype' | 
08:26:38.855 | Info | '/transaction/gettourdetails' | 
08:26:38.862 | Info | '/transaction/getcustomer' | 
08:26:56.712 | Info | '/transaction/gettourdetails' | 
08:26:56.722 | Info | '/transaction/getcustomer' | 
08:27:04.571 | Info | '/transaction/gettourdetails' | 
08:27:04.573 | Info | '/transaction/getcustomer' | 
08:27:04.584 | Info | '/transaction/getusertype' | 
08:27:04.711 | Info | '/transaction/gettourdetails' | 
08:27:04.721 | Info | '/transaction/getcustomer' | 
08:29:38.706 | Info | '/transaction/gettourdetails' | 
08:29:38.721 | Info | '/transaction/getcustomer' | 
08:29:38.726 | Info | '/transaction/getusertype' | 
08:29:38.830 | Info | '/transaction/gettourdetails' | 
08:29:38.835 | Info | '/transaction/getcustomer' | 
08:29:41.878 | Info | '/transaction/myprofile' | 
08:29:43.858 | Info | '/transaction/gettourbyuserid' | 
08:29:47.109 | Info | '/transaction/gettourdetails' | 
08:29:47.110 | Info | '/transaction/getcustomer' | 
08:29:49.163 | Info | '/transaction/gettourbyuserid' | 
08:29:50.625 | Info | '/transaction/gettourdetails' | 
08:29:50.634 | Info | '/transaction/getcustomer' | 
08:29:52.652 | Info | '/transaction/gettourbyuserid' | 
08:40:33.425 | Info | '/transaction/gettourcollaborate' | 
08:40:33.434 | Info | '/transaction/getmytourcollaborate' | 
08:40:33.437 | Info | '/transaction/getusertype' | 
08:40:33.633 | Info | '/transaction/gettourcollaborate' | 
08:40:33.705 | Info | '/transaction/getmytourcollaborate' | 
08:40:47.595 | Info | '/transaction/gettourcollaborate' | 
08:40:47.607 | Info | '/transaction/getmytourcollaborate' | 
08:40:47.612 | Info | '/transaction/getusertype' | 
08:40:47.681 | Info | '/transaction/gettourcollaborate' | 
08:40:47.683 | Info | '/transaction/getmytourcollaborate' | 
08:40:57.450 | Info | '/transaction/getcollabtour' | 
08:41:06.553 | Info | '/transaction/gettourdetails' | 
08:41:06.568 | Info | '/transaction/getusertype' | 
08:41:07.572 | Info | '/transaction/gettourdetails' | 
08:41:38.056 | Info | '/transaction/gettourdetails' | 
08:41:38.061 | Info | '/transaction/getusertype' | 
08:41:41.184 | Info | '/transaction/gettourdetails' | 
08:43:54.265 | Info | '/transaction/gettourdetails' | 
08:44:06.616 | Info | '/transaction/gettourdetails' | 
08:44:06.630 | Info | '/transaction/getusertype' | 
08:44:06.676 | Info | '/transaction/gettourdetails' | 
08:44:09.039 | Info | '/transaction/getusertype' | 
08:45:38.041 | Info | '/transaction/createcollaboration' | 
08:45:47.162 | Info | '/transaction/getusertype' | 
08:45:54.780 | Info | '/transaction/getcollabtour' | 
08:45:58.411 | Info | '/transaction/gettourdetails' | 
08:45:58.417 | Info | '/transaction/getusertype' | 
08:45:58.469 | Info | '/transaction/gettourdetails' | 
08:46:00.625 | Info | '/transaction/getcollabtour' | 
08:46:02.101 | Info | '/transaction/gettourdetails' | 
08:46:02.111 | Info | '/transaction/getusertype' | 
08:46:02.174 | Info | '/transaction/gettourdetails' | 
08:46:05.482 | Info | '/transaction/getusertype' | 
08:51:22.809 | Info | '/transaction/getusertype' | 
08:51:24.571 | Info | '/transaction/getusertype' | 
08:51:28.505 | Info | '/transaction/getusertype' | 
08:51:41.260 | Info | '/transaction/createcollaboration' | 
08:53:38.833 | Info | '/transaction/gettourdetails' | 
08:53:38.850 | Info | '/transaction/getusertype' | 
08:53:38.899 | Info | '/transaction/gettourdetails' | 
08:53:53.381 | Info | '/transaction/gettourcollaborate' | 
08:53:53.386 | Info | '/transaction/getmytourcollaborate' | 
08:55:01.607 | Info | '/transaction/myprofile' | 
08:55:11.525 | Info | '/transaction/myprofile' | 
08:55:52.980 | Info | '/api/user/signup' | 
08:55:53.643 | Info | '/api/user/signup' | 
08:56:13.432 | Info | '/api/user/login' | 
08:56:13.482 | Info | '/transaction/myprofile' | 
08:56:13.483 | Info | '/transaction/getusertype' | 
08:56:13.501 | Info | '/transaction/myprofile' | 
08:56:27.218 | Info | '/transaction/gettourbyuserid' | 
08:56:31.705 | Info | '/transaction/getusertype' | 
08:59:06.211 | Info | '/transaction/createtour' | 
08:59:16.387 | Info | '/transaction/gettourbyuserid' | 
08:59:19.188 | Info | '/transaction/gettourbyuserid' | 
08:59:19.198 | Info | '/transaction/getusertype' | 
08:59:19.250 | Info | '/transaction/gettourbyuserid' | 
09:00:39.544 | Info | '/transaction/getusertype' | 
09:01:17.924 | Info | '/transaction/createtour' | 
09:01:43.070 | Info | '/transaction/gettourbyuserid' | 
09:01:49.580 | Info | '/transaction/gettourdetails' | 
09:01:49.589 | Info | '/transaction/getcustomer' | 
09:02:06.566 | Info | '/transaction/gettourbyuserid' | 
09:02:12.564 | Info | '/transaction/getcollabtour' | 
09:02:22.468 | Info | '/transaction/gettourbyuserid' | 
09:02:31.571 | Info | '/transaction/getcollabtour' | 
09:02:33.857 | Info | '/transaction/gettourcollaborate' | 
09:02:33.861 | Info | '/transaction/getmytourcollaborate' | 
09:02:36.741 | Info | '/transaction/getcollabtour' | 
09:02:46.769 | Info | '/transaction/gettourdetails' | 
09:02:46.770 | Info | '/transaction/getusertype' | 
09:02:46.821 | Info | '/transaction/gettourdetails' | 
09:02:48.904 | Info | '/transaction/getusertype' | 
09:02:56.655 | Info | '/transaction/createcollaboration' | 
09:03:01.418 | Info | '/transaction/gettourcollaborate' | 
09:03:01.422 | Info | '/transaction/getmytourcollaborate' | 
09:03:11.075 | Info | '/transaction/gettourcollaborate' | 
09:03:11.076 | Info | '/transaction/getmytourcollaborate' | 
09:03:17.646 | Info | '/api/user/login' | 
09:03:17.690 | Info | '/transaction/myprofile' | 
09:03:17.699 | Info | '/transaction/getusertype' | 
09:03:17.721 | Info | '/transaction/myprofile' | 
09:03:20.596 | Info | '/transaction/gettourcollaborate' | 
09:03:20.600 | Info | '/transaction/getmytourcollaborate' | 
09:03:25.509 | Info | '/transaction/updatecollaboratestatus' | 
09:03:25.513 | Info | '/transaction/updatequantity' | 
09:03:42.534 | Info | '/transaction/gettourbyuserid' | 
09:03:45.520 | Info | '/transaction/getcustomer' | 
09:03:45.518 | Info | '/transaction/gettourdetails' | 
09:04:31.335 | Info | '/transaction/gettourdetails' | 
09:04:31.338 | Info | '/transaction/getcustomer' | 
09:04:43.359 | Info | '/api/user/login' | 
09:04:43.411 | Info | '/transaction/myprofile' | 
09:04:43.418 | Info | '/transaction/getusertype' | 
09:04:43.442 | Info | '/transaction/myprofile' | 
09:04:45.451 | Info | '/transaction/getcollabtour' | 
09:04:47.159 | Info | '/transaction/gettourcollaborate' | 
09:04:47.166 | Info | '/transaction/getmytourcollaborate' | 
09:04:52.636 | Info | '/transaction/myprofile' | 
09:04:54.181 | Info | '/transaction/myprofile' | 
09:05:00.740 | Info | '/transaction/myprofile' | 
09:05:03.251 | Info | '/transaction/myprofile' | 
09:05:03.259 | Info | '/transaction/gettour' | 
09:05:14.580 | Info | '/transaction/myprofile' | 
09:05:14.590 | Info | '/transaction/gethotels' | 
09:05:18.702 | Info | '/transaction/myprofile' | 
09:05:18.707 | Info | '/transaction/gettransport' | 
09:06:23.011 | Info | '/transaction/myprofile' | 
09:06:23.019 | Info | '/transaction/gettransport' | 
09:09:13.023 | Info | '/transaction/myprofile' | 
09:09:13.034 | Info | '/transaction/gettour' | 
09:09:47.651 | Info | '/transaction/myprofile' | 
09:09:47.659 | Info | '/transaction/gettransport' | 
09:09:55.022 | Info | '/transaction/myprofile' | 
09:09:55.037 | Info | '/transaction/gettour' | 
09:10:00.565 | Info | '/transaction/myprofile' | 
09:10:00.574 | Info | '/transaction/gettourdetails' | 
09:12:32.679 | Info | '/transaction/gettourdetails' | 
09:12:52.322 | Info | '/transaction/myprofile' | 
09:12:52.331 | Info | '/transaction/gettourdetails' | 
09:12:54.145 | Info | '/transaction/myprofile' | 
09:12:54.157 | Info | '/transaction/gettourdetails' | 
09:13:38.102 | Info | '/transaction/createcustomer' | 
09:14:35.384 | Info | '/api/user/login' | 
09:14:35.586 | Info | '/transaction/gettourbyuserid' | 
09:14:40.109 | Info | '/transaction/getlastannouncement' | 
09:14:40.113 | Info | '/transaction/gettourdetails' | 
09:14:53.312 | Info | '/transaction/getcustomer' | 
09:15:03.803 | Info | '/transaction/getlastannouncement' | 
09:15:03.810 | Info | '/transaction/gettourdetails' | 
09:15:18.569 | Info | '/api/user/login' | 
09:15:18.665 | Info | '/transaction/myprofile' | 
09:15:18.666 | Info | '/transaction/getusertype' | 
09:15:18.727 | Info | '/transaction/myprofile' | 
09:15:22.659 | Info | '/transaction/gettourbyuserid' | 
09:15:28.253 | Info | '/transaction/gettourdetails' | 
09:15:28.265 | Info | '/transaction/getcustomer' | 
09:17:39.962 | Info | '/transaction/gettourdetails' | 
09:17:39.965 | Info | '/transaction/getcustomer' | 
09:17:46.007 | Info | '/transaction/myprofile' | 
09:17:47.920 | Info | '/transaction/myprofile' | 
09:17:47.934 | Info | '/transaction/gettour' | 
09:17:54.044 | Info | '/transaction/myprofile' | 
09:17:54.051 | Info | '/transaction/gettourdetails' | 
09:18:10.499 | Info | '/transaction/myprofile' | 
09:18:10.505 | Info | '/transaction/gettourdetails' | 
09:19:30.963 | Info | '/transaction/myprofile' | 
09:19:30.974 | Info | '/transaction/gettourdetails' | 
09:20:50.114 | Info | '/transaction/myprofile' | 
09:20:50.122 | Info | '/transaction/gettourdetails' | 
09:20:52.184 | Info | '/transaction/myprofile' | 
09:20:52.192 | Info | '/transaction/gettourdetails' | 
09:21:15.199 | Info | '/transaction/createcustomer' | 
09:22:27.768 | Info | '/transaction/createcustomer' | 
09:24:29.821 | Info | '/transaction/gettourdetails' | 
09:24:37.814 | Info | '/transaction/myprofile' | 
09:24:37.823 | Info | '/transaction/gettourdetails' | 
09:24:46.696 | Info | '/api/user/login' | 
09:24:46.753 | Info | '/transaction/myprofile' | 
09:24:46.759 | Info | '/transaction/getusertype' | 
09:24:46.772 | Info | '/transaction/myprofile' | 
09:24:49.560 | Info | '/transaction/gettourbyuserid' | 
09:24:51.267 | Info | '/transaction/gettourdetails' | 
09:24:51.275 | Info | '/transaction/getcustomer' | 
09:24:57.466 | Info | '/transaction/updatebookingstatus' | 
09:24:57.470 | Info | '/transaction/updatequantity' | 
09:25:11.416 | Info | '/transaction/gettourdetails' | 
09:25:11.425 | Info | '/transaction/getcustomer' | 
09:25:11.427 | Info | '/transaction/getusertype' | 
09:25:11.718 | Info | '/transaction/gettourdetails' | 
09:25:11.723 | Info | '/transaction/getcustomer' | 
09:25:19.576 | Info | '/transaction/getcustomer' | 
09:26:14.289 | Info | '/transaction/getEvents' | 
09:27:03.110 | Info | '/transaction/updateEvent' | 
09:27:15.393 | Info | '/transaction/gettourdetails' | 
09:27:15.395 | Info | '/transaction/getcustomer' | 
09:27:25.216 | Info | '/api/user/login' | 
09:27:25.320 | Info | '/transaction/myprofile' | 
09:27:25.323 | Info | '/transaction/getusertype' | 
09:27:25.351 | Info | '/transaction/myprofile' | 
09:27:27.683 | Info | '/transaction/gettourbyuserid' | 
09:27:30.205 | Info | '/transaction/gettourdetails' | 
09:27:30.215 | Info | '/transaction/getcustomer' | 
09:27:35.392 | Info | '/transaction/getmytourcollaborate' | 
09:27:35.395 | Info | '/transaction/gettourcollaborate' | 
09:27:45.120 | Info | '/transaction/getcollabtour' | 
09:28:35.297 | Info | '/transaction/getcollabtour' | 
09:29:09.801 | Info | '/api/user/signup' | 
09:29:32.341 | Info | '/api/user/login' | 
09:29:32.420 | Info | '/transaction/myprofile' | 
09:29:32.441 | Info | '/transaction/getusertype' | 
09:29:32.468 | Info | '/transaction/myprofile' | 
09:29:39.513 | Info | '/transaction/gethotelshistory' | 
09:29:43.889 | Info | '/transaction/getusertype' | 
09:31:06.299 | Info | '/transaction/createhotels' | 
09:31:09.678 | Info | '/transaction/gethotelshistory' | 
09:41:37.872 | Info | '/transaction/getusertype' | 
09:42:10.471 | Info | '/transaction/gethoteldetails' | 
09:42:13.517 | Info | '/transaction/gethoteldetails' | 
09:42:13.520 | Info | '/transaction/getusertype' | 
09:42:13.899 | Info | '/transaction/gethoteldetails' | 
09:46:32.377 | Info | '/transaction/gethoteldetails' | 
09:46:32.393 | Info | '/transaction/getusertype' | 
09:46:32.455 | Info | '/transaction/gethoteldetails' | 
09:46:39.946 | Info | '/transaction/gethoteldetails' | 
09:46:39.947 | Info | '/transaction/getusertype' | 
09:46:40.065 | Info | '/transaction/gethoteldetails' | 
09:46:56.721 | Info | '/transaction/gethoteldetails' | 
09:46:56.755 | Info | '/transaction/gethotelcustomer' | 
09:46:58.917 | Info | '/transaction/gethoteldetails' | 
09:46:58.939 | Info | '/transaction/gethotelcustomer' | 
09:46:58.945 | Info | '/transaction/getusertype' | 
09:46:59.197 | Info | '/transaction/gethoteldetails' | 
09:46:59.317 | Info | '/transaction/gethotelcustomer' | 
09:47:29.754 | Info | '/transaction/gethoteldetails' | 
09:47:29.789 | Info | '/transaction/gethotelcustomer' | 
09:47:35.209 | Info | '/transaction/gethoteldetails' | 
09:47:35.303 | Info | '/transaction/gethotelcustomer' | 
09:47:35.310 | Info | '/transaction/getusertype' | 
09:47:35.540 | Info | '/transaction/gethoteldetails' | 
09:47:35.555 | Info | '/transaction/gethotelcustomer' | 
09:47:58.613 | Info | '/transaction/myprofile' | 
09:48:00.793 | Info | '/transaction/gethotelshistory' | 
09:48:03.001 | Info | '/transaction/gethoteldetails' | 
09:48:03.016 | Info | '/transaction/gethotelcustomer' | 
09:48:31.671 | Info | '/transaction/gethoteldetails' | 
09:48:31.677 | Info | '/transaction/gethotelcustomer' | 
09:48:40.242 | Info | '/transaction/myprofile' | 
09:48:42.300 | Info | '/transaction/myprofile' | 
09:48:42.310 | Info | '/transaction/gethotels' | 
09:48:49.565 | Info | '/transaction/myprofile' | 
09:48:49.576 | Info | '/transaction/gethoteldetails' | 
09:49:25.169 | Info | '/transaction/myprofile' | 
09:49:25.178 | Info | '/transaction/gettour' | 
09:49:26.650 | Info | '/transaction/myprofile' | 
09:49:26.662 | Info | '/transaction/gettourdetails' | 
09:49:29.130 | Info | '/transaction/myprofile' | 
09:49:29.147 | Info | '/transaction/gettourdetails' | 
09:49:34.927 | Info | '/transaction/myprofile' | 
09:49:34.939 | Info | '/transaction/gettransport' | 
09:49:37.464 | Info | '/transaction/myprofile' | 
09:49:37.475 | Info | '/transaction/gettransportdetails' | 
09:49:39.947 | Info | '/transaction/myprofile' | 
09:49:39.962 | Info | '/transaction/gettourdetails' | 
09:49:49.367 | Info | '/transaction/myprofile' | 
09:49:49.380 | Info | '/transaction/gethotels' | 
09:49:51.040 | Info | '/transaction/myprofile' | 
09:49:51.054 | Info | '/transaction/gethoteldetails' | 
09:51:48.633 | Info | '/transaction/gethoteldetails' | 
09:54:32.174 | Info | '/transaction/myprofile' | 
09:54:32.188 | Info | '/transaction/gethoteldetails' | 
09:54:38.354 | Info | '/transaction/myprofile' | 
09:54:38.362 | Info | '/transaction/gethoteldetails' | 
09:54:40.530 | Info | '/transaction/myprofile' | 
09:54:40.545 | Info | '/transaction/gethoteldetails' | 
09:54:55.776 | Info | '/transaction/createhotelcustomer' | 
09:55:11.641 | Info | '/api/user/login' | 
09:55:11.705 | Info | '/transaction/myprofile' | 
09:55:11.712 | Info | '/transaction/getusertype' | 
09:55:11.732 | Info | '/transaction/myprofile' | 
09:55:14.319 | Info | '/transaction/gethotelshistory' | 
09:55:16.799 | Info | '/transaction/gethoteldetails' | 
09:55:16.819 | Info | '/transaction/gethotelcustomer' | 
09:55:22.519 | Info | '/transaction/updatehotelbookingstatus' | 
09:55:39.675 | Info | '/transaction/gethoteldetails' | 
09:55:39.679 | Info | '/transaction/gethotelcustomer' | 
09:55:39.920 | Info | '/transaction/myprofile' | 
09:55:39.933 | Info | '/transaction/getusertype' | 
09:55:39.961 | Info | '/transaction/myprofile' | 
09:55:42.405 | Info | '/transaction/myprofile' | 
09:55:42.599 | Info | '/transaction/myprofile' | 
09:55:42.603 | Info | '/transaction/getusertype' | 
09:55:42.651 | Info | '/transaction/myprofile' | 
09:55:44.740 | Info | '/transaction/myprofile' | 
09:55:44.954 | Info | '/transaction/myprofile' | 
09:55:44.963 | Info | '/transaction/getusertype' | 
09:55:44.994 | Info | '/transaction/myprofile' | 
09:55:46.043 | Info | '/transaction/myprofile' | 
09:55:46.245 | Info | '/transaction/myprofile' | 
09:55:46.255 | Info | '/transaction/getusertype' | 
09:55:46.286 | Info | '/transaction/myprofile' | 
09:55:47.137 | Info | '/transaction/myprofile' | 
09:56:15.205 | Info | '/api/user/signup' | 
09:56:27.889 | Info | '/api/user/login' | 
09:56:33.563 | Info | '/api/user/login' | 
09:56:33.628 | Info | '/transaction/myprofile' | 
09:56:33.636 | Info | '/transaction/getusertype' | 
09:56:33.655 | Info | '/transaction/myprofile' | 
09:56:37.064 | Info | '/transaction/gettransportbyuserid' | 
09:56:39.420 | Info | '/transaction/getusertype' | 
09:57:44.883 | Info | '/transaction/createtransport' | 
09:57:56.767 | Info | '/transaction/gettransportbyuserid' | 
10:03:38.752 | Info | '/transaction/gettransportdetails' | 
10:03:38.762 | Info | '/transaction/getusertype' | 
10:03:38.822 | Info | '/transaction/gettransportdetails' | 
10:04:34.554 | Info | '/transaction/gettransportdetails' | 
10:04:34.567 | Info | '/transaction/gettransportcustomer' | 
10:04:34.594 | Info | '/transaction/getusertype' | 
10:04:34.681 | Info | '/transaction/gettransportcustomer' | 
10:04:34.679 | Info | '/transaction/gettransportdetails' | 
10:04:35.456 | Info | '/transaction/gettransportdetails' | 
10:04:35.475 | Info | '/transaction/gettransportcustomer' | 
10:04:35.485 | Info | '/transaction/getusertype' | 
10:04:35.672 | Info | '/transaction/gettransportcustomer' | 
10:04:35.670 | Info | '/transaction/gettransportdetails' | 
10:04:42.995 | Info | '/transaction/gettransportdetails' | 
10:04:43.005 | Info | '/transaction/gettransportcustomer' | 
10:04:44.334 | Info | '/transaction/gettransportdetails' | 
10:04:44.343 | Info | '/transaction/gettransportcustomer' | 
10:04:44.366 | Info | '/transaction/getusertype' | 
10:04:44.481 | Info | '/transaction/gettransportdetails' | 
10:04:44.492 | Info | '/transaction/gettransportcustomer' | 
10:04:58.987 | Info | '/transaction/gettransportbyuserid' | 
10:05:00.771 | Info | '/transaction/gettransportbyuserid' | 
10:05:08.653 | Info | '/transaction/myprofile' | 
10:05:13.723 | Info | '/transaction/myprofile' | 
10:05:13.733 | Info | '/transaction/gettransport' | 
10:05:21.011 | Info | '/transaction/myprofile' | 
10:05:21.030 | Info | '/transaction/gettransportdetails' | 
10:05:25.816 | Info | '/transaction/myprofile' | 
10:05:25.826 | Info | '/transaction/gettourdetails' | 
10:05:36.341 | Info | '/transaction/createtransportcustomer' | 
10:05:50.030 | Info | '/api/user/login' | 
10:05:50.095 | Info | '/transaction/myprofile' | 
10:05:50.104 | Info | '/transaction/getusertype' | 
10:05:50.129 | Info | '/transaction/myprofile' | 
10:05:52.341 | Info | '/transaction/gettransportbyuserid' | 
10:05:54.271 | Info | '/transaction/gettransportdetails' | 
10:05:54.279 | Info | '/transaction/gettransportcustomer' | 
10:06:01.208 | Info | '/transaction/updatetransportbookingstatus' | 
10:06:37.350 | Info | '/transaction/gettransportdetails' | 
10:06:37.358 | Info | '/transaction/gettransportcustomer' | 
10:06:50.757 | Info | '/api/user/login' | 
10:06:50.932 | Info | '/transaction/myprofile' | 
10:06:50.946 | Info | '/transaction/getusertype' | 
10:06:50.995 | Info | '/transaction/myprofile' | 
10:06:52.896 | Info | '/transaction/gettourbyuserid' | 
10:07:18.009 | Info | '/transaction/myprofile' | 
10:07:18.021 | Info | '/transaction/getusertype' | 
10:07:18.062 | Info | '/transaction/myprofile' | 
10:07:21.471 | Info | '/transaction/gettourcollaborate' | 
10:07:21.479 | Info | '/transaction/getmytourcollaborate' | 
10:07:23.567 | Info | '/transaction/getcollabtour' | 
10:07:25.869 | Info | '/transaction/gettourdetails' | 
10:07:25.877 | Info | '/transaction/getusertype' | 
10:07:25.952 | Info | '/transaction/gettourdetails' | 
10:07:28.712 | Info | '/transaction/getusertype' | 
10:07:31.093 | Info | '/transaction/getcollabtour' | 
10:07:31.103 | Info | '/transaction/getusertype' | 
10:07:31.154 | Info | '/transaction/getcollabtour' | 
10:07:32.368 | Info | '/transaction/gettourcollaborate' | 
10:07:32.372 | Info | '/transaction/getmytourcollaborate' | 
10:07:33.859 | Info | '/transaction/gettourbyuserid' | 
10:07:36.060 | Info | '/transaction/gettourdetails' | 
10:07:36.069 | Info | '/transaction/getcustomer' | 
10:07:44.064 | Info | '/transaction/gettourbyuserid' | 
10:07:46.320 | Info | '/transaction/gettourdetails' | 
10:07:46.328 | Info | '/transaction/getcustomer' | 
10:07:57.200 | Info | '/transaction/myprofile' | 
10:08:13.640 | Info | '/transaction/myprofile' | 
10:08:34.833 | Info | '/api/user/login' | 
10:08:34.899 | Info | '/transaction/myprofile' | 
10:08:34.908 | Info | '/transaction/getusertype' | 
10:08:34.930 | Info | '/transaction/myprofile' | 
10:08:36.948 | Info | '/transaction/gethotelshistory' | 
10:08:38.590 | Info | '/transaction/gethoteldetails' | 
10:08:38.599 | Info | '/transaction/gethotelcustomer' | 
10:08:46.524 | Info | '/transaction/myprofile' | 
10:08:47.583 | Info | '/transaction/myprofile' | 
10:08:54.782 | Info | '/api/user/login' | 
10:08:54.863 | Info | '/transaction/myprofile' | 
10:08:54.872 | Info | '/transaction/getusertype' | 
10:08:54.895 | Info | '/transaction/myprofile' | 
10:08:56.606 | Info | '/transaction/gettransportbyuserid' | 
10:08:58.667 | Info | '/transaction/gettransportdetails' | 
10:08:58.681 | Info | '/transaction/gettransportcustomer' | 
10:09:05.814 | Info | '/transaction/gettransportdetails' | 
10:09:05.821 | Info | '/transaction/gettransportcustomer' | 
10:09:06.111 | Info | '/transaction/myprofile' | 
10:09:06.118 | Info | '/transaction/getusertype' | 
10:09:06.156 | Info | '/transaction/myprofile' | 
10:09:11.193 | Info | '/transaction/getusertype' | 
10:09:15.155 | Info | '/transaction/myprofile' | 
10:09:17.020 | Info | '/transaction/myprofile' | 
10:09:17.039 | Info | '/transaction/gettour' | 
10:09:18.939 | Info | '/transaction/myprofile' | 
10:09:18.949 | Info | '/transaction/gettourdetails' | 
10:09:23.070 | Info | '/transaction/myprofile' | 
10:09:23.091 | Info | '/transaction/gettourdetails' | 
10:09:30.437 | Info | '/transaction/myprofile' | 
10:09:30.474 | Info | '/transaction/gethotels' | 
10:09:32.009 | Info | '/transaction/myprofile' | 
10:09:32.021 | Info | '/transaction/gethoteldetails' | 
10:09:48.189 | Info | '/transaction/myprofile' | 
10:09:50.893 | Info | '/transaction/myprofile' | 
10:09:50.904 | Info | '/transaction/gethotels' | 
10:09:58.064 | Info | '/transaction/getusertype' | 
10:10:01.028 | Info | '/transaction/myprofile' | 
10:10:02.613 | Info | '/transaction/gettransportbyuserid' | 
10:10:12.491 | Info | '/transaction/myprofile' | 
10:10:15.273 | Info | '/transaction/myprofile' | 
10:10:15.282 | Info | '/transaction/gethotels' | 
10:11:33.169 | Info | '/transaction/myprofile' | 
10:11:33.175 | Info | '/transaction/gettour' | 
10:12:49.626 | Info | '/transaction/myprofile' | 
10:12:52.124 | Info | '/transaction/myprofile' | 
10:12:52.133 | Info | '/transaction/gettransport' | 
10:12:53.738 | Info | '/transaction/myprofile' | 
10:12:53.748 | Info | '/transaction/gettransportdetails' | 
10:13:04.952 | Info | '/transaction/myprofile' | 
10:13:09.336 | Info | '/transaction/myprofile' | 
10:13:09.343 | Info | '/transaction/gettour' | 
10:13:31.056 | Info | '/transaction/myprofile' | 
10:13:31.066 | Info | '/transaction/gettourdetails' | 
10:13:33.822 | Info | '/transaction/myprofile' | 
10:13:33.833 | Info | '/transaction/gettourdetails' | 
10:13:59.807 | Info | '/transaction/myprofile' | 
10:13:59.812 | Info | '/transaction/gettourdetails' | 
10:14:43.711 | Info | '/transaction/createcustomer' | 
10:14:55.083 | Info | '/api/user/login' | 
10:14:55.180 | Info | '/transaction/myprofile' | 
10:14:55.190 | Info | '/transaction/getusertype' | 
10:14:55.212 | Info | '/transaction/myprofile' | 
10:14:57.326 | Info | '/transaction/gettourbyuserid' | 
10:14:59.853 | Info | '/transaction/gettourdetails' | 
10:14:59.861 | Info | '/transaction/getcustomer' | 
10:15:23.494 | Info | '/transaction/gettourcollaborate' | 
10:15:23.495 | Info | '/transaction/getmytourcollaborate' | 
10:15:30.494 | Info | '/transaction/getcollabtour' | 
21:45:04.425 | Info | '/transaction/myprofile' | 
21:45:11.332 | Info | '/transaction/myprofile' | 
21:45:11.349 | Info | '/transaction/gettour' | 
21:45:13.738 | Info | '/transaction/myprofile' | 
21:45:13.747 | Info | '/transaction/gettourdetails' | 
21:45:21.514 | Info | '/transaction/myprofile' | 
21:45:21.530 | Info | '/transaction/gethotels' | 
21:45:23.270 | Info | '/transaction/myprofile' | 
21:45:23.279 | Info | '/transaction/gethoteldetails' | 
21:45:32.972 | Info | '/transaction/myprofile' | 
21:45:32.987 | Info | '/transaction/gettransport' | 
21:45:34.385 | Info | '/transaction/myprofile' | 
21:45:34.391 | Info | '/transaction/gettransportdetails' | 
21:45:41.148 | Info | '/transaction/myprofile' | 
21:45:41.153 | Info | '/transaction/getusertype' | 
21:45:41.201 | Info | '/transaction/myprofile' | 
21:45:43.079 | Info | '/transaction/gettourbyuserid' | 
21:45:50.609 | Info | '/transaction/gettourbyuserid' | 
21:45:50.617 | Info | '/transaction/getusertype' | 
21:45:50.713 | Info | '/transaction/gettourbyuserid' | 
21:45:58.202 | Info | '/transaction/myprofile' | 
21:45:58.206 | Info | '/transaction/getusertype' | 
21:45:58.228 | Info | '/transaction/myprofile' | 
21:46:00.270 | Info | '/transaction/gettourcollaborate' | 
21:46:00.318 | Info | '/transaction/getmytourcollaborate' | 
21:46:04.255 | Info | '/transaction/getcollabtour' | 
21:46:06.823 | Info | '/transaction/gettourbyuserid' | 
21:46:15.326 | Info | '/transaction/getcollabtour' | 
21:46:15.331 | Info | '/transaction/getusertype' | 
21:46:15.357 | Info | '/transaction/getcollabtour' | 
21:46:17.380 | Info | '/transaction/gettourdetails' | 
21:46:17.384 | Info | '/transaction/getusertype' | 
21:46:17.425 | Info | '/transaction/gettourdetails' | 
21:46:21.405 | Info | '/transaction/gettourbyuserid' | 
21:46:26.014 | Info | '/transaction/gettourbyuserid' | 
21:46:26.020 | Info | '/transaction/getusertype' | 
21:46:26.106 | Info | '/transaction/gettourbyuserid' | 
21:47:17.508 | Info | '/transaction/gettourdetails' | 
21:47:17.524 | Info | '/transaction/getusertype' | 
21:47:17.585 | Info | '/transaction/gettourdetails' | 
21:47:33.996 | Info | '/transaction/gettourdetails' | 
21:47:34.010 | Info | '/transaction/getusertype' | 
21:47:34.068 | Info | '/transaction/gettourdetails' | 
21:47:49.514 | Info | '/transaction/gettourbyuserid' | 
21:47:49.522 | Info | '/transaction/getusertype' | 
21:47:49.694 | Info | '/transaction/gettourbyuserid' | 
21:49:48.450 | Info | '/transaction/gettourdetails' | 
21:49:48.462 | Info | '/transaction/getcustomer' | 
21:49:48.483 | Info | '/transaction/getusertype' | 
21:49:48.578 | Info | '/transaction/gettourdetails' | 
21:49:48.590 | Info | '/transaction/getcustomer' | 
21:50:42.639 | Info | '/transaction/getcustomer' | 
21:50:55.842 | Info | '/transaction/getcustomer' | 
21:51:06.667 | Info | '/transaction/getcustomer' | 
21:51:06.673 | Info | '/transaction/getusertype' | 
21:51:06.770 | Info | '/transaction/getcustomer' | 
21:51:20.805 | Info | '/transaction/gettourdetails' | 
21:51:20.849 | Info | '/transaction/getcustomer' | 
21:51:27.049 | Info | '/transaction/gettourdetails' | 
21:51:27.063 | Info | '/transaction/getcustomer' | 
21:51:27.065 | Info | '/transaction/getusertype' | 
21:51:27.187 | Info | '/transaction/gettourdetails' | 
21:51:27.196 | Info | '/transaction/getcustomer' | 
21:51:37.909 | Info | '/transaction/gettourcollaborate' | 
21:51:37.911 | Info | '/transaction/getmytourcollaborate' | 
21:51:46.677 | Info | '/transaction/getcollabtour' | 
21:51:49.002 | Info | '/transaction/gettourdetails' | 
21:51:49.015 | Info | '/transaction/getusertype' | 
21:51:49.060 | Info | '/transaction/gettourdetails' | 
21:51:57.908 | Info | '/transaction/gettourdetails' | 
21:51:58.146 | Info | '/transaction/myprofile' | 
21:51:58.154 | Info | '/transaction/getusertype' | 
21:51:58.181 | Info | '/transaction/myprofile' | 
21:52:00.932 | Info | '/transaction/myprofile' | 
21:52:13.483 | Info | '/api/user/login' | 
21:52:13.610 | Info | '/transaction/myprofile' | 
21:52:13.626 | Info | '/transaction/getusertype' | 
21:52:13.648 | Info | '/transaction/myprofile' | 
21:52:16.026 | Info | '/transaction/gethotelshistory' | 
21:53:06.868 | Info | '/transaction/getusertype' | 
21:53:52.635 | Info | '/transaction/gethoteldetails' | 
21:53:52.646 | Info | '/transaction/getusertype' | 
21:53:52.701 | Info | '/transaction/gethoteldetails' | 
21:53:54.936 | Info | '/transaction/gethoteldetails' | 
21:53:54.946 | Info | '/transaction/getusertype' | 
21:53:54.994 | Info | '/transaction/gethoteldetails' | 
21:54:23.182 | Info | '/transaction/gethoteldetails' | 
21:54:23.191 | Info | '/transaction/gethotelcustomer' | 
21:54:23.229 | Info | '/transaction/getusertype' | 
21:54:23.257 | Info | '/transaction/gethoteldetails' | 
21:54:23.263 | Info | '/transaction/gethotelcustomer' | 
21:54:24.489 | Info | '/transaction/gethoteldetails' | 
21:54:24.496 | Info | '/transaction/gethotelcustomer' | 
21:54:24.497 | Info | '/transaction/getusertype' | 
21:54:24.530 | Info | '/transaction/gethoteldetails' | 
21:54:24.539 | Info | '/transaction/gethotelcustomer' | 
21:54:29.621 | Info | '/transaction/gethoteldetails' | 
21:54:29.628 | Info | '/transaction/gethotelcustomer' | 
21:54:31.108 | Info | '/transaction/gethoteldetails' | 
21:54:31.120 | Info | '/transaction/gethotelcustomer' | 
21:54:31.125 | Info | '/transaction/getusertype' | 
21:54:31.179 | Info | '/transaction/gethoteldetails' | 
21:54:31.188 | Info | '/transaction/gethotelcustomer' | 
21:54:42.792 | Info | '/transaction/gethotelshistory' | 
21:54:47.022 | Info | '/transaction/gethoteldetails' | 
21:54:47.030 | Info | '/transaction/gethotelcustomer' | 
21:54:49.979 | Info | '/transaction/gethoteldetails' | 
21:54:49.982 | Info | '/transaction/gethotelcustomer' | 
21:54:56.653 | Info | '/api/user/login' | 
21:54:56.686 | Info | '/transaction/myprofile' | 
21:54:56.695 | Info | '/transaction/getusertype' | 
21:54:56.715 | Info | '/transaction/myprofile' | 
21:54:59.817 | Info | '/transaction/gettransportbyuserid' | 
21:55:46.952 | Info | '/transaction/getusertype' | 
21:56:03.915 | Info | '/transaction/gettransportdetails' | 
21:56:06.209 | Info | '/transaction/gettransportdetails' | 
21:56:06.223 | Info | '/transaction/getusertype' | 
21:56:06.265 | Info | '/transaction/gettransportdetails' | 
21:56:13.045 | Info | '/transaction/gettransportdetails' | 
21:56:16.182 | Info | '/transaction/gettransportdetails' | 
21:56:16.194 | Info | '/transaction/getusertype' | 
21:56:16.248 | Info | '/transaction/gettransportdetails' | 
21:56:22.032 | Info | '/transaction/gettransportdetails' | 
21:56:22.033 | Info | '/transaction/gettransportcustomer' | 
21:56:25.402 | Info | '/transaction/gettransportdetails' | 
21:56:25.412 | Info | '/transaction/gettransportcustomer' | 
21:56:25.421 | Info | '/transaction/getusertype' | 
21:56:25.466 | Info | '/transaction/gettransportdetails' | 
21:56:25.473 | Info | '/transaction/gettransportcustomer' | 
21:56:31.529 | Info | '/transaction/gettransportdetails' | 
21:56:31.535 | Info | '/transaction/gettransportcustomer' | 
21:56:35.013 | Info | '/transaction/gettransportdetails' | 
21:56:35.020 | Info | '/transaction/gettransportcustomer' | 
21:56:35.027 | Info | '/transaction/getusertype' | 
21:56:35.094 | Info | '/transaction/gettransportdetails' | 
21:56:35.103 | Info | '/transaction/gettransportcustomer' | 
21:56:42.325 | Info | '/transaction/gettransportbyuserid' | 
21:56:50.002 | Info | '/transaction/getusertype' | 
21:57:24.218 | Info | '/transaction/createtransport' | 
21:57:29.054 | Info | '/transaction/gettransportbyuserid' | 
21:57:32.449 | Info | '/transaction/deletetransport' | 
21:57:38.475 | Info | '/transaction/gettransportbyuserid' | 
21:57:38.481 | Info | '/transaction/getusertype' | 
21:57:38.558 | Info | '/transaction/gettransportbyuserid' | 
21:58:48.054 | Info | '/transaction/gettransportbyuserid' | 
21:58:48.060 | Info | '/transaction/getusertype' | 
21:58:48.113 | Info | '/transaction/gettransportbyuserid' | 
21:58:49.590 | Info | '/transaction/gettransportbyuserid' | 
21:58:59.659 | Info | '/api/user/login' | 
21:58:59.692 | Info | '/transaction/myprofile' | 
21:58:59.698 | Info | '/transaction/getusertype' | 
21:58:59.715 | Info | '/transaction/myprofile' | 
21:59:02.610 | Info | '/transaction/gettourbyuserid' | 
21:59:04.234 | Info | '/transaction/gettourdetails' | 
21:59:04.242 | Info | '/transaction/getcustomer' | 
21:59:11.953 | Info | '/transaction/getcollabtour' | 
21:59:14.300 | Info | '/transaction/gettourdetails' | 
21:59:14.311 | Info | '/transaction/getusertype' | 
21:59:14.353 | Info | '/transaction/gettourdetails' | 
21:59:20.255 | Info | '/transaction/gettourcollaborate' | 
21:59:20.258 | Info | '/transaction/getmytourcollaborate' | 
21:59:29.623 | Info | '/transaction/gettourcollaborate' | 
21:59:29.628 | Info | '/transaction/getmytourcollaborate' | 
22:02:32.851 | Info | '/api/user/login' | 
22:02:34.860 | Info | '/transaction/gettourbyuserid' | 
22:02:37.332 | Info | '/transaction/getlastannouncement' | 
22:02:37.367 | Info | '/transaction/gettourdetails' | 
22:02:48.775 | Info | '/transaction/createannouncement' | 
22:02:50.048 | Info | '/transaction/gettourbyuserid' | 
22:02:52.097 | Info | '/transaction/getlastannouncement' | 
22:02:52.104 | Info | '/transaction/gettourdetails' | 
22:02:54.330 | Info | '/transaction/getannouncement' | 
22:02:58.900 | Info | '/transaction/getcustomer' | 
22:03:01.668 | Info | '/transaction/getEvents' | 
22:03:05.630 | Info | '/transaction/getEvents' | 
22:03:18.759 | Info | '/api/user/login' | 
22:03:18.827 | Info | '/transaction/myprofile' | 
22:03:18.834 | Info | '/transaction/getusertype' | 
22:03:18.859 | Info | '/transaction/myprofile' | 
22:03:20.781 | Info | '/transaction/gettourbyuserid' | 
22:03:22.116 | Info | '/transaction/gettourdetails' | 
22:03:22.122 | Info | '/transaction/getcustomer' | 
22:03:24.202 | Info | '/transaction/gettourbyuserid' | 
22:03:27.065 | Info | '/transaction/getusertype' | 
22:05:10.374 | Info | '/transaction/createtour' | 
22:05:14.283 | Info | '/transaction/gettourbyuserid' | 
22:05:17.481 | Info | '/transaction/gettourdetails' | 
22:05:17.485 | Info | '/transaction/getcustomer' | 
22:05:32.223 | Info | '/api/user/login' | 
22:05:33.110 | Info | '/transaction/gettourbyuserid' | 
22:05:35.492 | Info | '/transaction/getlastannouncement' | 
22:05:35.499 | Info | '/transaction/gettourdetails' | 
22:05:38.264 | Info | '/transaction/getcustomer' | 
22:05:40.167 | Info | '/transaction/getlastannouncement' | 
22:05:40.170 | Info | '/transaction/gettourdetails' | 
22:05:47.626 | Info | '/transaction/gettourdetails' | 
22:05:47.635 | Info | '/transaction/getcustomer' | 
22:05:47.637 | Info | '/transaction/getusertype' | 
22:05:47.686 | Info | '/transaction/gettourdetails' | 
22:05:47.692 | Info | '/transaction/getcustomer' | 
22:06:34.363 | Info | '/transaction/gettourbyuserid' | 
22:06:37.414 | Info | '/transaction/gettourdetails' | 
22:06:37.424 | Info | '/transaction/getcustomer' | 
22:06:40.190 | Info | '/transaction/gettourbyuserid' | 
22:07:35.641 | Info | '/transaction/gettourdetails' | 
22:07:35.642 | Info | '/transaction/getcustomer' | 
22:07:58.411 | Info | '/transaction/gettourdetails' | 
22:07:58.415 | Info | '/transaction/getcustomer' | 
22:08:03.781 | Info | '/transaction/myprofile' | 
22:08:05.788 | Info | '/transaction/myprofile' | 
22:08:05.799 | Info | '/transaction/gettour' | 
22:08:16.449 | Info | '/transaction/myprofile' | 
22:08:16.457 | Info | '/transaction/gettourdetails' | 
22:08:21.519 | Info | '/transaction/myprofile' | 
22:08:21.527 | Info | '/transaction/gettourdetails' | 
22:08:51.740 | Info | '/transaction/createcustomer' | 
22:09:08.988 | Info | '/transaction/getcustomer' | 
22:09:11.278 | Info | '/transaction/getEvents' | 
22:09:37.076 | Info | '/transaction/updateEvent' | 
22:09:38.568 | Info | '/transaction/getEvents' | 
22:21:33.714 | Info | '/api/user/login' | 
22:21:33.757 | Info | '/transaction/myprofile' | 
22:21:33.763 | Info | '/transaction/getusertype' | 
22:21:33.777 | Info | '/transaction/myprofile' | 
22:21:36.152 | Info | '/transaction/gettourbyuserid' | 
22:21:37.999 | Info | '/transaction/gettourdetails' | 
22:21:38.016 | Info | '/transaction/getcustomer' | 
22:29:24.271 | Info | '/transaction/gettourdetails' | 
22:29:24.273 | Info | '/transaction/getcustomer' | 
22:29:30.781 | Info | '/transaction/myprofile' | 
22:30:06.612 | Info | '/transaction/myprofile' | 
22:30:06.621 | Info | '/transaction/gettour' | 
22:31:01.908 | Info | '/transaction/myprofile' | 
22:31:01.917 | Info | '/transaction/gettourdetails' | 
22:31:20.995 | Info | '/transaction/myprofile' | 
22:31:21.004 | Info | '/transaction/gettourdetails' | 
22:31:31.128 | Info | '/transaction/gettourdetails' | 
22:31:31.130 | Info | '/transaction/myprofile' | 
22:32:28.938 | Info | '/transaction/createcustomer' | 
22:32:37.016 | Info | '/transaction/myprofile' | 
22:32:44.796 | Info | '/transaction/myprofile' | 
22:32:44.803 | Info | '/transaction/gethotels' | 
22:32:51.449 | Info | '/transaction/myprofile' | 
22:32:51.451 | Info | '/transaction/gethoteldetails' | 
22:32:53.688 | Info | '/transaction/myprofile' | 
22:32:53.694 | Info | '/transaction/gethoteldetails' | 
22:33:13.243 | Info | '/transaction/createhotelcustomer' | 
22:33:18.658 | Info | '/transaction/myprofile' | 
22:33:47.438 | Info | '/api/user/login' | 
22:33:55.345 | Info | '/api/user/login' | 
22:33:55.401 | Info | '/transaction/myprofile' | 
22:33:55.407 | Info | '/transaction/getusertype' | 
22:33:55.425 | Info | '/transaction/myprofile' | 
22:33:57.732 | Info | '/transaction/gettourbyuserid' | 
22:34:01.376 | Info | '/transaction/gettourdetails' | 
22:34:01.383 | Info | '/transaction/getcustomer' | 
22:35:01.854 | Info | '/transaction/updatebookingstatus' | 
22:35:02.147 | Info | '/transaction/updatequantity' | 
22:35:14.300 | Info | '/transaction/gettourdetails' | 
22:35:14.312 | Info | '/transaction/getcustomer' | 
22:35:14.314 | Info | '/transaction/getusertype' | 
22:35:14.403 | Info | '/transaction/gettourdetails' | 
22:35:14.411 | Info | '/transaction/getcustomer' | 
22:35:31.481 | Info | '/api/user/login' | 
22:35:31.615 | Info | '/transaction/gettourbyuserid' | 
22:35:39.486 | Info | '/transaction/getlastannouncement' | 
22:35:39.491 | Info | '/transaction/gettourdetails' | 
22:35:42.052 | Info | '/transaction/getcustomer' | 
22:35:46.573 | Info | '/transaction/getEvents' | 
22:36:27.368 | Info | '/transaction/updateEvent' | 
22:36:29.300 | Info | '/transaction/getEvents' | 
22:36:53.445 | Info | '/transaction/createannouncement' | 
22:36:53.676 | Info | '/transaction/gettourbyuserid' | 
22:36:56.507 | Info | '/transaction/getlastannouncement' | 
22:36:56.510 | Info | '/transaction/gettourdetails' | 
22:36:58.885 | Info | '/transaction/getannouncement' | 
22:37:18.483 | Info | '/transaction/createannouncement' | 
22:37:19.031 | Info | '/transaction/gettourbyuserid' | 
22:37:20.663 | Info | '/transaction/gettourdetails' | 
22:37:20.684 | Info | '/transaction/getlastannouncement' | 
22:37:29.803 | Info | '/transaction/getannouncement' | 
22:38:59.163 | Info | '/transaction/gettourcollaborate' | 
22:38:59.165 | Info | '/transaction/getmytourcollaborate' | 
22:39:04.908 | Info | '/transaction/getcollabtour' | 
22:39:39.284 | Info | '/transaction/gettourdetails' | 
22:39:39.286 | Info | '/transaction/getusertype' | 
22:39:39.336 | Info | '/transaction/gettourdetails' | 
22:40:12.971 | Info | '/transaction/getusertype' | 
22:40:50.817 | Info | '/transaction/getcollabtour' | 
22:40:50.826 | Info | '/transaction/getusertype' | 
22:40:50.902 | Info | '/transaction/getcollabtour' | 
22:40:53.425 | Info | '/transaction/gettourdetails' | 
22:41:58.154 | Info | '/transaction/getusertype' | 
22:42:38.887 | Info | '/transaction/myprofile' | 
22:42:41.157 | Info | '/transaction/myprofile' | 
22:42:41.191 | Info | '/transaction/gettour' | 
22:42:42.357 | Info | '/transaction/myprofile' | 
22:42:42.368 | Info | '/transaction/gettourdetails' | 
22:42:45.738 | Info | '/transaction/myprofile' | 
22:42:45.751 | Info | '/transaction/gettourdetails' | 
22:43:04.421 | Info | '/transaction/createcollaboration' | 
22:43:49.721 | Info | '/transaction/getcustomer' | 
22:44:06.154 | Info | '/transaction/myprofile' | 
22:44:08.393 | Info | '/transaction/myprofile' | 
22:44:08.414 | Info | '/transaction/gethotels' | 
22:44:11.301 | Info | '/transaction/myprofile' | 
22:44:11.310 | Info | '/transaction/gethoteldetails' | 
22:44:14.884 | Info | '/transaction/myprofile' | 
22:44:14.907 | Info | '/transaction/gethoteldetails' | 
22:44:46.205 | Info | '/transaction/myprofile' | 
22:44:46.213 | Info | '/transaction/gethoteldetails' | 
22:44:52.375 | Info | '/transaction/myprofile' | 
22:44:52.383 | Info | '/transaction/gethoteldetails' | 
22:45:26.487 | Info | '/api/user/login' | 
22:45:26.534 | Info | '/transaction/myprofile' | 
22:45:26.540 | Info | '/transaction/getusertype' | 
22:45:26.560 | Info | '/transaction/myprofile' | 
22:45:27.943 | Info | '/transaction/gethotelshistory' | 
22:45:29.699 | Info | '/transaction/getusertype' | 
22:46:58.276 | Info | '/transaction/getEvents' | 
22:48:01.810 | Info | '/transaction/getEvents' | 
22:49:07.574 | Info | '/transaction/getlastannouncement' | 
22:49:07.578 | Info | '/transaction/gettourdetails' | 
22:53:03.268 | Info | '/transaction/myprofile' | 
22:53:03.275 | Info | '/transaction/gethoteldetails' | 
