13:19:26.753 | Info | '/api/user/login' | 
13:19:28.397 | Info | '/transaction/getuserpermissions' | 
13:19:28.462 | Info | '/transaction/myprofile' | 
13:19:29.576 | Info | '/transaction/myrequests' | 
13:19:29.637 | Info | '/transaction/mycollections' | 
13:19:29.702 | Info | '/transaction/getuserpermissions' | 
13:19:29.922 | Info | '/transaction/mycollections' | 
13:19:29.947 | Info | '/transaction/myrequests' | 
13:19:29.985 | Info | '/transaction/myprofile' | 
13:19:29.990 | Info | '/transaction/myprofile' | 
13:19:29.994 | Info | '/transaction/myprofile' | 
13:20:45.916 | Info | '/transaction/getalldonations' | 
13:20:45.940 | Info | '/transaction/getalldonations' | 
13:20:57.602 | Info | '/transaction/getarea' | 
13:20:57.640 | Info | '/transaction/getdonationmethods' | 
13:20:57.678 | Info | '/transaction/getdonationtypes' | 
13:20:57.804 | Info | '/transaction/getarea' | 
13:20:57.807 | Info | '/transaction/getdonationmethods' | 
13:20:57.868 | Info | '/transaction/getdonationtypes' | 
13:20:58.116 | Info | '/transaction/getalldonations' | 
13:20:58.127 | Info | '/transaction/getalldonations' | 
13:26:12.465 | Info | '/transaction/getuserpermissions' | 
13:26:12.471 | Info | '/transaction/getuserpermissions' | 
13:26:21.852 | Info | '/api/user/login' | 
13:26:21.963 | Info | '/transaction/getuserpermissions' | 
13:26:21.969 | Info | '/transaction/myprofile' | 
13:26:21.971 | Info | '/transaction/getuserpermissions' | 
13:26:21.973 | Info | '/transaction/myrequests' | 
13:26:21.980 | Info | '/transaction/mycollections' | 
13:26:21.983 | Info | '/transaction/myprofile' | 
13:26:21.987 | Info | '/transaction/myrequests' | 
13:26:21.991 | Info | '/transaction/mycollections' | 
13:26:21.996 | Info | '/transaction/myprofile' | 
13:26:22.003 | Info | '/transaction/myprofile' | 
13:26:29.396 | Info | '/transaction/getalldonations' | 
13:26:29.410 | Info | '/transaction/getalldonations' | 
13:32:52.077 | Info | '/api/user/login' | 
13:32:52.204 | Info | '/transaction/getuserpermissions' | 
13:32:52.207 | Info | '/transaction/myprofile' | 
13:32:52.210 | Info | '/transaction/myrequests' | 
13:32:52.215 | Info | '/transaction/getuserpermissions' | 
13:32:52.217 | Info | '/transaction/mycollections' | 
13:32:52.220 | Info | '/transaction/myprofile' | 
13:32:52.222 | Info | '/transaction/myrequests' | 
13:32:52.230 | Info | '/transaction/mycollections' | 
13:32:52.232 | Info | '/transaction/myprofile' | 
13:32:52.239 | Info | '/transaction/myprofile' | 
13:32:55.461 | Info | '/transaction/getalldonations' | 
13:32:55.472 | Info | '/transaction/getalldonations' | 
13:56:27.803 | Info | '/api/user/login' | 
13:56:28.117 | Info | '/transaction/getuserpermissions' | 
13:56:28.135 | Info | '/transaction/myprofile' | 
13:56:28.173 | Info | '/transaction/myrequests' | 
13:56:28.181 | Info | '/transaction/mycollections' | 
13:56:28.200 | Info | '/transaction/getuserpermissions' | 
13:56:28.210 | Info | '/transaction/mycollections' | 
13:56:28.229 | Info | '/transaction/myrequests' | 
13:56:28.231 | Info | '/transaction/myprofile' | 
13:56:28.237 | Info | '/transaction/myprofile' | 
13:56:28.241 | Info | '/transaction/myprofile' | 
13:56:32.031 | Info | '/transaction/getarea' | 
13:56:32.039 | Info | '/transaction/getdonationmethods' | 
13:56:32.035 | Info | '/transaction/getdonationtypes' | 
13:56:32.047 | Info | '/transaction/getarea' | 
13:56:32.049 | Info | '/transaction/getdonationtypes' | 
13:56:32.052 | Info | '/transaction/getdonationmethods' | 
13:56:35.482 | Info | '/transaction/getdonordetails' | 
13:56:46.695 | Info | '/transaction/getdonationpurpose' | 
13:56:47.478 | Info | '/transaction/getdonationpurpose' | 
13:56:53.566 | Info | '/transaction/getdonationpurpose' | 
13:56:54.422 | Info | '/transaction/getdonationpurpose' | 
13:57:02.263 | Info | '/transaction/newdonation' | 
13:58:48.879 | Info | '/transaction/getdonordetails' | 
13:58:57.536 | Info | '/transaction/getdonationpurpose' | 
13:58:58.144 | Info | '/transaction/getdonationpurpose' | 
13:59:03.305 | Info | '/transaction/newdonation' | 
13:59:36.657 | Info | '/api/user/login' | 
13:59:39.333 | Info | '/api/user/login' | 
13:59:39.432 | Info | '/transaction/getuserpermissions' | 
13:59:39.447 | Info | '/transaction/myprofile' | 
13:59:39.457 | Info | '/transaction/myrequests' | 
13:59:39.452 | Info | '/transaction/mycollections' | 
13:59:39.462 | Info | '/transaction/getuserpermissions' | 
13:59:39.472 | Info | '/transaction/myprofile' | 
13:59:39.476 | Info | '/transaction/mycollections' | 
13:59:39.484 | Info | '/transaction/myprofile' | 
13:59:39.488 | Info | '/transaction/myrequests' | 
13:59:39.493 | Info | '/transaction/myprofile' | 
13:59:41.457 | Info | '/transaction/getarea' | 
13:59:41.464 | Info | '/transaction/getdonationtypes' | 
13:59:41.468 | Info | '/transaction/getdonationmethods' | 
13:59:41.476 | Info | '/transaction/getarea' | 
13:59:41.479 | Info | '/transaction/getdonationtypes' | 
13:59:41.483 | Info | '/transaction/getdonationmethods' | 
13:59:46.356 | Info | '/transaction/getdonordetails' | 
14:00:07.349 | Info | '/transaction/getdonationpurpose' | 
14:00:08.024 | Info | '/transaction/getdonationpurpose' | 
14:00:27.810 | Info | '/transaction/newdonation' | 
14:04:40.140 | Info | '/transaction/getalldonations' | 
14:04:40.153 | Info | '/transaction/getalldonations' | 
14:16:29.294 | Info | '/api/user/login' | 
14:16:29.422 | Info | '/transaction/getuserpermissions' | 
14:16:29.427 | Info | '/transaction/myprofile' | 
14:16:29.435 | Info | '/transaction/myrequests' | 
14:16:29.439 | Info | '/transaction/getuserpermissions' | 
14:16:29.446 | Info | '/transaction/mycollections' | 
14:16:29.453 | Info | '/transaction/myrequests' | 
14:16:29.462 | Info | '/transaction/myprofile' | 
14:16:29.466 | Info | '/transaction/mycollections' | 
14:16:29.472 | Info | '/transaction/myprofile' | 
14:16:29.477 | Info | '/transaction/myprofile' | 
14:16:58.923 | Info | '/api/user/login' | 
14:16:59.232 | Info | '/transaction/getuserpermissions' | 
14:16:59.249 | Info | '/transaction/myprofile' | 
14:16:59.296 | Info | '/transaction/myrequests' | 
14:16:59.306 | Info | '/transaction/mycollections' | 
14:16:59.309 | Info | '/transaction/getuserpermissions' | 
14:16:59.321 | Info | '/transaction/mycollections' | 
14:16:59.330 | Info | '/transaction/myprofile' | 
14:16:59.334 | Info | '/transaction/myrequests' | 
14:16:59.342 | Info | '/transaction/myprofile' | 
14:16:59.347 | Info | '/transaction/myprofile' | 
14:17:02.627 | Info | '/transaction/getcollection' | 
14:17:02.638 | Info | '/transaction/getcollection' | 
14:17:34.353 | Info | '/api/user/login' | 
14:17:34.474 | Info | '/transaction/getuserpermissions' | 
14:17:34.477 | Info | '/transaction/myprofile' | 
14:17:34.479 | Info | '/transaction/myrequests' | 
14:17:34.481 | Info | '/transaction/mycollections' | 
14:17:34.489 | Info | '/transaction/getuserpermissions' | 
14:17:34.495 | Info | '/transaction/myprofile' | 
14:17:34.497 | Info | '/transaction/myrequests' | 
14:17:34.501 | Info | '/transaction/mycollections' | 
14:17:34.513 | Info | '/transaction/myprofile' | 
14:17:34.520 | Info | '/transaction/myprofile' | 
14:17:39.696 | Info | '/transaction/getcollection' | 
14:17:39.700 | Info | '/transaction/getcollection' | 
14:18:25.473 | Info | '/api/user/login' | 
14:18:25.589 | Info | '/transaction/getuserpermissions' | 
14:18:25.598 | Info | '/transaction/myprofile' | 
14:18:25.600 | Info | '/transaction/getuserpermissions' | 
14:18:25.604 | Info | '/transaction/myrequests' | 
14:18:25.606 | Info | '/transaction/mycollections' | 
14:18:25.610 | Info | '/transaction/myprofile' | 
14:18:25.621 | Info | '/transaction/myrequests' | 
14:18:25.623 | Info | '/transaction/mycollections' | 
14:18:25.625 | Info | '/transaction/myprofile' | 
14:18:25.633 | Info | '/transaction/myprofile' | 
14:18:31.052 | Info | '/transaction/getcollection' | 
14:18:31.056 | Info | '/transaction/getcollection' | 
14:19:11.334 | Info | '/transaction/getalldonations' | 
14:19:11.347 | Info | '/transaction/getalldonations' | 
14:19:11.894 | Info | '/transaction/getcollection' | 
14:19:11.897 | Info | '/transaction/getcollection' | 
14:19:31.497 | Info | '/transaction/getalldonations' | 
14:19:31.507 | Info | '/transaction/getalldonations' | 
14:19:33.296 | Info | '/transaction/getalldonations' | 
14:19:33.304 | Info | '/transaction/getalldonations' | 
14:19:42.027 | Info | '/dashboard' | 
14:19:42.073 | Info | '/dashboard' | 
14:19:43.919 | Info | '/transaction/getchannel' | 
14:19:43.952 | Info | '/transaction/getcenters' | 
14:19:43.964 | Info | '/transaction/getuserroles' | 
14:19:43.971 | Info | '/transaction/getusers' | 
14:19:43.980 | Info | '/transaction/getchannel' | 
14:19:43.982 | Info | '/transaction/getcenters' | 
14:19:43.986 | Info | '/transaction/getuserroles' | 
14:19:43.988 | Info | '/transaction/getusers' | 
14:19:48.339 | Info | '/dashboard' | 
14:19:48.349 | Info | '/dashboard' | 
14:19:57.075 | Info | '/transaction/myprofile' | 
14:19:57.079 | Info | '/transaction/myrequests' | 
14:19:57.081 | Info | '/transaction/mycollections' | 
14:19:57.083 | Info | '/transaction/myprofile' | 
14:19:57.090 | Info | '/transaction/myrequests' | 
14:19:57.093 | Info | '/transaction/mycollections' | 
14:19:57.095 | Info | '/transaction/myprofile' | 
14:19:57.104 | Info | '/transaction/myprofile' | 
