00:03:38.380 | Info | '/transaction/gettourbyuserid' | 
01:23:15.222 | Info | '/transaction/gettourbyuserid' | 
03:00:55.454 | Info | '/transaction/gettourdetails' | 
03:02:11.312 | Info | '/transaction/gettour' | 
03:02:34.963 | Info | '/transaction/gettourdetails' | 
03:08:15.555 | Info | '/transaction/myprofile' | 
03:08:18.570 | Info | '/transaction/gettransportbyuserid' | 
03:08:22.436 | Info | '/transaction/gettourbyuserid' | 
03:15:23.817 | Info | '/transaction/gettourdetails' | 
03:16:58.261 | Info | '/api/user/login' | 
03:17:21.591 | Info | '/api/user/login' | 
03:17:34.047 | Info | '/api/user/login' | 
03:17:51.522 | Info | '/api/user/login' | 
03:20:26.546 | Info | '/transaction/gettourbyuserid' | 
03:25:11.531 | Info | '/transaction/gettourbyuserid' | 
03:28:17.432 | Info | '/transaction/myprofile' | 
03:28:18.912 | Info | '/transaction/gettourbyuserid' | 
03:29:33.754 | Info | '/transaction/gettourbyuserid' | 
03:31:05.367 | Info | '/transaction/gettourbyuserid' | 
03:31:17.043 | Info | '/transaction/gettourbyuserid' | 
07:12:19.904 | Info | '/transaction/gettourbyuserid' | 
07:14:38.695 | Info | '/transaction/gettourbyuserid' | 
07:14:43.724 | Info | '/transaction/gettourbyuserid' | 
07:14:54.959 | Info | '/transaction/gettourbyuserid' | 
07:15:03.930 | Info | '/transaction/gettourbyuserid' | 
07:26:16.159 | Info | '/transaction/gettourbyuserid' | 
07:27:42.884 | Info | '/transaction/gettourbyuserid' | 
07:28:13.685 | Info | '/transaction/gettourbyuserid' | 
07:28:15.069 | Info | '/transaction/gettourbyuserid' | 
07:56:02.550 | Info | '/transaction/gettourbyuserid' | 
07:56:39.598 | Info | '/transaction/gettourbyuserid' | 
07:56:50.158 | Info | '/transaction/gettourbyuserid' | 
07:56:50.798 | Info | '/transaction/gettourbyuserid' | 
07:57:01.728 | Info | '/transaction/gettourbyuserid' | 
07:57:03.262 | Info | '/transaction/gettourbyuserid' | 
08:03:03.629 | Info | '/transaction/gettourbyuserid' | 
08:03:15.777 | Info | '/transaction/gettourbyuserid' | 
08:03:15.854 | Info | '/transaction/gettourbyuserid' | 
08:04:52.663 | Info | '/transaction/gettourbyuserid' | 
08:07:16.856 | Info | '/transaction/gettourbyuserid' | 
08:09:53.771 | Info | '/transaction/gettourbyuserid' | 
08:10:20.960 | Info | '/transaction/gettourbyuserid' | 
08:10:31.587 | Info | '/transaction/gettourbyuserid' | 
08:10:38.974 | Info | '/transaction/gettourbyuserid' | 
08:11:43.719 | Info | '/transaction/gettourbyuserid' | 
08:12:19.678 | Info | '/transaction/gettourbyuserid' | 
08:12:44.470 | Info | '/transaction/gettourbyuserid' | 
08:12:52.716 | Info | '/transaction/gettourbyuserid' | 
08:13:02.534 | Info | '/transaction/gettourbyuserid' | 
08:13:11.621 | Info | '/transaction/gettourbyuserid' | 
08:13:17.395 | Info | '/transaction/gettourbyuserid' | 
08:13:27.385 | Info | '/transaction/gettourbyuserid' | 
09:02:31.984 | Info | '/transaction/gettourbyuserid' | 
09:02:52.791 | Info | '/transaction/gettourbyuserid' | 
09:02:53.777 | Info | '/transaction/gettourbyuserid' | 
09:02:58.764 | Info | '/transaction/gettourbyuserid' | 
09:03:01.948 | Info | '/transaction/gettourbyuserid' | 
09:03:26.339 | Info | '/transaction/gettourbyuserid' | 
09:03:28.804 | Info | '/transaction/gettourbyuserid' | 
09:03:36.529 | Info | '/transaction/gettourbyuserid' | 
09:03:44.129 | Info | '/transaction/gettourbyuserid' | 
09:03:49.858 | Info | '/transaction/gettourbyuserid' | 
09:03:50.718 | Info | '/transaction/gettourbyuserid' | 
09:04:18.847 | Info | '/transaction/gettourbyuserid' | 
09:04:27.821 | Info | '/transaction/gettourbyuserid' | 
09:04:29.624 | Info | '/transaction/gettourbyuserid' | 
09:04:41.872 | Info | '/transaction/gettourbyuserid' | 
09:04:46.695 | Info | '/transaction/gettourbyuserid' | 
09:04:46.846 | Info | '/transaction/gettourbyuserid' | 
09:04:55.895 | Info | '/transaction/gettourbyuserid' | 
09:05:01.850 | Info | '/transaction/gettourbyuserid' | 
09:05:11.749 | Info | '/transaction/gettourbyuserid' | 
09:05:15.765 | Info | '/transaction/gettourbyuserid' | 
09:05:19.783 | Info | '/transaction/gettourbyuserid' | 
09:05:20.910 | Info | '/transaction/gettourbyuserid' | 
09:05:27.542 | Info | '/transaction/gettourbyuserid' | 
09:05:36.543 | Info | '/transaction/gettourbyuserid' | 
09:05:43.767 | Info | '/transaction/gettourbyuserid' | 
09:05:45.581 | Info | '/transaction/gettourbyuserid' | 
09:05:50.462 | Info | '/transaction/gettourbyuserid' | 
09:05:56.271 | Info | '/transaction/gettourbyuserid' | 
09:06:01.662 | Info | '/transaction/gettourbyuserid' | 
09:06:18.960 | Info | '/transaction/gettourbyuserid' | 
09:06:40.089 | Info | '/transaction/myprofile' | 
09:06:42.776 | Info | '/transaction/gettourbyuserid' | 
09:09:07.704 | Info | '/transaction/gettourbyuserid' | 
09:10:35.269 | Info | '/transaction/gettourbyuserid' | 
09:11:23.476 | Info | '/transaction/gettourbyuserid' | 
09:11:24.709 | Info | '/transaction/gettourbyuserid' | 
09:11:33.769 | Info | '/transaction/gettourbyuserid' | 
09:11:49.298 | Info | '/transaction/gettourbyuserid' | 
09:12:22.391 | Info | '/transaction/gettourbyuserid' | 
09:16:57.939 | Info | '/transaction/gettourdetails' | 
09:17:32.217 | Info | '/transaction/myprofile' | 
09:17:45.953 | Info | '/api/user/login' | 
09:17:46.044 | Info | '/transaction/myprofile' | 
09:18:11.712 | Info | '/transaction/gettourdetails' | 
09:19:01.213 | Info | '/transaction/gettourdetails' | 
09:19:06.596 | Info | '/transaction/gettourdetails' | 
09:19:45.810 | Info | '/api/user/login' | 
09:20:09.821 | Info | '/api/user/login' | 
09:20:39.456 | Info | '/transaction/gettourdetails' | 
09:22:05.105 | Info | '/transaction/gettourdetails' | 
09:59:04.561 | Info | '/transaction/myprofile' | 
09:59:05.003 | Info | '/transaction/myprofile' | 
09:59:05.508 | Info | '/transaction/myprofile' | 
09:59:06.047 | Info | '/transaction/myprofile' | 
09:59:08.116 | Info | '/transaction/myprofile' | 
09:59:16.797 | Info | '/transaction/gettourbyuserid' | 
10:00:35.046 | Info | '/transaction/gettourdetails' | 
10:00:35.053 | Info | '/transaction/gettourdetails' | 
10:00:35.058 | Info | '/transaction/gettourdetails' | 
10:00:35.064 | Info | '/transaction/gettourdetails' | 
10:00:35.094 | Info | '/transaction/gettourdetails' | 
10:11:23.897 | Info | '/transaction/gettourdetails' | 
10:11:25.737 | Info | '/transaction/gettourdetails' | 
10:11:34.905 | Info | '/transaction/gettourdetails' | 
10:12:28.918 | Info | '/transaction/gettourdetails' | 
10:12:32.862 | Info | '/transaction/gettourdetails' | 
10:12:50.384 | Info | '/transaction/gettourdetails' | 
10:13:22.416 | Info | '/transaction/gettourdetails' | 
10:13:23.844 | Info | '/transaction/gettourdetails' | 
10:13:43.872 | Info | '/transaction/gettourdetails' | 
10:15:21.482 | Info | '/transaction/gettourdetails' | 
10:15:23.248 | Info | '/transaction/gettourdetails' | 
10:15:44.148 | Info | '/transaction/gettourdetails' | 
10:16:30.031 | Info | '/transaction/gettourdetails' | 
10:16:31.645 | Info | '/transaction/gettourdetails' | 
10:19:56.277 | Info | '/transaction/gettourdetails' | 
10:24:50.776 | Info | '/transaction/gettourdetails' | 
10:25:55.995 | Info | '/transaction/gettourdetails' | 
10:25:57.682 | Info | '/transaction/gettourdetails' | 
11:13:32.786 | Info | '/transaction/gettourbyuserid' | 
11:21:01.310 | Info | '/transaction/gettourbyuserid' | 
11:21:02.882 | Info | '/transaction/gettourdetails' | 
11:21:16.432 | Info | '/transaction/gettourdetails' | 
11:22:00.894 | Info | '/transaction/gettourdetails' | 
11:22:05.988 | Info | '/transaction/gettourdetails' | 
11:22:08.283 | Info | '/transaction/gettourdetails' | 
11:23:14.846 | Info | '/transaction/gettourdetails' | 
11:28:08.013 | Info | '/transaction/gettourdetails' | 
11:28:12.801 | Info | '/transaction/gettourdetails' | 
12:58:06.298 | Info | '/transaction/gettourdetails' | 
12:58:23.919 | Info | '/transaction/gettourbyuserid' | 
12:59:07.758 | Info | '/transaction/gettourdetails' | 
12:59:17.764 | Info | '/transaction/gettourdetails' | 
12:59:21.769 | Info | '/transaction/gettourdetails' | 
12:59:24.758 | Info | '/transaction/gettourdetails' | 
12:59:34.117 | Info | '/transaction/gettourdetails' | 
12:59:35.056 | Info | '/transaction/gettourdetails' | 
12:59:45.801 | Info | '/transaction/gettourdetails' | 
12:59:54.780 | Info | '/transaction/gettourdetails' | 
12:59:58.588 | Info | '/transaction/gettourdetails' | 
13:00:53.425 | Info | '/transaction/gettourdetails' | 
13:01:15.133 | Info | '/transaction/gettourdetails' | 
13:01:25.774 | Info | '/transaction/gettourdetails' | 
13:01:35.172 | Info | '/transaction/gettourdetails' | 
13:01:43.867 | Info | '/transaction/gettourdetails' | 
13:01:47.035 | Info | '/transaction/gettourdetails' | 
13:04:53.743 | Info | '/transaction/gettourdetails' | 
13:05:04.821 | Info | '/transaction/gettourdetails' | 
13:05:07.668 | Info | '/transaction/gettourdetails' | 
13:11:24.026 | Info | '/transaction/gettourdetails' | 
13:11:27.184 | Info | '/transaction/gettourdetails' | 
13:12:25.819 | Info | '/transaction/gettourdetails' | 
13:15:44.633 | Info | '/transaction/gettourbyuserid' | 
13:15:46.626 | Info | '/transaction/gettourdetails' | 
