01:34:15.568 | Info | '/transaction/myprofile' | 
01:34:20.302 | Info | '/transaction/gettourbyuserid' | 
01:34:22.515 | Info | '/transaction/gettourbyuserid' | 
01:34:25.162 | Info | '/transaction/gethotelshistory' | 
01:34:31.312 | Info | '/transaction/gettransportbyuserid' | 
01:34:32.567 | Info | '/transaction/gethotelshistory' | 
01:34:33.658 | Info | '/transaction/gettransportbyuserid' | 
01:34:37.765 | Info | '/transaction/gethotelshistory' | 
01:34:39.745 | Info | '/transaction/gettransportbyuserid' | 
01:34:43.394 | Info | '/transaction/gethotelshistory' | 
01:34:47.259 | Info | '/transaction/gettransportbyuserid' | 
01:34:49.239 | Info | '/transaction/gettransportbyuserid' | 
01:34:59.303 | Info | '/transaction/gettransportbyuserid' | 
01:35:12.591 | Info | '/transaction/gethotelshistory' | 
01:35:36.761 | Info | '/transaction/gethotelshistory' | 
01:37:53.728 | Info | '/transaction/myprofile' | 
01:37:57.443 | Info | '/transaction/myprofile' | 
01:38:02.590 | Info | '/transaction/myprofile' | 
01:38:02.641 | Info | '/transaction/gettour' | 
01:41:43.972 | Info | '/transaction/gettour' | 
01:41:45.877 | Info | '/transaction/gettour' | 
01:41:59.894 | Info | '/transaction/gettour' | 
01:44:21.909 | Info | '/transaction/gettour' | 
01:44:28.887 | Info | '/transaction/gettour' | 
01:44:36.863 | Info | '/transaction/gettour' | 
01:44:41.946 | Info | '/transaction/gettour' | 
01:46:15.886 | Info | '/transaction/myprofile' | 
01:46:15.908 | Info | '/transaction/gettour' | 
01:46:17.874 | Info | '/transaction/gettour' | 
01:46:33.686 | Info | '/transaction/myprofile' | 
01:46:33.718 | Info | '/transaction/gettour' | 
01:46:52.947 | Info | '/transaction/gettour' | 
01:46:57.884 | Info | '/transaction/gettour' | 
01:47:25.888 | Info | '/transaction/gettour' | 
01:50:40.892 | Info | '/transaction/gettour' | 
01:51:47.879 | Info | '/transaction/gettour' | 
01:51:55.910 | Info | '/transaction/gettour' | 
01:52:04.895 | Info | '/transaction/gettour' | 
01:52:08.874 | Info | '/transaction/gettour' | 
01:52:17.880 | Info | '/transaction/gettour' | 
01:52:46.885 | Info | '/transaction/gettour' | 
01:53:10.875 | Info | '/transaction/gettour' | 
01:53:17.875 | Info | '/transaction/gettour' | 
01:53:29.863 | Info | '/transaction/gettour' | 
01:53:31.860 | Info | '/transaction/gettour' | 
01:53:49.985 | Info | '/transaction/myprofile' | 
01:53:50.013 | Info | '/transaction/gettour' | 
01:55:43.128 | Info | '/transaction/myprofile' | 
01:55:43.155 | Info | '/transaction/gettourdetails' | 
01:55:45.377 | Info | '/transaction/myprofile' | 
01:55:45.409 | Info | '/transaction/gettourdetails' | 
01:56:02.187 | Info | '/transaction/createcustomer' | 
01:56:04.564 | Info | '/transaction/myprofile' | 
01:57:19.142 | Info | '/transaction/myprofile' | 
01:57:19.167 | Info | '/transaction/gettourdetails' | 
01:57:19.909 | Info | '/transaction/createcustomer' | 
01:57:20.320 | Info | '/transaction/myprofile' | 
01:57:20.343 | Info | '/transaction/gettourdetails' | 
01:57:46.382 | Info | '/transaction/myprofile' | 
01:59:21.990 | Info | '/transaction/myprofile' | 
01:59:23.174 | Info | '/transaction/myprofile' | 
01:59:23.202 | Info | '/transaction/gettour' | 
01:59:36.191 | Info | '/transaction/gettour' | 
01:59:37.436 | Info | '/transaction/gettour' | 
01:59:37.911 | Info | '/transaction/gettour' | 
02:00:31.901 | Info | '/transaction/gettour' | 
02:00:38.892 | Info | '/transaction/gettour' | 
02:00:49.875 | Info | '/transaction/gettour' | 
02:00:56.869 | Info | '/transaction/gettour' | 
02:01:05.929 | Info | '/transaction/gettour' | 
02:01:07.872 | Info | '/transaction/gettour' | 
02:01:17.058 | Info | '/transaction/gettour' | 
02:01:19.881 | Info | '/transaction/gettour' | 
02:01:26.889 | Info | '/transaction/gettour' | 
02:04:54.165 | Info | '/transaction/myprofile' | 
02:04:54.212 | Info | '/transaction/gettour' | 
02:05:43.896 | Info | '/transaction/gettour' | 
02:05:52.923 | Info | '/transaction/gettour' | 
02:05:56.860 | Info | '/transaction/gettour' | 
02:06:21.847 | Info | '/transaction/gettour' | 
02:06:25.063 | Info | '/transaction/gettour' | 
02:06:29.895 | Info | '/transaction/gettour' | 
02:06:32.863 | Info | '/transaction/gettour' | 
02:06:37.815 | Info | '/transaction/myprofile' | 
02:06:37.855 | Info | '/transaction/gettour' | 
02:18:43.098 | Info | '/transaction/myprofile' | 
02:18:43.161 | Info | '/transaction/myprofile' | 
02:18:43.217 | Info | '/transaction/gettour' | 
02:19:53.890 | Info | '/transaction/gettour' | 
02:19:59.861 | Info | '/transaction/gettour' | 
03:55:58.766 | Info | '/transaction/myprofile' | 
05:50:57.223 | Info | '/transaction/myprofile' | 
05:54:35.365 | Info | '/transaction/myprofile' | 
05:54:35.443 | Info | '/transaction/gettour' | 
05:54:53.921 | Info | '/transaction/myprofile' | 
05:54:54.029 | Info | '/transaction/gettour' | 
06:01:28.018 | Info | '/transaction/gettour' | 
06:03:42.160 | Info | '/transaction/gettour' | 
06:17:35.863 | Info | '/transaction/myprofile' | 
06:19:04.387 | Info | '/transaction/myprofile' | 
06:19:04.439 | Info | '/transaction/gettour' | 
06:19:04.871 | Info | '/transaction/myprofile' | 
06:19:04.901 | Info | '/transaction/gettour' | 
06:20:38.888 | Info | '/transaction/gettour' | 
06:20:57.630 | Info | '/transaction/myprofile' | 
06:20:57.708 | Info | '/transaction/gettour' | 
06:21:29.908 | Info | '/transaction/gettour' | 
06:21:37.914 | Info | '/transaction/gettour' | 
06:21:47.884 | Info | '/transaction/gettour' | 
06:21:52.913 | Info | '/transaction/gettour' | 
06:21:55.197 | Info | '/transaction/myprofile' | 
06:21:55.225 | Info | '/transaction/gettour' | 
06:25:47.627 | Info | '/transaction/myprofile' | 
06:25:47.658 | Info | '/transaction/gettour' | 
06:26:04.945 | Info | '/transaction/gettour' | 
06:26:10.032 | Info | '/transaction/gettour' | 
06:26:22.649 | Info | '/transaction/gettour' | 
06:26:44.298 | Info | '/transaction/myprofile' | 
06:28:29.907 | Info | '/transaction/gettour' | 
06:28:39.588 | Info | '/transaction/myprofile' | 
06:28:39.650 | Info | '/transaction/gettour' | 
06:29:03.931 | Info | '/transaction/myprofile' | 
06:29:03.970 | Info | '/transaction/gettour' | 
06:29:32.312 | Info | '/transaction/gettour' | 
06:29:33.795 | Info | '/transaction/myprofile' | 
06:29:33.837 | Info | '/transaction/gettour' | 
06:29:42.603 | Info | '/transaction/myprofile' | 
06:29:42.641 | Info | '/transaction/gettour' | 
06:30:09.401 | Info | '/transaction/myprofile' | 
06:30:09.446 | Info | '/transaction/gettour' | 
06:30:24.171 | Info | '/transaction/myprofile' | 
06:30:24.204 | Info | '/transaction/gettour' | 
06:30:58.869 | Info | '/transaction/myprofile' | 
06:30:58.905 | Info | '/transaction/gettour' | 
06:32:17.921 | Info | '/transaction/gettour' | 
06:32:28.884 | Info | '/transaction/gettour' | 
06:32:44.465 | Info | '/transaction/myprofile' | 
06:32:44.517 | Info | '/transaction/gettour' | 
06:36:18.793 | Info | '/transaction/myprofile' | 
06:36:18.922 | Info | '/transaction/gettour' | 
06:36:45.895 | Info | '/transaction/gettour' | 
06:36:46.486 | Info | '/transaction/gettour' | 
06:36:48.365 | Info | '/transaction/myprofile' | 
06:36:48.419 | Info | '/transaction/gettour' | 
06:37:02.734 | Info | '/transaction/myprofile' | 
06:37:02.787 | Info | '/transaction/gettour' | 
06:37:26.956 | Info | '/transaction/gettour' | 
06:37:30.962 | Info | '/transaction/myprofile' | 
06:37:31.015 | Info | '/transaction/gettour' | 
06:37:40.433 | Info | '/transaction/myprofile' | 
06:37:40.485 | Info | '/transaction/gettour' | 
06:37:53.992 | Info | '/transaction/myprofile' | 
06:37:54.025 | Info | '/transaction/gettour' | 
06:39:59.968 | Info | '/transaction/gettour' | 
06:40:06.817 | Info | '/transaction/myprofile' | 
06:40:06.850 | Info | '/transaction/gettour' | 
06:40:21.976 | Info | '/transaction/gettour' | 
06:44:19.935 | Info | '/transaction/myprofile' | 
06:44:19.958 | Info | '/transaction/gettour' | 
06:45:14.906 | Info | '/transaction/gettour' | 
06:45:19.386 | Info | '/transaction/myprofile' | 
06:45:19.410 | Info | '/transaction/gettour' | 
06:45:45.898 | Info | '/transaction/gettour' | 
06:46:01.206 | Info | '/transaction/myprofile' | 
06:46:01.238 | Info | '/transaction/gettour' | 
06:47:12.915 | Info | '/transaction/gettour' | 
06:47:25.337 | Info | '/transaction/myprofile' | 
06:47:25.363 | Info | '/transaction/gettour' | 
06:49:43.531 | Info | '/transaction/gettour' | 
06:50:02.878 | Info | '/transaction/gettour' | 
06:50:05.848 | Info | '/transaction/gettour' | 
06:50:11.864 | Info | '/transaction/gettour' | 
06:50:46.705 | Info | '/transaction/gettour' | 
06:50:59.015 | Info | '/transaction/gettour' | 
06:51:09.301 | Info | '/transaction/gettour' | 
06:51:21.333 | Info | '/transaction/gettour' | 
06:51:41.986 | Info | '/transaction/gettour' | 
06:51:45.473 | Info | '/transaction/gettour' | 
06:51:48.026 | Info | '/transaction/gettour' | 
06:51:50.440 | Info | '/transaction/myprofile' | 
06:51:50.474 | Info | '/transaction/gettour' | 
06:52:01.661 | Info | '/transaction/myprofile' | 
06:52:01.694 | Info | '/transaction/gettour' | 
06:52:48.345 | Info | '/transaction/myprofile' | 
06:52:48.361 | Info | '/transaction/gettour' | 
06:52:53.856 | Info | '/transaction/myprofile' | 
06:52:53.887 | Info | '/transaction/gettour' | 
06:55:38.050 | Info | '/transaction/gettour' | 
06:55:38.868 | Info | '/transaction/gettour' | 
06:55:52.859 | Info | '/transaction/gettour' | 
06:56:03.876 | Info | '/transaction/myprofile' | 
06:56:03.893 | Info | '/transaction/gettour' | 
06:56:18.875 | Info | '/transaction/gettour' | 
06:56:28.910 | Info | '/transaction/myprofile' | 
06:56:28.920 | Info | '/transaction/gettour' | 
06:56:36.842 | Info | '/transaction/gettour' | 
06:56:45.855 | Info | '/transaction/gettour' | 
06:56:55.860 | Info | '/transaction/gettour' | 
06:58:15.864 | Info | '/transaction/gettour' | 
07:01:12.863 | Info | '/transaction/gettour' | 
07:02:45.923 | Info | '/transaction/gettour' | 
07:02:46.853 | Info | '/transaction/gettour' | 
07:03:10.907 | Info | '/transaction/gettour' | 
07:03:55.854 | Info | '/transaction/gettour' | 
07:04:22.844 | Info | '/transaction/gettour' | 
07:04:25.840 | Info | '/transaction/gettour' | 
07:04:27.867 | Info | '/transaction/gettour' | 
07:04:35.848 | Info | '/transaction/gettour' | 
07:04:41.918 | Info | '/transaction/myprofile' | 
07:04:41.943 | Info | '/transaction/gettour' | 
07:05:16.905 | Info | '/transaction/gettour' | 
07:05:19.958 | Info | '/transaction/gettour' | 
07:05:24.778 | Info | '/transaction/myprofile' | 
07:05:24.825 | Info | '/transaction/gettour' | 
07:06:14.880 | Info | '/transaction/gettour' | 
07:06:18.442 | Info | '/transaction/myprofile' | 
07:06:18.470 | Info | '/transaction/gettour' | 
