14:44:09.013 | Info | '/child/list' | 
14:44:26.695 | Info | '/donor/list' | 
14:44:28.516 | Info | '/donor/details' | 
14:44:47.384 | Info | '/donor/list' | 
14:44:47.738 | Info | '/child/list' | 
15:06:33.718 | Info | '/child/list' | 
15:06:34.383 | Info | '/donor/list' | 
15:06:36.904 | Info | '/donor/details' | 
15:06:38.502 | Info | '/donor/list' | 
15:06:40.893 | Info | '/child/list' | 
15:06:41.507 | Info | '/donor/list' | 
15:07:46.367 | Info | '/child/list' | 
15:07:47.925 | Info | '/donor/list' | 
15:07:50.182 | Info | '/child/list' | 
15:13:12.371 | Info | '/child/list' | 
15:13:20.093 | Info | '/child/list' | 
15:13:23.001 | Info | '/child/list' | 
15:13:23.596 | Info | '/donor/list' | 
15:13:24.665 | Info | '/child/list' | 
15:13:26.511 | Info | '/donor/list' | 
15:13:32.411 | Info | '/child/list' | 
15:13:34.203 | Info | '/donor/list' | 
15:13:37.367 | Info | '/child/list' | 
15:13:59.192 | Info | '/child/list' | 
15:14:37.312 | Info | '/donor/list' | 
15:14:53.396 | Info | '/child/list' | 
15:15:00.667 | Info | '/donor/list' | 
15:15:09.600 | Info | '/donor/list' | 
15:15:12.528 | Info | '/donor/details' | 
15:15:34.666 | Info | '/child/list' | 
15:15:38.822 | Info | '/child/list' | 
15:15:45.849 | Info | '/child/list' | 
15:15:54.478 | Info | '/donor/delink/child' | 
15:16:01.852 | Info | '/child/list' | 
15:16:04.222 | Info | '/donor/list' | 
15:16:05.797 | Info | '/donor/details' | 
15:16:07.984 | Info | '/child/list' | 
15:16:11.016 | Info | '/donor/link/child' | 
15:16:13.667 | Info | '/child/list' | 
15:16:16.778 | Info | '/donor/link/child' | 
