13:04:28.578 | Info | '/donor/link/list' | 
13:21:23.655 | Info | '/child/list' | 
13:21:32.648 | Info | '/child/list' | 
13:21:34.673 | Info | '/donor/link/list' | 
13:21:46.384 | Info | '/child/list' | 
13:21:50.949 | Info | '/child/list' | 
13:24:56.822 | Info | '/child/list' | 
13:25:55.066 | Info | '/child/list' | 
13:26:30.240 | Info | '/child/list' | 
13:29:43.793 | Info | '/child/list' | 
13:34:49.753 | Info | '/donor/newprofile' | 
13:42:29.700 | Info | '/child/list' | 
13:48:20.126 | Info | '/donor/newprofile' | 
13:48:52.018 | Info | '/child/list' | 
13:49:05.274 | Info | '/donor/newprofile' | 
13:49:15.079 | Info | '/child/list' | 
13:51:59.376 | Info | '/child/list' | 
14:30:13.943 | Info | '/donor/list' | 
14:30:40.617 | Info | '/donor/list' | 
14:32:32.989 | Info | '/donor/list' | 
14:33:02.812 | Info | '/donor/list' | 
14:33:15.716 | Info | '/donor/list' | 
14:33:32.501 | Info | '/donor/list' | 
14:33:35.423 | Info | '/donor/list' | 
14:33:37.926 | Info | '/donor/link/list' | 
14:33:44.951 | Info | '/donor/list' | 
14:33:48.168 | Info | '/donor/list' | 
14:33:52.221 | Info | '/donor/list' | 
14:33:55.324 | Info | '/donor/list' | 
14:33:58.369 | Info | '/donor/list' | 
14:34:00.317 | Info | '/donor/link/list' | 
14:39:32.898 | Info | '/donor/link/list' | 
14:43:47.766 | Info | '/donor/link/list' | 
14:44:32.778 | Info | '/donor/link/list' | 
14:45:05.402 | Info | '/donor/link/list' | 
15:01:37.892 | Info | '/donor/link/list' | 
15:03:32.175 | Info | '/donor/link/list' | 
15:07:39.030 | Info | '/donor/link/list' | 
15:07:57.577 | Info | '/donor/link/list' | 
15:08:01.142 | Info | '/child/list' | 
15:08:02.786 | Info | '/donor/link/child' | 
15:08:18.072 | Info | '/donor/link/list' | 
15:08:51.622 | Info | '/child/list' | 
15:20:26.587 | Info | '/donor/link/list' | 
15:20:26.822 | Info | '/donor/link/list' | 
15:20:58.248 | Info | '/donor/link/list' | 
15:20:58.261 | Info | '/donor/link/list' | 
15:21:12.088 | Info | '/donor/link/list' | 
15:21:12.100 | Info | '/donor/link/list' | 
15:21:57.382 | Info | '/donor/link/list' | 
15:21:57.742 | Info | '/donor/link/list' | 
15:22:11.433 | Info | '/donor/link/list' | 
15:22:11.438 | Info | '/donor/link/list' | 
15:22:49.006 | Info | '/donor/link/list' | 
15:22:51.207 | Info | '/donor/link/list' | 
15:22:51.217 | Info | '/donor/link/list' | 
15:23:06.298 | Info | '/donor/link/list' | 
15:23:06.295 | Info | '/donor/link/list' | 
15:23:14.903 | Info | '/donor/link/list' | 
15:23:14.921 | Info | '/donor/link/list' | 
15:24:29.193 | Info | '/donor/link/list' | 
15:24:29.203 | Info | '/donor/details' | 
15:24:37.965 | Info | '/donor/delink/child' | 
15:25:21.705 | Info | '/donor/link/list' | 
15:25:22.031 | Info | '/donor/details' | 
15:25:26.804 | Info | '/donor/link/list' | 
15:25:26.808 | Info | '/donor/details' | 
15:25:29.812 | Info | '/donor/delink/child' | 
15:28:30.632 | Info | '/donor/details' | 
15:28:33.757 | Info | '/donor/delink/child' | 
15:28:37.314 | Info | '/donor/details' | 
15:29:19.825 | Info | '/donor/details' | 
15:29:27.558 | Info | '/donor/delink/child' | 
15:30:58.677 | Info | '/donor/details' | 
15:33:43.965 | Info | '/donor/details' | 
15:33:48.273 | Info | '/donor/delink/child' | 
15:33:52.561 | Info | '/donor/details' | 
15:33:55.429 | Info | '/child/list' | 
15:33:58.898 | Info | '/donor/link/child' | 
15:34:35.405 | Info | '/donor/details' | 
15:35:45.915 | Info | '/donor/details' | 
15:38:30.859 | Info | '/donor/details' | 
15:43:44.193 | Info | '/donor/details' | 
15:46:33.630 | Info | '/donor/details' | 
15:48:37.231 | Info | '/donor/details' | 
15:49:28.107 | Info | '/donor/details' | 
15:50:38.241 | Info | '/donor/details' | 
15:56:44.159 | Info | '/child/list' | 
15:56:48.190 | Info | '/child/list' | 
15:56:54.511 | Info | '/child/list' | 
15:56:55.561 | Info | '/donor/list' | 
15:56:58.050 | Info | '/donor/details' | 
16:00:52.010 | Info | '/donor/details' | 
16:01:31.708 | Info | '/donor/details' | 
16:02:30.495 | Info | '/donor/details' | 
16:02:34.323 | Info | '/child/list' | 
16:02:38.197 | Info | '/donor/list' | 
16:02:39.235 | Info | '/donor/details' | 
16:04:10.441 | Info | '/donor/details' | 
16:04:37.643 | Info | '/donor/details' | 
16:05:12.755 | Info | '/donor/details' | 
16:05:28.015 | Info | '/donor/details' | 
16:06:07.947 | Info | '/child/list' | 
16:09:51.874 | Info | '/donor/details' | 
16:10:40.487 | Info | '/donor/details' | 
16:12:07.220 | Info | '/donor/details' | 
16:12:27.842 | Info | '/donor/details' | 
16:12:51.136 | Info | '/donor/details' | 
16:13:16.358 | Info | '/child/list' | 
16:13:16.943 | Info | '/donor/list' | 
16:13:33.496 | Info | '/donor/details' | 
16:14:03.772 | Info | '/donor/details' | 
16:14:21.675 | Info | '/child/list' | 
16:15:10.946 | Info | '/child/list' | 
16:15:36.008 | Info | '/child/list' | 
16:15:40.944 | Info | '/child/list' | 
16:15:46.199 | Info | '/child/list' | 
16:15:58.825 | Info | '/donor/list' | 
16:16:01.141 | Info | '/child/list' | 
16:17:23.726 | Info | '/child/list' | 
16:19:35.521 | Info | '/child/list' | 
16:19:36.947 | Info | '/donor/list' | 
16:19:44.270 | Info | '/donor/details' | 
16:20:10.702 | Info | '/child/list' | 
16:20:11.437 | Info | '/donor/list' | 
16:20:57.964 | Info | '/donor/list' | 
16:21:13.869 | Info | '/donor/list' | 
16:21:51.009 | Info | '/donor/list' | 
16:22:03.524 | Info | '/donor/list' | 
16:22:08.287 | Info | '/child/list' | 
16:22:38.528 | Info | '/child/list' | 
16:22:45.328 | Info | '/donor/list' | 
16:22:46.766 | Info | '/child/list' | 
16:22:48.917 | Info | '/child/list' | 
16:23:46.493 | Info | '/child/list' | 
16:25:07.705 | Info | '/child/list' | 
16:25:11.404 | Info | '/child/list' | 
16:30:16.260 | Info | '/child/list' | 
16:30:16.876 | Info | '/donor/list' | 
16:30:24.001 | Info | '/donor/list' | 
16:30:31.745 | Info | '/donor/list' | 
16:35:42.700 | Info | '/donor/details' | 
16:35:51.455 | Info | '/donor/list' | 
16:35:54.473 | Info | '/donor/details' | 
16:36:38.447 | Info | '/donor/details' | 
16:37:19.577 | Info | '/donor/details' | 
16:37:57.766 | Info | '/donor/details' | 
16:38:38.339 | Info | '/donor/details' | 
16:39:47.448 | Info | '/donor/details' | 
16:39:49.688 | Info | '/donor/list' | 
16:39:51.506 | Info | '/donor/details' | 
16:39:53.341 | Info | '/donor/list' | 
16:39:54.952 | Info | '/donor/details' | 
16:40:22.643 | Info | '/donor/list' | 
16:40:24.250 | Info | '/donor/details' | 
16:40:33.715 | Info | '/child/list' | 
16:40:36.999 | Info | '/donor/delink/child' | 
16:40:42.294 | Info | '/child/list' | 
16:40:46.138 | Info | '/donor/delink/child' | 
16:40:47.632 | Info | '/donor/delink/child' | 
16:40:48.642 | Info | '/donor/delink/child' | 
16:40:49.645 | Info | '/donor/delink/child' | 
16:40:53.757 | Info | '/donor/list' | 
16:40:56.565 | Info | '/donor/details' | 
16:41:33.694 | Info | '/donor/details' | 
16:41:48.019 | Info | '/donor/list' | 
16:41:52.247 | Info | '/donor/details' | 
16:41:54.861 | Info | '/child/list' | 
16:43:48.578 | Info | '/donor/list' | 
16:43:51.346 | Info | '/donor/details' | 
16:44:01.010 | Info | '/donor/list' | 
16:44:03.209 | Info | '/donor/details' | 
16:44:10.284 | Info | '/child/list' | 
16:44:17.000 | Info | '/child/list' | 
16:45:15.866 | Info | '/child/list' | 
16:45:20.403 | Info | '/donor/list' | 
16:45:22.759 | Info | '/donor/details' | 
16:46:13.513 | Info | '/donor/details' | 
16:46:51.836 | Info | '/donor/details' | 
16:47:02.240 | Info | '/donor/details' | 
16:47:21.626 | Info | '/donor/details' | 
16:49:47.638 | Info | '/donor/details' | 
16:50:13.902 | Info | '/donor/details' | 
16:50:33.172 | Info | '/donor/details' | 
16:50:49.610 | Info | '/donor/details' | 
16:51:46.775 | Info | '/donor/details' | 
16:52:06.785 | Info | '/donor/details' | 
16:52:59.820 | Info | '/donor/details' | 
16:54:31.253 | Info | '/donor/details' | 
16:56:15.934 | Info | '/donor/details' | 
16:56:25.687 | Info | '/child/list' | 
16:56:27.506 | Info | '/donor/link/child' | 
16:56:34.497 | Info | '/donor/details' | 
16:57:45.181 | Info | '/donor/list' | 
16:57:48.093 | Info | '/donor/details' | 
16:58:46.794 | Info | '/child/list' | 
16:59:25.192 | Info | '/donor/list' | 
16:59:27.717 | Info | '/child/list' | 
16:59:35.602 | Info | '/child/list' | 
16:59:36.014 | Info | '/donor/list' | 
16:59:38.646 | Info | '/child/list' | 
17:04:30.303 | Info | '/donor/list' | 
17:04:33.374 | Info | '/donor/details' | 
17:05:57.762 | Info | '/donor/details' | 
17:05:59.587 | Info | '/donor/list' | 
17:06:11.060 | Info | '/child/list' | 
17:06:25.968 | Info | '/child/list' | 
17:06:30.697 | Info | '/child/list' | 
17:06:36.404 | Info | '/donor/list' | 
17:06:38.401 | Info | '/donor/details' | 
17:30:49.820 | Info | '/child/list' | 
