10:35:44.269 | Info | '/transaction/getuserpermissions' | 
10:35:44.473 | Info | '/transaction/getarea' | 
10:35:44.527 | Info | '/transaction/getdonationtypes' | 
10:35:44.528 | Info | '/transaction/getdonationmethods' | 
10:35:44.560 | Info | '/transaction/getuserpermissions' | 
10:35:44.580 | Info | '/transaction/getarea' | 
10:35:44.673 | Info | '/transaction/getdonationtypes' | 
10:35:44.674 | Info | '/transaction/getdonationmethods' | 
11:47:36.124 | Info | '/api/user/login' | 
11:47:36.777 | Info | '/api/user/login' | 
11:47:37.629 | Info | '/transaction/getuserpermissions' | 
11:47:37.634 | Info | '/transaction/getuserpermissions' | 
11:48:05.734 | Info | '/transaction/getdonationmethods' | 
11:48:05.739 | Info | '/transaction/getdonationmethods' | 
11:48:06.959 | Info | '/transaction/getdonationtypes' | 
11:48:06.962 | Info | '/transaction/getdonationtypes' | 
11:48:14.303 | Info | '/transaction/getdonationmethods' | 
11:48:14.307 | Info | '/transaction/getdonationmethods' | 
11:48:15.360 | Info | '/transaction/getdonationtypes' | 
11:48:15.505 | Info | '/transaction/getdonationtypes' | 
11:48:29.718 | Info | '/transaction/getarea' | 
11:48:29.720 | Info | '/transaction/getdonationtypes' | 
11:48:29.721 | Info | '/transaction/getdonationmethods' | 
11:48:29.726 | Info | '/transaction/getarea' | 
11:48:29.732 | Info | '/transaction/getdonationtypes' | 
11:48:29.734 | Info | '/transaction/getdonationmethods' | 
12:11:09.461 | Info | '/transaction/getuserpermissions' | 
12:11:10.572 | Info | '/transaction/getdonationtypes' | 
12:11:11.435 | Info | '/transaction/getarea' | 
12:11:11.469 | Info | '/transaction/getdonationmethods' | 
12:11:11.576 | Info | '/transaction/getuserpermissions' | 
12:11:11.581 | Info | '/transaction/getdonationtypes' | 
12:11:11.583 | Info | '/transaction/getarea' | 
12:11:11.586 | Info | '/transaction/getdonationmethods' | 
12:12:19.305 | Info | '/transaction/getuserpermissions' | 
12:12:19.316 | Info | '/transaction/getarea' | 
12:12:19.318 | Info | '/transaction/getdonationtypes' | 
12:12:19.322 | Info | '/transaction/getuserpermissions' | 
12:12:19.324 | Info | '/transaction/getdonationmethods' | 
12:12:19.331 | Info | '/transaction/getarea' | 
12:12:19.335 | Info | '/transaction/getdonationtypes' | 
12:12:19.337 | Info | '/transaction/getdonationmethods' | 
12:12:30.029 | Info | '/transaction/getuserpermissions' | 
12:12:30.036 | Info | '/transaction/getarea' | 
12:12:30.038 | Info | '/transaction/getuserpermissions' | 
12:12:30.043 | Info | '/transaction/getdonationtypes' | 
12:12:30.045 | Info | '/transaction/getdonationmethods' | 
12:12:30.049 | Info | '/transaction/getarea' | 
12:12:30.061 | Info | '/transaction/getdonationtypes' | 
12:12:30.063 | Info | '/transaction/getdonationmethods' | 
12:12:40.037 | Info | '/transaction/getuserpermissions' | 
12:12:40.039 | Info | '/transaction/getarea' | 
12:12:40.041 | Info | '/transaction/getdonationtypes' | 
12:12:40.043 | Info | '/transaction/getdonationmethods' | 
12:12:40.050 | Info | '/transaction/getuserpermissions' | 
12:12:40.052 | Info | '/transaction/getarea' | 
12:12:40.054 | Info | '/transaction/getdonationtypes' | 
12:12:40.058 | Info | '/transaction/getdonationmethods' | 
12:12:54.075 | Info | '/transaction/getuserpermissions' | 
12:12:54.080 | Info | '/transaction/getuserpermissions' | 
12:12:54.087 | Info | '/transaction/getarea' | 
12:12:54.096 | Info | '/transaction/getdonationtypes' | 
12:12:54.100 | Info | '/transaction/getarea' | 
12:12:54.105 | Info | '/transaction/getdonationmethods' | 
12:12:54.112 | Info | '/transaction/getdonationtypes' | 
12:12:54.121 | Info | '/transaction/getdonationmethods' | 
12:13:01.037 | Info | '/transaction/getuserpermissions' | 
12:13:01.044 | Info | '/transaction/getuserpermissions' | 
12:13:01.047 | Info | '/transaction/getarea' | 
12:13:01.067 | Info | '/transaction/getdonationtypes' | 
12:13:01.069 | Info | '/transaction/getdonationmethods' | 
12:13:01.072 | Info | '/transaction/getarea' | 
12:13:01.083 | Info | '/transaction/getdonationtypes' | 
12:13:01.085 | Info | '/transaction/getdonationmethods' | 
12:13:26.922 | Info | '/transaction/getuserpermissions' | 
12:13:26.987 | Info | '/transaction/getarea' | 
12:13:26.989 | Info | '/transaction/getdonationtypes' | 
12:13:26.992 | Info | '/transaction/getuserpermissions' | 
12:13:26.995 | Info | '/transaction/getdonationmethods' | 
12:13:27.056 | Info | '/transaction/getdonationmethods' | 
12:13:27.058 | Info | '/transaction/getarea' | 
12:13:27.059 | Info | '/transaction/getdonationtypes' | 
12:13:27.993 | Info | '/transaction/getuserpermissions' | 
12:13:27.998 | Info | '/transaction/getarea' | 
12:13:28.002 | Info | '/transaction/getuserpermissions' | 
12:13:28.008 | Info | '/transaction/getdonationtypes' | 
12:13:28.010 | Info | '/transaction/getdonationmethods' | 
12:13:28.020 | Info | '/transaction/getarea' | 
12:13:28.025 | Info | '/transaction/getdonationtypes' | 
12:13:28.027 | Info | '/transaction/getdonationmethods' | 
12:14:52.956 | Info | '/transaction/getuserpermissions' | 
12:14:52.963 | Info | '/transaction/getuserpermissions' | 
12:14:52.972 | Info | '/transaction/getarea' | 
12:14:52.990 | Info | '/transaction/getdonationtypes' | 
12:14:53.007 | Info | '/transaction/getdonationmethods' | 
12:14:53.010 | Info | '/transaction/getarea' | 
12:14:53.020 | Info | '/transaction/getdonationtypes' | 
12:14:53.026 | Info | '/transaction/getdonationmethods' | 
12:15:17.336 | Info | '/transaction/getuserpermissions' | 
12:15:17.345 | Info | '/transaction/getarea' | 
12:15:17.349 | Info | '/transaction/getuserpermissions' | 
12:15:17.356 | Info | '/transaction/getdonationtypes' | 
12:15:17.358 | Info | '/transaction/getdonationmethods' | 
12:15:17.362 | Info | '/transaction/getarea' | 
12:15:17.370 | Info | '/transaction/getdonationtypes' | 
12:15:17.372 | Info | '/transaction/getdonationmethods' | 
12:15:19.461 | Info | '/transaction/getdonationmethods' | 
12:15:19.465 | Info | '/transaction/getdonationmethods' | 
12:15:27.760 | Info | '/transaction/getdonationmethods' | 
12:15:27.764 | Info | '/transaction/getdonationmethods' | 
12:15:28.505 | Info | '/transaction/getdonationmethods' | 
12:15:28.513 | Info | '/transaction/getdonationmethods' | 
12:16:19.803 | Info | '/transaction/getuserpermissions' | 
12:16:19.819 | Info | '/transaction/getuserpermissions' | 
12:16:21.081 | Info | '/transaction/getuserpermissions' | 
12:16:21.087 | Info | '/transaction/getuserpermissions' | 
12:16:26.183 | Info | '/transaction/getdonationmethods' | 
12:16:26.187 | Info | '/transaction/getdonationmethods' | 
12:16:27.912 | Info | '/transaction/getdonationmethods' | 
12:16:27.915 | Info | '/transaction/getdonationmethods' | 
12:16:46.511 | Info | '/transaction/getuserpermissions' | 
12:16:46.516 | Info | '/transaction/getuserpermissions' | 
12:17:04.057 | Info | '/transaction/getuserpermissions' | 
12:17:04.063 | Info | '/transaction/getuserpermissions' | 
12:17:10.416 | Info | '/transaction/createdonationpurpose' | 
12:17:15.140 | Info | '/transaction/getuserpermissions' | 
12:17:15.145 | Info | '/transaction/getuserpermissions' | 
12:18:12.692 | Info | '/transaction/getuserpermissions' | 
12:18:13.440 | Info | '/transaction/getuserpermissions' | 
12:18:41.640 | Info | '/transaction/getdonationpurpose' | 
12:18:44.333 | Info | '/transaction/getuserpermissions' | 
12:18:44.339 | Info | '/transaction/getuserpermissions' | 
12:18:44.776 | Info | '/transaction/getdonationpurpose' | 
12:19:04.781 | Info | '/transaction/getdonationpurpose' | 
12:19:29.395 | Info | '/transaction/getuserpermissions' | 
12:19:30.141 | Info | '/transaction/getuserpermissions' | 
12:19:30.321 | Info | '/transaction/getdonationpurpose' | 
12:19:30.400 | Info | '/transaction/getdonationpurpose' | 
12:19:50.814 | Info | '/transaction/getuserpermissions' | 
12:19:50.820 | Info | '/transaction/getuserpermissions' | 
12:19:50.951 | Info | '/transaction/getdonationpurpose' | 
12:19:50.955 | Info | '/transaction/getdonationpurpose' | 
12:20:46.165 | Info | '/transaction/getdonationpurpose' | 
12:20:46.172 | Info | '/transaction/getdonationpurpose' | 
12:20:46.178 | Info | '/transaction/getdonationpurpose' | 
12:20:46.186 | Info | '/transaction/getdonationpurpose' | 
12:20:50.698 | Info | '/transaction/getuserpermissions' | 
12:20:50.707 | Info | '/transaction/getuserpermissions' | 
12:20:50.921 | Info | '/transaction/getdonationpurpose' | 
12:20:50.926 | Info | '/transaction/getdonationpurpose' | 
12:20:56.287 | Info | '/transaction/createdonationpurpose' | 
12:21:05.350 | Info | '/transaction/getuserpermissions' | 
12:21:05.356 | Info | '/transaction/getuserpermissions' | 
12:21:05.509 | Info | '/transaction/getdonationpurpose' | 
12:21:05.515 | Info | '/transaction/getdonationpurpose' | 
12:21:18.297 | Info | '/transaction/getdonationpurpose' | 
12:21:18.309 | Info | '/transaction/getdonationpurpose' | 
12:21:18.317 | Info | '/transaction/getdonationpurpose' | 
12:21:18.334 | Info | '/transaction/getdonationpurpose' | 
12:21:19.792 | Info | '/transaction/getuserpermissions' | 
12:21:19.797 | Info | '/transaction/getuserpermissions' | 
12:21:20.042 | Info | '/transaction/getdonationpurpose' | 
12:21:20.050 | Info | '/transaction/getdonationpurpose' | 
12:21:39.347 | Info | '/transaction/createdonationpurpose' | 
12:21:39.590 | Info | '/transaction/getdonationpurpose' | 
12:23:31.886 | Info | '/transaction/getuserpermissions' | 
12:23:31.890 | Info | '/transaction/getuserpermissions' | 
12:23:32.022 | Info | '/transaction/getdonationpurpose' | 
12:23:32.027 | Info | '/transaction/getdonationpurpose' | 
12:23:33.913 | Info | '/transaction/getarea' | 
12:23:33.919 | Info | '/transaction/getdonationtypes' | 
12:23:33.924 | Info | '/transaction/getdonationmethods' | 
12:23:33.939 | Info | '/transaction/getdonationtypes' | 
12:23:33.951 | Info | '/transaction/getdonationmethods' | 
12:23:33.954 | Info | '/transaction/getarea' | 
12:29:42.057 | Info | '/transaction/getarea' | 
12:29:42.060 | Info | '/transaction/getdonationtypes' | 
12:29:42.063 | Info | '/transaction/getdonationmethods' | 
12:29:42.072 | Info | '/transaction/getarea' | 
12:29:42.076 | Info | '/transaction/getdonationtypes' | 
12:29:42.083 | Info | '/transaction/getdonationmethods' | 
12:30:14.000 | Info | '/transaction/getarea' | 
12:30:14.005 | Info | '/transaction/getdonationtypes' | 
12:30:14.007 | Info | '/transaction/getdonationmethods' | 
12:30:14.009 | Info | '/transaction/getarea' | 
12:30:14.014 | Info | '/transaction/getdonationtypes' | 
12:30:14.016 | Info | '/transaction/getdonationmethods' | 
12:30:27.946 | Info | '/transaction/getarea' | 
12:30:27.951 | Info | '/transaction/getdonationtypes' | 
12:30:27.954 | Info | '/transaction/getarea' | 
12:30:27.957 | Info | '/transaction/getdonationmethods' | 
12:30:27.960 | Info | '/transaction/getdonationtypes' | 
12:30:27.965 | Info | '/transaction/getdonationmethods' | 
12:30:38.976 | Info | '/transaction/getarea' | 
12:30:38.980 | Info | '/transaction/getdonationtypes' | 
12:30:38.983 | Info | '/transaction/getdonationmethods' | 
12:30:38.994 | Info | '/transaction/getarea' | 
12:30:38.996 | Info | '/transaction/getdonationtypes' | 
12:30:38.998 | Info | '/transaction/getdonationmethods' | 
12:30:39.000 | Info | '/transaction/getdonationpurpose' | 
12:30:39.006 | Info | '/transaction/getdonationpurpose' | 
12:31:31.955 | Info | '/transaction/getarea' | 
12:31:31.960 | Info | '/transaction/getdonationtypes' | 
12:31:31.962 | Info | '/transaction/getdonationmethods' | 
12:31:31.970 | Info | '/transaction/getarea' | 
12:31:31.972 | Info | '/transaction/getdonationpurpose' | 
12:31:31.974 | Info | '/transaction/getdonationtypes' | 
12:31:31.985 | Info | '/transaction/getdonationmethods' | 
12:31:31.987 | Info | '/transaction/getdonationpurpose' | 
12:31:32.953 | Info | '/transaction/getarea' | 
12:31:32.955 | Info | '/transaction/getdonationtypes' | 
12:31:32.959 | Info | '/transaction/getdonationmethods' | 
12:31:32.961 | Info | '/transaction/getdonationpurpose' | 
12:31:32.964 | Info | '/transaction/getarea' | 
12:31:32.973 | Info | '/transaction/getdonationtypes' | 
12:31:32.978 | Info | '/transaction/getdonationmethods' | 
12:31:32.980 | Info | '/transaction/getdonationpurpose' | 
12:31:40.975 | Info | '/transaction/getarea' | 
12:31:40.977 | Info | '/transaction/getdonationtypes' | 
12:31:40.980 | Info | '/transaction/getdonationmethods' | 
12:31:40.985 | Info | '/transaction/getdonationpurpose' | 
12:31:40.987 | Info | '/transaction/getarea' | 
12:31:40.989 | Info | '/transaction/getdonationtypes' | 
12:31:41.003 | Info | '/transaction/getdonationmethods' | 
12:31:41.004 | Info | '/transaction/getdonationpurpose' | 
12:32:15.986 | Info | '/transaction/getarea' | 
12:32:15.994 | Info | '/transaction/getdonationtypes' | 
12:32:16.011 | Info | '/transaction/getdonationmethods' | 
12:32:16.023 | Info | '/transaction/getdonationpurpose' | 
12:32:16.025 | Info | '/transaction/getarea' | 
12:32:16.035 | Info | '/transaction/getdonationtypes' | 
12:32:16.054 | Info | '/transaction/getdonationmethods' | 
12:32:16.062 | Info | '/transaction/getdonationpurpose' | 
12:32:37.225 | Info | '/transaction/getarea' | 
12:32:37.238 | Info | '/transaction/getdonationtypes' | 
12:32:37.270 | Info | '/transaction/getdonationmethods' | 
12:32:37.283 | Info | '/transaction/getdonationpurpose' | 
12:32:37.294 | Info | '/transaction/getarea' | 
12:32:37.296 | Info | '/transaction/getdonationtypes' | 
12:32:37.299 | Info | '/transaction/getdonationmethods' | 
12:32:37.305 | Info | '/transaction/getdonationpurpose' | 
12:32:47.978 | Info | '/transaction/getarea' | 
12:32:47.988 | Info | '/transaction/getdonationtypes' | 
12:32:47.993 | Info | '/transaction/getdonationmethods' | 
12:32:47.995 | Info | '/transaction/getdonationpurpose' | 
12:32:47.997 | Info | '/transaction/getdonationtypes' | 
12:32:48.000 | Info | '/transaction/getarea' | 
12:32:48.004 | Info | '/transaction/getdonationmethods' | 
12:32:48.015 | Info | '/transaction/getdonationpurpose' | 
12:32:53.991 | Info | '/transaction/getarea' | 
12:32:54.001 | Info | '/transaction/getdonationtypes' | 
12:32:54.016 | Info | '/transaction/getdonationmethods' | 
12:32:54.018 | Info | '/transaction/getarea' | 
12:32:54.021 | Info | '/transaction/getdonationtypes' | 
12:32:54.023 | Info | '/transaction/getdonationpurpose' | 
12:32:54.042 | Info | '/transaction/getdonationmethods' | 
12:32:54.049 | Info | '/transaction/getdonationpurpose' | 
12:32:56.162 | Info | '/transaction/getuserpermissions' | 
12:32:56.164 | Info | '/transaction/getarea' | 
12:32:56.169 | Info | '/transaction/getdonationtypes' | 
12:32:56.172 | Info | '/transaction/getdonationmethods' | 
12:32:56.191 | Info | '/transaction/getdonationmethods' | 
12:32:56.193 | Info | '/transaction/getuserpermissions' | 
12:32:56.196 | Info | '/transaction/getarea' | 
12:32:56.198 | Info | '/transaction/getdonationpurpose' | 
12:32:56.200 | Info | '/transaction/getdonationtypes' | 
12:32:56.230 | Info | '/transaction/getdonationpurpose' | 
12:33:31.031 | Info | '/transaction/getuserpermissions' | 
12:33:31.038 | Info | '/transaction/getuserpermissions' | 
12:33:31.060 | Info | '/transaction/getarea' | 
12:33:31.088 | Info | '/transaction/getarea' | 
12:33:31.096 | Info | '/transaction/getdonationtypes' | 
12:33:31.097 | Info | '/transaction/getdonationmethods' | 
12:33:31.101 | Info | '/transaction/getdonationpurpose' | 
12:33:31.120 | Info | '/transaction/getdonationtypes' | 
12:33:31.131 | Info | '/transaction/getdonationmethods' | 
12:33:31.136 | Info | '/transaction/getdonationpurpose' | 
12:34:36.530 | Info | '/transaction/getarea' | 
12:34:36.532 | Info | '/transaction/getdonationtypes' | 
12:34:36.594 | Info | '/transaction/getarea' | 
12:34:36.596 | Info | '/transaction/getdonationtypes' | 
12:34:36.636 | Info | '/transaction/getdonationpurpose' | 
12:34:36.634 | Info | '/transaction/getdonationmethods' | 
12:34:36.643 | Info | '/transaction/getdonationmethods' | 
12:34:36.678 | Info | '/transaction/getdonationpurpose' | 
12:34:38.029 | Info | '/transaction/getuserpermissions' | 
12:34:38.031 | Info | '/transaction/getarea' | 
12:34:38.040 | Info | '/transaction/getdonationtypes' | 
12:34:38.045 | Info | '/transaction/getdonationmethods' | 
12:34:38.047 | Info | '/transaction/getdonationpurpose' | 
12:34:38.049 | Info | '/transaction/getuserpermissions' | 
12:34:38.052 | Info | '/transaction/getarea' | 
12:34:38.056 | Info | '/transaction/getdonationtypes' | 
12:34:38.058 | Info | '/transaction/getdonationmethods' | 
12:34:38.060 | Info | '/transaction/getdonationpurpose' | 
12:35:53.991 | Info | '/transaction/getarea' | 
12:35:53.994 | Info | '/transaction/getdonationtypes' | 
12:35:53.998 | Info | '/transaction/getdonationmethods' | 
12:35:53.999 | Info | '/transaction/getdonationpurpose' | 
12:35:54.002 | Info | '/transaction/getarea' | 
12:35:54.007 | Info | '/transaction/getdonationtypes' | 
12:35:54.018 | Info | '/transaction/getdonationmethods' | 
12:35:54.020 | Info | '/transaction/getdonationpurpose' | 
12:35:55.844 | Info | '/transaction/getarea' | 
12:35:55.846 | Info | '/transaction/getuserpermissions' | 
12:35:55.848 | Info | '/transaction/getdonationtypes' | 
12:35:55.850 | Info | '/transaction/getdonationmethods' | 
12:35:55.855 | Info | '/transaction/getdonationpurpose' | 
12:35:55.858 | Info | '/transaction/getarea' | 
12:35:55.862 | Info | '/transaction/getdonationtypes' | 
12:35:55.865 | Info | '/transaction/getuserpermissions' | 
12:35:55.867 | Info | '/transaction/getdonationmethods' | 
12:35:55.873 | Info | '/transaction/getdonationpurpose' | 
12:45:40.051 | Info | '/transaction/getarea' | 
12:45:40.052 | Info | '/transaction/getdonationpurpose' | 
12:45:40.054 | Info | '/transaction/getdonationtypes' | 
12:45:40.053 | Info | '/transaction/getdonationmethods' | 
12:45:40.058 | Info | '/transaction/getarea' | 
12:45:40.060 | Info | '/transaction/getdonationpurpose' | 
12:45:40.062 | Info | '/transaction/getdonationmethods' | 
12:45:40.064 | Info | '/transaction/getdonationtypes' | 
12:45:57.958 | Info | '/transaction/getarea' | 
12:45:57.959 | Info | '/transaction/getdonationtypes' | 
12:45:57.961 | Info | '/transaction/getdonationmethods' | 
12:45:57.963 | Info | '/transaction/getdonationpurpose' | 
12:45:57.979 | Info | '/transaction/getarea' | 
12:45:57.981 | Info | '/transaction/getdonationtypes' | 
12:45:57.989 | Info | '/transaction/getdonationmethods' | 
12:45:57.991 | Info | '/transaction/getdonationpurpose' | 
12:46:19.007 | Info | '/transaction/getarea' | 
12:46:19.016 | Info | '/transaction/getdonationtypes' | 
12:46:19.022 | Info | '/transaction/getdonationmethods' | 
12:46:19.031 | Info | '/transaction/getdonationpurpose' | 
12:46:19.033 | Info | '/transaction/getarea' | 
12:46:19.046 | Info | '/transaction/getdonationtypes' | 
12:46:19.047 | Info | '/transaction/getdonationmethods' | 
12:46:19.050 | Info | '/transaction/getdonationpurpose' | 
12:46:56.959 | Info | '/transaction/getarea' | 
12:46:56.973 | Info | '/transaction/getarea' | 
12:46:56.975 | Info | '/transaction/getdonationtypes' | 
12:46:56.978 | Info | '/transaction/getdonationmethods' | 
12:46:56.980 | Info | '/transaction/getdonationpurpose' | 
12:46:56.983 | Info | '/transaction/getdonationtypes' | 
12:46:56.986 | Info | '/transaction/getdonationmethods' | 
12:46:56.990 | Info | '/transaction/getdonationpurpose' | 
12:47:35.037 | Info | '/transaction/getarea' | 
12:47:35.040 | Info | '/transaction/getdonationtypes' | 
12:47:35.041 | Info | '/transaction/getdonationmethods' | 
12:47:35.043 | Info | '/transaction/getdonationpurpose' | 
12:47:35.045 | Info | '/transaction/getarea' | 
12:47:35.049 | Info | '/transaction/getdonationtypes' | 
12:47:35.051 | Info | '/transaction/getdonationmethods' | 
12:47:35.053 | Info | '/transaction/getdonationpurpose' | 
12:47:39.986 | Info | '/transaction/getarea' | 
12:47:39.988 | Info | '/transaction/getdonationtypes' | 
12:47:39.989 | Info | '/transaction/getdonationmethods' | 
12:47:39.993 | Info | '/transaction/getdonationpurpose' | 
12:47:40.001 | Info | '/transaction/getarea' | 
12:47:40.002 | Info | '/transaction/getdonationtypes' | 
12:47:40.005 | Info | '/transaction/getdonationmethods' | 
12:47:40.010 | Info | '/transaction/getdonationpurpose' | 
12:48:14.987 | Info | '/transaction/getarea' | 
12:48:14.990 | Info | '/transaction/getdonationtypes' | 
12:48:14.991 | Info | '/transaction/getdonationmethods' | 
12:48:14.993 | Info | '/transaction/getdonationpurpose' | 
12:48:14.999 | Info | '/transaction/getarea' | 
12:48:15.002 | Info | '/transaction/getdonationtypes' | 
12:48:15.004 | Info | '/transaction/getdonationmethods' | 
12:48:15.007 | Info | '/transaction/getdonationpurpose' | 
12:48:21.979 | Info | '/transaction/getarea' | 
12:48:21.983 | Info | '/transaction/getdonationtypes' | 
12:48:21.991 | Info | '/transaction/getdonationmethods' | 
12:48:21.994 | Info | '/transaction/getdonationpurpose' | 
12:48:22.001 | Info | '/transaction/getarea' | 
12:48:22.003 | Info | '/transaction/getdonationtypes' | 
12:48:22.013 | Info | '/transaction/getdonationmethods' | 
12:48:22.015 | Info | '/transaction/getdonationpurpose' | 
12:48:26.737 | Info | '/transaction/getarea' | 
12:48:26.754 | Info | '/transaction/getdonationtypes' | 
12:48:26.759 | Info | '/transaction/getuserpermissions' | 
12:48:26.757 | Info | '/transaction/getarea' | 
12:48:26.761 | Info | '/transaction/getdonationpurpose' | 
12:48:26.762 | Info | '/transaction/getdonationmethods' | 
12:48:26.768 | Info | '/transaction/getdonationtypes' | 
12:48:26.771 | Info | '/transaction/getdonationpurpose' | 
12:48:26.769 | Info | '/transaction/getuserpermissions' | 
12:48:26.776 | Info | '/transaction/getdonationmethods' | 
12:49:02.976 | Info | '/transaction/getarea' | 
12:49:02.981 | Info | '/transaction/getdonationtypes' | 
12:49:02.983 | Info | '/transaction/getdonationmethods' | 
12:49:02.988 | Info | '/transaction/getdonationpurpose' | 
12:49:02.996 | Info | '/transaction/getarea' | 
12:49:03.003 | Info | '/transaction/getdonationtypes' | 
12:49:03.009 | Info | '/transaction/getdonationmethods' | 
12:49:03.011 | Info | '/transaction/getdonationpurpose' | 
12:49:17.494 | Info | '/transaction/getarea' | 
12:49:17.496 | Info | '/transaction/getdonationtypes' | 
12:49:17.498 | Info | '/transaction/getdonationmethods' | 
12:49:17.499 | Info | '/transaction/getdonationpurpose' | 
12:49:17.507 | Info | '/transaction/getarea' | 
12:49:17.511 | Info | '/transaction/getdonationmethods' | 
12:49:17.514 | Info | '/transaction/getdonationpurpose' | 
12:49:17.631 | Info | '/transaction/getdonationtypes' | 
12:49:18.912 | Info | '/transaction/getarea' | 
12:49:18.917 | Info | '/transaction/getdonationtypes' | 
12:49:18.920 | Info | '/transaction/getuserpermissions' | 
12:49:18.921 | Info | '/transaction/getdonationmethods' | 
12:49:18.923 | Info | '/transaction/getdonationpurpose' | 
12:49:18.926 | Info | '/transaction/getarea' | 
12:49:18.932 | Info | '/transaction/getdonationtypes' | 
12:49:18.935 | Info | '/transaction/getuserpermissions' | 
12:49:18.938 | Info | '/transaction/getdonationmethods' | 
12:49:18.940 | Info | '/transaction/getdonationpurpose' | 
12:50:23.005 | Info | '/transaction/getarea' | 
12:50:23.011 | Info | '/transaction/getdonationtypes' | 
12:50:23.012 | Info | '/transaction/getdonationmethods' | 
12:50:23.015 | Info | '/transaction/getarea' | 
12:50:23.017 | Info | '/transaction/getdonationpurpose' | 
12:50:23.020 | Info | '/transaction/getdonationtypes' | 
12:50:23.022 | Info | '/transaction/getdonationmethods' | 
12:50:23.334 | Info | '/transaction/getdonationpurpose' | 
12:50:41.951 | Info | '/transaction/getarea' | 
12:50:41.960 | Info | '/transaction/getdonationtypes' | 
12:50:41.962 | Info | '/transaction/getdonationmethods' | 
12:50:41.968 | Info | '/transaction/getdonationpurpose' | 
12:50:41.970 | Info | '/transaction/getarea' | 
12:50:41.980 | Info | '/transaction/getdonationtypes' | 
12:50:41.983 | Info | '/transaction/getdonationmethods' | 
12:50:41.985 | Info | '/transaction/getdonationpurpose' | 
12:51:22.955 | Info | '/transaction/getarea' | 
12:51:22.959 | Info | '/transaction/getdonationtypes' | 
12:51:22.961 | Info | '/transaction/getdonationmethods' | 
12:51:22.963 | Info | '/transaction/getdonationpurpose' | 
12:51:22.965 | Info | '/transaction/getarea' | 
12:51:22.968 | Info | '/transaction/getdonationtypes' | 
12:51:22.972 | Info | '/transaction/getdonationmethods' | 
12:51:22.975 | Info | '/transaction/getdonationpurpose' | 
12:51:36.987 | Info | '/transaction/getarea' | 
12:51:36.991 | Info | '/transaction/getdonationtypes' | 
12:51:37.008 | Info | '/transaction/getdonationmethods' | 
12:51:37.010 | Info | '/transaction/getdonationpurpose' | 
12:51:37.015 | Info | '/transaction/getarea' | 
12:51:37.023 | Info | '/transaction/getdonationtypes' | 
12:51:37.030 | Info | '/transaction/getdonationmethods' | 
12:51:37.033 | Info | '/transaction/getdonationpurpose' | 
12:51:57.967 | Info | '/transaction/getdonationtypes' | 
12:51:57.965 | Info | '/transaction/getarea' | 
12:51:57.970 | Info | '/transaction/getdonationmethods' | 
12:51:57.973 | Info | '/transaction/getdonationpurpose' | 
12:51:57.975 | Info | '/transaction/getarea' | 
12:51:57.978 | Info | '/transaction/getdonationtypes' | 
12:51:57.981 | Info | '/transaction/getdonationmethods' | 
12:51:57.982 | Info | '/transaction/getdonationpurpose' | 
12:52:02.416 | Info | '/transaction/getarea' | 
12:52:02.421 | Info | '/transaction/getuserpermissions' | 
12:52:02.425 | Info | '/transaction/getdonationtypes' | 
12:52:02.428 | Info | '/transaction/getdonationmethods' | 
12:52:02.431 | Info | '/transaction/getarea' | 
12:52:02.433 | Info | '/transaction/getuserpermissions' | 
12:52:02.435 | Info | '/transaction/getdonationpurpose' | 
12:52:02.438 | Info | '/transaction/getdonationtypes' | 
12:52:02.446 | Info | '/transaction/getdonationmethods' | 
12:52:02.449 | Info | '/transaction/getdonationpurpose' | 
13:06:10.182 | Info | '/transaction/getarea' | 
13:06:10.186 | Info | '/transaction/getdonationtypes' | 
13:06:10.202 | Info | '/transaction/getdonationmethods' | 
13:06:10.204 | Info | '/transaction/getdonationpurpose' | 
13:06:10.213 | Info | '/transaction/getarea' | 
13:06:10.221 | Info | '/transaction/getdonationtypes' | 
13:06:10.227 | Info | '/transaction/getdonationmethods' | 
13:06:10.231 | Info | '/transaction/getdonationpurpose' | 
13:06:14.477 | Info | '/transaction/getarea' | 
13:06:14.480 | Info | '/transaction/getdonationtypes' | 
13:06:14.493 | Info | '/transaction/getdonationmethods' | 
13:06:14.509 | Info | '/transaction/getdonationpurpose' | 
13:06:14.573 | Info | '/transaction/getarea' | 
13:06:14.588 | Info | '/transaction/getdonationtypes' | 
13:06:14.590 | Info | '/transaction/getdonationmethods' | 
13:06:14.593 | Info | '/transaction/getdonationpurpose' | 
13:06:15.962 | Info | '/transaction/getarea' | 
13:06:15.966 | Info | '/transaction/getdonationtypes' | 
13:06:15.968 | Info | '/transaction/getarea' | 
13:06:15.974 | Info | '/transaction/getdonationmethods' | 
13:06:15.976 | Info | '/transaction/getdonationtypes' | 
13:06:15.978 | Info | '/transaction/getdonationpurpose' | 
13:06:15.982 | Info | '/transaction/getdonationmethods' | 
13:06:15.985 | Info | '/transaction/getdonationpurpose' | 
13:13:21.925 | Info | '/transaction/getarea' | 
13:13:21.929 | Info | '/transaction/getdonationtypes' | 
13:13:21.931 | Info | '/transaction/getdonationmethods' | 
13:13:21.932 | Info | '/transaction/getdonationpurpose' | 
13:13:21.934 | Info | '/transaction/getarea' | 
13:13:21.938 | Info | '/transaction/getdonationtypes' | 
13:13:21.942 | Info | '/transaction/getdonationpurpose' | 
13:13:21.940 | Info | '/transaction/getdonationmethods' | 
13:14:12.038 | Info | '/transaction/getarea' | 
13:14:12.045 | Info | '/transaction/getdonationtypes' | 
13:14:12.055 | Info | '/transaction/getdonationmethods' | 
13:14:12.057 | Info | '/transaction/getdonationpurpose' | 
13:14:12.064 | Info | '/transaction/getarea' | 
13:14:12.073 | Info | '/transaction/getdonationtypes' | 
13:14:12.074 | Info | '/transaction/getdonationmethods' | 
13:14:12.079 | Info | '/transaction/getdonationpurpose' | 
13:16:00.095 | Info | '/transaction/getarea' | 
13:16:00.096 | Info | '/transaction/getdonationtypes' | 
13:16:00.098 | Info | '/transaction/getdonationmethods' | 
13:16:00.104 | Info | '/transaction/getarea' | 
13:16:00.111 | Info | '/transaction/getdonationpurpose' | 
13:16:00.121 | Info | '/transaction/getdonationtypes' | 
13:16:00.126 | Info | '/transaction/getdonationmethods' | 
13:16:00.132 | Info | '/transaction/getdonationpurpose' | 
13:16:05.727 | Info | '/transaction/getarea' | 
13:16:05.729 | Info | '/transaction/getdonationtypes' | 
13:16:05.731 | Info | '/transaction/getdonationmethods' | 
13:16:05.733 | Info | '/transaction/getdonationpurpose' | 
13:16:05.740 | Info | '/transaction/getdonationmethods' | 
13:16:05.742 | Info | '/transaction/getarea' | 
13:16:05.745 | Info | '/transaction/getdonationtypes' | 
13:16:05.747 | Info | '/transaction/getdonationpurpose' | 
13:16:05.761 | Info | '/transaction/getuserpermissions' | 
13:16:05.771 | Info | '/transaction/getuserpermissions' | 
13:16:25.988 | Info | '/transaction/getarea' | 
13:16:25.992 | Info | '/transaction/getdonationtypes' | 
13:16:26.008 | Info | '/transaction/getarea' | 
13:16:26.012 | Info | '/transaction/getdonationmethods' | 
13:16:26.015 | Info | '/transaction/getdonationpurpose' | 
13:16:26.016 | Info | '/transaction/getdonationtypes' | 
13:16:26.020 | Info | '/transaction/getdonationmethods' | 
13:16:26.027 | Info | '/transaction/getdonationpurpose' | 
13:16:48.988 | Info | '/transaction/getarea' | 
13:16:48.990 | Info | '/transaction/getdonationtypes' | 
13:16:48.991 | Info | '/transaction/getdonationmethods' | 
13:16:48.994 | Info | '/transaction/getdonationpurpose' | 
13:16:48.997 | Info | '/transaction/getarea' | 
13:16:49.001 | Info | '/transaction/getdonationtypes' | 
13:16:49.004 | Info | '/transaction/getdonationmethods' | 
13:16:49.017 | Info | '/transaction/getdonationpurpose' | 
13:20:07.504 | Info | '/transaction/getarea' | 
13:20:07.508 | Info | '/transaction/getarea' | 
13:20:07.928 | Info | '/transaction/getchannel' | 
13:20:07.963 | Info | '/transaction/getchannel' | 
13:20:08.289 | Info | '/transaction/getcenters' | 
13:20:08.311 | Info | '/transaction/getcenters' | 
13:20:08.574 | Info | '/transaction/getpermissions' | 
13:20:08.585 | Info | '/transaction/getuserroles' | 
13:20:08.594 | Info | '/transaction/getpermissions' | 
13:20:08.619 | Info | '/transaction/getuserroles' | 
13:20:08.949 | Info | '/transaction/getchannel' | 
13:20:08.952 | Info | '/transaction/getchannel' | 
13:20:09.296 | Info | '/transaction/getdonationtypes' | 
13:20:09.299 | Info | '/transaction/getdonationtypes' | 
13:20:10.426 | Info | '/transaction/getdonationmethods' | 
13:20:10.432 | Info | '/transaction/getdonationmethods' | 
13:20:10.767 | Info | '/transaction/getdonationpurpose' | 
13:20:10.771 | Info | '/transaction/getdonationpurpose' | 
13:20:11.190 | Info | '/transaction/getdonationmethods' | 
13:20:11.193 | Info | '/transaction/getdonationmethods' | 
13:20:11.473 | Info | '/transaction/getdonationtypes' | 
13:20:11.477 | Info | '/transaction/getdonationtypes' | 
13:20:12.111 | Info | '/transaction/getchannel' | 
13:20:12.121 | Info | '/transaction/getcenters' | 
13:20:12.123 | Info | '/transaction/getuserroles' | 
13:20:12.142 | Info | '/transaction/getusers' | 
13:20:12.147 | Info | '/transaction/getchannel' | 
13:20:12.149 | Info | '/transaction/getcenters' | 
13:20:12.151 | Info | '/transaction/getuserroles' | 
13:20:12.174 | Info | '/transaction/getusers' | 
13:20:12.466 | Info | '/transaction/getpermissions' | 
13:20:12.467 | Info | '/transaction/getuserroles' | 
13:20:12.473 | Info | '/transaction/getpermissions' | 
13:20:12.475 | Info | '/transaction/getuserroles' | 
13:20:12.845 | Info | '/transaction/getcenters' | 
13:20:12.848 | Info | '/transaction/getcenters' | 
13:29:35.870 | Info | '/transaction/getarea' | 
13:29:35.877 | Info | '/transaction/getdonationtypes' | 
13:29:35.878 | Info | '/transaction/getdonationmethods' | 
13:29:35.881 | Info | '/transaction/getdonationpurpose' | 
13:29:35.885 | Info | '/transaction/getarea' | 
13:29:35.891 | Info | '/transaction/getdonationtypes' | 
13:29:35.896 | Info | '/transaction/getdonationmethods' | 
13:29:35.898 | Info | '/transaction/getdonationpurpose' | 
14:01:45.569 | Info | '/transaction/getuserpermissions' | 
14:01:46.057 | Info | '/transaction/getarea' | 
14:01:46.225 | Info | '/transaction/getdonationtypes' | 
14:01:46.230 | Info | '/transaction/getdonationmethods' | 
14:01:46.236 | Info | '/transaction/getdonationpurpose' | 
14:01:46.306 | Info | '/transaction/getuserpermissions' | 
14:01:46.308 | Info | '/transaction/getarea' | 
14:01:46.310 | Info | '/transaction/getdonationtypes' | 
14:01:46.312 | Info | '/transaction/getdonationmethods' | 
14:01:46.315 | Info | '/transaction/getdonationpurpose' | 
14:02:03.231 | Info | '/transaction/newdonation' | 
14:03:58.608 | Info | '/transaction/newdonation' | 
14:04:55.963 | Info | '/transaction/newdonation' | 
14:13:48.868 | Info | '/transaction/newdonation' | 
14:13:49.001 | Info | ({}) | 
14:14:24.895 | Info | '/transaction/getuserpermissions' | 
14:14:25.150 | Info | '/transaction/getdonationtypes' | 
14:14:25.199 | Info | '/transaction/getarea' | 
14:14:25.237 | Info | '/transaction/getdonationmethods' | 
14:14:25.242 | Info | '/transaction/getdonationpurpose' | 
14:14:25.261 | Info | '/transaction/getdonationpurpose' | 
14:14:25.330 | Info | '/transaction/getdonationtypes' | 
14:14:25.345 | Info | '/transaction/getarea' | 
14:14:25.397 | Info | '/transaction/getdonationmethods' | 
14:14:25.414 | Info | '/transaction/getuserpermissions' | 
14:14:48.221 | Info | '/transaction/newdonation' | 
14:15:45.982 | Info | '/transaction/getarea' | 
14:15:45.988 | Info | '/transaction/getdonationtypes' | 
14:15:45.991 | Info | '/transaction/getdonationmethods' | 
14:15:45.993 | Info | '/transaction/getarea' | 
14:15:45.996 | Info | '/transaction/getdonationpurpose' | 
14:15:46.000 | Info | '/transaction/getdonationtypes' | 
14:15:46.003 | Info | '/transaction/getdonationmethods' | 
14:15:46.006 | Info | '/transaction/getdonationpurpose' | 
14:16:18.349 | Info | '/transaction/newdonation' | 
14:16:18.352 | Info | '/transaction/newdonation' | 
14:17:34.973 | Info | '/transaction/getarea' | 
14:17:34.978 | Info | '/transaction/getdonationtypes' | 
14:17:34.983 | Info | '/transaction/getarea' | 
14:17:34.980 | Info | '/transaction/getdonationmethods' | 
14:17:34.982 | Info | '/transaction/getdonationpurpose' | 
14:17:34.989 | Info | '/transaction/getdonationtypes' | 
14:17:34.991 | Info | '/transaction/getdonationmethods' | 
14:17:34.993 | Info | '/transaction/getdonationpurpose' | 
14:17:42.959 | Info | '/transaction/getarea' | 
14:17:42.965 | Info | '/transaction/getdonationtypes' | 
14:17:42.966 | Info | '/transaction/getdonationmethods' | 
14:17:42.968 | Info | '/transaction/getdonationpurpose' | 
14:17:42.970 | Info | '/transaction/getarea' | 
14:17:42.975 | Info | '/transaction/getdonationtypes' | 
14:17:42.980 | Info | '/transaction/getdonationpurpose' | 
14:17:42.978 | Info | '/transaction/getdonationmethods' | 
14:19:54.635 | Info | '/transaction/newdonation' | 
14:19:54.897 | Info | '/transaction/newdonation' | 
14:19:54.899 | Info | '/transaction/newdonation' | 
14:19:54.902 | Info | '/transaction/newdonation' | 
14:20:50.680 | Info | '/transaction/newdonation' | 
14:20:50.683 | Info | '/transaction/newdonation' | 
14:20:50.687 | Info | '/transaction/newdonation' | 
14:20:50.689 | Info | '/transaction/newdonation' | 
14:20:57.894 | Info | '/transaction/newdonation' | 
14:20:57.897 | Info | '/transaction/newdonation' | 
14:20:57.899 | Info | '/transaction/newdonation' | 
14:20:57.901 | Info | '/transaction/newdonation' | 
14:23:07.527 | Info | '/transaction/newdonation' | 
14:23:07.766 | Info | '/transaction/newdonation' | 
14:23:07.789 | Info | '/transaction/newdonation' | 
14:23:07.791 | Info | '/transaction/newdonation' | 
14:25:01.219 | Info | '/transaction/getarea' | 
14:25:01.227 | Info | '/transaction/getdonationtypes' | 
14:25:01.235 | Info | '/transaction/getdonationmethods' | 
14:25:01.244 | Info | '/transaction/getdonationpurpose' | 
14:25:01.360 | Info | '/transaction/getdonationtypes' | 
14:25:01.383 | Info | '/transaction/getarea' | 
14:25:01.395 | Info | '/transaction/getdonationmethods' | 
14:25:01.408 | Info | '/transaction/getdonationpurpose' | 
14:25:03.248 | Info | '/transaction/getuserpermissions' | 
14:25:03.253 | Info | '/transaction/getarea' | 
14:25:03.256 | Info | '/transaction/getdonationtypes' | 
14:25:03.258 | Info | '/transaction/getdonationmethods' | 
14:25:03.260 | Info | '/transaction/getdonationpurpose' | 
14:25:03.270 | Info | '/transaction/getarea' | 
14:25:03.275 | Info | '/transaction/getdonationtypes' | 
14:25:03.280 | Info | '/transaction/getdonationpurpose' | 
14:25:03.278 | Info | '/transaction/getdonationmethods' | 
14:25:03.332 | Info | '/transaction/getuserpermissions' | 
14:25:33.785 | Info | '/transaction/newdonation' | 
14:26:28.163 | Info | '/transaction/newdonation' | 
14:27:58.077 | Info | '/transaction/newdonation' | 
14:29:14.123 | Info | '/transaction/getdonationpurpose' | 
14:29:14.142 | Info | '/transaction/getdonationpurpose' | 
14:29:28.761 | Info | '/transaction/createdonationpurpose' | 
14:29:29.022 | Info | '/transaction/getdonationpurpose' | 
14:29:32.892 | Info | '/transaction/getarea' | 
14:29:32.906 | Info | '/transaction/getarea' | 
14:29:37.782 | Info | '/transaction/getdonationmethods' | 
14:29:37.801 | Info | '/transaction/getdonationmethods' | 
14:30:06.294 | Info | '/transaction/createdonationmethods' | 
14:30:06.471 | Info | '/transaction/getdonationmethods' | 
14:30:09.828 | Info | '/transaction/getdonationpurpose' | 
14:30:09.837 | Info | '/transaction/getdonationpurpose' | 
14:30:13.125 | Info | '/transaction/getdonationtypes' | 
14:30:13.142 | Info | '/transaction/getdonationtypes' | 
14:30:39.791 | Info | '/transaction/createdonationtypes' | 
14:30:39.905 | Info | '/transaction/getdonationtypes' | 
14:37:19.427 | Info | '/transaction/getuserpermissions' | 
14:37:19.683 | Info | '/transaction/getuserpermissions' | 
14:37:19.775 | Info | '/transaction/getdonationtypes' | 
14:37:19.831 | Info | '/transaction/getdonationtypes' | 
14:37:21.827 | Info | '/transaction/getdonationtypes' | 
14:37:21.837 | Info | '/transaction/getarea' | 
14:37:21.844 | Info | '/transaction/getdonationmethods' | 
14:37:21.849 | Info | '/transaction/getdonationtypes' | 
14:37:21.852 | Info | '/transaction/getdonationpurpose' | 
14:37:21.876 | Info | '/transaction/getarea' | 
14:37:21.879 | Info | '/transaction/getdonationpurpose' | 
14:37:21.882 | Info | '/transaction/getdonationmethods' | 
14:37:51.858 | Info | '/transaction/newdonation' | 
