00:01:31.789 | Info | '/transaction/getannouncement' | 
00:02:25.156 | Info | '/transaction/getannouncement' | 
00:02:56.525 | Info | '/transaction/getlastannouncement' | 
00:02:58.324 | Info | '/transaction/getannouncement' | 
00:03:48.799 | Info | '/transaction/getlastannouncement' | 
00:03:52.506 | Info | '/transaction/getannouncement' | 
00:04:57.379 | Info | '/transaction/createannouncement' | 
00:04:57.592 | Info | '/transaction/gettourbyuserid' | 
00:05:43.308 | Info | '/transaction/getlastannouncement' | 
00:05:51.082 | Info | '/transaction/createannouncement' | 
00:05:51.331 | Info | '/transaction/gettourbyuserid' | 
00:06:34.898 | Info | '/transaction/getlastannouncement' | 
00:06:36.542 | Info | '/transaction/getannouncement' | 
00:06:58.610 | Info | '/transaction/createannouncement' | 
00:06:58.780 | Info | '/transaction/gettourbyuserid' | 
00:07:07.897 | Info | '/transaction/getlastannouncement' | 
00:07:15.581 | Info | '/transaction/createannouncement' | 
00:07:15.705 | Info | '/transaction/gettourbyuserid' | 
00:10:09.685 | Info | '/transaction/getlastannouncement' | 
00:16:40.149 | Info | '/api/user/login' | 
00:16:40.980 | Info | '/transaction/gettourbyuserid' | 
00:16:43.895 | Info | '/transaction/getlastannouncement' | 
00:17:54.649 | Info | '/api/user/login' | 
00:17:55.644 | Info | '/transaction/gettourbyuserid' | 
00:17:57.595 | Info | '/transaction/getlastannouncement' | 
00:19:20.293 | Info | '/transaction/getlastannouncement' | 
00:19:31.963 | Info | '/transaction/getannouncement' | 
00:19:42.839 | Info | '/transaction/getlastannouncement' | 
00:22:35.682 | Info | '/transaction/getlastannouncement' | 
00:23:24.071 | Info | '/transaction/getlastannouncement' | 
00:23:40.197 | Info | '/api/user/login' | 
00:23:41.446 | Info | '/transaction/gettourbyuserid' | 
00:23:43.714 | Info | '/transaction/getlastannouncement' | 
00:24:01.391 | Info | '/transaction/getlastannouncement' | 
00:25:19.086 | Info | '/transaction/getlastannouncement' | 
00:25:46.120 | Info | '/transaction/getlastannouncement' | 
00:25:57.437 | Info | '/transaction/getlastannouncement' | 
00:27:16.832 | Info | '/transaction/getlastannouncement' | 
00:27:24.342 | Info | '/transaction/getlastannouncement' | 
00:27:43.505 | Info | '/transaction/getlastannouncement' | 
00:28:54.588 | Info | '/transaction/getlastannouncement' | 
00:29:13.848 | Info | '/transaction/getlastannouncement' | 
00:29:59.969 | Info | '/api/user/login' | 
00:30:01.056 | Info | '/transaction/gettourbyuserid' | 
00:30:02.826 | Info | '/transaction/getlastannouncement' | 
00:31:25.587 | Info | '/transaction/getlastannouncement' | 
00:32:59.006 | Info | '/transaction/getlastannouncement' | 
00:33:45.043 | Info | '/transaction/getlastannouncement' | 
00:35:37.974 | Info | '/transaction/getlastannouncement' | 
00:36:13.446 | Info | '/api/user/login' | 
00:36:14.337 | Info | '/transaction/gettourbyuserid' | 
00:36:28.586 | Info | '/transaction/getlastannouncement' | 
00:36:32.701 | Info | '/transaction/getlastannouncement' | 
00:37:28.098 | Info | '/transaction/getcustomer' | 
00:42:07.050 | Info | '/transaction/getcustomer' | 
00:42:41.523 | Info | '/transaction/getcustomer' | 
00:42:50.315 | Info | '/transaction/getcustomer' | 
00:45:02.183 | Info | '/transaction/getcustomer' | 
00:47:16.503 | Info | '/transaction/getlastannouncement' | 
00:47:18.636 | Info | '/transaction/getcustomer' | 
00:47:21.898 | Info | '/transaction/getlastannouncement' | 
00:47:24.071 | Info | '/transaction/getcustomer' | 
00:48:57.399 | Info | '/transaction/getlastannouncement' | 
00:49:06.392 | Info | '/transaction/getcustomer' | 
00:50:47.749 | Info | '/transaction/getcustomer' | 
00:51:01.668 | Info | '/transaction/getcustomer' | 
00:51:04.716 | Info | '/transaction/getlastannouncement' | 
00:51:12.596 | Info | '/transaction/getcustomer' | 
00:51:16.061 | Info | '/transaction/getcustomer' | 
00:52:59.217 | Info | '/api/user/login' | 
00:53:09.352 | Info | '/api/user/login' | 
00:53:29.333 | Info | '/api/user/login' | 
00:53:39.141 | Info | '/api/user/login' | 
00:55:14.578 | Info | '/api/user/login' | 
00:55:15.657 | Info | '/transaction/gettourbyuserid' | 
00:55:18.043 | Info | '/transaction/getlastannouncement' | 
00:55:55.430 | Info | '/transaction/getannouncement' | 
00:56:01.609 | Info | '/transaction/getcustomer' | 
00:56:06.628 | Info | '/transaction/getlastannouncement' | 
00:56:37.191 | Info | '/transaction/getlastannouncement' | 
00:56:44.562 | Info | '/transaction/getcustomer' | 
01:24:48.415 | Info | '/api/user/login' | 
01:24:48.960 | Info | '/transaction/gettourbyuserid' | 
01:24:50.555 | Info | '/transaction/getlastannouncement' | 
01:24:55.565 | Info | '/transaction/getannouncement' | 
01:24:58.133 | Info | '/transaction/getcustomer' | 
01:25:01.533 | Info | '/api/user/login' | 
01:25:01.723 | Info | '/transaction/gettourbyuserid' | 
01:25:03.802 | Info | '/transaction/getlastannouncement' | 
01:26:13.276 | Info | '/api/user/login' | 
01:26:16.403 | Info | '/api/user/login' | 
01:26:22.308 | Info | '/api/user/login' | 
01:26:22.759 | Info | '/transaction/gettourbyuserid' | 
01:26:24.749 | Info | '/transaction/getlastannouncement' | 
01:26:30.058 | Info | '/transaction/getcustomer' | 
01:26:31.676 | Info | '/transaction/getlastannouncement' | 
01:26:33.578 | Info | '/transaction/getcustomer' | 
01:26:36.049 | Info | '/transaction/getlastannouncement' | 
01:26:36.900 | Info | '/transaction/getannouncement' | 
01:26:52.938 | Info | '/transaction/createannouncement' | 
01:26:53.534 | Info | '/transaction/gettourbyuserid' | 
01:27:04.519 | Info | '/transaction/getlastannouncement' | 
01:27:08.309 | Info | '/transaction/createannouncement' | 
01:27:08.429 | Info | '/transaction/gettourbyuserid' | 
01:27:25.312 | Info | '/transaction/getlastannouncement' | 
01:27:34.050 | Info | '/api/user/login' | 
01:27:34.922 | Info | '/transaction/gettourbyuserid' | 
01:27:37.177 | Info | '/transaction/getlastannouncement' | 
01:27:46.160 | Info | '/transaction/createannouncement' | 
01:27:46.719 | Info | '/transaction/gettourbyuserid' | 
01:28:34.477 | Info | '/transaction/getlastannouncement' | 
01:28:40.178 | Info | '/transaction/createannouncement' | 
01:28:40.255 | Info | '/transaction/gettourbyuserid' | 
01:28:41.778 | Info | '/transaction/getlastannouncement' | 
01:28:45.485 | Info | '/transaction/createannouncement' | 
01:28:45.561 | Info | '/transaction/gettourbyuserid' | 
01:29:06.246 | Info | '/transaction/getlastannouncement' | 
01:30:24.375 | Info | '/api/user/login' | 
01:30:25.386 | Info | '/transaction/gettourbyuserid' | 
01:30:27.500 | Info | '/transaction/getlastannouncement' | 
01:30:38.328 | Info | '/transaction/createannouncement' | 
01:30:38.514 | Info | '/transaction/gettourbyuserid' | 
01:30:40.892 | Info | '/transaction/getlastannouncement' | 
01:32:11.155 | Info | '/transaction/getlastannouncement' | 
01:34:33.298 | Info | '/transaction/getlastannouncement' | 
01:34:34.625 | Info | '/transaction/getannouncement' | 
01:34:38.135 | Info | '/transaction/getannouncement' | 
01:38:03.612 | Info | '/transaction/createannouncement' | 
01:38:03.715 | Info | '/transaction/gettourbyuserid' | 
01:48:50.483 | Info | '/transaction/getlastannouncement' | 
01:48:54.540 | Info | '/transaction/createannouncement' | 
01:48:54.634 | Info | '/transaction/gettourbyuserid' | 
01:49:03.550 | Info | '/transaction/getlastannouncement' | 
01:49:07.811 | Info | '/transaction/createannouncement' | 
01:49:07.879 | Info | '/transaction/gettourbyuserid' | 
01:55:09.707 | Info | '/transaction/getlastannouncement' | 
01:55:13.855 | Info | '/transaction/createannouncement' | 
01:55:13.926 | Info | '/transaction/gettourbyuserid' | 
01:55:29.448 | Info | '/transaction/getlastannouncement' | 
01:55:40.837 | Info | '/transaction/createannouncement' | 
01:55:41.433 | Info | '/transaction/gettourbyuserid' | 
01:55:54.663 | Info | '/transaction/createannouncement' | 
01:55:55.322 | Info | '/transaction/gettourbyuserid' | 
02:00:15.192 | Info | '/transaction/getlastannouncement' | 
02:03:39.063 | Info | '/api/user/login' | 
02:03:40.161 | Info | '/transaction/gettourbyuserid' | 
02:03:41.830 | Info | '/transaction/getlastannouncement' | 
02:05:34.954 | Info | '/transaction/getannouncement' | 
02:05:59.077 | Info | '/transaction/getlastannouncement' | 
02:07:53.029 | Info | '/transaction/getlastannouncement' | 
02:08:21.014 | Info | '/api/user/login' | 
02:08:21.913 | Info | '/transaction/gettourbyuserid' | 
02:08:23.735 | Info | '/transaction/getlastannouncement' | 
02:10:21.691 | Info | '/api/user/login' | 
02:10:23.214 | Info | '/transaction/gettourbyuserid' | 
02:10:25.116 | Info | '/transaction/getlastannouncement' | 
02:11:03.975 | Info | '/api/user/login' | 
02:11:04.913 | Info | '/transaction/gettourbyuserid' | 
02:11:06.482 | Info | '/transaction/getlastannouncement' | 
02:12:51.903 | Info | '/api/user/login' | 
02:12:52.993 | Info | '/transaction/gettourbyuserid' | 
02:12:54.566 | Info | '/transaction/getlastannouncement' | 
02:14:14.928 | Info | '/api/user/login' | 
02:14:15.843 | Info | '/transaction/gettourbyuserid' | 
02:14:17.976 | Info | '/transaction/getlastannouncement' | 
02:14:57.921 | Info | '/api/user/login' | 
02:14:58.833 | Info | '/transaction/gettourbyuserid' | 
02:15:01.373 | Info | '/transaction/getlastannouncement' | 
02:15:36.652 | Info | '/transaction/createannouncement' | 
02:15:37.060 | Info | '/transaction/gettourbyuserid' | 
02:16:16.599 | Info | '/transaction/getlastannouncement' | 
02:16:22.533 | Info | '/transaction/getannouncement' | 
02:19:41.116 | Info | '/transaction/getcustomer' | 
02:19:43.566 | Info | '/transaction/getlastannouncement' | 
02:19:53.610 | Info | '/transaction/getlastannouncement' | 
02:19:59.463 | Info | '/transaction/getcustomer' | 
02:20:11.784 | Info | '/transaction/getlastannouncement' | 
02:20:14.155 | Info | '/transaction/getannouncement' | 
02:40:03.217 | Info | '/transaction/createannouncement' | 
02:40:03.342 | Info | '/transaction/gettourbyuserid' | 
02:40:32.579 | Info | '/transaction/createannouncement' | 
02:40:32.787 | Info | '/transaction/gettourbyuserid' | 
02:40:36.164 | Info | '/transaction/getlastannouncement' | 
02:40:40.314 | Info | '/transaction/getlastannouncement' | 
02:40:43.728 | Info | '/transaction/getlastannouncement' | 
