05:48:21.386 | Info | '/transaction/getuserpermissions' | 
05:48:21.392 | Info | '/transaction/getuserpermissions' | 
05:48:30.357 | Info | '/transaction/getuserpermissions' | 
05:48:30.360 | Info | '/transaction/getuserpermissions' | 
05:48:57.066 | Info | '/transaction/getarea' | 
05:48:57.070 | Info | '/transaction/getdonationtypes' | 
05:48:57.072 | Info | '/transaction/getdonationmethods' | 
05:48:57.075 | Info | '/transaction/getarea' | 
05:48:57.123 | Info | '/transaction/getdonationtypes' | 
05:48:57.132 | Info | '/transaction/getdonationmethods' | 
12:19:03.830 | Info | '/transaction/getuserpermissions' | 
12:19:03.855 | Info | '/transaction/getarea' | 
12:19:03.858 | Info | '/transaction/getdonationtypes' | 
12:19:03.859 | Info | '/transaction/getdonationmethods' | 
12:19:03.862 | Info | '/transaction/getuserpermissions' | 
12:19:03.868 | Info | '/transaction/getarea' | 
12:19:03.871 | Info | '/transaction/getdonationtypes' | 
12:19:03.873 | Info | '/transaction/getdonationmethods' | 
12:20:05.020 | Info | '/transaction/getuserpermissions' | 
12:20:05.027 | Info | '/transaction/getarea' | 
12:20:05.034 | Info | '/transaction/getuserpermissions' | 
12:20:05.031 | Info | '/transaction/getdonationtypes' | 
12:20:05.032 | Info | '/transaction/getdonationmethods' | 
12:20:05.041 | Info | '/transaction/getarea' | 
12:20:05.043 | Info | '/transaction/getdonationtypes' | 
12:20:05.045 | Info | '/transaction/getdonationmethods' | 
12:26:14.985 | Info | '/transaction/getuserpermissions' | 
12:26:14.990 | Info | '/transaction/getuserpermissions' | 
13:09:16.962 | Info | '/transaction/getuserpermissions' | 
13:09:17.386 | Info | '/dashboard' | 
13:09:17.606 | Info | '/transaction/getuserpermissions' | 
13:09:17.609 | Info | '/dashboard' | 
13:10:00.103 | Info | '/transaction/getuserpermissions' | 
13:10:00.105 | Info | '/dashboard' | 
13:10:00.111 | Info | '/transaction/getuserpermissions' | 
13:10:00.115 | Info | '/dashboard' | 
13:12:52.307 | Info | '/transaction/getuserpermissions' | 
13:12:52.312 | Info | '/dashboard' | 
13:12:52.318 | Info | '/transaction/getuserpermissions' | 
13:12:52.321 | Info | '/dashboard' | 
13:12:55.576 | Info | '/transaction/getuserpermissions' | 
13:12:55.579 | Info | '/dashboard' | 
13:12:55.585 | Info | '/transaction/getuserpermissions' | 
13:12:55.588 | Info | '/dashboard' | 
13:13:22.802 | Info | '/transaction/getuserpermissions' | 
13:13:22.804 | Info | '/dashboard' | 
13:13:22.809 | Info | '/transaction/getuserpermissions' | 
13:13:22.812 | Info | '/dashboard' | 
13:14:28.690 | Info | '/transaction/getuserpermissions' | 
13:14:28.692 | Info | '/dashboard' | 
13:14:28.697 | Info | '/transaction/getuserpermissions' | 
13:14:28.700 | Info | '/dashboard' | 
13:15:16.017 | Info | '/dashboard' | 
13:15:16.021 | Info | '/dashboard' | 
13:15:19.533 | Info | '/transaction/getuserpermissions' | 
13:15:19.534 | Info | '/dashboard' | 
13:15:19.540 | Info | '/transaction/getuserpermissions' | 
13:15:19.544 | Info | '/dashboard' | 
13:15:26.653 | Info | '/transaction/getuserpermissions' | 
13:15:26.659 | Info | '/dashboard' | 
13:15:26.661 | Info | '/transaction/getuserpermissions' | 
13:15:26.666 | Info | '/dashboard' | 
13:15:48.177 | Info | '/transaction/getuserpermissions' | 
13:15:48.180 | Info | '/dashboard' | 
13:15:48.186 | Info | '/transaction/getuserpermissions' | 
13:15:48.189 | Info | '/dashboard' | 
13:15:51.270 | Info | '/transaction/getuserpermissions' | 
13:15:51.272 | Info | '/dashboard' | 
13:15:51.277 | Info | '/transaction/getuserpermissions' | 
13:15:51.281 | Info | '/dashboard' | 
13:16:54.766 | Info | '/dashboard' | 
13:16:54.779 | Info | '/dashboard' | 
13:16:58.337 | Info | '/dashboard' | 
13:16:58.339 | Info | '/transaction/getuserpermissions' | 
13:16:58.345 | Info | '/dashboard' | 
13:16:58.347 | Info | '/transaction/getuserpermissions' | 
13:17:05.228 | Info | '/transaction/getuserpermissions' | 
13:17:05.230 | Info | '/dashboard' | 
13:17:05.236 | Info | '/transaction/getuserpermissions' | 
13:17:05.238 | Info | '/dashboard' | 
13:17:24.693 | Info | '/transaction/getuserpermissions' | 
13:17:24.698 | Info | '/dashboard' | 
13:17:24.705 | Info | '/transaction/getuserpermissions' | 
13:17:24.707 | Info | '/dashboard' | 
13:18:18.422 | Info | '/transaction/getuserpermissions' | 
13:18:18.425 | Info | '/dashboard' | 
13:18:18.432 | Info | '/transaction/getuserpermissions' | 
13:18:18.437 | Info | '/dashboard' | 
13:18:32.454 | Info | '/transaction/getuserpermissions' | 
13:18:32.456 | Info | '/dashboard' | 
13:18:32.460 | Info | '/transaction/getuserpermissions' | 
13:18:32.462 | Info | '/dashboard' | 
13:18:44.340 | Info | '/transaction/getuserpermissions' | 
13:18:44.344 | Info | '/dashboard' | 
13:18:44.348 | Info | '/transaction/getuserpermissions' | 
13:18:44.357 | Info | '/dashboard' | 
13:19:10.758 | Info | '/transaction/getuserpermissions' | 
13:19:10.760 | Info | '/dashboard' | 
13:19:10.764 | Info | '/transaction/getuserpermissions' | 
13:19:10.767 | Info | '/dashboard' | 
13:19:30.132 | Info | '/transaction/getuserpermissions' | 
13:19:30.141 | Info | '/transaction/getuserpermissions' | 
13:19:30.144 | Info | '/dashboard' | 
13:19:30.151 | Info | '/dashboard' | 
13:20:05.545 | Info | '/transaction/getuserpermissions' | 
13:20:05.548 | Info | '/dashboard' | 
13:20:05.556 | Info | '/transaction/getuserpermissions' | 
13:20:05.559 | Info | '/dashboard' | 
13:20:26.011 | Info | '/transaction/getuserpermissions' | 
13:20:26.013 | Info | '/dashboard' | 
13:20:26.020 | Info | '/transaction/getuserpermissions' | 
13:20:26.022 | Info | '/dashboard' | 
13:21:10.312 | Info | '/transaction/getuserpermissions' | 
13:21:10.313 | Info | '/dashboard' | 
13:21:10.319 | Info | '/transaction/getuserpermissions' | 
13:21:10.321 | Info | '/dashboard' | 
13:21:15.304 | Info | '/transaction/getuserpermissions' | 
13:21:15.307 | Info | '/dashboard' | 
13:21:15.312 | Info | '/transaction/getuserpermissions' | 
13:21:15.314 | Info | '/dashboard' | 
13:21:35.491 | Info | '/transaction/getuserpermissions' | 
13:21:35.493 | Info | '/dashboard' | 
13:21:35.501 | Info | '/transaction/getuserpermissions' | 
13:21:35.507 | Info | '/dashboard' | 
13:22:18.394 | Info | '/transaction/getuserpermissions' | 
13:22:18.396 | Info | '/dashboard' | 
13:22:18.401 | Info | '/transaction/getuserpermissions' | 
13:22:18.403 | Info | '/dashboard' | 
13:22:38.007 | Info | '/transaction/getuserpermissions' | 
13:22:38.008 | Info | '/dashboard' | 
13:22:38.014 | Info | '/transaction/getuserpermissions' | 
13:22:38.016 | Info | '/dashboard' | 
13:22:54.440 | Info | '/transaction/getuserpermissions' | 
13:22:54.443 | Info | '/dashboard' | 
13:22:54.445 | Info | '/transaction/getuserpermissions' | 
13:22:54.454 | Info | '/dashboard' | 
13:23:04.797 | Info | '/transaction/getuserpermissions' | 
13:23:04.801 | Info | '/dashboard' | 
13:23:04.803 | Info | '/transaction/getuserpermissions' | 
13:23:04.808 | Info | '/dashboard' | 
13:23:32.059 | Info | '/transaction/getuserpermissions' | 
13:23:32.070 | Info | '/dashboard' | 
13:23:32.073 | Info | '/transaction/getuserpermissions' | 
13:23:32.083 | Info | '/dashboard' | 
13:23:42.953 | Info | '/transaction/getuserpermissions' | 
13:23:42.955 | Info | '/dashboard' | 
13:23:42.961 | Info | '/transaction/getuserpermissions' | 
13:23:42.963 | Info | '/dashboard' | 
13:24:41.802 | Info | '/transaction/getuserpermissions' | 
13:24:41.805 | Info | '/dashboard' | 
13:24:41.809 | Info | '/transaction/getuserpermissions' | 
13:24:41.812 | Info | '/dashboard' | 
13:24:48.352 | Info | '/transaction/getarea' | 
13:24:48.361 | Info | '/transaction/getarea' | 
13:25:22.798 | Info | '/transaction/createarea' | 
13:25:22.924 | Info | '/transaction/getarea' | 
13:25:26.436 | Info | '/transaction/getarea' | 
13:25:26.447 | Info | '/transaction/getdonationtypes' | 
13:25:26.451 | Info | '/transaction/getarea' | 
13:25:26.454 | Info | '/transaction/getdonationmethods' | 
13:25:26.506 | Info | '/transaction/getdonationmethods' | 
13:25:26.508 | Info | '/transaction/getdonationtypes' | 
13:25:35.184 | Info | '/transaction/getdonationpurpose' | 
13:25:35.791 | Info | '/transaction/getdonationpurpose' | 
13:25:39.840 | Info | '/transaction/getdonationpurpose' | 
13:25:39.842 | Info | '/transaction/getarea' | 
13:25:39.854 | Info | '/transaction/getdonationpurpose' | 
13:25:39.860 | Info | '/transaction/getarea' | 
13:26:07.524 | Info | '/transaction/createdonationpurpose' | 
13:26:07.693 | Info | '/transaction/getdonationpurpose' | 
13:26:14.793 | Info | '/transaction/getarea' | 
13:26:14.796 | Info | '/transaction/getdonationtypes' | 
13:26:14.798 | Info | '/transaction/getdonationmethods' | 
13:26:14.799 | Info | '/transaction/getarea' | 
13:26:14.807 | Info | '/transaction/getdonationtypes' | 
13:26:14.809 | Info | '/transaction/getdonationmethods' | 
13:26:21.445 | Info | '/transaction/getdonationpurpose' | 
13:26:21.990 | Info | '/transaction/getdonationpurpose' | 
13:26:44.028 | Info | '/transaction/newdonation' | 
13:26:55.014 | Info | '/dashboard' | 
13:26:55.019 | Info | '/dashboard' | 
13:26:57.145 | Info | '/dashboard' | 
13:26:57.146 | Info | '/transaction/getuserpermissions' | 
13:26:57.150 | Info | '/dashboard' | 
13:26:57.154 | Info | '/transaction/getuserpermissions' | 
13:27:43.406 | Info | '/transaction/getuserpermissions' | 
13:27:43.412 | Info | '/dashboard' | 
13:27:43.414 | Info | '/transaction/getuserpermissions' | 
13:27:43.418 | Info | '/dashboard' | 
13:28:11.070 | Info | '/transaction/getuserpermissions' | 
13:28:11.072 | Info | '/dashboard' | 
13:28:11.078 | Info | '/transaction/getuserpermissions' | 
13:28:11.081 | Info | '/dashboard' | 
13:28:36.054 | Info | '/transaction/getuserpermissions' | 
13:28:36.056 | Info | '/dashboard' | 
13:28:36.064 | Info | '/transaction/getuserpermissions' | 
13:28:36.068 | Info | '/dashboard' | 
13:28:41.137 | Info | '/transaction/getuserpermissions' | 
13:28:41.139 | Info | '/dashboard' | 
13:28:41.143 | Info | '/transaction/getuserpermissions' | 
13:28:41.145 | Info | '/dashboard' | 
13:29:01.526 | Info | '/transaction/getarea' | 
13:29:01.529 | Info | '/transaction/getdonationtypes' | 
13:29:01.531 | Info | '/transaction/getdonationmethods' | 
13:29:01.537 | Info | '/transaction/getdonationtypes' | 
13:29:01.543 | Info | '/transaction/getarea' | 
13:29:01.553 | Info | '/transaction/getdonationmethods' | 
13:29:07.704 | Info | '/transaction/getdonationpurpose' | 
13:29:08.244 | Info | '/transaction/getdonationpurpose' | 
13:29:20.187 | Info | '/transaction/newdonation' | 
13:29:24.212 | Info | '/dashboard' | 
13:29:24.217 | Info | '/dashboard' | 
13:29:33.283 | Info | '/transaction/getuserpermissions' | 
13:29:33.287 | Info | '/dashboard' | 
13:29:33.292 | Info | '/transaction/getuserpermissions' | 
13:29:33.298 | Info | '/dashboard' | 
13:30:02.464 | Info | '/transaction/getuserpermissions' | 
13:30:02.466 | Info | '/dashboard' | 
13:30:02.471 | Info | '/transaction/getuserpermissions' | 
13:30:02.475 | Info | '/dashboard' | 
13:42:20.300 | Info | '/transaction/getarea' | 
13:42:20.547 | Info | '/transaction/getdonationtypes' | 
13:42:20.554 | Info | '/transaction/getdonationmethods' | 
13:42:20.592 | Info | '/transaction/getarea' | 
13:42:20.609 | Info | '/transaction/getdonationmethods' | 
13:42:20.615 | Info | '/transaction/getdonationtypes' | 
13:42:36.261 | Info | '/dashboard' | 
13:42:36.279 | Info | '/dashboard' | 
13:48:27.708 | Info | '/dashboard' | 
13:48:28.015 | Info | '/transaction/getuserpermissions' | 
13:48:28.068 | Info | '/dashboard' | 
13:48:28.071 | Info | '/transaction/getuserpermissions' | 
13:48:58.254 | Info | '/transaction/getuserpermissions' | 
13:48:58.257 | Info | '/dashboard' | 
13:48:58.265 | Info | '/transaction/getuserpermissions' | 
13:48:58.272 | Info | '/dashboard' | 
13:49:55.568 | Info | '/transaction/getuserpermissions' | 
13:49:55.570 | Info | '/dashboard' | 
13:49:55.578 | Info | '/transaction/getuserpermissions' | 
13:49:55.584 | Info | '/dashboard' | 
13:50:28.461 | Info | '/transaction/getuserpermissions' | 
13:50:28.463 | Info | '/dashboard' | 
13:50:28.471 | Info | '/transaction/getuserpermissions' | 
13:50:28.474 | Info | '/dashboard' | 
13:50:45.717 | Info | '/transaction/getcenters' | 
13:50:45.730 | Info | '/transaction/getcenters' | 
13:50:48.231 | Info | '/dashboard' | 
13:50:48.237 | Info | '/dashboard' | 
13:51:24.087 | Info | '/transaction/getuserpermissions' | 
13:51:24.090 | Info | '/dashboard' | 
13:51:24.097 | Info | '/transaction/getuserpermissions' | 
13:51:24.099 | Info | '/dashboard' | 
13:53:13.027 | Info | '/transaction/getuserpermissions' | 
13:53:13.029 | Info | '/dashboard' | 
13:53:13.034 | Info | '/transaction/getuserpermissions' | 
13:53:13.037 | Info | '/dashboard' | 
14:00:19.448 | Info | '/transaction/getarea' | 
14:00:19.698 | Info | '/transaction/getdonationtypes' | 
14:00:19.706 | Info | '/transaction/getdonationmethods' | 
14:00:19.748 | Info | '/transaction/getdonationmethods' | 
14:00:19.750 | Info | '/transaction/getarea' | 
14:00:19.761 | Info | '/transaction/getdonationtypes' | 
14:00:36.035 | Info | '/transaction/getdonationpurpose' | 
14:00:38.177 | Info | '/transaction/getdonationpurpose' | 
14:00:47.497 | Info | '/transaction/newdonation' | 
14:09:26.110 | Info | '/transaction/getuserpermissions' | 
14:09:26.320 | Info | '/transaction/getdonationtypes' | 
14:09:26.361 | Info | '/transaction/getarea' | 
14:09:26.366 | Info | '/transaction/getdonationmethods' | 
14:09:26.415 | Info | '/transaction/getdonationtypes' | 
14:09:26.417 | Info | '/transaction/getarea' | 
14:09:26.419 | Info | '/transaction/getdonationmethods' | 
14:09:26.464 | Info | '/transaction/getuserpermissions' | 
14:09:27.527 | Info | '/dashboard' | 
14:09:27.546 | Info | '/dashboard' | 
14:10:06.842 | Info | '/transaction/getuserpermissions' | 
14:10:06.845 | Info | '/dashboard' | 
14:10:06.855 | Info | '/transaction/getuserpermissions' | 
14:10:06.857 | Info | '/dashboard' | 
14:10:28.890 | Info | '/transaction/getuserpermissions' | 
14:10:28.893 | Info | '/dashboard' | 
14:10:28.898 | Info | '/transaction/getuserpermissions' | 
14:10:28.908 | Info | '/dashboard' | 
14:10:45.854 | Info | '/transaction/getuserpermissions' | 
14:10:45.857 | Info | '/dashboard' | 
14:10:45.861 | Info | '/transaction/getuserpermissions' | 
14:10:45.868 | Info | '/dashboard' | 
14:10:56.440 | Info | '/transaction/getuserpermissions' | 
14:10:56.442 | Info | '/dashboard' | 
14:10:56.449 | Info | '/transaction/getuserpermissions' | 
14:10:56.453 | Info | '/dashboard' | 
14:11:05.888 | Info | '/transaction/getarea' | 
14:11:05.890 | Info | '/transaction/getdonationtypes' | 
14:11:05.892 | Info | '/transaction/getdonationmethods' | 
14:11:05.899 | Info | '/transaction/getarea' | 
14:11:05.901 | Info | '/transaction/getdonationtypes' | 
14:11:05.913 | Info | '/transaction/getdonationmethods' | 
14:11:27.190 | Info | '/transaction/getuserpermissions' | 
14:11:27.206 | Info | '/transaction/getarea' | 
14:11:27.208 | Info | '/transaction/getuserpermissions' | 
14:11:27.211 | Info | '/transaction/getdonationtypes' | 
14:11:27.215 | Info | '/transaction/getdonationmethods' | 
14:11:27.221 | Info | '/transaction/getarea' | 
14:11:27.225 | Info | '/transaction/getdonationtypes' | 
14:11:27.228 | Info | '/transaction/getdonationmethods' | 
14:11:27.777 | Info | '/dashboard' | 
14:11:27.783 | Info | '/dashboard' | 
14:11:57.015 | Info | '/transaction/getarea' | 
14:11:57.019 | Info | '/transaction/getdonationtypes' | 
14:11:57.022 | Info | '/transaction/getdonationmethods' | 
14:11:57.024 | Info | '/transaction/getarea' | 
14:11:57.032 | Info | '/transaction/getdonationtypes' | 
14:11:57.040 | Info | '/transaction/getdonationmethods' | 
14:11:58.845 | Info | '/dashboard' | 
14:11:58.852 | Info | '/dashboard' | 
14:12:09.285 | Info | '/transaction/getarea' | 
14:12:09.287 | Info | '/transaction/getdonationtypes' | 
14:12:09.289 | Info | '/transaction/getdonationmethods' | 
14:12:09.294 | Info | '/transaction/getarea' | 
14:12:09.299 | Info | '/transaction/getdonationtypes' | 
14:12:09.303 | Info | '/transaction/getdonationmethods' | 
14:12:27.518 | Info | '/dashboard' | 
14:12:27.528 | Info | '/dashboard' | 
14:13:13.273 | Info | '/transaction/getarea' | 
14:13:13.275 | Info | '/transaction/getdonationtypes' | 
14:13:13.276 | Info | '/transaction/getdonationmethods' | 
14:13:13.284 | Info | '/transaction/getarea' | 
14:13:13.288 | Info | '/transaction/getdonationtypes' | 
14:13:13.290 | Info | '/transaction/getdonationmethods' | 
14:13:16.903 | Info | '/dashboard' | 
14:13:16.910 | Info | '/dashboard' | 
14:13:20.186 | Info | '/transaction/getchannel' | 
14:13:20.193 | Info | '/transaction/getcenters' | 
14:13:20.201 | Info | '/transaction/getuserroles' | 
14:13:20.207 | Info | '/transaction/getusers' | 
14:13:20.234 | Info | '/transaction/getcenters' | 
14:13:20.241 | Info | '/transaction/getchannel' | 
14:13:20.246 | Info | '/transaction/getuserroles' | 
14:13:20.248 | Info | '/transaction/getusers' | 
14:13:20.471 | Info | '/transaction/getuserroles' | 
14:13:20.474 | Info | '/transaction/getpermissions' | 
14:13:20.480 | Info | '/transaction/getuserroles' | 
14:13:20.491 | Info | '/transaction/getpermissions' | 
14:13:20.758 | Info | '/transaction/getcenters' | 
14:13:20.762 | Info | '/transaction/getcenters' | 
14:13:21.068 | Info | '/transaction/getchannel' | 
14:13:21.079 | Info | '/transaction/getchannel' | 
14:13:21.367 | Info | '/transaction/getarea' | 
14:13:21.372 | Info | '/transaction/getarea' | 
14:13:21.689 | Info | '/transaction/getdonationtypes' | 
14:13:21.693 | Info | '/transaction/getdonationtypes' | 
14:13:23.460 | Info | '/transaction/getarea' | 
14:13:23.463 | Info | '/transaction/getdonationpurpose' | 
14:13:23.468 | Info | '/transaction/getarea' | 
14:13:23.476 | Info | '/transaction/getdonationpurpose' | 
14:13:23.720 | Info | '/transaction/getdonationmethods' | 
14:13:23.724 | Info | '/transaction/getdonationmethods' | 
14:13:24.055 | Info | '/transaction/getdonationtypes' | 
14:13:24.058 | Info | '/transaction/getdonationtypes' | 
14:13:24.332 | Info | '/transaction/getchannel' | 
14:13:24.336 | Info | '/transaction/getchannel' | 
14:13:24.615 | Info | '/transaction/getcenters' | 
14:13:24.619 | Info | '/transaction/getcenters' | 
14:13:24.882 | Info | '/transaction/getpermissions' | 
14:13:24.883 | Info | '/transaction/getuserroles' | 
14:13:24.888 | Info | '/transaction/getpermissions' | 
14:13:24.891 | Info | '/transaction/getuserroles' | 
14:13:26.826 | Info | '/dashboard' | 
14:13:26.835 | Info | '/dashboard' | 
14:13:44.110 | Info | '/transaction/getuserpermissions' | 
14:13:44.112 | Info | '/dashboard' | 
14:13:44.116 | Info | '/transaction/getuserpermissions' | 
14:13:44.125 | Info | '/dashboard' | 
14:14:26.776 | Info | '/transaction/getarea' | 
14:14:26.780 | Info | '/transaction/getdonationtypes' | 
14:14:26.781 | Info | '/transaction/getdonationmethods' | 
14:14:26.783 | Info | '/transaction/getarea' | 
14:14:26.787 | Info | '/transaction/getdonationtypes' | 
14:14:26.794 | Info | '/transaction/getdonationmethods' | 
14:19:22.231 | Info | '/transaction/getuserpermissions' | 
14:19:22.238 | Info | '/transaction/getarea' | 
14:19:22.240 | Info | '/transaction/getdonationtypes' | 
14:19:22.241 | Info | '/transaction/getdonationmethods' | 
14:19:22.243 | Info | '/transaction/getuserpermissions' | 
14:19:22.251 | Info | '/transaction/getarea' | 
14:19:22.253 | Info | '/transaction/getdonationtypes' | 
14:19:22.256 | Info | '/transaction/getdonationmethods' | 
14:19:35.951 | Info | '/transaction/getuserpermissions' | 
14:19:35.953 | Info | '/transaction/getarea' | 
14:19:35.956 | Info | '/transaction/getdonationtypes' | 
14:19:35.960 | Info | '/transaction/getdonationmethods' | 
14:19:35.967 | Info | '/transaction/getuserpermissions' | 
14:19:35.968 | Info | '/transaction/getarea' | 
14:19:35.972 | Info | '/transaction/getdonationtypes' | 
14:19:35.975 | Info | '/transaction/getdonationmethods' | 
14:20:11.772 | Info | '/transaction/getdonationpurpose' | 
14:20:12.505 | Info | '/transaction/getdonationpurpose' | 
14:20:32.996 | Info | '/transaction/getdonationpurpose' | 
14:20:33.668 | Info | '/transaction/getdonationpurpose' | 
14:20:38.882 | Info | '/dashboard' | 
14:20:38.888 | Info | '/dashboard' | 
14:20:50.862 | Info | '/transaction/getdonationpurpose' | 
14:20:50.863 | Info | '/transaction/getarea' | 
14:20:50.867 | Info | '/transaction/getdonationpurpose' | 
14:20:50.873 | Info | '/transaction/getarea' | 
14:20:53.757 | Info | '/transaction/getdonationmethods' | 
14:20:53.760 | Info | '/transaction/getdonationmethods' | 
14:20:54.217 | Info | '/transaction/getdonationtypes' | 
14:20:54.220 | Info | '/transaction/getdonationtypes' | 
14:20:54.598 | Info | '/transaction/getarea' | 
14:20:54.603 | Info | '/transaction/getarea' | 
14:20:54.971 | Info | '/transaction/getchannel' | 
14:20:54.976 | Info | '/transaction/getchannel' | 
14:20:55.284 | Info | '/transaction/getcenters' | 
14:20:55.288 | Info | '/transaction/getcenters' | 
14:20:55.609 | Info | '/transaction/getpermissions' | 
14:20:55.610 | Info | '/transaction/getuserroles' | 
14:20:55.615 | Info | '/transaction/getpermissions' | 
14:20:55.618 | Info | '/transaction/getuserroles' | 
14:20:55.972 | Info | '/transaction/getchannel' | 
14:20:55.974 | Info | '/transaction/getcenters' | 
14:20:55.976 | Info | '/transaction/getuserroles' | 
14:20:55.982 | Info | '/transaction/getchannel' | 
14:20:55.985 | Info | '/transaction/getcenters' | 
14:20:55.987 | Info | '/transaction/getuserroles' | 
14:20:55.988 | Info | '/transaction/getusers' | 
14:20:55.997 | Info | '/transaction/getusers' | 
14:21:02.983 | Info | '/transaction/getarea' | 
14:21:02.985 | Info | '/transaction/getdonationtypes' | 
14:21:02.986 | Info | '/transaction/getdonationmethods' | 
14:21:02.992 | Info | '/transaction/getarea' | 
14:21:02.994 | Info | '/transaction/getdonationtypes' | 
14:21:02.997 | Info | '/transaction/getdonationmethods' | 
14:21:23.004 | Info | '/dashboard' | 
14:21:23.011 | Info | '/dashboard' | 
14:21:25.509 | Info | '/transaction/getarea' | 
14:21:25.511 | Info | '/transaction/getdonationtypes' | 
14:21:25.513 | Info | '/transaction/getdonationmethods' | 
14:21:25.516 | Info | '/transaction/getarea' | 
14:21:25.521 | Info | '/transaction/getdonationtypes' | 
14:21:25.523 | Info | '/transaction/getdonationmethods' | 
14:21:48.575 | Info | '/transaction/getdonationpurpose' | 
14:21:48.983 | Info | '/transaction/getdonationpurpose' | 
14:21:55.045 | Info | '/transaction/newdonation' | 
14:22:45.379 | Info | '/transaction/getuserpermissions' | 
14:22:45.383 | Info | '/transaction/getuserpermissions' | 
14:22:50.597 | Info | '/api/user/login' | 
14:22:50.709 | Info | '/transaction/getuserpermissions' | 
14:22:50.711 | Info | '/dashboard' | 
14:22:50.716 | Info | '/transaction/getuserpermissions' | 
14:22:50.719 | Info | '/dashboard' | 
14:22:59.389 | Info | '/api/user/login' | 
14:22:59.474 | Info | '/transaction/getuserpermissions' | 
14:22:59.477 | Info | '/dashboard' | 
14:22:59.483 | Info | '/transaction/getuserpermissions' | 
14:22:59.485 | Info | '/dashboard' | 
14:30:56.977 | Info | '/transaction/getchannel' | 
14:30:57.195 | Info | '/transaction/getuserroles' | 
14:30:57.199 | Info | '/transaction/getcenters' | 
14:30:57.204 | Info | '/transaction/getusers' | 
14:30:57.254 | Info | '/transaction/getchannel' | 
14:30:57.262 | Info | '/transaction/getuserroles' | 
14:30:57.264 | Info | '/transaction/getcenters' | 
14:30:57.268 | Info | '/transaction/getusers' | 
14:31:00.245 | Info | '/dashboard' | 
14:31:00.265 | Info | '/dashboard' | 
14:31:03.653 | Info | '/transaction/getarea' | 
14:31:03.660 | Info | '/transaction/getdonationtypes' | 
14:31:03.667 | Info | '/transaction/getdonationmethods' | 
14:31:03.683 | Info | '/transaction/getarea' | 
14:31:03.690 | Info | '/transaction/getdonationtypes' | 
14:31:03.692 | Info | '/transaction/getdonationmethods' | 
14:31:15.868 | Info | '/transaction/getdonationpurpose' | 
14:31:16.350 | Info | '/transaction/getdonationpurpose' | 
14:31:16.872 | Info | '/transaction/getdonationpurpose' | 
14:31:17.330 | Info | '/transaction/getdonationpurpose' | 
14:31:30.078 | Info | '/transaction/newdonation' | 
14:33:01.331 | Info | '/transaction/getuserpermissions' | 
14:33:01.643 | Info | '/transaction/getuserpermissions' | 
14:33:05.715 | Info | '/api/user/login' | 
14:33:05.845 | Info | '/transaction/getuserpermissions' | 
14:33:05.854 | Info | '/dashboard' | 
14:33:05.911 | Info | '/transaction/getuserpermissions' | 
14:33:05.930 | Info | '/dashboard' | 
14:33:10.113 | Info | '/transaction/getarea' | 
14:33:10.120 | Info | '/transaction/getdonationtypes' | 
14:33:10.126 | Info | '/transaction/getdonationmethods' | 
14:33:10.147 | Info | '/transaction/getdonationtypes' | 
14:33:10.154 | Info | '/transaction/getdonationmethods' | 
14:33:10.151 | Info | '/transaction/getarea' | 
14:33:16.740 | Info | '/transaction/getdonationpurpose' | 
14:33:17.173 | Info | '/transaction/getdonationpurpose' | 
14:33:23.803 | Info | '/transaction/newdonation' | 
14:34:57.035 | Info | '/dashboard' | 
14:34:57.045 | Info | '/dashboard' | 
14:35:33.126 | Info | '/transaction/getarea' | 
14:35:33.129 | Info | '/transaction/getdonationmethods' | 
14:35:33.128 | Info | '/transaction/getdonationtypes' | 
14:35:33.135 | Info | '/transaction/getarea' | 
14:35:33.139 | Info | '/transaction/getdonationmethods' | 
14:35:33.137 | Info | '/transaction/getdonationtypes' | 
14:35:42.092 | Info | '/dashboard' | 
14:35:42.099 | Info | '/dashboard' | 
14:35:44.535 | Info | '/transaction/getarea' | 
14:35:44.540 | Info | '/transaction/getdonationtypes' | 
14:35:44.542 | Info | '/transaction/getarea' | 
14:35:44.544 | Info | '/transaction/getdonationmethods' | 
14:35:44.549 | Info | '/transaction/getdonationtypes' | 
14:35:44.553 | Info | '/transaction/getdonationmethods' | 
14:35:59.136 | Info | '/transaction/getchannel' | 
14:35:59.143 | Info | '/transaction/getcenters' | 
14:35:59.148 | Info | '/transaction/getuserroles' | 
14:35:59.155 | Info | '/transaction/getusers' | 
14:35:59.165 | Info | '/transaction/getusers' | 
14:35:59.176 | Info | '/transaction/getchannel' | 
14:35:59.178 | Info | '/transaction/getcenters' | 
14:35:59.181 | Info | '/transaction/getuserroles' | 
14:36:00.251 | Info | '/transaction/getuserroles' | 
14:36:00.255 | Info | '/transaction/getpermissions' | 
14:36:00.259 | Info | '/transaction/getuserroles' | 
14:36:00.277 | Info | '/transaction/getpermissions' | 
14:36:01.999 | Info | '/transaction/getcenters' | 
14:36:02.006 | Info | '/transaction/getcenters' | 
14:36:02.490 | Info | '/transaction/getchannel' | 
14:36:02.495 | Info | '/transaction/getchannel' | 
14:36:03.596 | Info | '/transaction/getarea' | 
14:36:03.599 | Info | '/transaction/getarea' | 
14:36:05.633 | Info | '/transaction/getdonationtypes' | 
14:36:05.637 | Info | '/transaction/getdonationtypes' | 
14:36:08.828 | Info | '/transaction/getdonationmethods' | 
14:36:08.833 | Info | '/transaction/getdonationmethods' | 
14:36:10.272 | Info | '/transaction/getdonationpurpose' | 
14:36:10.274 | Info | '/transaction/getarea' | 
14:36:10.280 | Info | '/transaction/getdonationpurpose' | 
14:36:10.283 | Info | '/transaction/getarea' | 
14:36:21.341 | Info | '/transaction/getarea' | 
14:36:21.343 | Info | '/transaction/getdonationtypes' | 
14:36:21.346 | Info | '/transaction/getdonationmethods' | 
14:36:21.348 | Info | '/transaction/getarea' | 
14:36:21.351 | Info | '/transaction/getdonationtypes' | 
14:36:21.354 | Info | '/transaction/getdonationmethods' | 
14:36:34.355 | Info | '/dashboard' | 
14:36:34.364 | Info | '/dashboard' | 
14:36:44.726 | Info | '/transaction/getchannel' | 
14:36:44.729 | Info | '/transaction/getchannel' | 
14:36:45.133 | Info | '/transaction/getarea' | 
14:36:45.137 | Info | '/transaction/getarea' | 
14:37:29.986 | Info | '/transaction/createarea' | 
14:37:30.088 | Info | '/transaction/getarea' | 
14:37:47.841 | Info | '/transaction/createarea' | 
14:37:48.233 | Info | '/transaction/getarea' | 
14:37:54.057 | Info | '/dashboard' | 
14:37:54.064 | Info | '/dashboard' | 
14:37:56.885 | Info | '/transaction/getuserpermissions' | 
14:37:56.888 | Info | '/transaction/getuserpermissions' | 
14:38:04.007 | Info | '/api/user/login' | 
14:38:12.138 | Info | '/api/user/login' | 
14:38:12.314 | Info | '/transaction/getuserpermissions' | 
14:38:12.316 | Info | '/dashboard' | 
14:38:12.321 | Info | '/transaction/getuserpermissions' | 
14:38:12.325 | Info | '/dashboard' | 
14:38:26.594 | Info | '/transaction/getarea' | 
14:38:26.597 | Info | '/transaction/getdonationtypes' | 
14:38:26.599 | Info | '/transaction/getdonationmethods' | 
14:38:26.602 | Info | '/transaction/getarea' | 
14:38:26.605 | Info | '/transaction/getdonationtypes' | 
14:38:26.608 | Info | '/transaction/getdonationmethods' | 
14:39:00.874 | Info | '/transaction/getuserpermissions' | 
14:39:00.882 | Info | '/transaction/getuserpermissions' | 
14:46:54.821 | Info | '/api/user/login' | 
14:46:55.423 | Info | '/transaction/getuserpermissions' | 
14:46:55.436 | Info | '/dashboard' | 
14:46:55.566 | Info | '/transaction/getuserpermissions' | 
14:46:55.580 | Info | '/dashboard' | 
14:47:00.752 | Info | '/transaction/getarea' | 
14:47:00.758 | Info | '/transaction/getdonationtypes' | 
14:47:00.764 | Info | '/transaction/getdonationmethods' | 
14:47:00.781 | Info | '/transaction/getarea' | 
14:47:00.784 | Info | '/transaction/getdonationtypes' | 
14:47:00.792 | Info | '/transaction/getdonationmethods' | 
14:50:59.504 | Info | '/transaction/getuserpermissions' | 
14:50:59.509 | Info | '/transaction/getuserpermissions' | 
14:51:23.142 | Info | '/api/user/login' | 
14:51:23.267 | Info | '/transaction/getuserpermissions' | 
14:51:23.269 | Info | '/dashboard' | 
14:51:23.273 | Info | '/transaction/getuserpermissions' | 
14:51:23.280 | Info | '/dashboard' | 
14:51:25.739 | Info | '/transaction/getarea' | 
14:51:25.742 | Info | '/transaction/getdonationtypes' | 
14:51:25.744 | Info | '/transaction/getdonationmethods' | 
14:51:25.746 | Info | '/transaction/getarea' | 
14:51:25.751 | Info | '/transaction/getdonationtypes' | 
14:51:25.753 | Info | '/transaction/getdonationmethods' | 
14:51:34.007 | Info | '/transaction/getuserpermissions' | 
14:51:34.013 | Info | '/transaction/getuserpermissions' | 
14:51:34.014 | Info | '/transaction/getarea' | 
14:51:34.023 | Info | '/transaction/getdonationtypes' | 
14:51:34.027 | Info | '/transaction/getarea' | 
14:51:34.030 | Info | '/transaction/getdonationmethods' | 
14:51:34.032 | Info | '/transaction/getdonationtypes' | 
14:51:34.041 | Info | '/transaction/getdonationmethods' | 
14:52:49.544 | Info | '/transaction/getuserpermissions' | 
14:52:49.552 | Info | '/transaction/getdonationtypes' | 
14:52:49.549 | Info | '/transaction/getarea' | 
14:52:49.554 | Info | '/transaction/getdonationmethods' | 
14:52:49.560 | Info | '/transaction/getuserpermissions' | 
14:52:49.562 | Info | '/transaction/getarea' | 
14:52:49.566 | Info | '/transaction/getdonationtypes' | 
14:52:49.568 | Info | '/transaction/getdonationmethods' | 
14:53:08.764 | Info | '/transaction/getuserpermissions' | 
14:53:08.768 | Info | '/transaction/getarea' | 
14:53:08.772 | Info | '/transaction/getdonationtypes' | 
14:53:08.774 | Info | '/transaction/getdonationmethods' | 
14:53:08.778 | Info | '/transaction/getuserpermissions' | 
14:53:08.782 | Info | '/transaction/getarea' | 
14:53:08.785 | Info | '/transaction/getdonationtypes' | 
14:53:08.789 | Info | '/transaction/getdonationmethods' | 
14:53:19.002 | Info | '/transaction/getuserpermissions' | 
14:53:19.007 | Info | '/transaction/getarea' | 
14:53:19.010 | Info | '/transaction/getdonationtypes' | 
14:53:19.013 | Info | '/transaction/getdonationmethods' | 
14:53:19.016 | Info | '/transaction/getuserpermissions' | 
14:53:19.020 | Info | '/transaction/getarea' | 
14:53:19.024 | Info | '/transaction/getdonationtypes' | 
14:53:19.028 | Info | '/transaction/getdonationmethods' | 
14:53:32.166 | Info | '/transaction/getuserpermissions' | 
14:53:32.173 | Info | '/transaction/getarea' | 
14:53:32.177 | Info | '/transaction/getdonationmethods' | 
14:53:32.175 | Info | '/transaction/getdonationtypes' | 
14:53:32.178 | Info | '/transaction/getuserpermissions' | 
14:53:32.185 | Info | '/transaction/getarea' | 
14:53:32.188 | Info | '/transaction/getdonationtypes' | 
14:53:32.190 | Info | '/transaction/getdonationmethods' | 
14:53:46.318 | Info | '/transaction/getuserpermissions' | 
14:53:46.327 | Info | '/transaction/getarea' | 
14:53:46.329 | Info | '/transaction/getdonationtypes' | 
14:53:46.331 | Info | '/transaction/getdonationmethods' | 
14:53:46.333 | Info | '/transaction/getuserpermissions' | 
14:53:46.337 | Info | '/transaction/getarea' | 
14:53:46.342 | Info | '/transaction/getdonationtypes' | 
14:53:46.345 | Info | '/transaction/getdonationmethods' | 
14:55:21.707 | Info | '/transaction/getuserpermissions' | 
14:55:21.712 | Info | '/transaction/getarea' | 
14:55:21.715 | Info | '/transaction/getdonationtypes' | 
14:55:21.717 | Info | '/transaction/getdonationmethods' | 
14:55:21.720 | Info | '/transaction/getuserpermissions' | 
14:55:21.727 | Info | '/transaction/getdonationtypes' | 
14:55:21.724 | Info | '/transaction/getarea' | 
14:55:21.732 | Info | '/transaction/getdonationmethods' | 
14:56:06.387 | Info | '/transaction/getuserpermissions' | 
14:56:06.399 | Info | '/transaction/getarea' | 
14:56:06.400 | Info | '/transaction/getdonationtypes' | 
14:56:06.402 | Info | '/transaction/getdonationmethods' | 
14:56:06.404 | Info | '/transaction/getuserpermissions' | 
14:56:06.411 | Info | '/transaction/getarea' | 
14:56:06.415 | Info | '/transaction/getdonationtypes' | 
14:56:06.417 | Info | '/transaction/getdonationmethods' | 
14:57:01.496 | Info | '/transaction/getarea' | 
14:57:01.495 | Info | '/transaction/getuserpermissions' | 
14:57:01.501 | Info | '/transaction/getdonationtypes' | 
14:57:01.504 | Info | '/transaction/getdonationmethods' | 
14:57:01.519 | Info | '/transaction/getdonationmethods' | 
14:57:01.523 | Info | '/transaction/getuserpermissions' | 
14:57:01.524 | Info | '/transaction/getarea' | 
14:57:01.526 | Info | '/transaction/getdonationtypes' | 
14:57:14.053 | Info | '/transaction/getuserpermissions' | 
14:57:14.062 | Info | '/transaction/getuserpermissions' | 
14:57:14.065 | Info | '/transaction/getarea' | 
14:57:14.066 | Info | '/transaction/getdonationtypes' | 
14:57:14.069 | Info | '/transaction/getdonationmethods' | 
14:57:14.074 | Info | '/transaction/getarea' | 
14:57:14.076 | Info | '/transaction/getdonationtypes' | 
14:57:14.081 | Info | '/transaction/getdonationmethods' | 
14:57:42.126 | Info | '/transaction/getuserpermissions' | 
14:57:42.142 | Info | '/transaction/getarea' | 
14:57:42.144 | Info | '/transaction/getdonationtypes' | 
14:57:42.146 | Info | '/transaction/getdonationmethods' | 
14:57:42.148 | Info | '/transaction/getuserpermissions' | 
14:57:42.156 | Info | '/transaction/getarea' | 
14:57:42.159 | Info | '/transaction/getdonationtypes' | 
14:57:42.162 | Info | '/transaction/getdonationmethods' | 
14:57:54.299 | Info | '/transaction/getuserpermissions' | 
14:57:54.305 | Info | '/transaction/getarea' | 
14:57:54.307 | Info | '/transaction/getuserpermissions' | 
14:57:54.310 | Info | '/transaction/getdonationtypes' | 
14:57:54.313 | Info | '/transaction/getdonationmethods' | 
14:57:54.315 | Info | '/transaction/getarea' | 
14:57:54.322 | Info | '/transaction/getdonationtypes' | 
14:57:54.324 | Info | '/transaction/getdonationmethods' | 
14:58:22.600 | Info | '/transaction/getuserpermissions' | 
14:58:22.605 | Info | '/transaction/getdonationmethods' | 
14:58:22.615 | Info | '/transaction/getuserpermissions' | 
14:58:22.607 | Info | '/transaction/getarea' | 
14:58:22.608 | Info | '/transaction/getdonationtypes' | 
14:58:22.621 | Info | '/transaction/getdonationmethods' | 
14:58:22.623 | Info | '/transaction/getarea' | 
14:58:22.625 | Info | '/transaction/getdonationtypes' | 
14:58:43.220 | Info | '/transaction/getuserpermissions' | 
14:58:43.223 | Info | '/transaction/getarea' | 
14:58:43.225 | Info | '/transaction/getdonationtypes' | 
14:58:43.231 | Info | '/transaction/getdonationmethods' | 
14:58:43.244 | Info | '/transaction/getuserpermissions' | 
14:58:43.246 | Info | '/transaction/getarea' | 
14:58:43.248 | Info | '/transaction/getdonationtypes' | 
14:58:43.252 | Info | '/transaction/getdonationmethods' | 
14:58:55.380 | Info | '/transaction/getuserpermissions' | 
14:58:55.384 | Info | '/transaction/getarea' | 
14:58:55.387 | Info | '/transaction/getdonationtypes' | 
14:58:55.390 | Info | '/transaction/getdonationmethods' | 
14:58:55.396 | Info | '/transaction/getuserpermissions' | 
14:58:55.402 | Info | '/transaction/getarea' | 
14:58:55.404 | Info | '/transaction/getdonationtypes' | 
14:58:55.409 | Info | '/transaction/getdonationmethods' | 
14:59:21.830 | Info | '/transaction/getuserpermissions' | 
14:59:21.842 | Info | '/transaction/getarea' | 
14:59:21.844 | Info | '/transaction/getdonationtypes' | 
14:59:21.846 | Info | '/transaction/getdonationmethods' | 
14:59:21.848 | Info | '/transaction/getuserpermissions' | 
14:59:21.863 | Info | '/transaction/getarea' | 
14:59:21.865 | Info | '/transaction/getdonationtypes' | 
14:59:21.867 | Info | '/transaction/getdonationmethods' | 
14:59:33.853 | Info | '/transaction/getuserpermissions' | 
14:59:33.861 | Info | '/transaction/getarea' | 
14:59:33.863 | Info | '/transaction/getdonationtypes' | 
14:59:33.864 | Info | '/transaction/getdonationmethods' | 
14:59:33.866 | Info | '/transaction/getuserpermissions' | 
14:59:33.872 | Info | '/transaction/getarea' | 
14:59:33.878 | Info | '/transaction/getdonationtypes' | 
14:59:33.880 | Info | '/transaction/getdonationmethods' | 
14:59:54.086 | Info | '/transaction/getuserpermissions' | 
14:59:54.095 | Info | '/transaction/getarea' | 
14:59:54.097 | Info | '/transaction/getuserpermissions' | 
14:59:54.098 | Info | '/transaction/getdonationtypes' | 
14:59:54.102 | Info | '/transaction/getdonationmethods' | 
14:59:54.104 | Info | '/transaction/getarea' | 
14:59:54.108 | Info | '/transaction/getdonationtypes' | 
14:59:54.110 | Info | '/transaction/getdonationmethods' | 
15:00:07.585 | Info | '/transaction/getuserpermissions' | 
15:00:07.589 | Info | '/transaction/getuserpermissions' | 
15:00:07.591 | Info | '/transaction/getarea' | 
15:00:07.594 | Info | '/transaction/getdonationtypes' | 
15:00:07.596 | Info | '/transaction/getdonationmethods' | 
15:00:07.600 | Info | '/transaction/getarea' | 
15:00:07.602 | Info | '/transaction/getdonationtypes' | 
15:00:07.604 | Info | '/transaction/getdonationmethods' | 
15:00:18.828 | Info | '/transaction/getuserpermissions' | 
15:00:18.843 | Info | '/transaction/getuserpermissions' | 
15:00:18.845 | Info | '/transaction/getarea' | 
15:00:18.846 | Info | '/transaction/getdonationtypes' | 
15:00:18.849 | Info | '/transaction/getdonationmethods' | 
15:00:18.859 | Info | '/transaction/getarea' | 
15:00:18.861 | Info | '/transaction/getdonationtypes' | 
15:00:18.864 | Info | '/transaction/getdonationmethods' | 
15:00:25.212 | Info | '/transaction/getuserpermissions' | 
15:00:25.224 | Info | '/transaction/getarea' | 
15:00:25.227 | Info | '/transaction/getdonationtypes' | 
15:00:25.229 | Info | '/transaction/getuserpermissions' | 
15:00:25.231 | Info | '/transaction/getdonationmethods' | 
15:00:25.238 | Info | '/transaction/getarea' | 
15:00:25.242 | Info | '/transaction/getdonationmethods' | 
15:00:25.250 | Info | '/transaction/getdonationtypes' | 
15:00:31.315 | Info | '/transaction/getdonationpurpose' | 
15:00:32.369 | Info | '/transaction/getdonationpurpose' | 
15:00:47.382 | Info | '/transaction/getdonationpurpose' | 
15:00:48.223 | Info | '/transaction/getdonationpurpose' | 
15:00:54.552 | Info | '/transaction/getdonationpurpose' | 
15:00:55.094 | Info | '/transaction/getdonationpurpose' | 
15:01:20.036 | Info | '/transaction/getuserpermissions' | 
15:01:20.044 | Info | '/transaction/getarea' | 
15:01:20.046 | Info | '/transaction/getdonationtypes' | 
15:01:20.048 | Info | '/transaction/getuserpermissions' | 
15:01:20.050 | Info | '/transaction/getdonationmethods' | 
15:01:20.054 | Info | '/transaction/getarea' | 
15:01:20.057 | Info | '/transaction/getdonationtypes' | 
15:01:20.062 | Info | '/transaction/getdonationmethods' | 
15:01:29.246 | Info | '/transaction/getuserpermissions' | 
15:01:29.255 | Info | '/transaction/getarea' | 
15:01:29.257 | Info | '/transaction/getuserpermissions' | 
15:01:29.263 | Info | '/transaction/getdonationtypes' | 
15:01:29.268 | Info | '/transaction/getarea' | 
15:01:29.270 | Info | '/transaction/getdonationmethods' | 
15:01:29.273 | Info | '/transaction/getdonationtypes' | 
15:01:29.281 | Info | '/transaction/getdonationmethods' | 
15:01:52.681 | Info | '/transaction/getuserpermissions' | 
15:01:52.688 | Info | '/transaction/getarea' | 
15:01:52.691 | Info | '/transaction/getdonationtypes' | 
15:01:52.693 | Info | '/transaction/getuserpermissions' | 
15:01:52.695 | Info | '/transaction/getdonationmethods' | 
15:01:52.699 | Info | '/transaction/getarea' | 
15:01:52.702 | Info | '/transaction/getdonationtypes' | 
15:01:52.706 | Info | '/transaction/getdonationmethods' | 
15:02:34.969 | Info | '/transaction/getuserpermissions' | 
15:02:34.975 | Info | '/transaction/getuserpermissions' | 
15:02:34.979 | Info | '/transaction/getarea' | 
15:02:34.997 | Info | '/transaction/getdonationtypes' | 
15:02:35.010 | Info | '/transaction/getdonationmethods' | 
15:02:35.019 | Info | '/transaction/getarea' | 
15:02:35.025 | Info | '/transaction/getdonationtypes' | 
15:02:35.031 | Info | '/transaction/getdonationmethods' | 
15:22:22.171 | Info | '/api/user/login' | 
15:22:22.607 | Info | '/transaction/getuserpermissions' | 
15:22:22.617 | Info | '/dashboard' | 
15:22:22.681 | Info | '/transaction/getuserpermissions' | 
15:22:22.698 | Info | '/dashboard' | 
15:22:27.817 | Info | '/transaction/getarea' | 
15:22:27.822 | Info | '/transaction/getdonationtypes' | 
15:22:27.827 | Info | '/transaction/getdonationmethods' | 
15:22:27.842 | Info | '/transaction/getarea' | 
15:22:27.850 | Info | '/transaction/getdonationtypes' | 
15:22:27.852 | Info | '/transaction/getdonationmethods' | 
15:22:30.645 | Info | '/transaction/getdonationpurpose' | 
15:22:31.317 | Info | '/transaction/getdonationpurpose' | 
15:26:28.016 | Info | '/transaction/getuserpermissions' | 
15:26:28.020 | Info | '/transaction/getuserpermissions' | 
15:26:32.204 | Info | '/api/user/login' | 
15:26:32.326 | Info | '/transaction/getuserpermissions' | 
15:26:32.331 | Info | '/transaction/getuserpermissions' | 
15:26:32.335 | Info | '/dashboard' | 
15:26:32.343 | Info | '/dashboard' | 
15:26:36.117 | Info | '/transaction/getarea' | 
15:26:36.119 | Info | '/transaction/getdonationtypes' | 
15:26:36.122 | Info | '/transaction/getdonationmethods' | 
15:26:36.126 | Info | '/transaction/getarea' | 
15:26:36.129 | Info | '/transaction/getdonationtypes' | 
15:26:36.132 | Info | '/transaction/getdonationmethods' | 
15:26:38.664 | Info | '/transaction/getdonationpurpose' | 
15:26:39.455 | Info | '/transaction/getdonationpurpose' | 
15:30:13.382 | Info | '/transaction/getuserpermissions' | 
15:30:13.386 | Info | '/transaction/getuserpermissions' | 
15:30:17.806 | Info | '/api/user/login' | 
15:30:17.928 | Info | '/transaction/getuserpermissions' | 
15:30:17.937 | Info | '/dashboard' | 
15:30:17.934 | Info | '/transaction/getuserpermissions' | 
15:30:17.947 | Info | '/dashboard' | 
15:30:21.097 | Info | '/transaction/getarea' | 
15:30:21.099 | Info | '/transaction/getdonationtypes' | 
15:30:21.101 | Info | '/transaction/getdonationmethods' | 
15:30:21.105 | Info | '/transaction/getarea' | 
15:30:21.108 | Info | '/transaction/getdonationtypes' | 
15:30:21.110 | Info | '/transaction/getdonationmethods' | 
15:30:28.347 | Info | '/transaction/getdonationpurpose' | 
15:30:28.974 | Info | '/transaction/getdonationpurpose' | 
15:30:29.837 | Info | '/transaction/getdonationpurpose' | 
15:30:30.567 | Info | '/transaction/getdonationpurpose' | 
15:30:31.107 | Info | '/transaction/getdonationpurpose' | 
15:30:32.526 | Info | '/transaction/getdonationpurpose' | 
15:30:34.406 | Info | '/transaction/getdonationpurpose' | 
15:30:36.268 | Info | '/transaction/getdonationpurpose' | 
15:30:36.732 | Info | '/transaction/getdonationpurpose' | 
15:30:37.982 | Info | '/transaction/getdonationpurpose' | 
15:30:38.454 | Info | '/transaction/getdonationpurpose' | 
15:30:39.116 | Info | '/transaction/getdonationpurpose' | 
15:30:54.964 | Info | '/transaction/getuserpermissions' | 
15:30:54.972 | Info | '/transaction/getuserpermissions' | 
15:30:59.144 | Info | '/api/user/login' | 
15:30:59.270 | Info | '/transaction/getuserpermissions' | 
15:30:59.275 | Info | '/dashboard' | 
15:30:59.277 | Info | '/transaction/getuserpermissions' | 
15:30:59.282 | Info | '/dashboard' | 
15:31:01.925 | Info | '/transaction/getarea' | 
15:31:01.927 | Info | '/transaction/getdonationtypes' | 
15:31:01.928 | Info | '/transaction/getdonationmethods' | 
15:31:01.933 | Info | '/transaction/getarea' | 
15:31:01.936 | Info | '/transaction/getdonationtypes' | 
15:31:01.938 | Info | '/transaction/getdonationmethods' | 
15:31:04.623 | Info | '/transaction/getdonationpurpose' | 
15:31:05.159 | Info | '/transaction/getdonationpurpose' | 
15:31:05.730 | Info | '/transaction/getdonationpurpose' | 
15:31:06.211 | Info | '/transaction/getdonationpurpose' | 
15:31:46.748 | Info | '/transaction/getdonationpurpose' | 
15:31:47.738 | Info | '/transaction/getdonationpurpose' | 
15:32:41.891 | Info | '/transaction/getuserpermissions' | 
15:32:41.901 | Info | '/transaction/getuserpermissions' | 
15:32:47.560 | Info | '/api/user/login' | 
15:32:47.690 | Info | '/transaction/getuserpermissions' | 
15:32:47.691 | Info | '/dashboard' | 
15:32:47.696 | Info | '/transaction/getuserpermissions' | 
15:32:47.700 | Info | '/dashboard' | 
15:32:51.249 | Info | '/transaction/getarea' | 
15:32:51.256 | Info | '/transaction/getdonationtypes' | 
15:32:51.259 | Info | '/transaction/getdonationmethods' | 
15:32:51.261 | Info | '/transaction/getarea' | 
15:32:51.266 | Info | '/transaction/getdonationtypes' | 
15:32:51.270 | Info | '/transaction/getdonationmethods' | 
15:32:54.071 | Info | '/transaction/getdonationpurpose' | 
15:32:54.707 | Info | '/transaction/getdonationpurpose' | 
15:32:57.111 | Info | '/transaction/getdonationpurpose' | 
15:32:57.600 | Info | '/transaction/getdonationpurpose' | 
15:33:14.053 | Info | '/transaction/newdonation' | 
