10:04:10.144 | Info | '/transaction/getuserpermissions' | 
10:04:12.013 | Info | '/transaction/getuserpermissions' | 
10:04:18.688 | Info | '/api/user/login' | 
10:07:56.781 | Info | '/api/user/login' | 
10:07:57.080 | Info | '/transaction/getuserpermissions' | 
10:07:57.200 | Info | '/transaction/getuserpermissions' | 
10:08:02.089 | Info | '/transaction/getchannel' | 
10:08:02.327 | Info | '/transaction/getchannel' | 
10:08:02.551 | Info | '/transaction/getarea' | 
10:08:02.609 | Info | '/transaction/getarea' | 
10:08:02.933 | Info | '/transaction/getchannel' | 
10:08:02.937 | Info | '/transaction/getchannel' | 
10:08:03.323 | Info | '/transaction/getcenters' | 
10:08:03.490 | Info | '/transaction/getcenters' | 
10:08:03.680 | Info | '/transaction/getpermissions' | 
10:08:03.685 | Info | '/transaction/getuserroles' | 
10:08:03.724 | Info | '/transaction/getuserroles' | 
10:08:03.772 | Info | '/transaction/getpermissions' | 
10:08:04.915 | Info | '/transaction/getcenters' | 
10:08:04.920 | Info | '/transaction/getcenters' | 
10:08:05.331 | Info | '/transaction/getchannel' | 
10:08:05.334 | Info | '/transaction/getchannel' | 
10:08:05.695 | Info | '/transaction/getarea' | 
10:08:05.699 | Info | '/transaction/getarea' | 
10:08:06.223 | Info | '/transaction/getchannel' | 
10:08:06.230 | Info | '/transaction/getchannel' | 
10:08:06.588 | Info | '/transaction/getcenters' | 
10:08:06.592 | Info | '/transaction/getcenters' | 
10:08:07.163 | Info | '/transaction/getpermissions' | 
10:08:07.165 | Info | '/transaction/getuserroles' | 
10:08:07.170 | Info | '/transaction/getpermissions' | 
10:08:07.172 | Info | '/transaction/getuserroles' | 
10:08:07.526 | Info | '/transaction/getcenters' | 
10:08:07.527 | Info | '/transaction/getuserroles' | 
10:08:07.533 | Info | '/transaction/getchannel' | 
10:08:07.536 | Info | '/transaction/getcenters' | 
10:08:07.540 | Info | '/transaction/getusers' | 
10:08:07.564 | Info | '/transaction/getuserroles' | 
10:08:07.569 | Info | '/transaction/getchannel' | 
10:08:07.577 | Info | '/transaction/getusers' | 
10:09:00.904 | Info | '/transaction/getuserpermissions' | 
10:09:00.912 | Info | '/transaction/getuserpermissions' | 
10:09:06.714 | Info | '/api/user/login' | 
10:09:06.867 | Info | '/transaction/getuserpermissions' | 
10:09:06.872 | Info | '/transaction/getuserpermissions' | 
10:09:46.612 | Info | '/transaction/getpermissions' | 
10:09:46.613 | Info | '/transaction/getuserroles' | 
10:09:46.617 | Info | '/transaction/getpermissions' | 
10:09:46.619 | Info | '/transaction/getuserroles' | 
10:09:47.029 | Info | '/transaction/getuserroles' | 
10:09:47.034 | Info | '/transaction/getchannel' | 
10:09:47.039 | Info | '/transaction/getcenters' | 
10:09:47.041 | Info | '/transaction/getusers' | 
10:09:47.043 | Info | '/transaction/getuserroles' | 
10:09:47.045 | Info | '/transaction/getchannel' | 
10:09:47.053 | Info | '/transaction/getcenters' | 
10:09:47.055 | Info | '/transaction/getusers' | 
10:09:47.489 | Info | '/transaction/getcenters' | 
10:09:47.492 | Info | '/transaction/getcenters' | 
10:09:47.796 | Info | '/transaction/getchannel' | 
10:09:47.800 | Info | '/transaction/getchannel' | 
10:12:09.644 | Info | '/transaction/getcenters' | 
10:12:09.651 | Info | '/transaction/getcenters' | 
10:12:10.101 | Info | '/transaction/getpermissions' | 
10:12:10.104 | Info | '/transaction/getuserroles' | 
10:12:10.109 | Info | '/transaction/getpermissions' | 
10:12:10.111 | Info | '/transaction/getuserroles' | 
10:12:10.625 | Info | '/transaction/getcenters' | 
10:12:10.630 | Info | '/transaction/getuserroles' | 
10:12:10.634 | Info | '/transaction/getcenters' | 
10:12:10.637 | Info | '/transaction/getchannel' | 
10:12:10.642 | Info | '/transaction/getusers' | 
10:12:10.644 | Info | '/transaction/getuserroles' | 
10:12:10.652 | Info | '/transaction/getchannel' | 
10:12:10.653 | Info | '/transaction/getusers' | 
10:12:14.481 | Info | '/transaction/getpermissions' | 
10:12:14.483 | Info | '/transaction/getuserroles' | 
10:12:14.486 | Info | '/transaction/getpermissions' | 
10:12:14.489 | Info | '/transaction/getuserroles' | 
10:12:14.913 | Info | '/transaction/getcenters' | 
10:12:14.916 | Info | '/transaction/getcenters' | 
10:12:15.595 | Info | '/transaction/getarea' | 
10:12:15.598 | Info | '/transaction/getarea' | 
10:14:32.309 | Info | '/transaction/getuserpermissions' | 
10:14:32.316 | Info | '/transaction/getuserpermissions' | 
10:14:32.317 | Info | '/transaction/getarea' | 
10:14:32.323 | Info | '/transaction/getarea' | 
10:14:37.119 | Info | '/transaction/getuserpermissions' | 
10:14:37.121 | Info | '/transaction/getarea' | 
10:14:37.125 | Info | '/transaction/getuserpermissions' | 
10:14:37.127 | Info | '/transaction/getarea' | 
10:15:07.121 | Info | '/transaction/getuserpermissions' | 
10:15:07.124 | Info | '/transaction/getarea' | 
10:15:07.127 | Info | '/transaction/getuserpermissions' | 
10:15:07.130 | Info | '/transaction/getarea' | 
10:15:14.133 | Info | '/transaction/getuserpermissions' | 
10:15:14.142 | Info | '/transaction/getuserpermissions' | 
10:15:14.170 | Info | '/transaction/getarea' | 
10:15:14.198 | Info | '/transaction/getarea' | 
10:15:30.180 | Info | '/transaction/getuserpermissions' | 
10:15:30.184 | Info | '/transaction/getarea' | 
10:15:30.186 | Info | '/transaction/getuserpermissions' | 
10:15:30.189 | Info | '/transaction/getarea' | 
10:17:46.130 | Info | '/transaction/getuserpermissions' | 
10:17:46.136 | Info | '/transaction/getuserpermissions' | 
10:17:51.111 | Info | '/api/user/login' | 
10:17:51.231 | Info | '/transaction/getuserpermissions' | 
10:17:51.236 | Info | '/transaction/getuserpermissions' | 
10:19:15.624 | Info | '/transaction/getuserpermissions' | 
10:19:15.631 | Info | '/transaction/getuserpermissions' | 
10:19:19.694 | Info | '/api/user/login' | 
10:19:19.786 | Info | '/transaction/getuserpermissions' | 
10:19:19.790 | Info | '/transaction/getuserpermissions' | 
10:20:16.127 | Info | '/transaction/getuserpermissions' | 
10:20:16.131 | Info | '/transaction/getuserpermissions' | 
10:20:21.170 | Info | '/transaction/getuserpermissions' | 
10:20:21.172 | Info | '/transaction/getpermissions' | 
10:20:21.175 | Info | '/transaction/getuserroles' | 
10:20:21.177 | Info | '/transaction/getuserpermissions' | 
10:20:21.181 | Info | '/transaction/getuserroles' | 
10:20:21.186 | Info | '/transaction/getpermissions' | 
10:20:29.127 | Info | '/transaction/getuserpermissions' | 
10:20:29.129 | Info | '/transaction/getarea' | 
10:20:29.133 | Info | '/transaction/getuserpermissions' | 
10:20:29.142 | Info | '/transaction/getarea' | 
10:20:48.009 | Info | '/transaction/getuserpermissions' | 
10:20:48.011 | Info | '/transaction/getarea' | 
10:20:48.018 | Info | '/transaction/getarea' | 
10:20:48.020 | Info | '/transaction/getuserpermissions' | 
10:20:49.175 | Info | '/transaction/getuserpermissions' | 
10:20:49.179 | Info | '/transaction/getuserpermissions' | 
10:20:49.314 | Info | '/transaction/getarea' | 
10:20:49.317 | Info | '/transaction/getarea' | 
10:21:48.125 | Info | '/transaction/getarea' | 
10:21:48.129 | Info | '/transaction/getarea' | 
10:22:10.069 | Info | '/transaction/getuserpermissions' | 
10:22:10.073 | Info | '/transaction/getuserpermissions' | 
10:22:10.179 | Info | '/transaction/getarea' | 
10:22:10.183 | Info | '/transaction/getarea' | 
10:23:27.773 | Info | '/transaction/getuserpermissions' | 
10:23:27.777 | Info | '/transaction/getuserpermissions' | 
10:23:27.892 | Info | '/transaction/getarea' | 
10:23:27.897 | Info | '/transaction/getarea' | 
10:39:09.233 | Info | '/transaction/getdonationtypes' | 
10:39:09.498 | Info | '/transaction/getdonationtypes' | 
10:39:13.090 | Info | '/transaction/getdonationtypes' | 
10:39:13.095 | Info | '/transaction/getdonationtypes' | 
10:39:43.101 | Info | '/transaction/getdonationtypes' | 
10:39:43.186 | Info | '/transaction/getdonationtypes' | 
10:39:51.130 | Info | '/transaction/getdonationtypes' | 
10:39:51.136 | Info | '/transaction/getdonationtypes' | 
10:39:56.130 | Info | '/transaction/getdonationtypes' | 
10:39:56.145 | Info | '/transaction/getdonationtypes' | 
10:40:08.088 | Info | '/transaction/getdonationtypes' | 
10:40:08.091 | Info | '/transaction/getdonationtypes' | 
10:40:25.142 | Info | '/transaction/getdonationtypes' | 
10:40:25.246 | Info | '/transaction/getdonationtypes' | 
10:40:32.102 | Info | '/transaction/getdonationtypes' | 
10:40:32.107 | Info | '/transaction/getdonationtypes' | 
10:40:59.089 | Info | '/transaction/getdonationtypes' | 
10:40:59.091 | Info | '/transaction/getdonationtypes' | 
10:41:15.785 | Info | '/transaction/getuserpermissions' | 
10:41:15.800 | Info | '/transaction/getuserpermissions' | 
10:41:15.930 | Info | '/transaction/getdonationtypes' | 
10:41:15.935 | Info | '/transaction/getdonationtypes' | 
10:44:37.946 | Info | '/transaction/getuserpermissions' | 
10:44:37.950 | Info | '/transaction/getuserpermissions' | 
10:44:38.055 | Info | '/transaction/getdonationtypes' | 
10:44:38.058 | Info | '/transaction/getdonationtypes' | 
10:44:52.502 | Info | '/transaction/getuserpermissions' | 
10:44:52.732 | Info | '/transaction/getuserpermissions' | 
10:44:52.818 | Info | '/transaction/getdonationtypes' | 
10:44:52.870 | Info | '/transaction/getdonationtypes' | 
10:45:04.993 | Info | '/transaction/createdonationtypes' | 
10:45:08.096 | Info | '/transaction/getuserpermissions' | 
10:45:08.101 | Info | '/transaction/getuserpermissions' | 
10:45:08.210 | Info | '/transaction/getdonationtypes' | 
10:45:08.214 | Info | '/transaction/getdonationtypes' | 
10:45:32.107 | Info | '/transaction/getdonationtypes' | 
10:45:32.111 | Info | '/transaction/getdonationtypes' | 
10:45:32.116 | Info | '/transaction/getdonationtypes' | 
10:45:32.120 | Info | '/transaction/getdonationtypes' | 
10:45:34.728 | Info | '/transaction/getuserpermissions' | 
10:45:34.732 | Info | '/transaction/getuserpermissions' | 
10:45:34.827 | Info | '/transaction/getdonationtypes' | 
10:45:34.830 | Info | '/transaction/getdonationtypes' | 
10:45:38.387 | Info | '/transaction/getuserpermissions' | 
10:45:38.391 | Info | '/transaction/getuserpermissions' | 
10:45:38.483 | Info | '/transaction/getdonationtypes' | 
10:45:38.487 | Info | '/transaction/getdonationtypes' | 
10:45:47.225 | Info | '/transaction/createdonationtypes' | 
10:45:47.377 | Info | '/transaction/getdonationtypes' | 
10:55:03.164 | Info | '/transaction/getuserpermissions' | 
10:55:03.169 | Info | '/transaction/getuserpermissions' | 
10:55:03.171 | Info | '/transaction/getdonationtypes' | 
10:55:03.176 | Info | '/transaction/getdonationtypes' | 
10:55:44.147 | Info | '/transaction/getuserpermissions' | 
10:55:44.152 | Info | '/transaction/getuserpermissions' | 
10:55:44.154 | Info | '/transaction/getdonationtypes' | 
10:55:44.159 | Info | '/transaction/getdonationtypes' | 
11:00:14.146 | Info | '/transaction/getuserpermissions' | 
11:00:14.148 | Info | '/transaction/getdonationtypes' | 
11:00:14.153 | Info | '/transaction/getuserpermissions' | 
11:00:14.155 | Info | '/transaction/getdonationtypes' | 
11:00:35.110 | Info | '/transaction/getuserpermissions' | 
11:00:35.112 | Info | '/transaction/getdonationtypes' | 
11:00:35.116 | Info | '/transaction/getuserpermissions' | 
11:00:35.119 | Info | '/transaction/getdonationtypes' | 
11:00:41.160 | Info | '/transaction/getuserpermissions' | 
11:00:41.167 | Info | '/transaction/getdonationtypes' | 
11:00:41.170 | Info | '/transaction/getuserpermissions' | 
11:00:41.175 | Info | '/transaction/getdonationtypes' | 
11:00:45.467 | Info | '/transaction/getuserpermissions' | 
11:00:45.471 | Info | '/transaction/getuserpermissions' | 
11:00:45.573 | Info | '/transaction/getdonationtypes' | 
11:00:45.576 | Info | '/transaction/getdonationtypes' | 
11:01:40.647 | Info | '/transaction/getuserpermissions' | 
11:01:40.651 | Info | '/transaction/getuserpermissions' | 
11:01:40.799 | Info | '/transaction/getdonationtypes' | 
11:01:40.803 | Info | '/transaction/getdonationtypes' | 
11:01:40.806 | Info | '/transaction/getdonationtypes' | 
11:01:40.810 | Info | '/transaction/getdonationtypes' | 
11:01:58.138 | Info | '/transaction/getuserpermissions' | 
11:01:58.140 | Info | '/transaction/getdonationtypes' | 
11:01:58.144 | Info | '/transaction/getuserpermissions' | 
11:01:58.147 | Info | '/transaction/getdonationtypes' | 
11:01:59.950 | Info | '/transaction/getuserpermissions' | 
11:01:59.954 | Info | '/transaction/getuserpermissions' | 
11:02:00.075 | Info | '/transaction/getdonationtypes' | 
11:02:00.078 | Info | '/transaction/getdonationtypes' | 
11:02:04.828 | Info | '/transaction/getuserpermissions' | 
11:02:04.831 | Info | '/transaction/getuserpermissions' | 
11:02:04.926 | Info | '/transaction/getdonationtypes' | 
11:02:04.929 | Info | '/transaction/getdonationtypes' | 
11:02:38.146 | Info | '/transaction/getuserpermissions' | 
11:02:38.148 | Info | '/transaction/getdonationtypes' | 
11:02:38.151 | Info | '/transaction/getuserpermissions' | 
11:02:38.153 | Info | '/transaction/getdonationtypes' | 
11:02:40.698 | Info | '/transaction/getuserpermissions' | 
11:02:40.703 | Info | '/transaction/getuserpermissions' | 
11:02:40.802 | Info | '/transaction/getdonationtypes' | 
11:02:40.806 | Info | '/transaction/getdonationtypes' | 
11:02:53.169 | Info | '/transaction/getuserpermissions' | 
11:02:53.172 | Info | '/transaction/getdonationtypes' | 
11:02:53.175 | Info | '/transaction/getuserpermissions' | 
11:02:53.177 | Info | '/transaction/getdonationtypes' | 
11:02:55.114 | Info | '/transaction/getuserpermissions' | 
11:02:55.157 | Info | '/transaction/getuserpermissions' | 
11:02:55.316 | Info | '/transaction/getdonationtypes' | 
11:02:55.320 | Info | '/transaction/getdonationtypes' | 
11:02:56.962 | Info | '/transaction/getdonationtypes' | 
11:02:56.965 | Info | '/transaction/getdonationtypes' | 
11:03:31.188 | Info | '/transaction/getdonationtypes' | 
11:03:31.216 | Info | '/transaction/getdonationtypes' | 
11:03:32.349 | Info | '/transaction/getuserpermissions' | 
11:03:32.356 | Info | '/transaction/getuserpermissions' | 
11:03:32.464 | Info | '/transaction/getdonationtypes' | 
11:03:32.468 | Info | '/transaction/getdonationtypes' | 
11:06:29.206 | Info | '/transaction/getuserpermissions' | 
11:06:29.209 | Info | '/transaction/getuserpermissions' | 
11:06:29.327 | Info | '/transaction/getdonationtypes' | 
11:06:29.330 | Info | '/transaction/getdonationtypes' | 
11:17:41.156 | Info | '/transaction/getdonationmethods' | 
11:17:41.373 | Info | '/transaction/getdonationmethods' | 
11:17:49.104 | Info | '/transaction/getdonationmethods' | 
11:17:49.109 | Info | '/transaction/getdonationmethods' | 
11:17:53.133 | Info | '/transaction/getdonationmethods' | 
11:17:53.138 | Info | '/transaction/getdonationmethods' | 
11:18:19.191 | Info | '/transaction/getdonationmethods' | 
11:18:19.198 | Info | '/transaction/getdonationmethods' | 
11:19:07.184 | Info | '/transaction/getuserpermissions' | 
11:19:07.196 | Info | '/transaction/getuserpermissions' | 
11:19:07.296 | Info | '/transaction/getdonationmethods' | 
11:19:07.300 | Info | '/transaction/getdonationmethods' | 
11:19:15.180 | Info | '/transaction/createdonationmethods' | 
11:19:15.286 | Info | '/transaction/getdonationmethods' | 
11:19:32.829 | Info | '/transaction/getcenters' | 
11:19:32.840 | Info | '/transaction/getcenters' | 
11:19:33.198 | Info | '/transaction/getcenters' | 
11:19:33.204 | Info | '/transaction/getchannel' | 
11:19:33.255 | Info | '/transaction/getcenters' | 
11:19:33.258 | Info | '/transaction/getuserroles' | 
11:19:33.262 | Info | '/transaction/getusers' | 
11:19:33.279 | Info | '/transaction/getchannel' | 
11:19:33.281 | Info | '/transaction/getuserroles' | 
11:19:33.282 | Info | '/transaction/getusers' | 
11:19:34.002 | Info | '/transaction/getchannel' | 
11:19:34.007 | Info | '/transaction/getchannel' | 
11:19:35.374 | Info | '/transaction/getarea' | 
11:19:35.384 | Info | '/transaction/getarea' | 
11:19:35.735 | Info | '/transaction/getdonationtypes' | 
11:19:35.745 | Info | '/transaction/getdonationtypes' | 
11:19:36.797 | Info | '/transaction/getchannel' | 
11:19:36.801 | Info | '/transaction/getchannel' | 
11:19:37.271 | Info | '/transaction/getcenters' | 
11:19:37.275 | Info | '/transaction/getcenters' | 
11:19:37.601 | Info | '/transaction/getuserroles' | 
11:19:37.605 | Info | '/transaction/getpermissions' | 
11:19:37.609 | Info | '/transaction/getuserroles' | 
11:19:37.613 | Info | '/transaction/getpermissions' | 
11:19:40.364 | Info | '/transaction/getcenters' | 
11:19:40.368 | Info | '/transaction/getcenters' | 
11:19:40.680 | Info | '/transaction/getarea' | 
11:19:40.683 | Info | '/transaction/getarea' | 
11:19:40.989 | Info | '/transaction/getdonationmethods' | 
11:19:40.993 | Info | '/transaction/getdonationmethods' | 
11:19:53.810 | Info | '/transaction/getpermissions' | 
11:19:53.811 | Info | '/transaction/getuserroles' | 
11:19:53.818 | Info | '/transaction/getpermissions' | 
11:19:53.820 | Info | '/transaction/getuserroles' | 
11:19:55.640 | Info | '/transaction/getuserroles' | 
11:19:55.642 | Info | '/transaction/getchannel' | 
11:19:55.649 | Info | '/transaction/getcenters' | 
11:19:55.650 | Info | '/transaction/getusers' | 
11:19:55.653 | Info | '/transaction/getuserroles' | 
11:19:55.656 | Info | '/transaction/getchannel' | 
11:19:55.661 | Info | '/transaction/getcenters' | 
11:19:55.663 | Info | '/transaction/getusers' | 
11:19:56.162 | Info | '/transaction/getcenters' | 
11:19:56.166 | Info | '/transaction/getcenters' | 
11:19:56.687 | Info | '/transaction/getchannel' | 
11:19:56.691 | Info | '/transaction/getchannel' | 
11:21:05.793 | Info | '/transaction/getuserpermissions' | 
11:21:05.798 | Info | '/transaction/getchannel' | 
11:21:05.799 | Info | '/transaction/getuserpermissions' | 
11:21:05.803 | Info | '/transaction/getchannel' | 
11:21:17.617 | Info | '/transaction/getcenters' | 
11:21:17.621 | Info | '/transaction/getcenters' | 
11:21:18.052 | Info | '/transaction/getpermissions' | 
11:21:18.053 | Info | '/transaction/getuserroles' | 
11:21:18.060 | Info | '/transaction/getpermissions' | 
11:21:18.062 | Info | '/transaction/getuserroles' | 
11:21:18.650 | Info | '/transaction/getcenters' | 
11:21:18.656 | Info | '/transaction/getuserroles' | 
11:21:18.659 | Info | '/transaction/getchannel' | 
11:21:18.662 | Info | '/transaction/getcenters' | 
11:21:18.664 | Info | '/transaction/getusers' | 
11:21:18.666 | Info | '/transaction/getuserroles' | 
11:21:18.669 | Info | '/transaction/getchannel' | 
11:21:18.676 | Info | '/transaction/getusers' | 
11:21:20.757 | Info | '/transaction/getpermissions' | 
11:21:20.759 | Info | '/transaction/getuserroles' | 
11:21:20.763 | Info | '/transaction/getpermissions' | 
11:21:20.765 | Info | '/transaction/getuserroles' | 
11:21:21.725 | Info | '/transaction/getchannel' | 
11:21:21.727 | Info | '/transaction/getcenters' | 
11:21:21.729 | Info | '/transaction/getuserroles' | 
11:21:21.731 | Info | '/transaction/getusers' | 
11:21:21.735 | Info | '/transaction/getchannel' | 
11:21:21.739 | Info | '/transaction/getcenters' | 
11:21:21.741 | Info | '/transaction/getuserroles' | 
11:21:21.743 | Info | '/transaction/getusers' | 
11:21:22.327 | Info | '/transaction/getpermissions' | 
11:21:22.329 | Info | '/transaction/getuserroles' | 
11:21:22.334 | Info | '/transaction/getpermissions' | 
11:21:22.336 | Info | '/transaction/getuserroles' | 
11:21:25.664 | Info | '/transaction/getdonationmethods' | 
11:21:25.668 | Info | '/transaction/getdonationmethods' | 
11:21:26.110 | Info | '/transaction/getdonationtypes' | 
11:21:26.114 | Info | '/transaction/getdonationtypes' | 
11:21:26.492 | Info | '/transaction/getchannel' | 
11:21:26.495 | Info | '/transaction/getchannel' | 
11:21:26.972 | Info | '/transaction/getcenters' | 
11:21:26.976 | Info | '/transaction/getcenters' | 
11:22:48.394 | Info | '/transaction/getuserpermissions' | 
11:22:48.396 | Info | '/transaction/getcenters' | 
11:22:48.402 | Info | '/transaction/getuserpermissions' | 
11:22:48.403 | Info | '/transaction/getcenters' | 
11:22:56.855 | Info | '/transaction/getchannel' | 
11:22:56.858 | Info | '/transaction/getcenters' | 
11:22:56.860 | Info | '/transaction/getuserroles' | 
11:22:56.862 | Info | '/transaction/getusers' | 
11:22:56.865 | Info | '/transaction/getchannel' | 
11:22:56.871 | Info | '/transaction/getcenters' | 
11:22:56.874 | Info | '/transaction/getuserroles' | 
11:22:56.876 | Info | '/transaction/getusers' | 
11:22:57.241 | Info | '/transaction/getuserroles' | 
11:22:57.243 | Info | '/transaction/getpermissions' | 
11:22:57.248 | Info | '/transaction/getuserroles' | 
11:22:57.249 | Info | '/transaction/getpermissions' | 
11:22:57.863 | Info | '/transaction/getcenters' | 
11:22:57.868 | Info | '/transaction/getcenters' | 
11:22:58.785 | Info | '/transaction/getchannel' | 
11:22:58.788 | Info | '/transaction/getchannel' | 
11:22:59.506 | Info | '/transaction/getarea' | 
11:22:59.510 | Info | '/transaction/getarea' | 
11:22:59.954 | Info | '/transaction/getdonationtypes' | 
11:22:59.957 | Info | '/transaction/getdonationtypes' | 
11:23:00.515 | Info | '/transaction/getdonationmethods' | 
11:23:00.518 | Info | '/transaction/getdonationmethods' | 
11:23:01.499 | Info | '/transaction/getdonationtypes' | 
11:23:01.503 | Info | '/transaction/getdonationtypes' | 
11:23:05.864 | Info | '/transaction/getdonationmethods' | 
11:23:05.867 | Info | '/transaction/getdonationmethods' | 
11:23:07.874 | Info | '/transaction/getcenters' | 
11:23:07.877 | Info | '/transaction/getcenters' | 
11:23:25.242 | Info | '/transaction/getdonationmethods' | 
11:23:25.247 | Info | '/transaction/getdonationmethods' | 
