12:25:52.793 | Info | '/api/user/login' | 
12:27:22.100 | Info | '/api/user/login' | 
12:31:58.872 | Info | '/api/user/login' | 
12:32:23.359 | Info | '/api/user/login' | 
12:33:27.461 | Info | '/api/user/login' | 
12:34:26.934 | Info | '/api/user/login' | 
12:35:05.197 | Info | '/api/user/login' | 
12:35:13.969 | Info | '/api/user/login' | 
12:35:19.512 | Info | '/api/user/login' | 
12:35:24.279 | Info | '/api/user/login' | 
12:35:37.397 | Info | '/api/user/login' | 
12:35:37.625 | Info | '/api/user/login' | 
12:35:37.626 | Info | '/api/user/login' | 
12:35:37.636 | Info | '/api/user/login' | 
12:35:37.640 | Info | '/api/user/login' | 
12:35:44.032 | Info | '/api/user/login' | 
12:35:44.314 | Info | '/api/user/login' | 
12:35:44.812 | Info | '/api/user/login' | 
12:35:45.118 | Info | '/api/user/login' | 
12:35:45.439 | Info | '/api/user/login' | 
12:35:45.745 | Info | '/api/user/login' | 
12:35:46.054 | Info | '/api/user/login' | 
12:35:46.360 | Info | '/api/user/login' | 
12:35:46.702 | Info | '/api/user/login' | 
12:35:47.011 | Info | '/api/user/login' | 
12:35:47.324 | Info | '/api/user/login' | 
12:35:47.649 | Info | '/api/user/login' | 
12:35:47.965 | Info | '/api/user/login' | 
12:35:48.289 | Info | '/api/user/login' | 
12:35:53.568 | Info | '/api/user/login' | 
12:35:55.726 | Info | '/api/user/login' | 
12:36:13.177 | Info | '/api/user/login' | 
12:37:38.545 | Info | '/api/user/login' | 
12:37:41.003 | Info | '/api/user/login' | 
12:37:41.194 | Info | '/transaction/getuserpermissions' | 
12:37:41.287 | Info | '/transaction/getuserpermissions' | 
12:37:44.869 | Info | '/transaction/getarea' | 
12:37:45.165 | Info | '/transaction/getdonationtypes' | 
12:37:45.171 | Info | '/transaction/getdonationmethods' | 
12:37:45.186 | Info | '/transaction/getarea' | 
12:37:45.190 | Info | '/transaction/getdonationtypes' | 
12:37:45.193 | Info | '/transaction/getdonationmethods' | 
12:37:54.205 | Info | '/transaction/getarea' | 
12:37:54.209 | Info | '/transaction/getdonationtypes' | 
12:37:54.212 | Info | '/transaction/getdonationmethods' | 
12:37:54.216 | Info | '/transaction/getarea' | 
12:37:54.223 | Info | '/transaction/getdonationtypes' | 
12:37:54.227 | Info | '/transaction/getdonationmethods' | 
12:39:47.626 | Info | '/transaction/getuserpermissions' | 
12:39:47.636 | Info | '/transaction/getuserpermissions' | 
12:39:47.638 | Info | '/transaction/getdonationtypes' | 
12:39:47.639 | Info | '/transaction/getarea' | 
12:39:47.641 | Info | '/transaction/getdonationmethods' | 
12:39:47.648 | Info | '/transaction/getdonationtypes' | 
12:39:47.651 | Info | '/transaction/getarea' | 
12:39:47.654 | Info | '/transaction/getdonationmethods' | 
12:40:03.189 | Info | '/transaction/getuserpermissions' | 
12:40:03.197 | Info | '/transaction/getarea' | 
12:40:03.199 | Info | '/transaction/getdonationmethods' | 
12:40:03.201 | Info | '/transaction/getuserpermissions' | 
12:40:03.203 | Info | '/transaction/getdonationtypes' | 
12:40:03.207 | Info | '/transaction/getarea' | 
12:40:03.212 | Info | '/transaction/getdonationmethods' | 
12:40:03.215 | Info | '/transaction/getdonationtypes' | 
12:40:58.690 | Info | '/transaction/getuserpermissions' | 
12:40:58.697 | Info | '/transaction/getarea' | 
12:40:58.701 | Info | '/transaction/getdonationtypes' | 
12:40:58.702 | Info | '/transaction/getdonationmethods' | 
12:40:58.704 | Info | '/transaction/getuserpermissions' | 
12:40:58.709 | Info | '/transaction/getarea' | 
12:40:58.712 | Info | '/transaction/getdonationtypes' | 
12:40:58.714 | Info | '/transaction/getdonationmethods' | 
12:41:31.682 | Info | '/transaction/getuserpermissions' | 
12:41:31.684 | Info | '/transaction/getarea' | 
12:41:31.687 | Info | '/transaction/getdonationtypes' | 
12:41:31.689 | Info | '/transaction/getdonationmethods' | 
12:41:31.692 | Info | '/transaction/getuserpermissions' | 
12:41:31.698 | Info | '/transaction/getarea' | 
12:41:31.701 | Info | '/transaction/getdonationtypes' | 
12:41:31.704 | Info | '/transaction/getdonationmethods' | 
12:41:45.013 | Info | '/transaction/getuserpermissions' | 
12:41:45.019 | Info | '/transaction/getarea' | 
12:41:45.021 | Info | '/transaction/getdonationtypes' | 
12:41:45.024 | Info | '/transaction/getuserpermissions' | 
12:41:45.023 | Info | '/transaction/getdonationmethods' | 
12:41:45.031 | Info | '/transaction/getarea' | 
12:41:45.033 | Info | '/transaction/getdonationtypes' | 
12:41:45.035 | Info | '/transaction/getdonationmethods' | 
12:41:56.634 | Info | '/transaction/getuserpermissions' | 
12:41:56.639 | Info | '/transaction/getarea' | 
12:41:56.645 | Info | '/transaction/getdonationmethods' | 
12:41:56.643 | Info | '/transaction/getdonationtypes' | 
12:41:56.648 | Info | '/transaction/getuserpermissions' | 
12:41:56.652 | Info | '/transaction/getarea' | 
12:41:56.658 | Info | '/transaction/getdonationtypes' | 
12:41:56.663 | Info | '/transaction/getdonationmethods' | 
12:42:38.296 | Info | '/transaction/getuserpermissions' | 
12:42:38.303 | Info | '/transaction/getarea' | 
12:42:38.306 | Info | '/transaction/getdonationtypes' | 
12:42:38.308 | Info | '/transaction/getdonationmethods' | 
12:42:38.310 | Info | '/transaction/getuserpermissions' | 
12:42:38.316 | Info | '/transaction/getarea' | 
12:42:38.321 | Info | '/transaction/getdonationtypes' | 
12:42:38.324 | Info | '/transaction/getdonationmethods' | 
12:42:53.874 | Info | '/transaction/getuserpermissions' | 
12:42:53.876 | Info | '/transaction/getarea' | 
12:42:53.878 | Info | '/transaction/getdonationtypes' | 
12:42:53.880 | Info | '/transaction/getdonationmethods' | 
12:42:53.887 | Info | '/transaction/getuserpermissions' | 
12:42:53.889 | Info | '/transaction/getarea' | 
12:42:53.892 | Info | '/transaction/getdonationtypes' | 
12:42:53.894 | Info | '/transaction/getdonationmethods' | 
12:44:06.120 | Info | '/transaction/getuserpermissions' | 
12:44:06.125 | Info | '/transaction/getarea' | 
12:44:06.126 | Info | '/transaction/getdonationtypes' | 
12:44:06.130 | Info | '/transaction/getdonationmethods' | 
12:44:06.133 | Info | '/transaction/getuserpermissions' | 
12:44:06.137 | Info | '/transaction/getdonationtypes' | 
12:44:06.139 | Info | '/transaction/getarea' | 
12:44:06.146 | Info | '/transaction/getdonationmethods' | 
12:45:11.499 | Info | '/transaction/getuserpermissions' | 
12:45:11.505 | Info | '/transaction/getarea' | 
12:45:11.507 | Info | '/transaction/getdonationtypes' | 
12:45:11.510 | Info | '/transaction/getuserpermissions' | 
12:45:11.512 | Info | '/transaction/getdonationmethods' | 
12:45:11.522 | Info | '/transaction/getarea' | 
12:45:11.524 | Info | '/transaction/getdonationtypes' | 
12:45:11.529 | Info | '/transaction/getdonationmethods' | 
12:45:58.771 | Info | '/transaction/getuserpermissions' | 
12:45:58.776 | Info | '/transaction/getarea' | 
12:45:58.780 | Info | '/transaction/getdonationtypes' | 
12:45:58.783 | Info | '/transaction/getdonationmethods' | 
12:45:58.787 | Info | '/transaction/getuserpermissions' | 
12:45:58.791 | Info | '/transaction/getarea' | 
12:45:58.795 | Info | '/transaction/getdonationtypes' | 
12:45:58.799 | Info | '/transaction/getdonationmethods' | 
12:48:16.433 | Info | '/transaction/getuserpermissions' | 
12:48:16.445 | Info | '/transaction/getarea' | 
12:48:16.447 | Info | '/transaction/getdonationtypes' | 
12:48:16.449 | Info | '/transaction/getdonationmethods' | 
12:48:16.451 | Info | '/transaction/getuserpermissions' | 
12:48:16.460 | Info | '/transaction/getarea' | 
12:48:16.461 | Info | '/transaction/getdonationtypes' | 
12:48:16.464 | Info | '/transaction/getdonationmethods' | 
12:49:58.937 | Info | '/transaction/getuserpermissions' | 
12:49:58.998 | Info | '/transaction/getuserpermissions' | 
12:49:59.002 | Info | '/transaction/getarea' | 
12:49:59.003 | Info | '/transaction/getdonationtypes' | 
12:49:59.005 | Info | '/transaction/getdonationmethods' | 
12:49:59.020 | Info | '/transaction/getdonationmethods' | 
12:49:59.024 | Info | '/transaction/getarea' | 
12:49:59.026 | Info | '/transaction/getdonationtypes' | 
12:50:48.471 | Info | '/transaction/getuserpermissions' | 
12:50:48.479 | Info | '/transaction/getarea' | 
12:50:48.481 | Info | '/transaction/getdonationtypes' | 
12:50:48.484 | Info | '/transaction/getuserpermissions' | 
12:50:48.483 | Info | '/transaction/getdonationmethods' | 
12:50:48.490 | Info | '/transaction/getarea' | 
12:50:48.494 | Info | '/transaction/getdonationtypes' | 
12:50:48.497 | Info | '/transaction/getdonationmethods' | 
12:51:16.415 | Info | '/transaction/getuserpermissions' | 
12:51:16.419 | Info | '/transaction/getarea' | 
12:51:16.420 | Info | '/transaction/getdonationtypes' | 
12:51:16.422 | Info | '/transaction/getdonationmethods' | 
12:51:16.426 | Info | '/transaction/getuserpermissions' | 
12:51:16.429 | Info | '/transaction/getarea' | 
12:51:16.434 | Info | '/transaction/getdonationtypes' | 
12:51:16.440 | Info | '/transaction/getdonationmethods' | 
12:52:03.560 | Info | '/transaction/getuserpermissions' | 
12:52:03.570 | Info | '/transaction/getarea' | 
12:52:03.572 | Info | '/transaction/getuserpermissions' | 
12:52:03.577 | Info | '/transaction/getdonationtypes' | 
12:52:03.579 | Info | '/transaction/getdonationmethods' | 
12:52:03.580 | Info | '/transaction/getarea' | 
12:52:03.585 | Info | '/transaction/getdonationtypes' | 
12:52:03.590 | Info | '/transaction/getdonationmethods' | 
12:52:26.230 | Info | '/transaction/getuserpermissions' | 
12:52:26.236 | Info | '/transaction/getarea' | 
12:52:26.240 | Info | '/transaction/getdonationtypes' | 
12:52:26.245 | Info | '/transaction/getdonationmethods' | 
12:52:26.247 | Info | '/transaction/getuserpermissions' | 
12:52:26.249 | Info | '/transaction/getarea' | 
12:52:26.254 | Info | '/transaction/getdonationtypes' | 
12:52:26.259 | Info | '/transaction/getdonationmethods' | 
12:53:36.227 | Info | '/transaction/getuserpermissions' | 
12:53:36.237 | Info | '/transaction/getuserpermissions' | 
12:53:36.247 | Info | '/transaction/getarea' | 
12:53:36.250 | Info | '/transaction/getdonationtypes' | 
12:53:36.253 | Info | '/transaction/getdonationmethods' | 
12:53:36.255 | Info | '/transaction/getarea' | 
12:53:36.259 | Info | '/transaction/getdonationtypes' | 
12:53:36.263 | Info | '/transaction/getdonationmethods' | 
12:54:15.933 | Info | '/transaction/getuserpermissions' | 
12:54:15.936 | Info | '/transaction/getarea' | 
12:54:15.944 | Info | '/transaction/getdonationtypes' | 
12:54:15.947 | Info | '/transaction/getdonationmethods' | 
12:54:15.949 | Info | '/transaction/getuserpermissions' | 
12:54:15.951 | Info | '/transaction/getarea' | 
12:54:15.957 | Info | '/transaction/getdonationtypes' | 
12:54:15.962 | Info | '/transaction/getdonationmethods' | 
12:54:51.639 | Info | '/transaction/getuserpermissions' | 
12:54:51.644 | Info | '/transaction/getarea' | 
12:54:51.650 | Info | '/transaction/getdonationtypes' | 
12:54:51.652 | Info | '/transaction/getdonationmethods' | 
12:54:51.654 | Info | '/transaction/getuserpermissions' | 
12:54:51.657 | Info | '/transaction/getarea' | 
12:54:51.662 | Info | '/transaction/getdonationtypes' | 
12:54:51.664 | Info | '/transaction/getdonationmethods' | 
12:55:12.674 | Info | '/transaction/getuserpermissions' | 
12:55:12.686 | Info | '/transaction/getarea' | 
12:55:12.687 | Info | '/transaction/getdonationtypes' | 
12:55:12.689 | Info | '/transaction/getdonationmethods' | 
12:55:12.690 | Info | '/transaction/getuserpermissions' | 
12:55:12.697 | Info | '/transaction/getarea' | 
12:55:12.702 | Info | '/transaction/getdonationtypes' | 
12:55:12.705 | Info | '/transaction/getdonationmethods' | 
12:56:12.123 | Info | '/transaction/getarea' | 
12:56:12.125 | Info | '/transaction/getdonationtypes' | 
12:56:12.127 | Info | '/transaction/getdonationmethods' | 
12:56:12.131 | Info | '/transaction/getarea' | 
12:56:12.133 | Info | '/transaction/getdonationtypes' | 
12:56:12.136 | Info | '/transaction/getdonationmethods' | 
12:56:17.352 | Info | '/transaction/getuserpermissions' | 
12:56:17.360 | Info | '/transaction/getarea' | 
12:56:17.361 | Info | '/transaction/getuserpermissions' | 
12:56:17.368 | Info | '/transaction/getdonationtypes' | 
12:56:17.370 | Info | '/transaction/getdonationmethods' | 
12:56:17.372 | Info | '/transaction/getarea' | 
12:56:17.376 | Info | '/transaction/getdonationtypes' | 
12:56:17.378 | Info | '/transaction/getdonationmethods' | 
12:56:48.906 | Info | '/transaction/getuserpermissions' | 
12:56:48.917 | Info | '/transaction/getuserpermissions' | 
12:56:48.919 | Info | '/transaction/getarea' | 
12:56:48.921 | Info | '/transaction/getdonationtypes' | 
12:56:48.926 | Info | '/transaction/getdonationmethods' | 
12:56:48.931 | Info | '/transaction/getarea' | 
12:56:48.936 | Info | '/transaction/getdonationtypes' | 
12:56:48.939 | Info | '/transaction/getdonationmethods' | 
12:57:42.126 | Info | '/transaction/getarea' | 
12:57:42.128 | Info | '/transaction/getdonationtypes' | 
12:57:42.131 | Info | '/transaction/getdonationmethods' | 
12:57:42.133 | Info | '/transaction/getarea' | 
12:57:42.136 | Info | '/transaction/getdonationtypes' | 
12:57:42.138 | Info | '/transaction/getdonationmethods' | 
12:57:48.235 | Info | '/transaction/getuserpermissions' | 
12:57:48.240 | Info | '/transaction/getarea' | 
12:57:48.247 | Info | '/transaction/getdonationtypes' | 
12:57:48.248 | Info | '/transaction/getuserpermissions' | 
12:57:48.251 | Info | '/transaction/getdonationmethods' | 
12:57:48.254 | Info | '/transaction/getarea' | 
12:57:48.257 | Info | '/transaction/getdonationtypes' | 
12:57:48.263 | Info | '/transaction/getdonationmethods' | 
12:58:28.561 | Info | '/transaction/getuserpermissions' | 
12:58:28.571 | Info | '/transaction/getarea' | 
12:58:28.573 | Info | '/transaction/getuserpermissions' | 
12:58:28.576 | Info | '/transaction/getdonationtypes' | 
12:58:28.578 | Info | '/transaction/getdonationmethods' | 
12:58:28.580 | Info | '/transaction/getarea' | 
12:58:28.588 | Info | '/transaction/getdonationtypes' | 
12:58:28.590 | Info | '/transaction/getdonationmethods' | 
13:00:18.612 | Info | '/transaction/getuserpermissions' | 
13:00:18.625 | Info | '/transaction/getarea' | 
13:00:18.627 | Info | '/transaction/getdonationtypes' | 
13:00:18.629 | Info | '/transaction/getdonationmethods' | 
13:00:18.631 | Info | '/transaction/getuserpermissions' | 
13:00:18.638 | Info | '/transaction/getarea' | 
13:00:18.641 | Info | '/transaction/getdonationtypes' | 
13:00:18.645 | Info | '/transaction/getdonationmethods' | 
13:01:10.525 | Info | '/transaction/getuserpermissions' | 
13:01:10.529 | Info | '/transaction/getarea' | 
13:01:10.531 | Info | '/transaction/getdonationtypes' | 
13:01:10.533 | Info | '/transaction/getdonationmethods' | 
13:01:10.536 | Info | '/transaction/getuserpermissions' | 
13:01:10.545 | Info | '/transaction/getarea' | 
13:01:10.547 | Info | '/transaction/getdonationtypes' | 
13:01:10.549 | Info | '/transaction/getdonationmethods' | 
13:02:20.205 | Info | '/transaction/getuserpermissions' | 
13:02:20.209 | Info | '/transaction/getarea' | 
13:02:20.211 | Info | '/transaction/getdonationtypes' | 
13:02:20.215 | Info | '/transaction/getdonationmethods' | 
13:02:20.213 | Info | '/transaction/getuserpermissions' | 
13:02:20.222 | Info | '/transaction/getarea' | 
13:02:20.223 | Info | '/transaction/getdonationtypes' | 
13:02:20.229 | Info | '/transaction/getdonationmethods' | 
13:02:40.689 | Info | '/transaction/getuserpermissions' | 
13:02:40.694 | Info | '/transaction/getarea' | 
13:02:40.699 | Info | '/transaction/getuserpermissions' | 
13:02:40.702 | Info | '/transaction/getdonationtypes' | 
13:02:40.704 | Info | '/transaction/getdonationmethods' | 
13:02:40.706 | Info | '/transaction/getarea' | 
13:02:40.710 | Info | '/transaction/getdonationtypes' | 
13:02:40.715 | Info | '/transaction/getdonationmethods' | 
13:03:15.323 | Info | '/transaction/getuserpermissions' | 
13:03:15.343 | Info | '/transaction/getarea' | 
13:03:15.345 | Info | '/transaction/getdonationtypes' | 
13:03:15.347 | Info | '/transaction/getdonationmethods' | 
13:03:15.353 | Info | '/transaction/getuserpermissions' | 
13:03:15.360 | Info | '/transaction/getarea' | 
13:03:15.362 | Info | '/transaction/getdonationtypes' | 
13:03:15.373 | Info | '/transaction/getdonationmethods' | 
13:03:54.148 | Info | '/transaction/getuserpermissions' | 
13:03:54.153 | Info | '/transaction/getarea' | 
13:03:54.157 | Info | '/transaction/getdonationtypes' | 
13:03:54.159 | Info | '/transaction/getdonationmethods' | 
13:03:54.162 | Info | '/transaction/getuserpermissions' | 
13:03:54.167 | Info | '/transaction/getarea' | 
13:03:54.169 | Info | '/transaction/getdonationtypes' | 
13:03:54.176 | Info | '/transaction/getdonationmethods' | 
13:05:24.817 | Info | '/transaction/getuserpermissions' | 
13:05:24.825 | Info | '/transaction/getarea' | 
13:05:24.827 | Info | '/transaction/getdonationtypes' | 
13:05:24.829 | Info | '/transaction/getdonationmethods' | 
13:05:24.831 | Info | '/transaction/getuserpermissions' | 
13:05:24.837 | Info | '/transaction/getarea' | 
13:05:24.839 | Info | '/transaction/getdonationtypes' | 
13:05:24.845 | Info | '/transaction/getdonationmethods' | 
13:05:50.689 | Info | '/transaction/getuserpermissions' | 
13:05:50.693 | Info | '/transaction/getarea' | 
13:05:50.696 | Info | '/transaction/getdonationtypes' | 
13:05:50.701 | Info | '/transaction/getuserpermissions' | 
13:05:50.702 | Info | '/transaction/getdonationmethods' | 
13:05:50.705 | Info | '/transaction/getarea' | 
13:05:50.708 | Info | '/transaction/getdonationtypes' | 
13:05:50.715 | Info | '/transaction/getdonationmethods' | 
13:06:59.121 | Info | '/transaction/getuserpermissions' | 
13:06:59.126 | Info | '/transaction/getarea' | 
13:06:59.129 | Info | '/transaction/getdonationtypes' | 
13:06:59.133 | Info | '/transaction/getdonationmethods' | 
13:06:59.135 | Info | '/transaction/getuserpermissions' | 
13:06:59.137 | Info | '/transaction/getarea' | 
13:06:59.140 | Info | '/transaction/getdonationtypes' | 
13:06:59.143 | Info | '/transaction/getdonationmethods' | 
13:07:36.681 | Info | '/transaction/getuserpermissions' | 
13:07:36.686 | Info | '/transaction/getuserpermissions' | 
13:07:36.692 | Info | '/transaction/getarea' | 
13:07:36.696 | Info | '/transaction/getdonationtypes' | 
13:07:36.698 | Info | '/transaction/getdonationmethods' | 
13:07:36.703 | Info | '/transaction/getarea' | 
13:07:36.706 | Info | '/transaction/getdonationtypes' | 
13:07:36.709 | Info | '/transaction/getdonationmethods' | 
13:08:45.249 | Info | '/transaction/getuserpermissions' | 
13:08:45.258 | Info | '/transaction/getuserpermissions' | 
13:08:45.263 | Info | '/transaction/getarea' | 
13:08:45.269 | Info | '/transaction/getdonationtypes' | 
13:08:45.271 | Info | '/transaction/getdonationmethods' | 
13:08:45.272 | Info | '/transaction/getarea' | 
13:08:45.276 | Info | '/transaction/getdonationtypes' | 
13:08:45.278 | Info | '/transaction/getdonationmethods' | 
13:09:22.573 | Info | '/transaction/getuserpermissions' | 
13:09:22.582 | Info | '/transaction/getarea' | 
13:09:22.584 | Info | '/transaction/getdonationtypes' | 
13:09:22.586 | Info | '/transaction/getdonationmethods' | 
13:09:22.592 | Info | '/transaction/getuserpermissions' | 
13:09:22.597 | Info | '/transaction/getarea' | 
13:09:22.600 | Info | '/transaction/getdonationtypes' | 
13:09:22.603 | Info | '/transaction/getdonationmethods' | 
13:09:43.427 | Info | '/transaction/getuserpermissions' | 
13:09:43.436 | Info | '/transaction/getarea' | 
13:09:43.437 | Info | '/transaction/getuserpermissions' | 
13:09:43.440 | Info | '/transaction/getdonationtypes' | 
13:09:43.442 | Info | '/transaction/getdonationmethods' | 
13:09:43.447 | Info | '/transaction/getarea' | 
13:09:43.453 | Info | '/transaction/getdonationtypes' | 
13:09:43.455 | Info | '/transaction/getdonationmethods' | 
13:10:09.540 | Info | '/transaction/getuserpermissions' | 
13:10:09.547 | Info | '/transaction/getarea' | 
13:10:09.549 | Info | '/transaction/getdonationtypes' | 
13:10:09.552 | Info | '/transaction/getdonationmethods' | 
13:10:09.553 | Info | '/transaction/getuserpermissions' | 
13:10:09.558 | Info | '/transaction/getarea' | 
13:10:09.560 | Info | '/transaction/getdonationtypes' | 
13:10:09.565 | Info | '/transaction/getdonationmethods' | 
13:10:42.148 | Info | '/transaction/getarea' | 
13:10:42.151 | Info | '/transaction/getdonationtypes' | 
13:10:42.152 | Info | '/transaction/getdonationmethods' | 
13:10:42.157 | Info | '/transaction/getarea' | 
13:10:42.168 | Info | '/transaction/getdonationtypes' | 
13:10:42.177 | Info | '/transaction/getdonationmethods' | 
13:11:08.857 | Info | '/transaction/getuserpermissions' | 
13:11:08.860 | Info | '/transaction/getarea' | 
13:11:08.876 | Info | '/transaction/getdonationtypes' | 
13:11:08.877 | Info | '/transaction/getdonationmethods' | 
13:11:08.879 | Info | '/transaction/getuserpermissions' | 
13:11:08.883 | Info | '/transaction/getarea' | 
13:11:08.897 | Info | '/transaction/getdonationtypes' | 
13:11:08.904 | Info | '/transaction/getdonationmethods' | 
13:11:55.960 | Info | '/transaction/getuserpermissions' | 
13:11:55.963 | Info | '/transaction/getarea' | 
13:11:55.965 | Info | '/transaction/getdonationtypes' | 
13:11:55.968 | Info | '/transaction/getuserpermissions' | 
13:11:55.972 | Info | '/transaction/getdonationmethods' | 
13:11:55.976 | Info | '/transaction/getarea' | 
13:11:55.978 | Info | '/transaction/getdonationtypes' | 
13:11:55.981 | Info | '/transaction/getdonationmethods' | 
13:12:33.019 | Info | '/transaction/getuserpermissions' | 
13:12:33.028 | Info | '/transaction/getarea' | 
13:12:33.030 | Info | '/transaction/getuserpermissions' | 
13:12:33.034 | Info | '/transaction/getdonationtypes' | 
13:12:33.036 | Info | '/transaction/getdonationmethods' | 
13:12:33.041 | Info | '/transaction/getarea' | 
13:12:33.047 | Info | '/transaction/getdonationtypes' | 
13:12:33.049 | Info | '/transaction/getdonationmethods' | 
13:12:35.026 | Info | '/transaction/getuserpermissions' | 
13:12:35.030 | Info | '/transaction/getarea' | 
13:12:35.032 | Info | '/transaction/getdonationtypes' | 
13:12:35.034 | Info | '/transaction/getuserpermissions' | 
13:12:35.038 | Info | '/transaction/getdonationmethods' | 
13:12:35.042 | Info | '/transaction/getarea' | 
13:12:35.045 | Info | '/transaction/getdonationtypes' | 
13:12:35.048 | Info | '/transaction/getdonationmethods' | 
13:13:13.323 | Info | '/transaction/getuserpermissions' | 
13:13:13.330 | Info | '/transaction/getarea' | 
13:13:13.333 | Info | '/transaction/getdonationtypes' | 
13:13:13.335 | Info | '/transaction/getdonationmethods' | 
13:13:13.339 | Info | '/transaction/getuserpermissions' | 
13:13:13.345 | Info | '/transaction/getarea' | 
13:13:13.347 | Info | '/transaction/getdonationtypes' | 
13:13:13.350 | Info | '/transaction/getdonationmethods' | 
13:13:58.424 | Info | '/transaction/getuserpermissions' | 
13:13:58.428 | Info | '/transaction/getarea' | 
13:13:58.430 | Info | '/transaction/getdonationtypes' | 
13:13:58.433 | Info | '/transaction/getdonationmethods' | 
13:13:58.435 | Info | '/transaction/getuserpermissions' | 
13:13:58.447 | Info | '/transaction/getarea' | 
13:13:58.450 | Info | '/transaction/getdonationtypes' | 
13:13:58.455 | Info | '/transaction/getdonationmethods' | 
13:29:52.775 | Info | '/transaction/getuserpermissions' | 
13:29:52.783 | Info | '/transaction/getarea' | 
13:29:52.785 | Info | '/transaction/getdonationtypes' | 
13:29:52.786 | Info | '/transaction/getuserpermissions' | 
13:29:52.789 | Info | '/transaction/getdonationmethods' | 
13:29:52.792 | Info | '/transaction/getarea' | 
13:29:52.797 | Info | '/transaction/getdonationtypes' | 
13:29:52.802 | Info | '/transaction/getdonationmethods' | 
13:37:18.089 | Info | '/transaction/getuserpermissions' | 
13:37:18.093 | Info | '/transaction/getarea' | 
13:37:18.095 | Info | '/transaction/getdonationtypes' | 
13:37:18.097 | Info | '/transaction/getdonationmethods' | 
13:37:18.100 | Info | '/transaction/getuserpermissions' | 
13:37:18.105 | Info | '/transaction/getarea' | 
13:37:18.110 | Info | '/transaction/getdonationtypes' | 
13:37:18.112 | Info | '/transaction/getdonationmethods' | 
13:37:33.431 | Info | '/transaction/getdonationpurpose' | 
13:37:34.103 | Info | '/transaction/getdonationpurpose' | 
13:37:40.618 | Info | '/transaction/newdonation' | 
13:38:45.921 | Info | '/transaction/newdonation' | 
13:39:17.946 | Info | '/transaction/getuserpermissions' | 
13:39:17.955 | Info | '/transaction/getarea' | 
13:39:17.963 | Info | '/transaction/getdonationtypes' | 
13:39:17.968 | Info | '/transaction/getdonationmethods' | 
13:39:17.986 | Info | '/transaction/getuserpermissions' | 
13:39:17.999 | Info | '/transaction/getarea' | 
13:39:18.005 | Info | '/transaction/getdonationmethods' | 
13:39:18.007 | Info | '/transaction/getdonationtypes' | 
13:40:53.597 | Info | '/transaction/getdonationpurpose' | 
13:41:06.668 | Info | '/transaction/newdonation' | 
13:41:49.911 | Info | '/transaction/newdonation' | 
13:43:05.813 | Info | '/transaction/newdonation' | 
13:44:15.033 | Info | '/transaction/getdonationpurpose' | 
13:44:15.550 | Info | '/transaction/getdonationpurpose' | 
13:44:18.746 | Info | '/transaction/newdonation' | 
13:46:32.003 | Info | '/transaction/getuserpermissions' | 
13:46:32.011 | Info | '/transaction/getarea' | 
13:46:32.017 | Info | '/transaction/getdonationmethods' | 
13:46:32.022 | Info | '/transaction/getdonationtypes' | 
13:46:32.041 | Info | '/transaction/getuserpermissions' | 
13:46:32.045 | Info | '/transaction/getarea' | 
13:46:32.049 | Info | '/transaction/getdonationmethods' | 
13:46:32.061 | Info | '/transaction/getdonationtypes' | 
13:46:35.644 | Info | '/transaction/getuserpermissions' | 
13:46:35.652 | Info | '/transaction/getuserpermissions' | 
13:46:35.655 | Info | '/transaction/getarea' | 
13:46:35.657 | Info | '/transaction/getdonationtypes' | 
13:46:35.659 | Info | '/transaction/getdonationmethods' | 
13:46:35.662 | Info | '/transaction/getarea' | 
13:46:35.664 | Info | '/transaction/getdonationtypes' | 
13:46:35.668 | Info | '/transaction/getdonationmethods' | 
13:46:40.865 | Info | '/transaction/getdonationpurpose' | 
13:46:41.304 | Info | '/transaction/getdonationpurpose' | 
13:46:45.556 | Info | '/transaction/newdonation' | 
13:47:26.008 | Info | '/transaction/getdonationpurpose' | 
13:47:26.443 | Info | '/transaction/getdonationpurpose' | 
13:47:30.150 | Info | '/transaction/newdonation' | 
13:49:10.468 | Info | '/transaction/getuserpermissions' | 
13:49:10.902 | Info | '/transaction/getdonationtypes' | 
13:49:10.965 | Info | '/transaction/getdonationmethods' | 
13:49:10.975 | Info | '/transaction/getarea' | 
13:49:11.052 | Info | '/transaction/getdonationmethods' | 
13:49:11.059 | Info | '/transaction/getuserpermissions' | 
13:49:11.068 | Info | '/transaction/getdonationtypes' | 
13:49:11.086 | Info | '/transaction/getarea' | 
13:49:18.481 | Info | '/transaction/getdonationpurpose' | 
13:49:18.931 | Info | '/transaction/getdonationpurpose' | 
13:49:22.866 | Info | '/transaction/newdonation' | 
13:51:38.361 | Info | '/transaction/getuserpermissions' | 
13:51:38.733 | Info | '/transaction/getdonationtypes' | 
13:51:38.783 | Info | '/transaction/getarea' | 
13:51:38.790 | Info | '/transaction/getdonationmethods' | 
13:51:38.850 | Info | '/transaction/getuserpermissions' | 
13:51:38.854 | Info | '/transaction/getdonationtypes' | 
13:51:38.856 | Info | '/transaction/getarea' | 
13:51:38.860 | Info | '/transaction/getdonationmethods' | 
13:51:46.432 | Info | '/transaction/getdonationpurpose' | 
13:51:46.834 | Info | '/transaction/getdonationpurpose' | 
13:51:49.890 | Info | '/transaction/newdonation' | 
13:56:29.214 | Info | '/transaction/getuserpermissions' | 
13:56:29.573 | Info | '/transaction/getdonationtypes' | 
13:56:29.627 | Info | '/transaction/getarea' | 
13:56:29.633 | Info | '/transaction/getdonationmethods' | 
13:56:29.711 | Info | '/transaction/getdonationtypes' | 
13:56:29.715 | Info | '/transaction/getuserpermissions' | 
13:56:29.719 | Info | '/transaction/getarea' | 
13:56:29.726 | Info | '/transaction/getdonationmethods' | 
13:56:42.177 | Info | '/transaction/getdonationpurpose' | 
13:56:42.582 | Info | '/transaction/getdonationpurpose' | 
13:56:45.373 | Info | '/transaction/newdonation' | 
14:05:56.631 | Info | '/transaction/getuserpermissions' | 
14:05:56.635 | Info | '/transaction/getarea' | 
14:05:56.640 | Info | '/transaction/getdonationtypes' | 
14:05:56.646 | Info | '/transaction/getuserpermissions' | 
14:05:56.642 | Info | '/transaction/getdonationmethods' | 
14:05:56.652 | Info | '/transaction/getarea' | 
14:05:56.658 | Info | '/transaction/getdonationtypes' | 
14:05:56.664 | Info | '/transaction/getdonationmethods' | 
14:05:59.214 | Info | '/transaction/getuserpermissions' | 
14:05:59.220 | Info | '/transaction/getarea' | 
14:05:59.222 | Info | '/transaction/getdonationtypes' | 
14:05:59.224 | Info | '/transaction/getdonationmethods' | 
14:05:59.229 | Info | '/transaction/getuserpermissions' | 
14:05:59.232 | Info | '/transaction/getarea' | 
14:05:59.235 | Info | '/transaction/getdonationtypes' | 
14:05:59.239 | Info | '/transaction/getdonationmethods' | 
14:06:04.865 | Info | '/transaction/getuserpermissions' | 
14:06:04.880 | Info | '/transaction/getarea' | 
14:06:04.882 | Info | '/transaction/getdonationtypes' | 
14:06:04.884 | Info | '/transaction/getuserpermissions' | 
14:06:04.886 | Info | '/transaction/getdonationmethods' | 
14:06:04.895 | Info | '/transaction/getarea' | 
14:06:04.898 | Info | '/transaction/getdonationtypes' | 
14:06:04.901 | Info | '/transaction/getdonationmethods' | 
14:09:18.973 | Info | '/transaction/getuserpermissions' | 
14:09:18.983 | Info | '/transaction/getarea' | 
14:09:18.986 | Info | '/transaction/getuserpermissions' | 
14:09:18.989 | Info | '/transaction/getdonationtypes' | 
14:09:18.996 | Info | '/transaction/getdonationmethods' | 
14:09:18.999 | Info | '/transaction/getarea' | 
14:09:19.002 | Info | '/transaction/getdonationtypes' | 
14:09:19.009 | Info | '/transaction/getdonationmethods' | 
14:09:27.110 | Info | '/transaction/getdonationpurpose' | 
14:09:30.503 | Info | '/transaction/newdonation' | 
14:10:32.958 | Info | '/transaction/getuserpermissions' | 
14:10:32.965 | Info | '/transaction/getarea' | 
14:10:32.967 | Info | '/transaction/getuserpermissions' | 
14:10:32.969 | Info | '/transaction/getdonationtypes' | 
14:10:32.972 | Info | '/transaction/getdonationmethods' | 
14:10:32.975 | Info | '/transaction/getarea' | 
14:10:32.983 | Info | '/transaction/getdonationtypes' | 
14:10:32.986 | Info | '/transaction/getdonationmethods' | 
14:10:39.533 | Info | '/transaction/getdonationpurpose' | 
14:10:42.933 | Info | '/transaction/newdonation' | 
14:12:01.390 | Info | '/transaction/getuserpermissions' | 
14:12:01.400 | Info | '/transaction/getarea' | 
14:12:01.402 | Info | '/transaction/getdonationtypes' | 
14:12:01.404 | Info | '/transaction/getdonationmethods' | 
14:12:01.405 | Info | '/transaction/getuserpermissions' | 
14:12:01.413 | Info | '/transaction/getarea' | 
14:12:01.417 | Info | '/transaction/getdonationtypes' | 
14:12:01.419 | Info | '/transaction/getdonationmethods' | 
14:12:08.757 | Info | '/transaction/getdonationpurpose' | 
14:12:11.618 | Info | '/transaction/newdonation' | 
14:13:07.449 | Info | '/transaction/getuserpermissions' | 
14:13:07.460 | Info | '/transaction/getarea' | 
14:13:07.462 | Info | '/transaction/getdonationtypes' | 
14:13:07.463 | Info | '/transaction/getuserpermissions' | 
14:13:07.465 | Info | '/transaction/getdonationmethods' | 
14:13:07.470 | Info | '/transaction/getarea' | 
14:13:07.472 | Info | '/transaction/getdonationtypes' | 
14:13:07.476 | Info | '/transaction/getdonationmethods' | 
14:13:13.734 | Info | '/transaction/getdonationpurpose' | 
14:13:17.042 | Info | '/transaction/newdonation' | 
14:13:36.744 | Info | '/transaction/getdonationpurpose' | 
14:13:37.229 | Info | '/transaction/getdonationpurpose' | 
14:13:39.897 | Info | '/transaction/newdonation' | 
14:14:19.042 | Info | '/transaction/getuserpermissions' | 
14:14:19.044 | Info | '/transaction/getarea' | 
14:14:19.078 | Info | '/transaction/getdonationtypes' | 
14:14:19.080 | Info | '/transaction/getdonationmethods' | 
14:14:19.109 | Info | '/transaction/getuserpermissions' | 
14:14:19.112 | Info | '/transaction/getarea' | 
14:14:19.118 | Info | '/transaction/getdonationtypes' | 
14:14:19.120 | Info | '/transaction/getdonationmethods' | 
14:14:27.653 | Info | '/transaction/getdonationpurpose' | 
14:14:32.614 | Info | '/transaction/newdonation' | 
14:17:22.608 | Info | '/transaction/getuserpermissions' | 
14:17:22.615 | Info | '/transaction/getarea' | 
14:17:22.616 | Info | '/transaction/getdonationtypes' | 
14:17:22.618 | Info | '/transaction/getdonationmethods' | 
14:17:22.620 | Info | '/transaction/getuserpermissions' | 
14:17:22.625 | Info | '/transaction/getarea' | 
14:17:22.627 | Info | '/transaction/getdonationtypes' | 
14:17:22.630 | Info | '/transaction/getdonationmethods' | 
14:17:29.477 | Info | '/transaction/getdonationpurpose' | 
14:17:30.091 | Info | '/transaction/getdonationpurpose' | 
14:17:40.320 | Info | '/transaction/newdonation' | 
14:18:40.149 | Info | '/transaction/getuserpermissions' | 
14:18:40.158 | Info | '/transaction/getarea' | 
14:18:40.160 | Info | '/transaction/getdonationtypes' | 
14:18:40.162 | Info | '/transaction/getdonationmethods' | 
14:18:40.165 | Info | '/transaction/getuserpermissions' | 
14:18:40.171 | Info | '/transaction/getarea' | 
14:18:40.177 | Info | '/transaction/getdonationtypes' | 
14:18:40.179 | Info | '/transaction/getdonationmethods' | 
14:18:47.804 | Info | '/transaction/getdonationpurpose' | 
14:18:48.226 | Info | '/transaction/getdonationpurpose' | 
14:18:55.365 | Info | '/transaction/newdonation' | 
14:21:12.197 | Info | '/transaction/getuserpermissions' | 
14:21:12.204 | Info | '/transaction/getarea' | 
14:21:12.206 | Info | '/transaction/getdonationtypes' | 
14:21:12.209 | Info | '/transaction/getdonationmethods' | 
14:21:12.211 | Info | '/transaction/getuserpermissions' | 
14:21:12.215 | Info | '/transaction/getarea' | 
14:21:12.219 | Info | '/transaction/getdonationtypes' | 
14:21:12.221 | Info | '/transaction/getdonationmethods' | 
14:22:54.576 | Info | '/transaction/getuserpermissions' | 
14:22:54.585 | Info | '/transaction/getarea' | 
14:22:54.588 | Info | '/transaction/getdonationtypes' | 
14:22:54.590 | Info | '/transaction/getdonationmethods' | 
14:22:54.592 | Info | '/transaction/getuserpermissions' | 
14:22:54.598 | Info | '/transaction/getarea' | 
14:22:54.600 | Info | '/transaction/getdonationtypes' | 
14:22:54.605 | Info | '/transaction/getdonationmethods' | 
14:23:24.083 | Info | '/transaction/getdonationpurpose' | 
14:25:40.116 | Info | '/transaction/getuserpermissions' | 
14:25:40.123 | Info | '/transaction/getarea' | 
14:25:40.128 | Info | '/transaction/getdonationtypes' | 
14:25:40.130 | Info | '/transaction/getuserpermissions' | 
14:25:40.132 | Info | '/transaction/getdonationmethods' | 
14:25:40.135 | Info | '/transaction/getarea' | 
14:25:40.139 | Info | '/transaction/getdonationtypes' | 
14:25:40.146 | Info | '/transaction/getdonationmethods' | 
14:25:47.633 | Info | '/transaction/getdonationpurpose' | 
14:25:50.604 | Info | '/transaction/newdonation' | 
14:28:03.446 | Info | '/transaction/getuserpermissions' | 
14:28:03.451 | Info | '/transaction/getarea' | 
14:28:03.453 | Info | '/transaction/getdonationtypes' | 
14:28:03.456 | Info | '/transaction/getdonationmethods' | 
14:28:03.458 | Info | '/transaction/getuserpermissions' | 
14:28:03.463 | Info | '/transaction/getarea' | 
14:28:03.470 | Info | '/transaction/getdonationtypes' | 
14:28:03.475 | Info | '/transaction/getdonationmethods' | 
14:28:08.437 | Info | '/transaction/getdonationpurpose' | 
14:28:09.005 | Info | '/transaction/getdonationpurpose' | 
14:28:12.372 | Info | '/transaction/newdonation' | 
14:28:40.052 | Info | '/transaction/getuserpermissions' | 
14:28:40.057 | Info | '/transaction/getarea' | 
14:28:40.059 | Info | '/transaction/getdonationtypes' | 
14:28:40.061 | Info | '/transaction/getdonationmethods' | 
14:28:40.063 | Info | '/transaction/getuserpermissions' | 
14:28:40.068 | Info | '/transaction/getarea' | 
14:28:40.072 | Info | '/transaction/getdonationtypes' | 
14:28:40.074 | Info | '/transaction/getdonationmethods' | 
14:28:52.680 | Info | '/transaction/getuserpermissions' | 
14:28:52.911 | Info | '/transaction/getdonationtypes' | 
14:28:52.948 | Info | '/transaction/getarea' | 
14:28:52.954 | Info | '/transaction/getdonationmethods' | 
14:28:53.017 | Info | '/transaction/getuserpermissions' | 
14:28:53.021 | Info | '/transaction/getdonationtypes' | 
14:28:53.024 | Info | '/transaction/getarea' | 
14:28:53.026 | Info | '/transaction/getdonationmethods' | 
14:28:57.727 | Info | '/transaction/getdonationpurpose' | 
14:28:58.082 | Info | '/transaction/getdonationpurpose' | 
14:29:01.096 | Info | '/transaction/newdonation' | 
14:29:38.813 | Info | '/transaction/getuserpermissions' | 
14:29:38.817 | Info | '/transaction/getarea' | 
14:29:38.819 | Info | '/transaction/getdonationtypes' | 
14:29:38.821 | Info | '/transaction/getdonationmethods' | 
14:29:38.829 | Info | '/transaction/getarea' | 
14:29:38.835 | Info | '/transaction/getuserpermissions' | 
14:29:38.839 | Info | '/transaction/getdonationtypes' | 
14:29:38.841 | Info | '/transaction/getdonationmethods' | 
14:29:43.255 | Info | '/transaction/getdonationpurpose' | 
14:29:43.703 | Info | '/transaction/getdonationpurpose' | 
14:29:45.806 | Info | '/transaction/newdonation' | 
14:30:23.062 | Info | '/transaction/getuserpermissions' | 
14:30:23.075 | Info | '/transaction/getarea' | 
14:30:23.078 | Info | '/transaction/getdonationtypes' | 
14:30:23.080 | Info | '/transaction/getdonationmethods' | 
14:30:23.082 | Info | '/transaction/getuserpermissions' | 
14:30:23.088 | Info | '/transaction/getarea' | 
14:30:23.090 | Info | '/transaction/getdonationtypes' | 
14:30:23.096 | Info | '/transaction/getdonationmethods' | 
14:30:30.686 | Info | '/transaction/getdonationpurpose' | 
14:30:30.996 | Info | '/transaction/getdonationpurpose' | 
14:30:35.187 | Info | '/transaction/newdonation' | 
14:32:03.098 | Info | '/transaction/getuserpermissions' | 
14:32:03.103 | Info | '/transaction/getarea' | 
14:32:03.105 | Info | '/transaction/getdonationtypes' | 
14:32:03.108 | Info | '/transaction/getdonationmethods' | 
14:32:03.111 | Info | '/transaction/getuserpermissions' | 
14:32:03.114 | Info | '/transaction/getarea' | 
14:32:03.118 | Info | '/transaction/getdonationtypes' | 
14:32:03.122 | Info | '/transaction/getdonationmethods' | 
14:32:10.286 | Info | '/transaction/getdonationpurpose' | 
14:32:10.616 | Info | '/transaction/getdonationpurpose' | 
14:32:14.072 | Info | '/transaction/newdonation' | 
14:38:24.714 | Info | '/transaction/getuserpermissions' | 
14:38:24.719 | Info | '/transaction/getdonationtypes' | 
14:38:24.721 | Info | '/transaction/getdonationmethods' | 
14:38:24.717 | Info | '/transaction/getarea' | 
14:38:24.728 | Info | '/transaction/getuserpermissions' | 
14:38:24.730 | Info | '/transaction/getarea' | 
14:38:24.733 | Info | '/transaction/getdonationtypes' | 
14:38:24.737 | Info | '/transaction/getdonationmethods' | 
14:38:40.535 | Info | '/api/user/login' | 
14:38:40.614 | Info | '/transaction/getuserpermissions' | 
14:38:40.620 | Info | '/transaction/getuserpermissions' | 
14:38:45.201 | Info | '/transaction/getarea' | 
14:38:45.203 | Info | '/transaction/getdonationtypes' | 
14:38:45.206 | Info | '/transaction/getdonationmethods' | 
14:38:45.209 | Info | '/transaction/getarea' | 
14:38:45.212 | Info | '/transaction/getdonationtypes' | 
14:38:45.215 | Info | '/transaction/getdonationmethods' | 
14:38:54.453 | Info | '/transaction/getdonationpurpose' | 
14:39:00.577 | Info | '/transaction/newdonation' | 
14:40:15.895 | Info | '/transaction/getuserpermissions' | 
14:40:15.905 | Info | '/transaction/getarea' | 
14:40:15.909 | Info | '/transaction/getdonationtypes' | 
14:40:15.911 | Info | '/transaction/getdonationmethods' | 
14:40:15.915 | Info | '/transaction/getarea' | 
14:40:15.913 | Info | '/transaction/getuserpermissions' | 
14:40:15.919 | Info | '/transaction/getdonationmethods' | 
14:40:15.917 | Info | '/transaction/getdonationtypes' | 
14:40:31.669 | Info | '/api/user/login' | 
14:40:31.724 | Info | '/transaction/getuserpermissions' | 
14:40:31.728 | Info | '/transaction/getuserpermissions' | 
14:40:34.791 | Info | '/transaction/getarea' | 
14:40:34.794 | Info | '/transaction/getdonationtypes' | 
14:40:34.799 | Info | '/transaction/getarea' | 
14:40:34.796 | Info | '/transaction/getdonationmethods' | 
14:40:34.804 | Info | '/transaction/getdonationtypes' | 
14:40:34.806 | Info | '/transaction/getdonationmethods' | 
14:40:39.123 | Info | '/transaction/getdonationpurpose' | 
14:40:39.647 | Info | '/transaction/getdonationpurpose' | 
14:40:42.915 | Info | '/transaction/newdonation' | 
14:41:13.100 | Info | '/transaction/getarea' | 
14:41:13.104 | Info | '/transaction/getdonationtypes' | 
14:41:13.108 | Info | '/transaction/getdonationmethods' | 
14:41:13.110 | Info | '/transaction/getarea' | 
14:41:13.112 | Info | '/transaction/getdonationtypes' | 
14:41:13.116 | Info | '/transaction/getdonationmethods' | 
14:42:00.017 | Info | '/transaction/getuserpermissions' | 
14:42:00.023 | Info | '/transaction/getarea' | 
14:42:00.025 | Info | '/transaction/getdonationtypes' | 
14:42:00.027 | Info | '/transaction/getdonationmethods' | 
14:42:00.039 | Info | '/transaction/getdonationtypes' | 
14:42:00.041 | Info | '/transaction/getdonationmethods' | 
14:42:00.043 | Info | '/transaction/getuserpermissions' | 
14:42:00.044 | Info | '/transaction/getarea' | 
14:42:04.968 | Info | '/transaction/getdonationpurpose' | 
14:42:05.440 | Info | '/transaction/getdonationpurpose' | 
14:43:08.303 | Info | '/transaction/getuserpermissions' | 
14:43:08.309 | Info | '/transaction/getarea' | 
14:43:08.311 | Info | '/transaction/getdonationtypes' | 
14:43:08.314 | Info | '/transaction/getuserpermissions' | 
14:43:08.313 | Info | '/transaction/getdonationmethods' | 
14:43:08.321 | Info | '/transaction/getarea' | 
14:43:08.323 | Info | '/transaction/getdonationtypes' | 
14:43:08.325 | Info | '/transaction/getdonationmethods' | 
14:47:04.255 | Info | '/transaction/getuserpermissions' | 
14:47:04.263 | Info | '/transaction/getarea' | 
14:47:04.264 | Info | '/transaction/getdonationtypes' | 
14:47:04.266 | Info | '/transaction/getdonationmethods' | 
14:47:04.268 | Info | '/transaction/getuserpermissions' | 
14:47:04.276 | Info | '/transaction/getarea' | 
14:47:04.278 | Info | '/transaction/getdonationtypes' | 
14:47:04.282 | Info | '/transaction/getdonationmethods' | 
14:47:09.687 | Info | '/transaction/getdonationpurpose' | 
14:47:10.070 | Info | '/transaction/getdonationpurpose' | 
14:47:56.167 | Info | '/transaction/getuserpermissions' | 
14:47:56.175 | Info | '/transaction/getarea' | 
14:47:56.179 | Info | '/transaction/getuserpermissions' | 
14:47:56.181 | Info | '/transaction/getdonationtypes' | 
14:47:56.184 | Info | '/transaction/getarea' | 
14:47:56.183 | Info | '/transaction/getdonationmethods' | 
14:47:56.195 | Info | '/transaction/getdonationtypes' | 
14:47:56.197 | Info | '/transaction/getdonationmethods' | 
14:50:15.121 | Info | '/transaction/getuserpermissions' | 
14:50:15.124 | Info | '/transaction/getdonationtypes' | 
14:50:15.127 | Info | '/transaction/getdonationmethods' | 
14:50:15.126 | Info | '/transaction/getarea' | 
14:50:15.132 | Info | '/transaction/getuserpermissions' | 
14:50:15.138 | Info | '/transaction/getdonationtypes' | 
14:50:15.141 | Info | '/transaction/getarea' | 
14:50:15.143 | Info | '/transaction/getdonationmethods' | 
14:57:57.566 | Info | '/transaction/getuserpermissions' | 
14:57:57.785 | Info | '/transaction/getdonationtypes' | 
14:57:57.820 | Info | '/transaction/getarea' | 
14:57:57.824 | Info | '/transaction/getdonationmethods' | 
14:57:57.887 | Info | '/transaction/getuserpermissions' | 
14:57:57.890 | Info | '/transaction/getdonationtypes' | 
14:57:57.892 | Info | '/transaction/getarea' | 
14:57:57.895 | Info | '/transaction/getdonationmethods' | 
14:58:08.427 | Info | '/transaction/getdonationpurpose' | 
14:58:08.843 | Info | '/transaction/getdonationpurpose' | 
15:03:10.967 | Info | '/transaction/getuserpermissions' | 
15:03:11.569 | Info | '/transaction/getdonationtypes' | 
15:03:11.698 | Info | '/transaction/getarea' | 
15:03:11.705 | Info | '/transaction/getdonationmethods' | 
15:03:11.777 | Info | '/transaction/getuserpermissions' | 
15:03:11.781 | Info | '/transaction/getdonationtypes' | 
15:03:11.785 | Info | '/transaction/getarea' | 
15:03:11.790 | Info | '/transaction/getdonationmethods' | 
15:03:27.732 | Info | '/transaction/getdonationpurpose' | 
15:03:28.308 | Info | '/transaction/getdonationpurpose' | 
15:04:42.130 | Info | '/transaction/getuserpermissions' | 
15:04:42.137 | Info | '/transaction/getarea' | 
15:04:42.141 | Info | '/transaction/getdonationtypes' | 
15:04:42.144 | Info | '/transaction/getdonationmethods' | 
15:04:42.146 | Info | '/transaction/getuserpermissions' | 
15:04:42.156 | Info | '/transaction/getdonationtypes' | 
15:04:42.160 | Info | '/transaction/getarea' | 
15:04:42.162 | Info | '/transaction/getdonationmethods' | 
15:04:50.032 | Info | '/transaction/getdonationpurpose' | 
15:04:50.409 | Info | '/transaction/getdonationpurpose' | 
15:05:27.364 | Info | '/transaction/getuserpermissions' | 
15:05:27.372 | Info | '/transaction/getuserpermissions' | 
15:05:27.374 | Info | '/transaction/getarea' | 
15:05:27.376 | Info | '/transaction/getdonationtypes' | 
15:05:27.379 | Info | '/transaction/getdonationmethods' | 
15:05:27.387 | Info | '/transaction/getarea' | 
15:05:27.389 | Info | '/transaction/getdonationtypes' | 
15:05:27.391 | Info | '/transaction/getdonationmethods' | 
15:05:33.963 | Info | '/transaction/getdonationpurpose' | 
15:05:47.628 | Info | '/transaction/newdonation' | 
15:07:02.096 | Info | '/transaction/newdonation' | 
15:09:22.790 | Info | '/transaction/newdonation' | 
15:11:10.433 | Info | '/transaction/newdonation' | 
15:13:27.266 | Info | '/transaction/getuserpermissions' | 
15:13:27.465 | Info | '/transaction/getdonationtypes' | 
15:13:27.499 | Info | '/transaction/getarea' | 
15:13:27.504 | Info | '/transaction/getdonationmethods' | 
15:13:27.561 | Info | '/transaction/getdonationmethods' | 
15:13:27.602 | Info | '/transaction/getdonationtypes' | 
15:13:27.608 | Info | '/transaction/getarea' | 
15:13:27.617 | Info | '/transaction/getuserpermissions' | 
15:13:34.679 | Info | '/transaction/getdonationpurpose' | 
15:13:35.057 | Info | '/transaction/getdonationpurpose' | 
15:13:39.956 | Info | '/transaction/newdonation' | 
15:14:45.625 | Info | '/transaction/newdonation' | 
15:17:17.350 | Info | '/transaction/newdonation' | 
15:17:55.077 | Info | '/transaction/newdonation' | 
15:26:07.315 | Info | '/transaction/getuserpermissions' | 
15:26:07.323 | Info | '/transaction/getarea' | 
15:26:07.331 | Info | '/transaction/getdonationtypes' | 
15:26:07.339 | Info | '/transaction/getdonationmethods' | 
15:26:07.361 | Info | '/transaction/getuserpermissions' | 
15:26:07.364 | Info | '/transaction/getarea' | 
15:26:07.368 | Info | '/transaction/getdonationmethods' | 
15:26:07.374 | Info | '/transaction/getdonationtypes' | 
15:26:12.830 | Info | '/transaction/getdonationpurpose' | 
15:26:13.436 | Info | '/transaction/getdonationpurpose' | 
15:28:20.298 | Info | '/transaction/getuserpermissions' | 
15:28:20.305 | Info | '/transaction/getarea' | 
15:28:20.309 | Info | '/transaction/getdonationtypes' | 
15:28:20.312 | Info | '/transaction/getuserpermissions' | 
15:28:20.313 | Info | '/transaction/getdonationmethods' | 
15:28:20.320 | Info | '/transaction/getarea' | 
15:28:20.324 | Info | '/transaction/getdonationmethods' | 
15:28:20.322 | Info | '/transaction/getdonationtypes' | 
15:28:24.890 | Info | '/transaction/getdonationpurpose' | 
15:28:25.782 | Info | '/transaction/getdonationpurpose' | 
15:28:27.054 | Info | '/transaction/getdonationpurpose' | 
15:28:27.754 | Info | '/transaction/getdonationpurpose' | 
15:28:30.947 | Info | '/transaction/getdonationpurpose' | 
15:28:36.180 | Info | '/transaction/getdonationpurpose' | 
15:28:36.651 | Info | '/transaction/getdonationpurpose' | 
15:28:43.040 | Info | '/transaction/getdonationpurpose' | 
15:28:43.588 | Info | '/transaction/getdonationpurpose' | 
15:30:12.732 | Info | '/transaction/getuserpermissions' | 
15:30:12.741 | Info | '/transaction/getarea' | 
15:30:12.743 | Info | '/transaction/getdonationtypes' | 
15:30:12.745 | Info | '/transaction/getdonationmethods' | 
15:30:12.747 | Info | '/transaction/getuserpermissions' | 
15:30:12.756 | Info | '/transaction/getarea' | 
15:30:12.763 | Info | '/transaction/getdonationmethods' | 
15:30:12.761 | Info | '/transaction/getdonationtypes' | 
15:30:58.062 | Info | '/transaction/getuserpermissions' | 
15:30:58.065 | Info | '/transaction/getarea' | 
15:30:58.069 | Info | '/transaction/getdonationtypes' | 
15:30:58.071 | Info | '/transaction/getdonationmethods' | 
15:30:58.073 | Info | '/transaction/getuserpermissions' | 
15:30:58.077 | Info | '/transaction/getarea' | 
15:30:58.082 | Info | '/transaction/getdonationtypes' | 
15:30:58.085 | Info | '/transaction/getdonationmethods' | 
15:31:02.570 | Info | '/transaction/getdonationpurpose' | 
15:34:09.162 | Info | '/transaction/getuserpermissions' | 
15:34:09.168 | Info | '/transaction/getarea' | 
15:34:09.172 | Info | '/transaction/getdonationtypes' | 
15:34:09.177 | Info | '/transaction/getuserpermissions' | 
15:34:09.182 | Info | '/transaction/getdonationmethods' | 
15:34:09.195 | Info | '/transaction/getdonationmethods' | 
15:34:09.197 | Info | '/transaction/getarea' | 
15:34:09.201 | Info | '/transaction/getdonationtypes' | 
15:34:11.554 | Info | '/transaction/getdonationpurpose' | 
15:34:12.069 | Info | '/transaction/getdonationpurpose' | 
15:35:42.453 | Info | '/transaction/getuserpermissions' | 
15:35:42.463 | Info | '/transaction/getarea' | 
15:35:42.465 | Info | '/transaction/getdonationtypes' | 
15:35:42.468 | Info | '/transaction/getuserpermissions' | 
15:35:42.471 | Info | '/transaction/getdonationmethods' | 
15:35:42.477 | Info | '/transaction/getarea' | 
15:35:42.480 | Info | '/transaction/getdonationtypes' | 
15:35:42.483 | Info | '/transaction/getdonationmethods' | 
15:35:47.755 | Info | '/transaction/getdonationpurpose' | 
15:35:48.910 | Info | '/transaction/getdonationpurpose' | 
15:36:17.277 | Info | '/transaction/newdonation' | 
15:37:54.427 | Info | '/transaction/newdonation' | 
15:38:34.509 | Info | '/transaction/getdonationpurpose' | 
15:38:34.511 | Info | '/transaction/getarea' | 
15:38:34.518 | Info | '/transaction/getdonationpurpose' | 
15:38:34.520 | Info | '/transaction/getarea' | 
15:38:35.071 | Info | '/transaction/getdonationmethods' | 
15:38:35.075 | Info | '/transaction/getdonationmethods' | 
15:38:35.650 | Info | '/transaction/getdonationtypes' | 
15:38:35.655 | Info | '/transaction/getdonationtypes' | 
15:38:38.897 | Info | '/transaction/getdonationpurpose' | 
15:38:38.899 | Info | '/transaction/getarea' | 
15:38:38.903 | Info | '/transaction/getdonationpurpose' | 
15:38:38.905 | Info | '/transaction/getarea' | 
15:39:36.393 | Info | '/transaction/getuserpermissions' | 
15:39:36.397 | Info | '/transaction/getuserpermissions' | 
15:39:36.521 | Info | '/transaction/getdonationpurpose' | 
15:39:36.523 | Info | '/transaction/getarea' | 
15:39:36.531 | Info | '/transaction/getarea' | 
15:39:36.533 | Info | '/transaction/getdonationpurpose' | 
15:39:50.782 | Info | '/transaction/getuserpermissions' | 
15:39:50.787 | Info | '/transaction/getuserpermissions' | 
15:39:50.908 | Info | '/transaction/getdonationpurpose' | 
15:39:50.911 | Info | '/transaction/getarea' | 
15:39:50.913 | Info | '/transaction/getdonationpurpose' | 
15:39:50.917 | Info | '/transaction/getarea' | 
15:39:59.155 | Info | '/transaction/getarea' | 
15:39:59.157 | Info | '/transaction/getdonationtypes' | 
15:39:59.159 | Info | '/transaction/getdonationmethods' | 
15:39:59.163 | Info | '/transaction/getarea' | 
15:39:59.168 | Info | '/transaction/getdonationtypes' | 
15:39:59.174 | Info | '/transaction/getdonationmethods' | 
15:40:06.003 | Info | '/transaction/getdonationpurpose' | 
15:40:06.648 | Info | '/transaction/getdonationpurpose' | 
15:41:56.874 | Info | '/transaction/getuserpermissions' | 
15:41:56.883 | Info | '/transaction/getuserpermissions' | 
15:41:56.886 | Info | '/transaction/getarea' | 
15:41:56.888 | Info | '/transaction/getdonationtypes' | 
15:41:56.892 | Info | '/transaction/getdonationmethods' | 
15:41:56.899 | Info | '/transaction/getarea' | 
15:41:56.902 | Info | '/transaction/getdonationtypes' | 
15:41:56.903 | Info | '/transaction/getdonationmethods' | 
15:42:08.471 | Info | '/transaction/getdonationpurpose' | 
15:42:43.574 | Info | '/transaction/getarea' | 
15:42:43.576 | Info | '/transaction/getdonationtypes' | 
15:42:43.578 | Info | '/transaction/getdonationmethods' | 
15:42:43.584 | Info | '/transaction/getarea' | 
15:42:43.586 | Info | '/transaction/getdonationtypes' | 
15:42:43.589 | Info | '/transaction/getdonationmethods' | 
15:45:12.860 | Info | '/transaction/getuserpermissions' | 
15:45:12.869 | Info | '/transaction/getarea' | 
15:45:12.872 | Info | '/transaction/getuserpermissions' | 
15:45:12.879 | Info | '/transaction/getdonationtypes' | 
15:45:12.881 | Info | '/transaction/getdonationmethods' | 
15:45:12.883 | Info | '/transaction/getarea' | 
15:45:12.890 | Info | '/transaction/getdonationtypes' | 
15:45:12.891 | Info | '/transaction/getdonationmethods' | 
15:45:28.931 | Info | '/transaction/getdonationpurpose' | 
15:45:35.330 | Info | '/transaction/newdonation' | 
15:47:56.073 | Info | '/transaction/getuserpermissions' | 
15:47:56.083 | Info | '/transaction/getarea' | 
15:47:56.085 | Info | '/transaction/getuserpermissions' | 
15:47:56.086 | Info | '/transaction/getdonationmethods' | 
15:47:56.088 | Info | '/transaction/getdonationtypes' | 
15:47:56.093 | Info | '/transaction/getarea' | 
15:47:56.096 | Info | '/transaction/getdonationmethods' | 
15:47:56.098 | Info | '/transaction/getdonationtypes' | 
15:48:49.012 | Info | '/transaction/getdonationpurpose' | 
15:48:49.704 | Info | '/transaction/getdonationpurpose' | 
15:49:04.996 | Info | '/transaction/newdonation' | 
15:51:44.674 | Info | '/transaction/getdonationpurpose' | 
15:51:44.678 | Info | '/transaction/getarea' | 
15:51:44.683 | Info | '/transaction/getdonationpurpose' | 
15:51:44.686 | Info | '/transaction/getarea' | 
15:51:45.506 | Info | '/transaction/getdonationmethods' | 
15:51:45.509 | Info | '/transaction/getdonationmethods' | 
15:51:46.843 | Info | '/transaction/getdonationtypes' | 
15:51:46.846 | Info | '/transaction/getdonationtypes' | 
15:51:47.446 | Info | '/transaction/getarea' | 
15:51:47.449 | Info | '/transaction/getarea' | 
15:51:48.119 | Info | '/transaction/getchannel' | 
15:51:48.179 | Info | '/transaction/getchannel' | 
15:51:48.596 | Info | '/transaction/getcenters' | 
15:51:48.631 | Info | '/transaction/getcenters' | 
15:51:49.041 | Info | '/transaction/getpermissions' | 
15:51:49.044 | Info | '/transaction/getuserroles' | 
15:51:49.115 | Info | '/transaction/getpermissions' | 
15:51:49.117 | Info | '/transaction/getuserroles' | 
15:51:49.400 | Info | '/transaction/getchannel' | 
15:51:49.402 | Info | '/transaction/getcenters' | 
15:51:49.404 | Info | '/transaction/getuserroles' | 
15:51:49.408 | Info | '/transaction/getusers' | 
15:51:49.415 | Info | '/transaction/getuserroles' | 
15:51:49.412 | Info | '/transaction/getchannel' | 
15:51:49.413 | Info | '/transaction/getcenters' | 
15:51:49.421 | Info | '/transaction/getusers' | 
15:51:49.819 | Info | '/transaction/getpermissions' | 
15:51:49.821 | Info | '/transaction/getuserroles' | 
15:51:49.825 | Info | '/transaction/getpermissions' | 
15:51:49.827 | Info | '/transaction/getuserroles' | 
15:51:50.157 | Info | '/transaction/getcenters' | 
15:51:50.161 | Info | '/transaction/getcenters' | 
15:51:50.712 | Info | '/transaction/getdonationmethods' | 
15:51:50.716 | Info | '/transaction/getdonationmethods' | 
15:51:50.967 | Info | '/transaction/getdonationpurpose' | 
15:51:50.969 | Info | '/transaction/getarea' | 
15:51:50.974 | Info | '/transaction/getdonationpurpose' | 
15:51:50.976 | Info | '/transaction/getarea' | 
15:51:54.032 | Info | '/transaction/getarea' | 
15:51:54.038 | Info | '/transaction/getdonationmethods' | 
15:51:54.040 | Info | '/transaction/getarea' | 
15:51:54.042 | Info | '/transaction/getdonationtypes' | 
15:51:54.045 | Info | '/transaction/getdonationmethods' | 
15:51:54.049 | Info | '/transaction/getdonationtypes' | 
16:01:29.412 | Info | '/transaction/getuserpermissions' | 
16:01:29.416 | Info | '/transaction/getuserpermissions' | 
16:02:21.048 | Info | '/transaction/getuserpermissions' | 
16:02:21.054 | Info | '/transaction/getuserpermissions' | 
16:05:19.226 | Info | '/transaction/getuserpermissions' | 
16:05:19.230 | Info | '/transaction/getuserpermissions' | 
16:11:37.944 | Info | '/transaction/getuserpermissions' | 
16:11:37.951 | Info | '/transaction/getuserpermissions' | 
16:12:23.290 | Info | '/transaction/getuserpermissions' | 
16:12:23.298 | Info | '/transaction/getuserpermissions' | 
16:12:32.177 | Info | '/transaction/getuserpermissions' | 
16:12:32.182 | Info | '/transaction/getuserpermissions' | 
16:13:40.157 | Info | '/transaction/getuserpermissions' | 
16:13:40.163 | Info | '/transaction/getuserpermissions' | 
16:16:08.357 | Info | '/transaction/getuserpermissions' | 
16:16:08.362 | Info | '/transaction/getuserpermissions' | 
16:16:19.022 | Info | '/transaction/getuserpermissions' | 
16:16:19.027 | Info | '/transaction/getuserpermissions' | 
16:16:34.660 | Info | '/transaction/getuserpermissions' | 
16:16:34.664 | Info | '/transaction/getuserpermissions' | 
16:17:18.220 | Info | '/transaction/getuserpermissions' | 
16:17:18.224 | Info | '/transaction/getuserpermissions' | 
16:17:39.169 | Info | '/transaction/getuserpermissions' | 
16:17:39.175 | Info | '/transaction/getuserpermissions' | 
16:17:58.151 | Info | '/transaction/getuserpermissions' | 
16:17:58.155 | Info | '/transaction/getuserpermissions' | 
16:18:34.672 | Info | '/transaction/getuserpermissions' | 
16:18:34.680 | Info | '/transaction/getuserpermissions' | 
16:18:53.809 | Info | '/transaction/getuserpermissions' | 
16:18:53.815 | Info | '/transaction/getuserpermissions' | 
16:22:29.991 | Info | '/transaction/getuserpermissions' | 
16:22:29.996 | Info | '/transaction/getuserpermissions' | 
16:22:45.355 | Info | '/transaction/getuserpermissions' | 
16:22:45.358 | Info | '/transaction/getuserpermissions' | 
16:23:13.786 | Info | '/transaction/getuserpermissions' | 
16:23:13.791 | Info | '/transaction/getuserpermissions' | 
16:23:34.690 | Info | '/transaction/getuserpermissions' | 
16:23:34.695 | Info | '/transaction/getuserpermissions' | 
16:23:44.856 | Info | '/transaction/getuserpermissions' | 
16:23:44.859 | Info | '/transaction/getuserpermissions' | 
16:24:54.592 | Info | '/transaction/getuserpermissions' | 
16:24:54.595 | Info | '/transaction/getuserpermissions' | 
16:25:09.113 | Info | '/transaction/getuserpermissions' | 
16:25:09.118 | Info | '/transaction/getuserpermissions' | 
16:28:05.263 | Info | '/transaction/getuserpermissions' | 
16:28:05.268 | Info | '/transaction/getuserpermissions' | 
16:28:42.431 | Info | '/transaction/getuserpermissions' | 
16:28:42.434 | Info | '/transaction/getuserpermissions' | 
16:31:46.462 | Info | '/transaction/getuserpermissions' | 
16:31:46.468 | Info | '/transaction/getuserpermissions' | 
16:32:09.113 | Info | '/transaction/getuserpermissions' | 
16:32:09.118 | Info | '/transaction/getuserpermissions' | 
16:32:42.760 | Info | '/transaction/getuserpermissions' | 
16:32:42.765 | Info | '/transaction/getuserpermissions' | 
16:33:27.673 | Info | '/transaction/getuserpermissions' | 
16:33:27.678 | Info | '/transaction/getuserpermissions' | 
16:34:12.015 | Info | '/transaction/getuserpermissions' | 
16:34:12.020 | Info | '/transaction/getuserpermissions' | 
16:34:46.191 | Info | '/transaction/getuserpermissions' | 
16:34:46.195 | Info | '/transaction/getuserpermissions' | 
16:34:54.414 | Info | '/transaction/getuserpermissions' | 
16:34:54.418 | Info | '/transaction/getuserpermissions' | 
16:35:02.433 | Info | '/api/user/login' | 
16:35:02.563 | Info | '/transaction/getuserpermissions' | 
16:35:02.566 | Info | '/transaction/getuserpermissions' | 
16:35:42.073 | Info | '/transaction/getdonationtypes' | 
16:35:42.080 | Info | '/transaction/getdonationtypes' | 
16:35:42.086 | Info | '/transaction/getarea' | 
16:35:42.088 | Info | '/transaction/getdonationmethods' | 
16:35:42.092 | Info | '/transaction/getarea' | 
16:35:42.096 | Info | '/transaction/getdonationmethods' | 
16:35:47.524 | Info | '/transaction/getarea' | 
16:35:47.525 | Info | '/transaction/getdonationtypes' | 
16:35:47.527 | Info | '/transaction/getdonationmethods' | 
16:35:47.535 | Info | '/transaction/getarea' | 
16:35:47.538 | Info | '/transaction/getdonationtypes' | 
16:35:47.541 | Info | '/transaction/getdonationmethods' | 
16:35:54.217 | Info | '/transaction/getpermissions' | 
16:35:54.218 | Info | '/transaction/getuserroles' | 
16:35:54.222 | Info | '/transaction/getpermissions' | 
16:35:54.226 | Info | '/transaction/getuserroles' | 
16:36:31.214 | Info | '/transaction/getarea' | 
16:36:31.216 | Info | '/transaction/getdonationtypes' | 
16:36:31.219 | Info | '/transaction/getdonationmethods' | 
16:36:31.221 | Info | '/transaction/getarea' | 
16:36:31.227 | Info | '/transaction/getdonationtypes' | 
16:36:31.232 | Info | '/transaction/getdonationmethods' | 
16:37:29.630 | Info | '/transaction/getuserpermissions' | 
16:37:29.636 | Info | '/transaction/getuserpermissions' | 
16:38:19.902 | Info | '/transaction/getuserpermissions' | 
16:38:19.908 | Info | '/transaction/getuserpermissions' | 
16:38:52.518 | Info | '/transaction/getarea' | 
16:38:52.521 | Info | '/transaction/getdonationmethods' | 
16:38:52.523 | Info | '/transaction/getdonationtypes' | 
16:38:52.524 | Info | '/transaction/getarea' | 
16:38:52.528 | Info | '/transaction/getdonationmethods' | 
16:38:52.531 | Info | '/transaction/getdonationtypes' | 
16:38:54.624 | Info | '/transaction/getchannel' | 
16:38:54.625 | Info | '/transaction/getcenters' | 
16:38:54.627 | Info | '/transaction/getusers' | 
16:38:54.626 | Info | '/transaction/getuserroles' | 
16:38:54.631 | Info | '/transaction/getchannel' | 
16:38:54.633 | Info | '/transaction/getcenters' | 
16:38:54.637 | Info | '/transaction/getuserroles' | 
16:38:54.639 | Info | '/transaction/getusers' | 
16:38:54.916 | Info | '/transaction/getcenters' | 
16:38:54.921 | Info | '/transaction/getcenters' | 
16:38:55.261 | Info | '/transaction/getarea' | 
16:38:55.266 | Info | '/transaction/getarea' | 
16:38:55.598 | Info | '/transaction/getdonationmethods' | 
16:38:55.603 | Info | '/transaction/getdonationmethods' | 
16:38:55.900 | Info | '/transaction/getarea' | 
16:38:55.938 | Info | '/transaction/getdonationpurpose' | 
16:38:55.940 | Info | '/transaction/getarea' | 
16:38:55.944 | Info | '/transaction/getdonationpurpose' | 
16:39:08.532 | Info | '/transaction/getarea' | 
16:39:08.534 | Info | '/transaction/getdonationtypes' | 
16:39:08.535 | Info | '/transaction/getdonationmethods' | 
16:39:08.542 | Info | '/transaction/getarea' | 
16:39:08.548 | Info | '/transaction/getdonationtypes' | 
16:39:08.550 | Info | '/transaction/getdonationmethods' | 
16:39:28.318 | Info | '/transaction/getpermissions' | 
16:39:28.320 | Info | '/transaction/getuserroles' | 
16:39:28.326 | Info | '/transaction/getpermissions' | 
16:39:28.327 | Info | '/transaction/getuserroles' | 
16:39:28.650 | Info | '/transaction/getcenters' | 
16:39:28.654 | Info | '/transaction/getcenters' | 
16:39:28.968 | Info | '/transaction/getarea' | 
16:39:28.971 | Info | '/transaction/getarea' | 
16:39:29.224 | Info | '/transaction/getdonationtypes' | 
16:39:29.228 | Info | '/transaction/getdonationtypes' | 
16:39:31.180 | Info | '/transaction/getarea' | 
16:39:31.182 | Info | '/transaction/getdonationpurpose' | 
16:39:31.186 | Info | '/transaction/getarea' | 
16:39:31.190 | Info | '/transaction/getdonationpurpose' | 
16:39:34.932 | Info | '/transaction/getdonationmethods' | 
16:39:34.935 | Info | '/transaction/getdonationmethods' | 
16:39:35.433 | Info | '/transaction/getdonationtypes' | 
16:39:35.436 | Info | '/transaction/getdonationtypes' | 
16:39:35.896 | Info | '/transaction/getarea' | 
16:39:35.899 | Info | '/transaction/getarea' | 
16:39:36.279 | Info | '/transaction/getchannel' | 
16:39:36.284 | Info | '/transaction/getchannel' | 
16:39:36.815 | Info | '/transaction/getcenters' | 
16:39:36.818 | Info | '/transaction/getcenters' | 
16:39:37.640 | Info | '/transaction/getpermissions' | 
16:39:37.642 | Info | '/transaction/getuserroles' | 
16:39:37.647 | Info | '/transaction/getpermissions' | 
16:39:37.650 | Info | '/transaction/getuserroles' | 
16:39:38.215 | Info | '/transaction/getchannel' | 
16:39:38.217 | Info | '/transaction/getcenters' | 
16:39:38.221 | Info | '/transaction/getuserroles' | 
16:39:38.228 | Info | '/transaction/getusers' | 
16:39:38.229 | Info | '/transaction/getchannel' | 
16:39:38.231 | Info | '/transaction/getcenters' | 
16:39:38.233 | Info | '/transaction/getuserroles' | 
16:39:38.238 | Info | '/transaction/getusers' | 
16:40:13.988 | Info | '/transaction/getchannel' | 
16:40:13.989 | Info | '/transaction/getcenters' | 
16:40:13.993 | Info | '/transaction/getuserroles' | 
16:40:13.994 | Info | '/transaction/getusers' | 
16:40:13.996 | Info | '/transaction/getchannel' | 
16:40:13.999 | Info | '/transaction/getcenters' | 
16:40:14.003 | Info | '/transaction/getuserroles' | 
16:40:14.010 | Info | '/transaction/getusers' | 
16:40:14.302 | Info | '/transaction/getcenters' | 
16:40:14.307 | Info | '/transaction/getcenters' | 
16:40:14.689 | Info | '/transaction/getchannel' | 
16:40:14.693 | Info | '/transaction/getchannel' | 
16:40:15.037 | Info | '/transaction/getdonationtypes' | 
16:40:15.040 | Info | '/transaction/getdonationtypes' | 
16:40:15.635 | Info | '/transaction/getdonationmethods' | 
16:40:15.639 | Info | '/transaction/getdonationmethods' | 
16:40:16.819 | Info | '/transaction/getdonationtypes' | 
16:40:16.824 | Info | '/transaction/getdonationtypes' | 
16:40:17.138 | Info | '/transaction/getarea' | 
16:40:17.141 | Info | '/transaction/getarea' | 
16:40:17.481 | Info | '/transaction/getchannel' | 
16:40:17.484 | Info | '/transaction/getchannel' | 
16:40:17.810 | Info | '/transaction/getcenters' | 
16:40:17.815 | Info | '/transaction/getcenters' | 
16:40:18.147 | Info | '/transaction/getuserroles' | 
16:40:18.149 | Info | '/transaction/getpermissions' | 
16:40:18.159 | Info | '/transaction/getuserroles' | 
16:40:18.166 | Info | '/transaction/getpermissions' | 
16:40:18.454 | Info | '/transaction/getchannel' | 
16:40:18.455 | Info | '/transaction/getcenters' | 
16:40:18.457 | Info | '/transaction/getuserroles' | 
16:40:18.459 | Info | '/transaction/getusers' | 
16:40:18.462 | Info | '/transaction/getchannel' | 
16:40:18.465 | Info | '/transaction/getcenters' | 
16:40:18.468 | Info | '/transaction/getuserroles' | 
16:40:18.471 | Info | '/transaction/getusers' | 
16:40:20.864 | Info | '/transaction/getarea' | 
16:40:20.870 | Info | '/transaction/getdonationtypes' | 
16:40:20.872 | Info | '/transaction/getarea' | 
16:40:20.875 | Info | '/transaction/getdonationmethods' | 
16:40:20.878 | Info | '/transaction/getdonationtypes' | 
16:40:20.885 | Info | '/transaction/getdonationmethods' | 
16:41:35.500 | Info | '/transaction/getuserpermissions' | 
16:41:35.507 | Info | '/transaction/getuserpermissions' | 
16:41:55.474 | Info | '/transaction/getarea' | 
16:41:55.476 | Info | '/transaction/getdonationtypes' | 
16:41:55.478 | Info | '/transaction/getdonationmethods' | 
16:41:55.483 | Info | '/transaction/getarea' | 
16:41:55.485 | Info | '/transaction/getdonationtypes' | 
16:41:55.488 | Info | '/transaction/getdonationmethods' | 
16:41:57.625 | Info | '/transaction/getchannel' | 
16:41:57.627 | Info | '/transaction/getcenters' | 
16:41:57.629 | Info | '/transaction/getuserroles' | 
16:41:57.631 | Info | '/transaction/getusers' | 
16:41:57.636 | Info | '/transaction/getchannel' | 
16:41:57.640 | Info | '/transaction/getcenters' | 
16:41:57.641 | Info | '/transaction/getuserroles' | 
16:41:57.645 | Info | '/transaction/getusers' | 
16:41:57.979 | Info | '/transaction/getuserroles' | 
16:41:57.981 | Info | '/transaction/getpermissions' | 
16:41:57.987 | Info | '/transaction/getuserroles' | 
16:41:57.989 | Info | '/transaction/getpermissions' | 
16:41:58.248 | Info | '/transaction/getarea' | 
16:41:58.252 | Info | '/transaction/getarea' | 
16:41:58.571 | Info | '/transaction/getdonationmethods' | 
16:41:58.574 | Info | '/transaction/getdonationmethods' | 
16:41:58.975 | Info | '/transaction/getarea' | 
16:41:58.978 | Info | '/transaction/getdonationpurpose' | 
16:41:58.980 | Info | '/transaction/getarea' | 
16:41:58.983 | Info | '/transaction/getdonationpurpose' | 
16:41:59.411 | Info | '/transaction/getdonationmethods' | 
16:41:59.416 | Info | '/transaction/getdonationmethods' | 
16:41:59.782 | Info | '/transaction/getdonationtypes' | 
16:41:59.786 | Info | '/transaction/getdonationtypes' | 
16:42:00.080 | Info | '/transaction/getarea' | 
16:42:00.085 | Info | '/transaction/getarea' | 
16:42:00.450 | Info | '/transaction/getchannel' | 
16:42:00.454 | Info | '/transaction/getchannel' | 
16:42:00.776 | Info | '/transaction/getcenters' | 
16:42:00.779 | Info | '/transaction/getcenters' | 
16:42:01.167 | Info | '/transaction/getpermissions' | 
16:42:01.169 | Info | '/transaction/getuserroles' | 
16:42:01.173 | Info | '/transaction/getpermissions' | 
16:42:01.175 | Info | '/transaction/getuserroles' | 
16:42:01.493 | Info | '/transaction/getchannel' | 
16:42:01.495 | Info | '/transaction/getcenters' | 
16:42:01.497 | Info | '/transaction/getuserroles' | 
16:42:01.498 | Info | '/transaction/getusers' | 
16:42:01.506 | Info | '/transaction/getchannel' | 
16:42:01.507 | Info | '/transaction/getcenters' | 
16:42:01.509 | Info | '/transaction/getuserroles' | 
16:42:01.511 | Info | '/transaction/getusers' | 
16:42:09.515 | Info | '/transaction/getarea' | 
16:42:09.516 | Info | '/transaction/getdonationtypes' | 
16:42:09.519 | Info | '/transaction/getdonationmethods' | 
16:42:09.522 | Info | '/transaction/getarea' | 
16:42:09.527 | Info | '/transaction/getdonationtypes' | 
16:42:09.532 | Info | '/transaction/getdonationmethods' | 
16:42:38.719 | Info | '/transaction/getuserpermissions' | 
16:42:38.724 | Info | '/transaction/getarea' | 
16:42:38.726 | Info | '/transaction/getdonationtypes' | 
16:42:38.730 | Info | '/transaction/getuserpermissions' | 
16:42:38.729 | Info | '/transaction/getdonationmethods' | 
16:42:38.736 | Info | '/transaction/getarea' | 
16:42:38.739 | Info | '/transaction/getdonationtypes' | 
16:42:38.741 | Info | '/transaction/getdonationmethods' | 
16:44:55.725 | Info | '/transaction/getuserpermissions' | 
16:44:55.731 | Info | '/transaction/getarea' | 
16:44:55.732 | Info | '/transaction/getdonationtypes' | 
16:44:55.734 | Info | '/transaction/getdonationmethods' | 
16:44:55.735 | Info | '/transaction/getuserpermissions' | 
16:44:55.744 | Info | '/transaction/getarea' | 
16:44:55.745 | Info | '/transaction/getdonationtypes' | 
16:44:55.750 | Info | '/transaction/getdonationmethods' | 
16:45:07.854 | Info | '/transaction/getuserpermissions' | 
16:45:07.863 | Info | '/transaction/getarea' | 
16:45:07.865 | Info | '/transaction/getdonationtypes' | 
16:45:07.870 | Info | '/transaction/getdonationmethods' | 
16:45:07.876 | Info | '/transaction/getuserpermissions' | 
16:45:07.883 | Info | '/transaction/getarea' | 
16:45:07.894 | Info | '/transaction/getdonationtypes' | 
16:45:07.895 | Info | '/transaction/getdonationmethods' | 
16:45:54.146 | Info | '/transaction/getarea' | 
16:45:54.149 | Info | '/transaction/getdonationtypes' | 
16:45:54.151 | Info | '/transaction/getdonationmethods' | 
16:45:54.153 | Info | '/transaction/getarea' | 
16:45:54.162 | Info | '/transaction/getdonationtypes' | 
16:45:54.164 | Info | '/transaction/getdonationmethods' | 
16:45:54.784 | Info | '/transaction/getarea' | 
16:45:54.786 | Info | '/transaction/getdonationtypes' | 
16:45:54.789 | Info | '/transaction/getdonationmethods' | 
16:45:54.792 | Info | '/transaction/getuserpermissions' | 
16:45:54.795 | Info | '/transaction/getarea' | 
16:45:54.798 | Info | '/transaction/getdonationtypes' | 
16:45:54.801 | Info | '/transaction/getdonationmethods' | 
16:45:54.804 | Info | '/transaction/getuserpermissions' | 
16:46:05.348 | Info | '/transaction/getuserpermissions' | 
16:46:05.356 | Info | '/transaction/getarea' | 
16:46:05.358 | Info | '/transaction/getdonationtypes' | 
16:46:05.360 | Info | '/transaction/getuserpermissions' | 
16:46:05.359 | Info | '/transaction/getdonationmethods' | 
16:46:05.368 | Info | '/transaction/getarea' | 
16:46:05.370 | Info | '/transaction/getdonationtypes' | 
16:46:05.372 | Info | '/transaction/getdonationmethods' | 
16:48:33.125 | Info | '/transaction/getuserpermissions' | 
16:48:33.127 | Info | '/transaction/getarea' | 
16:48:33.129 | Info | '/transaction/getdonationtypes' | 
16:48:33.130 | Info | '/transaction/getdonationmethods' | 
16:48:33.136 | Info | '/transaction/getuserpermissions' | 
16:48:33.138 | Info | '/transaction/getarea' | 
16:48:33.140 | Info | '/transaction/getdonationtypes' | 
16:48:33.142 | Info | '/transaction/getdonationmethods' | 
16:48:41.667 | Info | '/transaction/getuserpermissions' | 
16:48:41.671 | Info | '/transaction/getarea' | 
16:48:41.674 | Info | '/transaction/getdonationtypes' | 
16:48:41.676 | Info | '/transaction/getdonationmethods' | 
16:48:41.677 | Info | '/transaction/getuserpermissions' | 
16:48:41.679 | Info | '/transaction/getarea' | 
16:48:41.685 | Info | '/transaction/getdonationtypes' | 
16:48:41.687 | Info | '/transaction/getdonationmethods' | 
16:49:02.558 | Info | '/transaction/getuserpermissions' | 
16:49:02.561 | Info | '/transaction/getarea' | 
16:49:02.563 | Info | '/transaction/getdonationtypes' | 
16:49:02.567 | Info | '/transaction/getdonationmethods' | 
16:49:02.569 | Info | '/transaction/getuserpermissions' | 
16:49:02.571 | Info | '/transaction/getarea' | 
16:49:02.573 | Info | '/transaction/getdonationtypes' | 
16:49:02.577 | Info | '/transaction/getdonationmethods' | 
16:49:44.935 | Info | '/transaction/getuserpermissions' | 
16:49:44.940 | Info | '/transaction/getarea' | 
16:49:44.942 | Info | '/transaction/getdonationtypes' | 
16:49:44.944 | Info | '/transaction/getdonationmethods' | 
16:49:44.946 | Info | '/transaction/getuserpermissions' | 
16:49:44.953 | Info | '/transaction/getarea' | 
16:49:44.955 | Info | '/transaction/getdonationtypes' | 
16:49:44.959 | Info | '/transaction/getdonationmethods' | 
16:50:03.858 | Info | '/transaction/getuserpermissions' | 
16:50:03.863 | Info | '/transaction/getarea' | 
16:50:03.866 | Info | '/transaction/getdonationtypes' | 
16:50:03.868 | Info | '/transaction/getuserpermissions' | 
16:50:03.870 | Info | '/transaction/getdonationmethods' | 
16:50:03.872 | Info | '/transaction/getarea' | 
16:50:03.877 | Info | '/transaction/getdonationtypes' | 
16:50:03.882 | Info | '/transaction/getdonationmethods' | 
16:50:05.537 | Info | '/transaction/getuserpermissions' | 
16:50:05.541 | Info | '/transaction/getarea' | 
16:50:05.543 | Info | '/transaction/getdonationtypes' | 
16:50:05.548 | Info | '/transaction/getdonationmethods' | 
16:50:05.549 | Info | '/transaction/getuserpermissions' | 
16:50:05.554 | Info | '/transaction/getarea' | 
16:50:05.556 | Info | '/transaction/getdonationtypes' | 
16:50:05.558 | Info | '/transaction/getdonationmethods' | 
16:50:18.060 | Info | '/transaction/getuserpermissions' | 
16:50:18.061 | Info | '/transaction/getarea' | 
16:50:18.064 | Info | '/transaction/getdonationtypes' | 
16:50:18.065 | Info | '/transaction/getdonationmethods' | 
16:50:18.069 | Info | '/transaction/getuserpermissions' | 
16:50:18.072 | Info | '/transaction/getarea' | 
16:50:18.075 | Info | '/transaction/getdonationtypes' | 
16:50:18.076 | Info | '/transaction/getdonationmethods' | 
16:50:27.477 | Info | '/transaction/getuserpermissions' | 
16:50:27.490 | Info | '/transaction/getuserpermissions' | 
16:50:27.507 | Info | '/transaction/getarea' | 
16:50:27.509 | Info | '/transaction/getdonationtypes' | 
16:50:27.512 | Info | '/transaction/getdonationmethods' | 
16:50:27.515 | Info | '/transaction/getarea' | 
16:50:27.520 | Info | '/transaction/getdonationtypes' | 
16:50:27.523 | Info | '/transaction/getdonationmethods' | 
16:50:55.081 | Info | '/transaction/getuserpermissions' | 
16:50:55.086 | Info | '/transaction/getarea' | 
16:50:55.092 | Info | '/transaction/getuserpermissions' | 
16:50:55.094 | Info | '/transaction/getdonationtypes' | 
16:50:55.096 | Info | '/transaction/getdonationmethods' | 
16:50:55.098 | Info | '/transaction/getarea' | 
16:50:55.104 | Info | '/transaction/getdonationtypes' | 
16:50:55.108 | Info | '/transaction/getdonationmethods' | 
16:51:06.942 | Info | '/transaction/getuserpermissions' | 
16:51:06.944 | Info | '/transaction/getarea' | 
16:51:06.947 | Info | '/transaction/getdonationtypes' | 
16:51:06.951 | Info | '/transaction/getuserpermissions' | 
16:51:06.959 | Info | '/transaction/getdonationmethods' | 
16:51:06.957 | Info | '/transaction/getarea' | 
16:51:06.961 | Info | '/transaction/getdonationtypes' | 
16:51:06.967 | Info | '/transaction/getdonationmethods' | 
16:51:21.625 | Info | '/transaction/getuserpermissions' | 
16:51:21.635 | Info | '/transaction/getarea' | 
16:51:21.636 | Info | '/transaction/getuserpermissions' | 
16:51:21.638 | Info | '/transaction/getdonationtypes' | 
16:51:21.641 | Info | '/transaction/getdonationmethods' | 
16:51:21.645 | Info | '/transaction/getarea' | 
16:51:21.651 | Info | '/transaction/getdonationtypes' | 
16:51:21.652 | Info | '/transaction/getdonationmethods' | 
16:52:02.321 | Info | '/transaction/getcenters' | 
16:52:02.326 | Info | '/transaction/getcenters' | 
16:52:08.818 | Info | '/transaction/getpermissions' | 
16:52:08.820 | Info | '/transaction/getuserroles' | 
16:52:08.827 | Info | '/transaction/getpermissions' | 
16:52:08.832 | Info | '/transaction/getuserroles' | 
16:52:09.102 | Info | '/transaction/getchannel' | 
16:52:09.105 | Info | '/transaction/getchannel' | 
16:52:09.403 | Info | '/transaction/getdonationtypes' | 
16:52:09.406 | Info | '/transaction/getdonationtypes' | 
16:52:09.902 | Info | '/transaction/getdonationmethods' | 
16:52:09.906 | Info | '/transaction/getdonationmethods' | 
16:52:10.510 | Info | '/transaction/getdonationpurpose' | 
16:52:10.511 | Info | '/transaction/getarea' | 
16:52:10.517 | Info | '/transaction/getdonationpurpose' | 
16:52:10.518 | Info | '/transaction/getarea' | 
16:52:10.846 | Info | '/transaction/getdonationmethods' | 
16:52:10.849 | Info | '/transaction/getdonationmethods' | 
16:52:11.183 | Info | '/transaction/getdonationtypes' | 
16:52:11.187 | Info | '/transaction/getdonationtypes' | 
16:52:12.051 | Info | '/transaction/getpermissions' | 
16:52:12.052 | Info | '/transaction/getuserroles' | 
16:52:12.057 | Info | '/transaction/getpermissions' | 
16:52:12.058 | Info | '/transaction/getuserroles' | 
16:52:13.267 | Info | '/transaction/getchannel' | 
16:52:13.271 | Info | '/transaction/getuserroles' | 
16:52:13.276 | Info | '/transaction/getchannel' | 
16:52:13.277 | Info | '/transaction/getcenters' | 
16:52:13.279 | Info | '/transaction/getuserroles' | 
16:52:13.282 | Info | '/transaction/getusers' | 
16:52:13.286 | Info | '/transaction/getcenters' | 
16:52:13.289 | Info | '/transaction/getusers' | 
16:52:21.137 | Info | '/transaction/getchannel' | 
16:52:21.141 | Info | '/transaction/getchannel' | 
16:52:22.753 | Info | '/transaction/getarea' | 
16:52:22.757 | Info | '/transaction/getdonationtypes' | 
16:52:22.760 | Info | '/transaction/getarea' | 
16:52:22.764 | Info | '/transaction/getdonationmethods' | 
16:52:22.765 | Info | '/transaction/getdonationtypes' | 
16:52:22.769 | Info | '/transaction/getdonationmethods' | 
16:52:27.726 | Info | '/transaction/getpermissions' | 
16:52:27.731 | Info | '/transaction/getuserroles' | 
16:52:27.739 | Info | '/transaction/getpermissions' | 
16:52:27.745 | Info | '/transaction/getuserroles' | 
16:52:31.459 | Info | '/transaction/getdonationtypes' | 
16:52:31.462 | Info | '/transaction/getdonationtypes' | 
16:52:31.829 | Info | '/transaction/getdonationmethods' | 
16:52:31.832 | Info | '/transaction/getdonationmethods' | 
16:52:33.766 | Info | '/transaction/getdonationtypes' | 
16:52:33.768 | Info | '/transaction/getdonationmethods' | 
16:52:33.771 | Info | '/transaction/getarea' | 
16:52:33.773 | Info | '/transaction/getdonationtypes' | 
16:52:33.775 | Info | '/transaction/getdonationmethods' | 
16:52:33.777 | Info | '/transaction/getarea' | 
16:53:37.270 | Info | '/transaction/newdonation' | 
16:54:38.009 | Info | '/transaction/getpermissions' | 
16:54:38.011 | Info | '/transaction/getuserroles' | 
16:54:38.016 | Info | '/transaction/getpermissions' | 
16:54:38.017 | Info | '/transaction/getuserroles' | 
16:54:38.308 | Info | '/transaction/getcenters' | 
16:54:38.311 | Info | '/transaction/getcenters' | 
16:54:38.644 | Info | '/transaction/getchannel' | 
16:54:38.648 | Info | '/transaction/getchannel' | 
16:54:38.955 | Info | '/transaction/getdonationtypes' | 
16:54:38.959 | Info | '/transaction/getdonationtypes' | 
16:54:39.270 | Info | '/transaction/getdonationpurpose' | 
16:54:39.272 | Info | '/transaction/getarea' | 
16:54:39.276 | Info | '/transaction/getdonationpurpose' | 
16:54:39.277 | Info | '/transaction/getarea' | 
16:54:40.209 | Info | '/transaction/getdonationmethods' | 
16:54:40.213 | Info | '/transaction/getdonationmethods' | 
16:54:40.537 | Info | '/transaction/getarea' | 
16:54:40.540 | Info | '/transaction/getarea' | 
16:54:41.126 | Info | '/transaction/getcenters' | 
16:54:41.129 | Info | '/transaction/getcenters' | 
16:54:41.712 | Info | '/transaction/getpermissions' | 
16:54:41.713 | Info | '/transaction/getuserroles' | 
16:54:41.717 | Info | '/transaction/getpermissions' | 
16:54:41.719 | Info | '/transaction/getuserroles' | 
16:54:42.075 | Info | '/transaction/getchannel' | 
16:54:42.077 | Info | '/transaction/getcenters' | 
16:54:42.080 | Info | '/transaction/getuserroles' | 
16:54:42.083 | Info | '/transaction/getchannel' | 
16:54:42.085 | Info | '/transaction/getusers' | 
16:54:42.087 | Info | '/transaction/getcenters' | 
16:54:42.090 | Info | '/transaction/getuserroles' | 
16:54:42.092 | Info | '/transaction/getusers' | 
16:54:42.460 | Info | '/transaction/getpermissions' | 
16:54:42.461 | Info | '/transaction/getuserroles' | 
16:54:42.466 | Info | '/transaction/getpermissions' | 
16:54:42.467 | Info | '/transaction/getuserroles' | 
16:54:42.830 | Info | '/transaction/getcenters' | 
16:54:42.833 | Info | '/transaction/getcenters' | 
16:54:43.158 | Info | '/transaction/getarea' | 
16:54:43.163 | Info | '/transaction/getarea' | 
16:54:43.483 | Info | '/transaction/getdonationtypes' | 
16:54:43.487 | Info | '/transaction/getdonationtypes' | 
16:54:43.841 | Info | '/transaction/getdonationpurpose' | 
16:54:43.842 | Info | '/transaction/getarea' | 
16:54:43.848 | Info | '/transaction/getdonationpurpose' | 
16:54:43.849 | Info | '/transaction/getarea' | 
16:54:45.638 | Info | '/transaction/getdonationmethods' | 
16:54:45.642 | Info | '/transaction/getdonationmethods' | 
16:54:46.147 | Info | '/transaction/getdonationtypes' | 
16:54:46.150 | Info | '/transaction/getdonationtypes' | 
16:54:46.481 | Info | '/transaction/getarea' | 
16:54:46.485 | Info | '/transaction/getarea' | 
16:54:46.831 | Info | '/transaction/getchannel' | 
16:54:46.835 | Info | '/transaction/getchannel' | 
16:54:47.233 | Info | '/transaction/getcenters' | 
16:54:47.236 | Info | '/transaction/getcenters' | 
16:54:47.661 | Info | '/transaction/getpermissions' | 
16:54:47.663 | Info | '/transaction/getuserroles' | 
16:54:47.669 | Info | '/transaction/getpermissions' | 
16:54:47.671 | Info | '/transaction/getuserroles' | 
16:54:48.246 | Info | '/transaction/getchannel' | 
16:54:48.247 | Info | '/transaction/getcenters' | 
16:54:48.250 | Info | '/transaction/getuserroles' | 
16:54:48.253 | Info | '/transaction/getchannel' | 
16:54:48.255 | Info | '/transaction/getcenters' | 
16:54:48.257 | Info | '/transaction/getusers' | 
16:54:48.260 | Info | '/transaction/getuserroles' | 
16:54:48.265 | Info | '/transaction/getusers' | 
16:55:33.228 | Info | '/transaction/getchannel' | 
16:55:33.239 | Info | '/transaction/getcenters' | 
16:55:33.240 | Info | '/transaction/getuserroles' | 
16:55:33.243 | Info | '/transaction/getusers' | 
16:55:33.244 | Info | '/transaction/getchannel' | 
16:55:33.247 | Info | '/transaction/getcenters' | 
16:55:33.251 | Info | '/transaction/getuserroles' | 
16:55:33.258 | Info | '/transaction/getusers' | 
16:55:34.648 | Info | '/transaction/getuserroles' | 
16:55:34.651 | Info | '/transaction/getpermissions' | 
16:55:34.655 | Info | '/transaction/getuserroles' | 
16:55:34.657 | Info | '/transaction/getpermissions' | 
16:55:40.794 | Info | '/transaction/getcenters' | 
16:55:40.798 | Info | '/transaction/getcenters' | 
16:55:41.408 | Info | '/transaction/getchannel' | 
16:55:41.411 | Info | '/transaction/getchannel' | 
16:55:41.866 | Info | '/transaction/getarea' | 
16:55:41.869 | Info | '/transaction/getarea' | 
16:55:42.215 | Info | '/transaction/getdonationmethods' | 
16:55:42.219 | Info | '/transaction/getdonationmethods' | 
16:55:43.333 | Info | '/transaction/getarea' | 
16:55:43.338 | Info | '/transaction/getdonationpurpose' | 
16:55:43.342 | Info | '/transaction/getarea' | 
16:55:43.345 | Info | '/transaction/getdonationpurpose' | 
16:55:56.772 | Info | '/transaction/getdonationmethods' | 
16:55:56.776 | Info | '/transaction/getdonationmethods' | 
16:55:57.719 | Info | '/transaction/getdonationtypes' | 
16:55:57.722 | Info | '/transaction/getdonationtypes' | 
16:55:58.413 | Info | '/transaction/getdonationpurpose' | 
16:55:58.415 | Info | '/transaction/getarea' | 
16:55:58.418 | Info | '/transaction/getdonationpurpose' | 
16:55:58.420 | Info | '/transaction/getarea' | 
16:56:32.733 | Info | '/transaction/getuserpermissions' | 
16:56:32.736 | Info | '/transaction/getuserpermissions' | 
16:56:32.850 | Info | '/transaction/getdonationpurpose' | 
16:56:32.854 | Info | '/transaction/getarea' | 
16:56:32.857 | Info | '/transaction/getdonationpurpose' | 
16:56:32.863 | Info | '/transaction/getarea' | 
16:56:36.841 | Info | '/transaction/getarea' | 
16:56:36.843 | Info | '/transaction/getarea' | 
16:56:37.622 | Info | '/transaction/getdonationpurpose' | 
16:56:37.623 | Info | '/transaction/getarea' | 
16:56:37.627 | Info | '/transaction/getdonationpurpose' | 
16:56:37.629 | Info | '/transaction/getarea' | 
16:56:45.968 | Info | '/transaction/getarea' | 
16:56:45.970 | Info | '/transaction/getdonationtypes' | 
16:56:45.972 | Info | '/transaction/getdonationmethods' | 
16:56:45.975 | Info | '/transaction/getarea' | 
16:56:45.977 | Info | '/transaction/getdonationtypes' | 
16:56:45.984 | Info | '/transaction/getdonationmethods' | 
16:56:53.864 | Info | '/transaction/getchannel' | 
16:56:53.867 | Info | '/transaction/getchannel' | 
16:56:54.254 | Info | '/transaction/getdonationtypes' | 
16:56:54.258 | Info | '/transaction/getdonationtypes' | 
16:56:54.604 | Info | '/transaction/getdonationpurpose' | 
16:56:54.610 | Info | '/transaction/getarea' | 
16:56:54.611 | Info | '/transaction/getdonationpurpose' | 
16:56:54.623 | Info | '/transaction/getarea' | 
16:56:55.012 | Info | '/transaction/getdonationmethods' | 
16:56:55.016 | Info | '/transaction/getdonationmethods' | 
16:56:55.435 | Info | '/transaction/getdonationtypes' | 
16:56:55.438 | Info | '/transaction/getdonationtypes' | 
16:56:55.860 | Info | '/transaction/getchannel' | 
16:56:55.864 | Info | '/transaction/getchannel' | 
16:56:56.266 | Info | '/transaction/getcenters' | 
16:56:56.269 | Info | '/transaction/getcenters' | 
16:56:56.661 | Info | '/transaction/getpermissions' | 
16:56:56.663 | Info | '/transaction/getuserroles' | 
16:56:56.668 | Info | '/transaction/getpermissions' | 
16:56:56.670 | Info | '/transaction/getuserroles' | 
16:56:57.018 | Info | '/transaction/getchannel' | 
16:56:57.021 | Info | '/transaction/getuserroles' | 
16:56:57.020 | Info | '/transaction/getcenters' | 
16:56:57.033 | Info | '/transaction/getusers' | 
16:56:57.035 | Info | '/transaction/getchannel' | 
16:56:57.037 | Info | '/transaction/getcenters' | 
16:56:57.038 | Info | '/transaction/getuserroles' | 
16:56:57.043 | Info | '/transaction/getusers' | 
16:57:05.069 | Info | '/transaction/getpermissions' | 
16:57:05.070 | Info | '/transaction/getuserroles' | 
16:57:05.077 | Info | '/transaction/getpermissions' | 
16:57:05.080 | Info | '/transaction/getuserroles' | 
16:57:34.056 | Info | '/transaction/getarea' | 
16:57:34.060 | Info | '/transaction/getarea' | 
16:57:34.064 | Info | '/transaction/getdonationtypes' | 
16:57:34.065 | Info | '/transaction/getdonationmethods' | 
16:57:34.070 | Info | '/transaction/getdonationtypes' | 
16:57:34.072 | Info | '/transaction/getdonationmethods' | 
16:57:59.795 | Info | '/transaction/newdonation' | 
16:58:55.729 | Info | '/transaction/getdonationpurpose' | 
16:58:56.110 | Info | '/transaction/getdonationpurpose' | 
16:59:48.985 | Info | '/transaction/getarea' | 
16:59:48.988 | Info | '/transaction/getdonationtypes' | 
16:59:48.989 | Info | '/transaction/getdonationmethods' | 
16:59:48.991 | Info | '/transaction/getarea' | 
16:59:48.996 | Info | '/transaction/getdonationtypes' | 
16:59:48.998 | Info | '/transaction/getdonationmethods' | 
17:01:04.946 | Info | '/transaction/getuserpermissions' | 
17:01:04.952 | Info | '/transaction/getuserpermissions' | 
17:01:17.016 | Info | '/transaction/getuserpermissions' | 
17:01:17.025 | Info | '/transaction/getuserpermissions' | 
17:01:20.935 | Info | '/transaction/getuserpermissions' | 
17:01:20.939 | Info | '/transaction/getuserpermissions' | 
17:01:28.546 | Info | '/transaction/getuserpermissions' | 
17:01:28.550 | Info | '/transaction/getuserpermissions' | 
17:01:31.220 | Info | '/transaction/getuserpermissions' | 
17:01:31.221 | Info | '/transaction/getuserpermissions' | 
17:01:38.803 | Info | '/transaction/getarea' | 
17:01:38.805 | Info | '/transaction/getdonationtypes' | 
17:01:38.813 | Info | '/transaction/getdonationmethods' | 
17:01:38.817 | Info | '/transaction/getdonationtypes' | 
17:01:38.815 | Info | '/transaction/getarea' | 
17:01:38.833 | Info | '/transaction/getdonationmethods' | 
17:01:44.739 | Info | '/transaction/getuserpermissions' | 
17:01:44.745 | Info | '/transaction/getarea' | 
17:01:44.747 | Info | '/transaction/getdonationtypes' | 
17:01:44.750 | Info | '/transaction/getdonationmethods' | 
17:01:44.774 | Info | '/transaction/getdonationmethods' | 
17:01:44.776 | Info | '/transaction/getuserpermissions' | 
17:01:44.777 | Info | '/transaction/getarea' | 
17:01:44.781 | Info | '/transaction/getdonationtypes' | 
17:01:50.528 | Info | '/transaction/getuserpermissions' | 
17:01:50.535 | Info | '/transaction/getuserpermissions' | 
17:01:50.537 | Info | '/transaction/getarea' | 
17:01:50.548 | Info | '/transaction/getarea' | 
17:01:50.550 | Info | '/transaction/getdonationtypes' | 
17:01:50.554 | Info | '/transaction/getdonationmethods' | 
17:01:50.556 | Info | '/transaction/getdonationtypes' | 
17:01:50.562 | Info | '/transaction/getdonationmethods' | 
17:02:02.710 | Info | '/api/user/login' | 
17:02:02.864 | Info | '/transaction/getuserpermissions' | 
17:02:02.868 | Info | '/transaction/getuserpermissions' | 
