04:48:42.248 | Info | '/Service/AcceptServiceRequest' | 
04:49:34.009 | Info | '/Service/AcceptServiceRequest' | 
04:50:07.916 | Info | '/Service/AcceptServiceRequest' | 
04:52:26.553 | Info | '/Service/AcceptServiceRequest' | 
04:58:25.214 | Info | '/Service/AcceptServiceRequest' | 
04:59:29.413 | Info | '/Service/AcceptServiceRequest' | 
05:13:35.227 | Info | '/Service/CancelServiceRequest' | 
05:13:41.133 | Info | '/Service/CancelServiceRequest' | 
05:41:52.471 | Info | '/Service/RejectServiceRequest' | 
05:41:52.482 | Info | ({}) | 
05:42:02.523 | Info | '/Service/RejectServiceRequest' | 
05:42:16.264 | Info | '/Service/RejectServiceRequest' | 
05:42:22.234 | Info | '/Service/RejectServiceRequest' | 
05:42:27.615 | Info | '/Service/RejectServiceRequest' | 
05:45:18.202 | Info | '/Service/AcceptServiceRequest' | 
05:52:25.509 | Info | '/Service/ServiceCompletedAgent' | 
05:52:29.582 | Info | '/Service/ServiceCompletedCustomer' | 
05:52:29.588 | Info | ({}) | 
05:53:48.544 | Info | '/Service/ServiceCompletedCustomer' | 
06:06:56.071 | Info | '/Service/NewServiceRequest' | 
06:06:56.463 | Info | ({}) | 
06:07:34.189 | Info | '/Service/NewServiceRequest' | 
06:07:34.551 | Info | ({}) | 
06:08:13.172 | Info | '/Service/NewServiceRequest' | 
06:08:13.545 | Info | ({}) | 
06:09:03.260 | Info | '/Service/NewServiceRequest' | 
06:22:02.798 | Info | '/agent/PostAgentUserData' | 
06:22:02.807 | Info | ({}) | 
06:22:19.283 | Info | '/agent/PostAgentUserData' | 
06:22:59.285 | Info | '/agent/PostAgentUserData' | 
06:23:13.924 | Info | '/agent/PostAgentUserData' | 
06:23:25.167 | Info | '/agent/PostAgentUserData' | 
06:23:26.839 | Info | ({'message':'connect ECONNREFUSED 127.0.0.1:3306','code':'ECONNREFUSED','errno':-4078,'sqlState':undefined,'sqlMessage':undefined}) | 
06:23:48.884 | Info | '/agent/PostAgentUserData' | 
06:25:33.500 | Info | '/Service/NewServiceRequest' | 
06:26:40.518 | Info | '/Service/NewServiceRequest' | 
06:27:10.008 | Info | '/Service/NewServiceRequest' | 
06:57:16.435 | Info | '/Service/PostCreateService' | 
06:57:16.536 | Info | ({}) | 
06:58:00.178 | Info | '/Service/PostCreateService' | 
06:58:00.317 | Info | ({}) | 
06:58:36.450 | Info | '/Service/PostCreateService' | 
06:58:37.955 | Info | ({}) | 
06:59:05.729 | Info | '/Service/PostCreateService' | 
06:59:07.493 | Info | ({}) | 
07:00:28.036 | Info | '/Service/PostCreateService' | 
07:00:42.178 | Info | '/Service/PostCreateService' | 
07:00:42.328 | Info | ({}) | 
07:01:14.920 | Info | '/Service/PostCreateService' | 
07:01:15.070 | Info | ({}) | 
07:02:01.616 | Info | '/Service/PostCreateService' | 
07:02:22.121 | Info | '/Service/PostCreateService' | 
07:02:46.192 | Info | '/Service/PostCreateService' | 
07:02:47.690 | Info | ({}) | 
07:04:02.037 | Info | '/Service/PostCreateService' | 
07:04:19.041 | Info | '/Service/PostCreateService' | 
07:05:15.367 | Info | '/Service/PostCreateService' | 
07:05:25.449 | Info | '/Service/PostCreateService' | 
