05:19:40.552 | Info | '/transaction/getpermissions' | 
05:19:40.697 | Info | '/transaction/getpermissions' | 
05:24:09.885 | Info | '/transaction/getpermissions' | 
05:24:09.889 | Info | '/transaction/getpermissions' | 
05:24:19.812 | Info | '/transaction/getarea' | 
05:24:19.823 | Info | '/transaction/getarea' | 
05:24:20.442 | Info | '/transaction/getchannel' | 
05:24:20.449 | Info | '/transaction/getchannel' | 
05:24:21.431 | Info | '/transaction/getcenters' | 
05:24:21.437 | Info | '/transaction/getcenters' | 
05:28:34.233 | Info | '/transaction/getpermissions' | 
05:28:34.242 | Info | '/transaction/getpermissions' | 
05:28:34.923 | Info | '/transaction/getcenters' | 
05:28:34.930 | Info | '/transaction/getcenters' | 
05:28:35.623 | Info | '/transaction/getpermissions' | 
05:28:35.627 | Info | '/transaction/getpermissions' | 
05:28:36.316 | Info | '/transaction/getcenters' | 
05:28:36.321 | Info | '/transaction/getcenters' | 
05:51:34.953 | Info | '/transaction/getuserpermissions' | 
06:01:21.708 | Info | '/transaction/getuserpermissions' | 
06:03:19.023 | Info | '/transaction/getuserpermissions' | 
06:04:33.251 | Info | '/transaction/getcenters' | 
06:04:33.266 | Info | '/transaction/getcenters' | 
06:12:05.047 | Info | '/transaction/getcenters' | 
06:12:05.053 | Info | '/transaction/getcenters' | 
06:12:05.064 | Info | '/transaction/getcenters' | 
06:12:05.069 | Info | '/transaction/getcenters' | 
06:12:29.804 | Info | '/transaction/getuserpermissions' | 
06:12:29.807 | Info | '/transaction/getcenters' | 
06:12:29.814 | Info | '/transaction/getuserpermissions' | 
06:12:29.817 | Info | '/transaction/getcenters' | 
06:18:13.983 | Info | '/transaction/getuserpermissions' | 
06:18:14.037 | Info | '/transaction/getuserpermissions' | 
06:18:14.047 | Info | '/transaction/getuserpermissions' | 
06:18:14.055 | Info | '/transaction/getuserpermissions' | 
06:18:42.645 | Info | '/transaction/getuserpermissions' | 
06:18:42.656 | Info | '/transaction/getuserpermissions' | 
06:18:42.662 | Info | '/transaction/getuserpermissions' | 
06:18:42.669 | Info | '/transaction/getuserpermissions' | 
06:20:04.051 | Info | '/transaction/getuserpermissions' | 
06:20:04.054 | Info | '/transaction/getcenters' | 
06:20:04.060 | Info | '/transaction/getuserpermissions' | 
06:20:04.062 | Info | '/transaction/getcenters' | 
06:20:06.455 | Info | '/transaction/getpermissions' | 
06:20:06.462 | Info | '/transaction/getpermissions' | 
06:35:37.862 | Info | '/transaction/getuserpermissions' | 
06:35:37.866 | Info | '/transaction/getuserpermissions' | 
06:35:37.963 | Info | '/transaction/getpermissions' | 
06:35:37.967 | Info | '/transaction/getpermissions' | 
06:36:16.753 | Info | '/transaction/getuserpermissions' | 
06:36:16.756 | Info | '/transaction/getuserpermissions' | 
06:36:16.868 | Info | '/transaction/getpermissions' | 
06:36:16.872 | Info | '/transaction/getpermissions' | 
06:38:54.409 | Info | '/transaction/getuserpermissions' | 
06:38:54.414 | Info | '/transaction/getuserpermissions' | 
06:38:54.507 | Info | '/transaction/getpermissions' | 
06:38:54.510 | Info | '/transaction/getpermissions' | 
06:39:18.118 | Info | '/transaction/getuserpermissions' | 
06:39:18.125 | Info | '/transaction/getuserpermissions' | 
06:39:18.260 | Info | '/transaction/getpermissions' | 
06:39:18.264 | Info | '/transaction/getpermissions' | 
06:40:30.416 | Info | '/transaction/getuserpermissions' | 
06:40:30.420 | Info | '/transaction/getuserpermissions' | 
06:40:30.514 | Info | '/transaction/getpermissions' | 
06:40:30.518 | Info | '/transaction/getpermissions' | 
06:41:34.387 | Info | '/transaction/getuserpermissions' | 
06:41:34.391 | Info | '/transaction/getuserpermissions' | 
06:41:34.494 | Info | '/transaction/getpermissions' | 
06:41:34.499 | Info | '/transaction/getpermissions' | 
06:41:54.097 | Info | '/transaction/getuserpermissions' | 
06:41:54.101 | Info | '/transaction/getuserpermissions' | 
06:41:54.205 | Info | '/transaction/getpermissions' | 
06:41:54.209 | Info | '/transaction/getpermissions' | 
06:42:04.133 | Info | '/transaction/getuserpermissions' | 
06:42:04.139 | Info | '/transaction/getuserpermissions' | 
06:42:04.220 | Info | '/transaction/getpermissions' | 
06:42:04.223 | Info | '/transaction/getpermissions' | 
06:43:27.234 | Info | '/transaction/getuserpermissions' | 
06:43:27.239 | Info | '/transaction/getuserpermissions' | 
06:43:27.351 | Info | '/transaction/getpermissions' | 
06:43:27.355 | Info | '/transaction/getpermissions' | 
06:48:12.525 | Info | '/transaction/getpermissions' | 
06:48:12.529 | Info | '/transaction/getpermissions' | 
06:48:13.110 | Info | '/transaction/getcenters' | 
06:48:13.115 | Info | '/transaction/getcenters' | 
06:48:13.843 | Info | '/transaction/getchannel' | 
06:48:13.891 | Info | '/transaction/getchannel' | 
06:48:14.514 | Info | '/transaction/getarea' | 
06:48:14.524 | Info | '/transaction/getarea' | 
06:51:36.518 | Info | '/transaction/getuserpermissions' | 
06:51:36.520 | Info | '/transaction/getarea' | 
06:51:36.527 | Info | '/transaction/getuserpermissions' | 
06:51:36.531 | Info | '/transaction/getarea' | 
06:52:03.813 | Info | '/transaction/getuserpermissions' | 
06:52:03.815 | Info | '/transaction/getarea' | 
06:52:03.819 | Info | '/transaction/getuserpermissions' | 
06:52:03.821 | Info | '/transaction/getarea' | 
06:52:06.836 | Info | '/transaction/getuserpermissions' | 
06:52:06.838 | Info | '/transaction/getarea' | 
06:52:06.844 | Info | '/transaction/getuserpermissions' | 
06:52:06.846 | Info | '/transaction/getarea' | 
06:52:07.974 | Info | '/transaction/getuserpermissions' | 
06:52:07.975 | Info | '/transaction/getarea' | 
06:52:07.981 | Info | '/transaction/getuserpermissions' | 
06:52:07.984 | Info | '/transaction/getarea' | 
06:52:08.958 | Info | '/transaction/getuserpermissions' | 
06:52:08.959 | Info | '/transaction/getarea' | 
06:52:08.966 | Info | '/transaction/getuserpermissions' | 
06:52:08.968 | Info | '/transaction/getarea' | 
06:52:09.886 | Info | '/transaction/getuserpermissions' | 
06:52:09.888 | Info | '/transaction/getarea' | 
06:52:09.893 | Info | '/transaction/getuserpermissions' | 
06:52:09.895 | Info | '/transaction/getarea' | 
07:07:24.423 | Info | '/api/user/login' | 
07:07:44.725 | Info | '/transaction/getuserpermissions' | 
07:07:44.728 | Info | '/transaction/getuserpermissions' | 
07:08:38.617 | Info | '/api/user/login' | 
07:10:28.597 | Info | '/transaction/getuserpermissions' | 
07:10:28.603 | Info | '/transaction/getuserpermissions' | 
07:10:35.846 | Info | '/api/user/login' | 
07:11:37.608 | Info | '/api/user/login' | 
07:12:41.527 | Info | '/transaction/getuserpermissions' | 
07:12:41.533 | Info | '/transaction/getuserpermissions' | 
07:12:51.917 | Info | '/api/user/login' | 
07:17:53.023 | Info | '/transaction/getuserpermissions' | 
07:17:53.030 | Info | '/transaction/getuserpermissions' | 
07:21:38.808 | Info | '/transaction/getuserpermissions' | 
07:21:38.812 | Info | '/transaction/getuserpermissions' | 
07:21:41.113 | Info | '/transaction/getuserpermissions' | 
07:21:41.117 | Info | '/transaction/getuserpermissions' | 
07:22:29.813 | Info | '/transaction/getchannel' | 
07:22:29.817 | Info | '/transaction/getchannel' | 
07:22:41.812 | Info | '/transaction/getuserpermissions' | 
07:22:41.817 | Info | '/transaction/getchannel' | 
07:22:41.821 | Info | '/transaction/getuserpermissions' | 
07:22:41.823 | Info | '/transaction/getchannel' | 
10:14:38.473 | Info | '/api/user/login' | 
10:14:46.241 | Info | '/transaction/getuserpermissions' | 
10:14:46.244 | Info | '/transaction/getuserpermissions' | 
10:15:28.804 | Info | '/api/user/login' | 
10:21:04.239 | Info | '/transaction/getuserpermissions' | 
10:21:04.246 | Info | '/transaction/getuserpermissions' | 
10:21:11.582 | Info | '/api/user/login' | 
10:21:19.944 | Info | '/api/user/login' | 
10:21:19.946 | Info | '/transaction/getuserpermissions' | 
10:21:19.952 | Info | '/transaction/getuserpermissions' | 
10:21:32.942 | Info | '/api/user/login' | 
10:21:55.372 | Info | '/api/user/login' | 
10:21:55.383 | Info | '/transaction/getuserpermissions' | 
10:21:55.388 | Info | '/transaction/getuserpermissions' | 
10:22:42.490 | Info | '/transaction/getuserpermissions' | 
10:22:42.499 | Info | '/transaction/getuserpermissions' | 
10:23:01.811 | Info | '/transaction/getuserpermissions' | 
10:23:01.814 | Info | '/transaction/getuserpermissions' | 
10:23:06.042 | Info | '/api/user/login' | 
10:23:08.104 | Info | '/api/user/login' | 
10:23:08.110 | Info | '/transaction/getuserpermissions' | 
10:23:08.115 | Info | '/transaction/getuserpermissions' | 
10:23:17.031 | Info | '/api/user/login' | 
10:23:21.184 | Info | '/api/user/login' | 
10:23:21.192 | Info | '/transaction/getuserpermissions' | 
10:23:21.196 | Info | '/transaction/getuserpermissions' | 
10:24:44.489 | Info | '/transaction/getuserpermissions' | 
10:24:44.494 | Info | '/transaction/getuserpermissions' | 
10:24:48.438 | Info | '/api/user/login' | 
10:24:48.518 | Info | '/transaction/getuserpermissions' | 
10:24:48.521 | Info | '/transaction/getuserpermissions' | 
10:25:26.232 | Info | '/transaction/getuserpermissions' | 
10:25:26.236 | Info | '/transaction/getuserpermissions' | 
10:27:55.777 | Info | '/api/user/login' | 
10:27:55.845 | Info | '/transaction/getuserpermissions' | 
10:27:55.849 | Info | '/transaction/getuserpermissions' | 
10:28:04.508 | Info | '/api/user/login' | 
10:28:04.565 | Info | '/transaction/getuserpermissions' | 
10:28:04.569 | Info | '/transaction/getuserpermissions' | 
10:28:11.304 | Info | '/transaction/getchannel' | 
10:28:11.307 | Info | '/transaction/getchannel' | 
10:28:11.679 | Info | '/transaction/getpermissions' | 
10:28:11.682 | Info | '/transaction/getpermissions' | 
10:28:12.454 | Info | '/transaction/getchannel' | 
10:28:12.460 | Info | '/transaction/getchannel' | 
10:28:42.471 | Info | '/transaction/getuserpermissions' | 
10:28:42.474 | Info | '/transaction/getuserpermissions' | 
10:28:50.684 | Info | '/api/user/login' | 
10:28:50.814 | Info | '/transaction/getuserpermissions' | 
10:28:50.817 | Info | '/transaction/getuserpermissions' | 
10:28:55.164 | Info | '/transaction/getchannel' | 
10:28:55.167 | Info | '/transaction/getchannel' | 
10:28:55.554 | Info | '/transaction/getpermissions' | 
10:28:55.558 | Info | '/transaction/getpermissions' | 
10:28:56.021 | Info | '/transaction/getcenters' | 
10:28:56.026 | Info | '/transaction/getcenters' | 
10:28:56.851 | Info | '/transaction/getchannel' | 
10:28:56.855 | Info | '/transaction/getchannel' | 
10:28:57.574 | Info | '/transaction/getarea' | 
10:28:57.579 | Info | '/transaction/getarea' | 
10:29:08.666 | Info | '/transaction/getchannel' | 
10:29:08.671 | Info | '/transaction/getchannel' | 
10:30:03.885 | Info | '/transaction/getuserpermissions' | 
10:30:03.890 | Info | '/transaction/getuserpermissions' | 
10:30:08.186 | Info | '/api/user/login' | 
10:30:08.270 | Info | '/transaction/getuserpermissions' | 
10:30:08.277 | Info | '/transaction/getuserpermissions' | 
10:30:11.360 | Info | '/transaction/getchannel' | 
10:30:11.364 | Info | '/transaction/getchannel' | 
10:30:23.932 | Info | '/transaction/getuserpermissions' | 
10:30:23.937 | Info | '/transaction/getchannel' | 
10:30:23.940 | Info | '/transaction/getuserpermissions' | 
10:30:23.944 | Info | '/transaction/getchannel' | 
10:31:06.854 | Info | '/transaction/getuserpermissions' | 
10:31:06.856 | Info | '/transaction/getchannel' | 
10:31:06.859 | Info | '/transaction/getuserpermissions' | 
10:31:06.861 | Info | '/transaction/getchannel' | 
10:31:27.844 | Info | '/transaction/getuserpermissions' | 
10:31:27.848 | Info | '/transaction/getchannel' | 
10:31:27.850 | Info | '/transaction/getuserpermissions' | 
10:31:27.855 | Info | '/transaction/getchannel' | 
10:32:22.730 | Info | '/transaction/getchannel' | 
10:32:22.733 | Info | '/transaction/getchannel' | 
10:33:04.054 | Info | '/transaction/getuserpermissions' | 
10:33:04.056 | Info | '/transaction/getchannel' | 
10:33:04.064 | Info | '/transaction/getuserpermissions' | 
10:33:04.066 | Info | '/transaction/getchannel' | 
10:33:18.055 | Info | '/transaction/getuserpermissions' | 
10:33:18.057 | Info | '/transaction/getchannel' | 
10:33:18.061 | Info | '/transaction/getuserpermissions' | 
10:33:18.065 | Info | '/transaction/getchannel' | 
10:34:39.648 | Info | '/transaction/getuserpermissions' | 
10:34:39.651 | Info | '/transaction/getchannel' | 
10:34:39.655 | Info | '/transaction/getuserpermissions' | 
10:34:39.656 | Info | '/transaction/getchannel' | 
10:35:22.748 | Info | '/transaction/getchannel' | 
10:35:22.754 | Info | '/transaction/getchannel' | 
10:39:02.033 | Info | '/transaction/getuserpermissions' | 
10:39:02.035 | Info | '/transaction/getchannel' | 
10:39:02.040 | Info | '/transaction/getuserpermissions' | 
10:39:02.042 | Info | '/transaction/getchannel' | 
10:39:44.358 | Info | '/transaction/getuserpermissions' | 
10:39:44.360 | Info | '/transaction/getchannel' | 
10:39:44.365 | Info | '/transaction/getuserpermissions' | 
10:39:44.367 | Info | '/transaction/getchannel' | 
10:40:22.834 | Info | '/transaction/getchannel' | 
10:40:22.837 | Info | '/transaction/getchannel' | 
10:40:46.116 | Info | '/transaction/getuserpermissions' | 
10:40:46.123 | Info | '/transaction/getuserpermissions' | 
10:40:46.132 | Info | '/transaction/getchannel' | 
10:40:46.146 | Info | '/transaction/getchannel' | 
10:41:52.031 | Info | '/transaction/getpermissions' | 
10:41:52.034 | Info | '/transaction/getpermissions' | 
10:42:21.568 | Info | '/transaction/getchannel' | 
10:42:21.573 | Info | '/transaction/getchannel' | 
10:43:03.299 | Info | '/transaction/getuserpermissions' | 
10:43:03.301 | Info | '/transaction/getchannel' | 
10:43:03.305 | Info | '/transaction/getuserpermissions' | 
10:43:03.310 | Info | '/transaction/getchannel' | 
10:43:40.174 | Info | '/transaction/getuserpermissions' | 
10:43:40.178 | Info | '/transaction/getchannel' | 
10:43:40.180 | Info | '/transaction/getuserpermissions' | 
10:43:40.187 | Info | '/transaction/getchannel' | 
10:44:22.735 | Info | '/transaction/getchannel' | 
10:44:22.738 | Info | '/transaction/getchannel' | 
10:44:52.246 | Info | '/transaction/getuserpermissions' | 
10:44:52.247 | Info | '/transaction/getchannel' | 
10:44:52.254 | Info | '/transaction/getuserpermissions' | 
10:44:52.256 | Info | '/transaction/getchannel' | 
10:45:52.741 | Info | '/transaction/getchannel' | 
10:45:52.744 | Info | '/transaction/getchannel' | 
10:46:04.871 | Info | '/transaction/getuserpermissions' | 
10:46:04.873 | Info | '/transaction/getchannel' | 
10:46:04.879 | Info | '/transaction/getuserpermissions' | 
10:46:04.881 | Info | '/transaction/getchannel' | 
10:46:26.238 | Info | '/transaction/getuserpermissions' | 
10:46:26.241 | Info | '/transaction/getchannel' | 
10:46:26.245 | Info | '/transaction/getuserpermissions' | 
10:46:26.249 | Info | '/transaction/getchannel' | 
10:46:41.948 | Info | '/transaction/getuserpermissions' | 
10:46:41.954 | Info | '/transaction/getchannel' | 
10:46:41.957 | Info | '/transaction/getuserpermissions' | 
10:46:41.961 | Info | '/transaction/getchannel' | 
10:47:02.457 | Info | '/transaction/getuserpermissions' | 
10:47:02.460 | Info | '/transaction/getchannel' | 
10:47:02.465 | Info | '/transaction/getuserpermissions' | 
10:47:02.467 | Info | '/transaction/getchannel' | 
10:47:52.720 | Info | '/transaction/getchannel' | 
10:47:52.724 | Info | '/transaction/getchannel' | 
10:47:55.463 | Info | '/transaction/getchannel' | 
10:47:55.465 | Info | '/transaction/getuserpermissions' | 
10:47:55.470 | Info | '/transaction/getchannel' | 
10:47:55.472 | Info | '/transaction/getuserpermissions' | 
10:48:44.164 | Info | '/transaction/getuserpermissions' | 
10:48:44.169 | Info | '/transaction/getuserpermissions' | 
10:48:46.240 | Info | '/transaction/getcenters' | 
10:48:46.243 | Info | '/transaction/getcenters' | 
10:51:46.874 | Info | '/transaction/getuserpermissions' | 
10:51:46.878 | Info | '/transaction/getuserpermissions' | 
10:54:37.810 | Info | '/transaction/getchannel' | 
10:54:37.814 | Info | '/transaction/getchannel' | 
10:54:38.550 | Info | '/transaction/getchannel' | 
10:54:38.554 | Info | '/transaction/getchannel' | 
10:54:57.892 | Info | '/transaction/getchannel' | 
10:54:57.895 | Info | '/transaction/getchannel' | 
10:56:30.855 | Info | '/transaction/getuserpermissions' | 
10:56:30.858 | Info | '/transaction/getchannel' | 
10:56:30.869 | Info | '/transaction/getuserpermissions' | 
10:56:30.873 | Info | '/transaction/getchannel' | 
10:56:36.661 | Info | '/transaction/getpermissions' | 
10:56:36.666 | Info | '/transaction/getpermissions' | 
10:56:37.727 | Info | '/transaction/getcenters' | 
10:56:37.730 | Info | '/transaction/getcenters' | 
10:56:38.900 | Info | '/transaction/getchannel' | 
10:56:38.903 | Info | '/transaction/getchannel' | 
10:56:41.419 | Info | '/transaction/getchannel' | 
10:56:41.423 | Info | '/transaction/getchannel' | 
10:59:16.140 | Info | '/transaction/getuserpermissions' | 
10:59:16.142 | Info | '/transaction/getchannel' | 
10:59:16.149 | Info | '/transaction/getuserpermissions' | 
10:59:16.151 | Info | '/transaction/getchannel' | 
11:02:38.642 | Info | '/transaction/getuserpermissions' | 
11:02:38.646 | Info | '/transaction/getchannel' | 
11:02:38.651 | Info | '/transaction/getuserpermissions' | 
11:02:38.652 | Info | '/transaction/getchannel' | 
11:03:22.285 | Info | '/transaction/getchannel' | 
11:03:22.295 | Info | '/transaction/getchannel' | 
11:03:22.439 | Info | '/transaction/getchannel' | 
11:03:22.442 | Info | '/transaction/getchannel' | 
11:06:46.362 | Info | '/transaction/getuserpermissions' | 
11:06:46.369 | Info | '/transaction/getchannel' | 
11:06:46.371 | Info | '/transaction/getcenters' | 
11:06:46.378 | Info | '/transaction/getuserpermissions' | 
11:06:46.381 | Info | '/transaction/getchannel' | 
11:06:46.385 | Info | '/transaction/getcenters' | 
11:08:20.297 | Info | '/transaction/getuserpermissions' | 
11:08:20.302 | Info | '/transaction/getcenters' | 
11:08:20.306 | Info | '/transaction/getchannel' | 
11:08:20.325 | Info | '/transaction/getchannel' | 
11:08:20.332 | Info | '/transaction/getuserpermissions' | 
11:08:20.334 | Info | '/transaction/getcenters' | 
11:18:00.116 | Info | '/transaction/getuserpermissions' | 
11:18:00.117 | Info | '/transaction/getchannel' | 
11:18:00.119 | Info | '/transaction/getcenters' | 
11:18:00.125 | Info | '/transaction/getuserpermissions' | 
11:18:00.129 | Info | '/transaction/getchannel' | 
11:18:00.134 | Info | '/transaction/getcenters' | 
11:18:31.192 | Info | '/transaction/getuserpermissions' | 
11:18:31.194 | Info | '/transaction/getchannel' | 
11:18:31.196 | Info | '/transaction/getcenters' | 
11:18:31.210 | Info | '/transaction/getuserpermissions' | 
11:18:31.212 | Info | '/transaction/getchannel' | 
11:18:31.214 | Info | '/transaction/getcenters' | 
11:34:21.752 | Info | '/transaction/getuserpermissions' | 
11:34:21.754 | Info | '/transaction/getchannel' | 
11:34:21.756 | Info | '/transaction/getcenters' | 
11:34:21.767 | Info | '/transaction/getuserpermissions' | 
11:34:21.770 | Info | '/transaction/getchannel' | 
11:34:21.772 | Info | '/transaction/getcenters' | 
11:35:02.375 | Info | '/transaction/getuserpermissions' | 
11:35:02.382 | Info | '/transaction/getchannel' | 
11:35:02.384 | Info | '/transaction/getcenters' | 
11:35:02.386 | Info | '/transaction/getuserpermissions' | 
11:35:02.392 | Info | '/transaction/getchannel' | 
11:35:02.394 | Info | '/transaction/getcenters' | 
11:35:24.783 | Info | '/transaction/getuserpermissions' | 
11:35:24.789 | Info | '/transaction/getchannel' | 
11:35:24.791 | Info | '/transaction/getcenters' | 
11:35:24.794 | Info | '/transaction/getuserpermissions' | 
11:35:24.800 | Info | '/transaction/getchannel' | 
11:35:24.803 | Info | '/transaction/getcenters' | 
11:35:34.432 | Info | '/transaction/getuserpermissions' | 
11:35:34.434 | Info | '/transaction/getchannel' | 
11:35:34.437 | Info | '/transaction/getcenters' | 
11:35:34.441 | Info | '/transaction/getuserpermissions' | 
11:35:34.443 | Info | '/transaction/getchannel' | 
11:35:34.448 | Info | '/transaction/getcenters' | 
11:36:50.237 | Info | '/transaction/getuserpermissions' | 
11:36:51.203 | Info | '/transaction/getcenters' | 
11:36:51.211 | Info | '/transaction/getchannel' | 
11:36:51.497 | Info | '/transaction/getuserroles' | 
11:36:51.570 | Info | '/transaction/getuserpermissions' | 
11:36:51.578 | Info | '/transaction/getcenters' | 
11:36:51.580 | Info | '/transaction/getchannel' | 
11:36:51.583 | Info | '/transaction/getuserroles' | 
11:37:28.426 | Info | '/transaction/getuserpermissions' | 
11:37:28.430 | Info | '/transaction/getchannel' | 
11:37:28.437 | Info | '/transaction/getuserroles' | 
11:37:28.435 | Info | '/transaction/getcenters' | 
11:37:28.443 | Info | '/transaction/getuserpermissions' | 
11:37:28.453 | Info | '/transaction/getcenters' | 
11:37:28.449 | Info | '/transaction/getchannel' | 
11:37:28.457 | Info | '/transaction/getuserroles' | 
11:39:54.848 | Info | '/transaction/getuserpermissions' | 
11:39:54.850 | Info | '/transaction/getchannel' | 
11:39:54.852 | Info | '/transaction/getcenters' | 
11:39:54.855 | Info | '/transaction/getuserroles' | 
11:39:54.865 | Info | '/transaction/getchannel' | 
11:39:54.862 | Info | '/transaction/getuserpermissions' | 
11:39:54.870 | Info | '/transaction/getuserroles' | 
11:39:54.868 | Info | '/transaction/getcenters' | 
11:39:56.507 | Info | '/transaction/getcenters' | 
11:39:56.510 | Info | '/transaction/getcenters' | 
11:39:57.164 | Info | '/transaction/getarea' | 
11:39:57.196 | Info | '/transaction/getarea' | 
11:39:57.647 | Info | '/transaction/getchannel' | 
11:39:57.651 | Info | '/transaction/getchannel' | 
11:39:58.162 | Info | '/transaction/getpermissions' | 
11:39:58.167 | Info | '/transaction/getpermissions' | 
11:40:01.827 | Info | '/transaction/getcenters' | 
11:40:01.831 | Info | '/transaction/getcenters' | 
11:40:02.325 | Info | '/transaction/getcenters' | 
11:40:02.335 | Info | '/transaction/getcenters' | 
11:40:02.337 | Info | '/transaction/getchannel' | 
11:40:02.339 | Info | '/transaction/getuserroles' | 
11:40:02.348 | Info | '/transaction/getchannel' | 
11:40:02.351 | Info | '/transaction/getuserroles' | 
11:53:54.600 | Info | '/transaction/getuserpermissions' | 
11:53:54.605 | Info | '/transaction/getuserpermissions' | 
11:53:58.532 | Info | '/transaction/getchannel' | 
11:53:58.537 | Info | '/transaction/getcenters' | 
11:53:58.539 | Info | '/transaction/getuserroles' | 
11:53:58.541 | Info | '/transaction/getchannel' | 
11:53:58.545 | Info | '/transaction/getcenters' | 
11:53:58.550 | Info | '/transaction/getuserroles' | 
11:53:58.552 | Info | '/transaction/getchannel' | 
11:53:58.557 | Info | '/transaction/getchannel' | 
11:54:17.287 | Info | '/transaction/getuserpermissions' | 
11:54:17.289 | Info | '/transaction/getchannel' | 
11:54:17.296 | Info | '/transaction/getcenters' | 
11:54:17.298 | Info | '/transaction/getuserroles' | 
11:54:17.300 | Info | '/transaction/getchannel' | 
11:54:17.302 | Info | '/transaction/getuserpermissions' | 
11:54:17.310 | Info | '/transaction/getcenters' | 
11:54:17.317 | Info | '/transaction/getuserroles' | 
11:54:17.320 | Info | '/transaction/getchannel' | 
11:54:17.325 | Info | '/transaction/getchannel' | 
11:57:57.710 | Info | '/api/user/login' | 
11:57:57.823 | Info | '/transaction/getuserpermissions' | 
11:57:57.826 | Info | '/transaction/getuserpermissions' | 
11:58:01.125 | Info | '/transaction/getchannel' | 
11:58:01.129 | Info | '/transaction/getcenters' | 
11:58:01.132 | Info | '/transaction/getuserroles' | 
11:58:01.135 | Info | '/transaction/getchannel' | 
11:58:01.138 | Info | '/transaction/getcenters' | 
11:58:01.144 | Info | '/transaction/getuserroles' | 
11:58:01.147 | Info | '/transaction/getchannel' | 
11:58:01.152 | Info | '/transaction/getchannel' | 
11:58:49.774 | Info | '/transaction/getchannel' | 
11:58:49.777 | Info | '/transaction/getcenters' | 
11:58:49.782 | Info | '/transaction/getchannel' | 
11:58:49.791 | Info | '/transaction/getuserroles' | 
11:58:49.799 | Info | '/transaction/getchannel' | 
11:58:49.801 | Info | '/transaction/getcenters' | 
11:58:49.803 | Info | '/transaction/getuserroles' | 
11:58:49.815 | Info | '/transaction/getchannel' | 
12:00:05.640 | Info | '/transaction/getuserpermissions' | 
12:00:05.641 | Info | '/transaction/getchannel' | 
12:00:05.643 | Info | '/transaction/getcenters' | 
12:00:05.655 | Info | '/transaction/getuserroles' | 
12:00:05.659 | Info | '/transaction/getuserpermissions' | 
12:00:05.660 | Info | '/transaction/getchannel' | 
12:00:05.663 | Info | '/transaction/getcenters' | 
12:00:05.673 | Info | '/transaction/getuserroles' | 
12:00:46.445 | Info | '/transaction/getuserpermissions' | 
12:00:46.687 | Info | '/transaction/getchannel' | 
12:00:46.724 | Info | '/transaction/getcenters' | 
12:00:46.729 | Info | '/transaction/getuserroles' | 
12:00:46.736 | Info | '/transaction/getusers' | 
12:00:46.792 | Info | '/transaction/getuserpermissions' | 
12:00:46.802 | Info | '/transaction/getchannel' | 
12:00:46.800 | Info | '/transaction/getuserroles' | 
12:00:46.804 | Info | '/transaction/getcenters' | 
12:00:46.808 | Info | '/transaction/getusers' | 
12:01:42.508 | Info | '/transaction/getuserpermissions' | 
12:01:42.516 | Info | '/transaction/getchannel' | 
12:01:42.520 | Info | '/transaction/getuserpermissions' | 
12:01:42.527 | Info | '/transaction/getcenters' | 
12:01:42.531 | Info | '/transaction/getuserroles' | 
12:01:42.534 | Info | '/transaction/getchannel' | 
12:01:42.537 | Info | '/transaction/getusers' | 
12:01:42.541 | Info | '/transaction/getcenters' | 
12:01:42.544 | Info | '/transaction/getuserroles' | 
12:01:42.550 | Info | '/transaction/getusers' | 
12:02:13.660 | Info | '/transaction/getuserpermissions' | 
12:02:13.662 | Info | '/transaction/getchannel' | 
12:02:13.665 | Info | '/transaction/getcenters' | 
12:02:13.667 | Info | '/transaction/getuserroles' | 
12:02:13.670 | Info | '/transaction/getusers' | 
12:02:13.688 | Info | '/transaction/getchannel' | 
12:02:13.691 | Info | '/transaction/getuserpermissions' | 
12:02:13.695 | Info | '/transaction/getuserroles' | 
12:02:13.697 | Info | '/transaction/getusers' | 
12:02:13.700 | Info | '/transaction/getcenters' | 
12:02:29.752 | Info | '/transaction/getuserpermissions' | 
12:02:29.775 | Info | '/transaction/getchannel' | 
12:02:29.780 | Info | '/transaction/getuserroles' | 
12:02:29.782 | Info | '/transaction/getuserpermissions' | 
12:02:29.778 | Info | '/transaction/getcenters' | 
12:02:29.787 | Info | '/transaction/getusers' | 
12:02:29.795 | Info | '/transaction/getchannel' | 
12:02:29.798 | Info | '/transaction/getcenters' | 
12:02:29.801 | Info | '/transaction/getuserroles' | 
12:02:29.804 | Info | '/transaction/getusers' | 
12:03:08.064 | Info | '/transaction/getpermissions' | 
12:03:08.078 | Info | '/transaction/getpermissions' | 
12:03:08.437 | Info | '/transaction/getcenters' | 
12:03:08.441 | Info | '/transaction/getcenters' | 
12:03:08.767 | Info | '/transaction/getarea' | 
12:03:08.781 | Info | '/transaction/getarea' | 
12:03:09.137 | Info | '/transaction/getchannel' | 
12:03:09.142 | Info | '/transaction/getchannel' | 
12:03:09.483 | Info | '/transaction/getcenters' | 
12:03:09.487 | Info | '/transaction/getcenters' | 
12:03:09.841 | Info | '/transaction/getpermissions' | 
12:03:09.846 | Info | '/transaction/getpermissions' | 
12:03:10.270 | Info | '/transaction/getchannel' | 
12:03:10.273 | Info | '/transaction/getcenters' | 
12:03:10.281 | Info | '/transaction/getuserroles' | 
12:03:10.284 | Info | '/transaction/getchannel' | 
12:03:10.286 | Info | '/transaction/getusers' | 
12:03:10.288 | Info | '/transaction/getcenters' | 
12:03:10.293 | Info | '/transaction/getuserroles' | 
12:03:10.296 | Info | '/transaction/getusers' | 
12:03:10.684 | Info | '/transaction/getpermissions' | 
12:03:10.688 | Info | '/transaction/getpermissions' | 
12:04:43.300 | Info | '/transaction/getuserpermissions' | 
12:04:43.304 | Info | '/transaction/getuserpermissions' | 
12:04:43.436 | Info | '/transaction/getpermissions' | 
12:04:43.439 | Info | '/transaction/getuserroles' | 
12:04:43.441 | Info | '/transaction/getpermissions' | 
12:04:43.446 | Info | '/transaction/getuserroles' | 
12:05:16.344 | Info | '/transaction/getpermissions' | 
12:05:16.347 | Info | '/transaction/getuserroles' | 
12:05:16.353 | Info | '/transaction/getpermissions' | 
12:05:16.356 | Info | '/transaction/getuserroles' | 
12:05:16.814 | Info | '/transaction/getcenters' | 
12:05:16.817 | Info | '/transaction/getcenters' | 
12:05:17.229 | Info | '/transaction/getarea' | 
12:05:17.234 | Info | '/transaction/getarea' | 
12:05:18.497 | Info | '/transaction/getchannel' | 
12:05:18.501 | Info | '/transaction/getchannel' | 
12:05:18.856 | Info | '/transaction/getcenters' | 
12:05:18.861 | Info | '/transaction/getcenters' | 
12:05:19.222 | Info | '/transaction/getpermissions' | 
12:05:19.224 | Info | '/transaction/getuserroles' | 
12:05:19.230 | Info | '/transaction/getpermissions' | 
12:05:19.233 | Info | '/transaction/getuserroles' | 
12:05:19.552 | Info | '/transaction/getchannel' | 
12:05:19.554 | Info | '/transaction/getcenters' | 
12:05:19.556 | Info | '/transaction/getuserroles' | 
12:05:19.563 | Info | '/transaction/getchannel' | 
12:05:19.565 | Info | '/transaction/getusers' | 
12:05:19.567 | Info | '/transaction/getcenters' | 
12:05:19.570 | Info | '/transaction/getuserroles' | 
12:05:19.576 | Info | '/transaction/getusers' | 
12:05:19.866 | Info | '/transaction/getpermissions' | 
12:05:19.868 | Info | '/transaction/getuserroles' | 
12:05:19.879 | Info | '/transaction/getpermissions' | 
12:05:19.881 | Info | '/transaction/getuserroles' | 
12:05:20.160 | Info | '/transaction/getcenters' | 
12:05:20.164 | Info | '/transaction/getcenters' | 
12:05:20.465 | Info | '/transaction/getchannel' | 
12:05:20.468 | Info | '/transaction/getchannel' | 
12:05:21.570 | Info | '/transaction/getarea' | 
12:05:21.575 | Info | '/transaction/getarea' | 
12:05:25.679 | Info | '/transaction/getarea' | 
12:05:25.684 | Info | '/transaction/getarea' | 
12:05:26.203 | Info | '/transaction/getcenters' | 
12:05:26.208 | Info | '/transaction/getcenters' | 
12:05:26.557 | Info | '/transaction/getpermissions' | 
12:05:26.559 | Info | '/transaction/getuserroles' | 
12:05:26.563 | Info | '/transaction/getpermissions' | 
12:05:26.567 | Info | '/transaction/getuserroles' | 
12:05:26.924 | Info | '/transaction/getcenters' | 
12:05:26.930 | Info | '/transaction/getchannel' | 
12:05:26.932 | Info | '/transaction/getuserroles' | 
12:05:26.935 | Info | '/transaction/getcenters' | 
12:05:26.939 | Info | '/transaction/getusers' | 
12:05:26.942 | Info | '/transaction/getchannel' | 
12:05:26.944 | Info | '/transaction/getuserroles' | 
12:05:26.953 | Info | '/transaction/getusers' | 
12:05:27.305 | Info | '/transaction/getpermissions' | 
12:05:27.307 | Info | '/transaction/getuserroles' | 
12:05:27.311 | Info | '/transaction/getpermissions' | 
12:05:27.313 | Info | '/transaction/getuserroles' | 
12:05:27.645 | Info | '/transaction/getcenters' | 
12:05:27.649 | Info | '/transaction/getcenters' | 
12:05:27.953 | Info | '/transaction/getchannel' | 
12:05:27.959 | Info | '/transaction/getchannel' | 
12:05:28.238 | Info | '/transaction/getarea' | 
12:05:28.243 | Info | '/transaction/getarea' | 
12:05:28.567 | Info | '/transaction/getcenters' | 
12:05:28.571 | Info | '/transaction/getcenters' | 
12:05:29.289 | Info | '/transaction/getchannel' | 
12:05:29.291 | Info | '/transaction/getcenters' | 
12:05:29.293 | Info | '/transaction/getuserroles' | 
12:05:29.295 | Info | '/transaction/getusers' | 
12:05:29.306 | Info | '/transaction/getchannel' | 
12:05:29.309 | Info | '/transaction/getcenters' | 
12:05:29.316 | Info | '/transaction/getuserroles' | 
12:05:29.318 | Info | '/transaction/getusers' | 
12:05:29.649 | Info | '/transaction/getpermissions' | 
12:05:29.651 | Info | '/transaction/getuserroles' | 
12:05:29.656 | Info | '/transaction/getpermissions' | 
12:05:29.658 | Info | '/transaction/getuserroles' | 
12:05:29.979 | Info | '/transaction/getcenters' | 
12:05:29.984 | Info | '/transaction/getcenters' | 
12:05:30.245 | Info | '/transaction/getchannel' | 
12:05:30.251 | Info | '/transaction/getchannel' | 
12:05:30.602 | Info | '/transaction/getarea' | 
12:05:30.609 | Info | '/transaction/getarea' | 
12:05:30.985 | Info | '/transaction/getchannel' | 
12:05:30.989 | Info | '/transaction/getchannel' | 
12:05:31.314 | Info | '/transaction/getcenters' | 
12:05:31.319 | Info | '/transaction/getcenters' | 
12:05:31.663 | Info | '/transaction/getchannel' | 
12:05:31.669 | Info | '/transaction/getcenters' | 
12:05:31.674 | Info | '/transaction/getusers' | 
12:05:31.676 | Info | '/transaction/getchannel' | 
12:05:31.677 | Info | '/transaction/getuserroles' | 
12:05:31.680 | Info | '/transaction/getcenters' | 
12:05:31.685 | Info | '/transaction/getusers' | 
12:05:31.688 | Info | '/transaction/getuserroles' | 
12:12:39.213 | Info | '/transaction/getuserpermissions' | 
12:12:39.219 | Info | '/transaction/getuserpermissions' | 
12:12:39.231 | Info | '/transaction/getchannel' | 
12:12:39.235 | Info | '/transaction/getuserroles' | 
12:12:39.233 | Info | '/transaction/getcenters' | 
12:12:39.239 | Info | '/transaction/getusers' | 
12:12:39.242 | Info | '/transaction/getchannel' | 
12:12:39.246 | Info | '/transaction/getcenters' | 
12:12:39.247 | Info | '/transaction/getuserroles' | 
12:12:39.251 | Info | '/transaction/getusers' | 
12:13:07.184 | Info | '/transaction/getpermissions' | 
12:13:07.186 | Info | '/transaction/getuserroles' | 
12:13:07.196 | Info | '/transaction/getpermissions' | 
12:13:07.200 | Info | '/transaction/getuserroles' | 
12:14:28.382 | Info | '/transaction/getuserpermissions' | 
12:14:28.385 | Info | '/transaction/getuserpermissions' | 
12:14:28.514 | Info | '/transaction/getpermissions' | 
12:14:28.516 | Info | '/transaction/getuserroles' | 
12:14:28.522 | Info | '/transaction/getpermissions' | 
12:14:28.523 | Info | '/transaction/getuserroles' | 
12:22:57.767 | Info | '/transaction/getuserpermissions' | 
12:22:58.017 | Info | '/transaction/getuserpermissions' | 
12:22:58.111 | Info | '/transaction/getpermissions' | 
12:22:58.115 | Info | '/transaction/getuserroles' | 
12:22:58.162 | Info | '/transaction/getpermissions' | 
12:22:58.171 | Info | '/transaction/getuserroles' | 
12:23:03.069 | Info | '/transaction/getuserroles' | 
12:23:03.073 | Info | '/transaction/getchannel' | 
12:23:03.080 | Info | '/transaction/getcenters' | 
12:23:03.085 | Info | '/transaction/getusers' | 
12:23:03.093 | Info | '/transaction/getuserroles' | 
12:23:03.112 | Info | '/transaction/getchannel' | 
12:23:03.114 | Info | '/transaction/getcenters' | 
12:23:03.117 | Info | '/transaction/getusers' | 
12:23:59.276 | Info | '/transaction/getuserpermissions' | 
12:23:59.287 | Info | '/transaction/getchannel' | 
12:23:59.298 | Info | '/transaction/getcenters' | 
12:23:59.301 | Info | '/transaction/getuserpermissions' | 
12:23:59.311 | Info | '/transaction/getuserroles' | 
12:23:59.313 | Info | '/transaction/getchannel' | 
12:23:59.321 | Info | '/transaction/getcenters' | 
12:23:59.329 | Info | '/transaction/getusers' | 
12:23:59.332 | Info | '/transaction/getuserroles' | 
12:23:59.337 | Info | '/transaction/getusers' | 
12:24:21.668 | Info | '/transaction/getuserpermissions' | 
12:24:21.683 | Info | '/transaction/getuserpermissions' | 
12:24:21.685 | Info | '/transaction/getchannel' | 
12:24:21.688 | Info | '/transaction/getcenters' | 
12:24:21.693 | Info | '/transaction/getuserroles' | 
12:24:21.696 | Info | '/transaction/getusers' | 
12:24:21.699 | Info | '/transaction/getcenters' | 
12:24:21.702 | Info | '/transaction/getchannel' | 
12:24:21.709 | Info | '/transaction/getusers' | 
12:24:21.707 | Info | '/transaction/getuserroles' | 
12:25:44.902 | Info | '/transaction/getuserpermissions' | 
12:25:44.910 | Info | '/transaction/getchannel' | 
12:25:44.912 | Info | '/transaction/getcenters' | 
12:25:44.914 | Info | '/transaction/getuserroles' | 
12:25:44.917 | Info | '/transaction/getusers' | 
12:25:44.919 | Info | '/transaction/getuserpermissions' | 
12:25:44.928 | Info | '/transaction/getchannel' | 
12:25:44.930 | Info | '/transaction/getuserroles' | 
12:25:44.932 | Info | '/transaction/getcenters' | 
12:25:44.937 | Info | '/transaction/getusers' | 
12:26:09.039 | Info | '/transaction/createuser' | 
12:27:06.666 | Info | '/transaction/getuserpermissions' | 
12:27:06.676 | Info | '/transaction/getchannel' | 
12:27:06.682 | Info | '/transaction/getcenters' | 
12:27:06.684 | Info | '/transaction/getuserroles' | 
12:27:06.685 | Info | '/transaction/getusers' | 
12:27:06.687 | Info | '/transaction/getchannel' | 
12:27:06.697 | Info | '/transaction/getcenters' | 
12:27:06.699 | Info | '/transaction/getuserroles' | 
12:27:06.702 | Info | '/transaction/getusers' | 
12:27:06.716 | Info | '/transaction/getuserpermissions' | 
12:27:21.599 | Info | '/transaction/createuser' | 
12:27:51.211 | Info | '/transaction/getuserpermissions' | 
12:27:51.220 | Info | '/transaction/getcenters' | 
12:27:51.223 | Info | '/transaction/getchannel' | 
12:27:51.225 | Info | '/transaction/getuserroles' | 
12:27:51.232 | Info | '/transaction/getusers' | 
12:27:51.240 | Info | '/transaction/getuserpermissions' | 
12:27:51.245 | Info | '/transaction/getcenters' | 
12:27:51.247 | Info | '/transaction/getchannel' | 
12:27:51.249 | Info | '/transaction/getuserroles' | 
12:27:51.293 | Info | '/transaction/getusers' | 
12:27:55.396 | Info | '/transaction/getuserpermissions' | 
12:27:55.398 | Info | '/transaction/getchannel' | 
12:27:55.400 | Info | '/transaction/getcenters' | 
12:27:55.406 | Info | '/transaction/getuserroles' | 
12:27:55.408 | Info | '/transaction/getusers' | 
12:27:55.411 | Info | '/transaction/getuserpermissions' | 
12:27:55.413 | Info | '/transaction/getchannel' | 
12:27:55.425 | Info | '/transaction/getcenters' | 
12:27:55.427 | Info | '/transaction/getuserroles' | 
12:27:55.429 | Info | '/transaction/getusers' | 
12:28:38.833 | Info | '/api/user/login' | 
12:28:38.907 | Info | '/transaction/getuserpermissions' | 
12:28:38.913 | Info | '/transaction/getuserpermissions' | 
12:29:14.801 | Info | '/transaction/getuserpermissions' | 
12:29:14.806 | Info | '/transaction/getuserpermissions' | 
12:29:27.922 | Info | '/transaction/getuserpermissions' | 
12:29:28.164 | Info | '/transaction/getuserpermissions' | 
12:29:32.106 | Info | '/transaction/getchannel' | 
12:29:32.162 | Info | '/transaction/getcenters' | 
12:29:32.168 | Info | '/transaction/getuserroles' | 
12:29:32.174 | Info | '/transaction/getusers' | 
12:29:32.195 | Info | '/transaction/getchannel' | 
12:29:32.199 | Info | '/transaction/getcenters' | 
12:29:32.202 | Info | '/transaction/getuserroles' | 
12:29:32.204 | Info | '/transaction/getusers' | 
12:29:44.070 | Info | '/transaction/createuser' | 
12:29:53.444 | Info | '/transaction/getuserpermissions' | 
12:29:53.452 | Info | '/transaction/getchannel' | 
12:29:53.456 | Info | '/transaction/getcenters' | 
12:29:53.460 | Info | '/transaction/getuserroles' | 
12:29:53.463 | Info | '/transaction/getusers' | 
12:29:53.465 | Info | '/transaction/getuserpermissions' | 
12:29:53.470 | Info | '/transaction/getcenters' | 
12:29:53.473 | Info | '/transaction/getchannel' | 
12:29:53.479 | Info | '/transaction/getuserroles' | 
12:29:53.488 | Info | '/transaction/getusers' | 
12:30:14.627 | Info | '/transaction/getuserpermissions' | 
12:30:14.642 | Info | '/transaction/getuserpermissions' | 
12:30:14.655 | Info | '/transaction/getchannel' | 
12:30:14.659 | Info | '/transaction/getuserroles' | 
12:30:14.657 | Info | '/transaction/getcenters' | 
12:30:14.660 | Info | '/transaction/getusers' | 
12:30:14.669 | Info | '/transaction/getchannel' | 
12:30:14.674 | Info | '/transaction/getcenters' | 
12:30:14.677 | Info | '/transaction/getuserroles' | 
12:30:14.680 | Info | '/transaction/getusers' | 
12:30:29.936 | Info | '/transaction/createuser' | 
12:30:30.048 | Info | '/transaction/getusers' | 
12:31:03.652 | Info | '/transaction/getuserpermissions' | 
12:31:03.657 | Info | '/transaction/getchannel' | 
12:31:03.663 | Info | '/transaction/getcenters' | 
12:31:03.667 | Info | '/transaction/getuserpermissions' | 
12:31:03.669 | Info | '/transaction/getuserroles' | 
12:31:03.671 | Info | '/transaction/getchannel' | 
12:31:03.675 | Info | '/transaction/getusers' | 
12:31:03.678 | Info | '/transaction/getcenters' | 
12:31:03.681 | Info | '/transaction/getuserroles' | 
12:31:03.683 | Info | '/transaction/getusers' | 
12:31:06.245 | Info | '/transaction/getuserpermissions' | 
12:31:06.248 | Info | '/transaction/getchannel' | 
12:31:06.251 | Info | '/transaction/getcenters' | 
12:31:06.254 | Info | '/transaction/getuserpermissions' | 
12:31:06.261 | Info | '/transaction/getuserroles' | 
12:31:06.269 | Info | '/transaction/getusers' | 
12:31:06.272 | Info | '/transaction/getchannel' | 
12:31:06.274 | Info | '/transaction/getcenters' | 
12:31:06.278 | Info | '/transaction/getuserroles' | 
12:31:06.280 | Info | '/transaction/getusers' | 
12:31:13.550 | Info | '/transaction/getuserpermissions' | 
12:31:13.559 | Info | '/transaction/getuserpermissions' | 
12:31:13.562 | Info | '/transaction/getchannel' | 
12:31:13.568 | Info | '/transaction/getcenters' | 
12:31:13.571 | Info | '/transaction/getuserroles' | 
12:31:13.573 | Info | '/transaction/getusers' | 
12:31:13.575 | Info | '/transaction/getchannel' | 
12:31:13.581 | Info | '/transaction/getcenters' | 
12:31:13.584 | Info | '/transaction/getuserroles' | 
12:31:13.586 | Info | '/transaction/getusers' | 
12:31:25.355 | Info | '/api/user/login' | 
12:31:25.415 | Info | '/transaction/getuserpermissions' | 
12:31:25.419 | Info | '/transaction/getuserpermissions' | 
12:31:29.608 | Info | '/transaction/getchannel' | 
12:31:29.617 | Info | '/transaction/getcenters' | 
12:31:29.622 | Info | '/transaction/getchannel' | 
12:31:29.619 | Info | '/transaction/getuserroles' | 
12:31:29.621 | Info | '/transaction/getusers' | 
12:31:29.629 | Info | '/transaction/getcenters' | 
12:31:29.631 | Info | '/transaction/getuserroles' | 
12:31:29.636 | Info | '/transaction/getusers' | 
12:31:29.933 | Info | '/transaction/getuserroles' | 
12:31:29.935 | Info | '/transaction/getpermissions' | 
12:31:29.941 | Info | '/transaction/getuserroles' | 
12:31:30.003 | Info | '/transaction/getpermissions' | 
12:31:30.215 | Info | '/transaction/getcenters' | 
12:31:30.219 | Info | '/transaction/getcenters' | 
12:31:30.532 | Info | '/transaction/getchannel' | 
12:31:30.537 | Info | '/transaction/getchannel' | 
12:31:34.793 | Info | '/transaction/getarea' | 
12:31:34.806 | Info | '/transaction/getarea' | 
12:31:35.114 | Info | '/transaction/getcenters' | 
12:31:35.119 | Info | '/transaction/getcenters' | 
12:31:35.729 | Info | '/transaction/getcenters' | 
12:31:35.738 | Info | '/transaction/getchannel' | 
12:31:35.740 | Info | '/transaction/getcenters' | 
12:31:35.746 | Info | '/transaction/getuserroles' | 
12:31:35.748 | Info | '/transaction/getusers' | 
12:31:35.750 | Info | '/transaction/getchannel' | 
12:31:35.758 | Info | '/transaction/getuserroles' | 
12:31:35.760 | Info | '/transaction/getusers' | 
12:31:43.411 | Info | '/transaction/getarea' | 
12:31:43.414 | Info | '/transaction/getarea' | 
12:31:43.808 | Info | '/transaction/getchannel' | 
12:31:43.811 | Info | '/transaction/getchannel' | 
12:31:54.978 | Info | '/transaction/getcenters' | 
12:31:54.983 | Info | '/transaction/getcenters' | 
12:32:05.032 | Info | '/transaction/getuserroles' | 
12:32:05.035 | Info | '/transaction/getpermissions' | 
12:32:05.039 | Info | '/transaction/getuserroles' | 
12:32:05.045 | Info | '/transaction/getpermissions' | 
12:32:39.745 | Info | '/transaction/getuserpermissions' | 
12:32:39.749 | Info | '/transaction/getuserpermissions' | 
12:32:39.881 | Info | '/transaction/getpermissions' | 
12:32:39.883 | Info | '/transaction/getuserroles' | 
12:32:39.887 | Info | '/transaction/getpermissions' | 
12:32:39.891 | Info | '/transaction/getuserroles' | 
12:33:31.131 | Info | '/transaction/getchannel' | 
12:33:31.133 | Info | '/transaction/getcenters' | 
12:33:31.135 | Info | '/transaction/getuserroles' | 
12:33:31.136 | Info | '/transaction/getusers' | 
12:33:31.145 | Info | '/transaction/getuserroles' | 
12:33:31.150 | Info | '/transaction/getchannel' | 
12:33:31.151 | Info | '/transaction/getcenters' | 
12:33:31.153 | Info | '/transaction/getusers' | 
12:33:45.894 | Info | '/transaction/createuser' | 
12:33:45.993 | Info | '/transaction/getusers' | 
12:34:02.060 | Info | '/api/user/login' | 
12:34:02.136 | Info | '/transaction/getuserpermissions' | 
12:34:02.141 | Info | '/transaction/getuserpermissions' | 
12:34:29.838 | Info | '/transaction/getuserpermissions' | 
12:34:29.842 | Info | '/transaction/getuserpermissions' | 
12:34:40.187 | Info | '/api/user/login' | 
12:34:40.261 | Info | '/transaction/getuserpermissions' | 
12:34:40.271 | Info | '/transaction/getuserpermissions' | 
12:35:59.866 | Info | '/transaction/getchannel' | 
12:35:59.869 | Info | '/transaction/getchannel' | 
12:36:04.087 | Info | '/transaction/getpermissions' | 
12:36:04.089 | Info | '/transaction/getuserroles' | 
12:36:04.093 | Info | '/transaction/getpermissions' | 
12:36:04.095 | Info | '/transaction/getuserroles' | 
13:04:14.207 | Info | '/transaction/getuserpermissions' | 
13:04:14.722 | Info | '/transaction/getuserpermissions' | 
13:04:19.144 | Info | '/api/user/login' | 
13:04:19.282 | Info | '/transaction/getuserpermissions' | 
13:04:19.286 | Info | '/transaction/getuserpermissions' | 
13:04:21.653 | Info | '/transaction/getpermissions' | 
13:04:21.658 | Info | '/transaction/getuserroles' | 
13:04:21.846 | Info | '/transaction/getpermissions' | 
13:04:21.854 | Info | '/transaction/getuserroles' | 
13:04:22.253 | Info | '/transaction/getcenters' | 
13:04:22.264 | Info | '/transaction/getcenters' | 
13:04:22.645 | Info | '/transaction/getchannel' | 
13:04:22.653 | Info | '/transaction/getchannel' | 
13:04:43.231 | Info | '/transaction/getpermissions' | 
13:04:43.233 | Info | '/transaction/getuserroles' | 
13:04:43.240 | Info | '/transaction/getpermissions' | 
13:04:43.246 | Info | '/transaction/getuserroles' | 
13:04:43.635 | Info | '/transaction/getchannel' | 
13:04:43.642 | Info | '/transaction/getchannel' | 
13:04:44.362 | Info | '/transaction/getchannel' | 
13:04:44.367 | Info | '/transaction/getuserroles' | 
13:04:44.369 | Info | '/transaction/getcenters' | 
13:04:44.372 | Info | '/transaction/getchannel' | 
13:04:44.390 | Info | '/transaction/getusers' | 
13:04:44.397 | Info | '/transaction/getuserroles' | 
13:04:44.399 | Info | '/transaction/getcenters' | 
13:04:44.407 | Info | '/transaction/getusers' | 
13:04:46.555 | Info | '/transaction/getpermissions' | 
13:04:46.557 | Info | '/transaction/getuserroles' | 
13:04:46.563 | Info | '/transaction/getpermissions' | 
13:04:46.565 | Info | '/transaction/getuserroles' | 
13:04:46.851 | Info | '/transaction/getcenters' | 
13:04:46.856 | Info | '/transaction/getcenters' | 
13:07:01.116 | Info | '/transaction/newdonation' | 
