06:14:23.541 | Info | '/api/user/login' | 
06:14:24.467 | Info | '/transaction/getuserpermissions' | 
06:14:24.887 | Info | '/transaction/getuserpermissions' | 
06:14:33.009 | Info | '/transaction/getdonationmethods' | 
06:14:33.070 | Info | '/transaction/getdonationmethods' | 
06:18:25.318 | Info | '/transaction/getuserpermissions' | 
06:18:25.323 | Info | '/transaction/getuserpermissions' | 
06:19:11.742 | Info | '/transaction/getuserpermissions' | 
06:19:11.747 | Info | '/transaction/getuserpermissions' | 
06:19:32.847 | Info | '/transaction/getuserpermissions' | 
06:19:32.854 | Info | '/transaction/getuserpermissions' | 
06:20:20.126 | Info | '/transaction/getuserpermissions' | 
06:20:20.133 | Info | '/transaction/getuserpermissions' | 
06:20:51.537 | Info | '/transaction/getuserpermissions' | 
06:20:51.541 | Info | '/transaction/getuserpermissions' | 
06:21:58.869 | Info | '/transaction/getuserpermissions' | 
06:21:58.874 | Info | '/transaction/getuserpermissions' | 
06:22:14.667 | Info | '/transaction/getuserpermissions' | 
06:22:14.672 | Info | '/transaction/getuserpermissions' | 
06:22:28.440 | Info | '/transaction/getuserpermissions' | 
06:22:28.445 | Info | '/transaction/getuserpermissions' | 
06:23:15.441 | Info | '/transaction/getuserpermissions' | 
06:23:15.444 | Info | '/transaction/getuserpermissions' | 
06:23:43.652 | Info | '/transaction/getuserpermissions' | 
06:23:43.656 | Info | '/transaction/getuserpermissions' | 
06:24:08.739 | Info | '/transaction/getuserpermissions' | 
06:24:08.744 | Info | '/transaction/getuserpermissions' | 
06:24:32.101 | Info | '/transaction/getuserpermissions' | 
06:24:32.109 | Info | '/transaction/getuserpermissions' | 
06:25:46.002 | Info | '/transaction/getuserpermissions' | 
06:25:46.006 | Info | '/transaction/getuserpermissions' | 
06:26:08.254 | Info | '/transaction/getuserpermissions' | 
06:26:08.259 | Info | '/transaction/getuserpermissions' | 
06:29:55.114 | Info | '/transaction/getuserpermissions' | 
06:29:55.119 | Info | '/transaction/getuserpermissions' | 
06:31:04.362 | Info | '/transaction/getuserpermissions' | 
06:31:04.366 | Info | '/transaction/getuserpermissions' | 
06:31:29.521 | Info | '/transaction/getuserpermissions' | 
06:31:29.525 | Info | '/transaction/getuserpermissions' | 
06:32:31.547 | Info | '/transaction/getuserpermissions' | 
06:32:31.550 | Info | '/transaction/getuserpermissions' | 
06:33:21.914 | Info | '/transaction/getuserpermissions' | 
06:33:21.918 | Info | '/transaction/getuserpermissions' | 
06:33:48.617 | Info | '/transaction/getuserpermissions' | 
06:33:48.621 | Info | '/transaction/getuserpermissions' | 
06:35:27.210 | Info | '/transaction/getuserpermissions' | 
06:35:27.214 | Info | '/transaction/getuserpermissions' | 
06:37:18.043 | Info | '/transaction/getuserpermissions' | 
06:37:18.047 | Info | '/transaction/getuserpermissions' | 
06:38:13.707 | Info | '/transaction/getuserpermissions' | 
06:38:13.713 | Info | '/transaction/getuserpermissions' | 
06:38:32.740 | Info | '/transaction/getuserpermissions' | 
06:38:32.744 | Info | '/transaction/getuserpermissions' | 
11:41:27.097 | Info | '/transaction/getuserpermissions' | 
11:41:27.104 | Info | '/transaction/getuserpermissions' | 
11:42:49.197 | Info | '/transaction/getuserpermissions' | 
11:42:49.201 | Info | '/transaction/getuserpermissions' | 
11:42:54.955 | Info | '/transaction/newdonation' | 
11:44:41.835 | Info | '/transaction/getuserpermissions' | 
11:44:41.842 | Info | '/transaction/getuserpermissions' | 
11:46:42.620 | Info | '/transaction/getuserpermissions' | 
11:46:42.624 | Info | '/transaction/getuserpermissions' | 
11:47:49.211 | Info | '/transaction/getuserpermissions' | 
11:47:49.217 | Info | '/transaction/getuserpermissions' | 
11:55:27.377 | Info | '/transaction/getuserpermissions' | 
11:55:27.384 | Info | '/transaction/getuserpermissions' | 
11:56:22.557 | Info | '/transaction/getuserpermissions' | 
11:56:22.567 | Info | '/transaction/getuserpermissions' | 
12:00:26.335 | Info | '/transaction/getuserpermissions' | 
12:00:26.340 | Info | '/transaction/getuserpermissions' | 
12:01:02.161 | Info | '/transaction/getuserpermissions' | 
12:01:02.190 | Info | '/transaction/getuserpermissions' | 
12:01:27.209 | Info | '/transaction/getuserpermissions' | 
12:01:27.214 | Info | '/transaction/getuserpermissions' | 
12:01:49.543 | Info | '/transaction/getuserpermissions' | 
12:01:49.547 | Info | '/transaction/getuserpermissions' | 
12:03:07.295 | Info | '/transaction/getuserpermissions' | 
12:03:07.299 | Info | '/transaction/getuserpermissions' | 
12:03:35.656 | Info | '/transaction/getuserpermissions' | 
12:03:35.660 | Info | '/transaction/getuserpermissions' | 
12:18:15.159 | Info | '/transaction/getchannel' | 
12:18:15.164 | Info | '/transaction/getcenters' | 
12:18:15.173 | Info | '/transaction/getuserroles' | 
12:18:15.180 | Info | '/transaction/getusers' | 
12:18:15.196 | Info | '/transaction/getusers' | 
12:18:15.244 | Info | '/transaction/getuserroles' | 
12:18:15.259 | Info | '/transaction/getchannel' | 
12:18:15.275 | Info | '/transaction/getcenters' | 
12:18:15.523 | Info | '/transaction/getuserroles' | 
12:18:15.525 | Info | '/transaction/getpermissions' | 
12:18:15.531 | Info | '/transaction/getuserroles' | 
12:18:15.567 | Info | '/transaction/getpermissions' | 
12:18:16.045 | Info | '/transaction/getcenters' | 
12:18:16.050 | Info | '/transaction/getcenters' | 
12:18:16.602 | Info | '/transaction/getchannel' | 
12:18:16.611 | Info | '/transaction/getchannel' | 
12:18:17.265 | Info | '/transaction/getarea' | 
12:18:17.316 | Info | '/transaction/getarea' | 
12:18:17.918 | Info | '/transaction/getdonationtypes' | 
12:18:17.991 | Info | '/transaction/getdonationtypes' | 
12:18:19.108 | Info | '/transaction/getarea' | 
12:18:19.113 | Info | '/transaction/getarea' | 
12:18:19.876 | Info | '/transaction/getdonationtypes' | 
12:18:19.881 | Info | '/transaction/getdonationtypes' | 
12:18:20.713 | Info | '/transaction/getdonationmethods' | 
12:18:20.716 | Info | '/transaction/getdonationmethods' | 
12:18:21.746 | Info | '/transaction/getchannel' | 
12:18:21.750 | Info | '/transaction/getchannel' | 
12:18:22.180 | Info | '/transaction/getpermissions' | 
12:18:22.182 | Info | '/transaction/getuserroles' | 
12:18:22.186 | Info | '/transaction/getpermissions' | 
12:18:22.190 | Info | '/transaction/getuserroles' | 
12:23:56.035 | Info | '/transaction/getdonationmethods' | 
12:23:56.039 | Info | '/transaction/getdonationmethods' | 
12:25:18.367 | Info | '/transaction/getuserpermissions' | 
12:25:18.374 | Info | '/transaction/getuserpermissions' | 
12:25:50.692 | Info | '/transaction/getuserpermissions' | 
12:25:50.695 | Info | '/transaction/getuserpermissions' | 
12:28:02.366 | Info | '/transaction/getuserpermissions' | 
12:28:02.373 | Info | '/transaction/getuserpermissions' | 
12:28:33.690 | Info | '/transaction/getuserpermissions' | 
12:28:33.696 | Info | '/transaction/getuserpermissions' | 
12:29:07.985 | Info | '/transaction/getuserpermissions' | 
12:29:07.993 | Info | '/transaction/getuserpermissions' | 
12:34:03.241 | Info | '/transaction/getuserpermissions' | 
12:34:03.246 | Info | '/transaction/getuserpermissions' | 
13:08:14.987 | Info | '/transaction/getdonationmethods' | 
13:08:14.995 | Info | '/transaction/getdonationmethods' | 
13:58:49.832 | Info | '/transaction/getuserpermissions' | 
13:58:49.836 | Info | '/transaction/getuserpermissions' | 
13:58:49.976 | Info | '/transaction/getdonationmethods' | 
13:58:50.034 | Info | '/transaction/getdonationmethods' | 
14:02:55.562 | Info | '/transaction/getuserpermissions' | 
14:02:55.568 | Info | '/transaction/getarea' | 
14:02:55.570 | Info | '/transaction/getuserpermissions' | 
14:02:55.602 | Info | '/transaction/getarea' | 
14:03:16.599 | Info | '/transaction/getuserpermissions' | 
14:03:16.610 | Info | '/transaction/getuserpermissions' | 
14:03:16.626 | Info | '/transaction/getarea' | 
14:03:16.633 | Info | '/transaction/getarea' | 
14:03:16.637 | Info | '/transaction/getarea' | 
14:03:16.641 | Info | '/transaction/getarea' | 
14:03:25.548 | Info | '/transaction/getuserpermissions' | 
14:03:25.553 | Info | '/transaction/getuserpermissions' | 
14:03:25.555 | Info | '/transaction/getarea' | 
14:03:25.561 | Info | '/transaction/getarea' | 
14:03:25.566 | Info | '/transaction/getarea' | 
14:03:25.571 | Info | '/transaction/getarea' | 
14:03:50.535 | Info | '/transaction/getuserpermissions' | 
14:03:50.539 | Info | '/transaction/getuserpermissions' | 
14:03:50.558 | Info | '/transaction/getarea' | 
14:03:50.562 | Info | '/transaction/getarea' | 
14:03:50.566 | Info | '/transaction/getarea' | 
14:03:50.569 | Info | '/transaction/getarea' | 
14:04:06.563 | Info | '/transaction/getuserpermissions' | 
14:04:06.565 | Info | '/transaction/getarea' | 
14:04:06.570 | Info | '/transaction/getuserpermissions' | 
14:04:06.573 | Info | '/transaction/getarea' | 
14:04:06.579 | Info | '/transaction/getarea' | 
14:04:06.582 | Info | '/transaction/getarea' | 
14:04:09.281 | Info | '/transaction/getuserpermissions' | 
14:04:09.286 | Info | '/transaction/getarea' | 
14:04:09.292 | Info | '/transaction/getuserpermissions' | 
14:04:09.294 | Info | '/transaction/getarea' | 
14:04:09.300 | Info | '/transaction/getarea' | 
14:04:09.309 | Info | '/transaction/getarea' | 
14:04:27.717 | Info | '/transaction/getuserpermissions' | 
14:04:27.721 | Info | '/transaction/getarea' | 
14:04:27.723 | Info | '/transaction/getuserpermissions' | 
14:04:27.734 | Info | '/transaction/getarea' | 
14:04:31.695 | Info | '/transaction/getuserpermissions' | 
14:04:31.706 | Info | '/transaction/getarea' | 
14:04:31.713 | Info | '/transaction/getuserpermissions' | 
14:04:31.722 | Info | '/transaction/getarea' | 
14:04:39.934 | Info | '/transaction/getuserpermissions' | 
14:04:39.948 | Info | '/transaction/getuserpermissions' | 
14:04:39.961 | Info | '/transaction/getarea' | 
14:04:39.965 | Info | '/transaction/getarea' | 
14:05:33.766 | Info | '/transaction/getuserpermissions' | 
14:05:33.774 | Info | '/transaction/getarea' | 
14:05:33.775 | Info | '/transaction/getuserpermissions' | 
14:05:33.780 | Info | '/transaction/getarea' | 
14:05:36.721 | Info | '/transaction/getuserpermissions' | 
14:05:36.723 | Info | '/transaction/getarea' | 
14:05:36.738 | Info | '/transaction/getuserpermissions' | 
14:05:36.740 | Info | '/transaction/getarea' | 
14:05:47.630 | Info | '/transaction/getuserpermissions' | 
14:05:47.635 | Info | '/transaction/getarea' | 
14:05:47.636 | Info | '/transaction/getuserpermissions' | 
14:05:47.643 | Info | '/transaction/getarea' | 
14:06:20.719 | Info | '/transaction/getuserpermissions' | 
14:06:20.730 | Info | '/transaction/getuserpermissions' | 
14:06:20.735 | Info | '/transaction/getarea' | 
14:06:20.745 | Info | '/transaction/getarea' | 
14:06:26.253 | Info | '/transaction/getuserpermissions' | 
14:06:26.257 | Info | '/transaction/getarea' | 
14:06:26.259 | Info | '/transaction/getuserpermissions' | 
14:06:26.263 | Info | '/transaction/getarea' | 
14:07:17.486 | Info | '/transaction/getarea' | 
14:07:17.490 | Info | '/transaction/getarea' | 
14:07:49.510 | Info | '/transaction/getarea' | 
14:07:49.514 | Info | '/transaction/getarea' | 
14:08:19.485 | Info | '/transaction/getarea' | 
14:08:19.491 | Info | '/transaction/getarea' | 
14:08:28.534 | Info | '/transaction/getarea' | 
14:08:28.537 | Info | '/transaction/getarea' | 
14:09:02.485 | Info | '/transaction/getarea' | 
14:09:02.488 | Info | '/transaction/getarea' | 
14:09:25.536 | Info | '/transaction/getarea' | 
14:09:25.540 | Info | '/transaction/getarea' | 
14:09:28.408 | Info | '/transaction/getarea' | 
14:09:28.410 | Info | '/transaction/getuserpermissions' | 
14:09:28.415 | Info | '/transaction/getarea' | 
14:09:28.418 | Info | '/transaction/getuserpermissions' | 
14:10:23.558 | Info | '/transaction/getarea' | 
14:10:23.560 | Info | '/transaction/getdonationtypes' | 
14:10:23.567 | Info | '/transaction/getarea' | 
14:10:23.569 | Info | '/transaction/getdonationtypes' | 
14:10:25.726 | Info | '/transaction/getarea' | 
14:10:25.727 | Info | '/transaction/getuserpermissions' | 
14:10:25.730 | Info | '/transaction/getdonationtypes' | 
14:10:25.734 | Info | '/transaction/getarea' | 
14:10:25.738 | Info | '/transaction/getuserpermissions' | 
14:10:25.742 | Info | '/transaction/getdonationtypes' | 
14:10:53.528 | Info | '/transaction/getarea' | 
14:10:53.530 | Info | '/transaction/getdonationtypes' | 
14:10:53.536 | Info | '/transaction/getarea' | 
14:10:53.537 | Info | '/transaction/getdonationtypes' | 
14:10:55.293 | Info | '/transaction/getarea' | 
14:10:55.295 | Info | '/transaction/getuserpermissions' | 
14:10:55.298 | Info | '/transaction/getdonationtypes' | 
14:10:55.302 | Info | '/transaction/getarea' | 
14:10:55.306 | Info | '/transaction/getuserpermissions' | 
14:10:55.308 | Info | '/transaction/getdonationtypes' | 
14:11:44.511 | Info | '/transaction/getarea' | 
14:11:44.513 | Info | '/transaction/getdonationtypes' | 
14:11:44.523 | Info | '/transaction/getarea' | 
14:11:44.532 | Info | '/transaction/getdonationtypes' | 
14:11:44.534 | Info | '/transaction/getarea' | 
14:11:44.544 | Info | '/transaction/getdonationtypes' | 
14:11:44.553 | Info | '/transaction/getarea' | 
14:11:44.558 | Info | '/transaction/getdonationtypes' | 
14:12:01.661 | Info | '/transaction/getuserpermissions' | 
14:12:01.684 | Info | '/transaction/getuserpermissions' | 
14:12:01.706 | Info | '/transaction/getarea' | 
14:12:01.728 | Info | '/transaction/getdonationtypes' | 
14:12:01.745 | Info | '/transaction/getarea' | 
14:12:01.751 | Info | '/transaction/getdonationtypes' | 
14:12:01.759 | Info | '/transaction/getarea' | 
14:12:01.761 | Info | '/transaction/getdonationtypes' | 
14:12:01.772 | Info | '/transaction/getarea' | 
14:12:01.784 | Info | '/transaction/getdonationtypes' | 
14:12:35.538 | Info | '/transaction/getuserpermissions' | 
14:12:35.540 | Info | '/transaction/getarea' | 
14:12:35.541 | Info | '/transaction/getdonationtypes' | 
14:12:35.547 | Info | '/transaction/getuserpermissions' | 
14:12:35.549 | Info | '/transaction/getarea' | 
14:12:35.551 | Info | '/transaction/getdonationtypes' | 
14:12:35.555 | Info | '/transaction/getarea' | 
14:12:35.566 | Info | '/transaction/getdonationtypes' | 
14:12:35.567 | Info | '/transaction/getarea' | 
14:12:35.571 | Info | '/transaction/getdonationtypes' | 
14:13:51.586 | Info | '/transaction/getuserpermissions' | 
14:13:51.593 | Info | '/transaction/getarea' | 
14:13:51.595 | Info | '/transaction/getuserpermissions' | 
14:13:51.605 | Info | '/transaction/getdonationtypes' | 
14:13:51.608 | Info | '/transaction/getarea' | 
14:13:51.613 | Info | '/transaction/getdonationtypes' | 
14:13:52.797 | Info | '/transaction/getuserpermissions' | 
14:13:52.798 | Info | '/transaction/getarea' | 
14:13:52.801 | Info | '/transaction/getdonationtypes' | 
14:13:52.804 | Info | '/transaction/getuserpermissions' | 
14:13:52.807 | Info | '/transaction/getarea' | 
14:13:52.810 | Info | '/transaction/getdonationtypes' | 
14:14:06.479 | Info | '/transaction/getarea' | 
14:14:06.481 | Info | '/transaction/getdonationtypes' | 
14:14:06.487 | Info | '/transaction/getarea' | 
14:14:06.489 | Info | '/transaction/getdonationmethods' | 
14:14:06.491 | Info | '/transaction/getdonationtypes' | 
14:14:06.500 | Info | '/transaction/getdonationmethods' | 
14:14:19.662 | Info | '/transaction/getarea' | 
14:14:19.670 | Info | '/transaction/getdonationtypes' | 
14:14:19.686 | Info | '/transaction/getdonationmethods' | 
14:14:19.688 | Info | '/transaction/getarea' | 
14:14:19.694 | Info | '/transaction/getdonationtypes' | 
14:14:19.708 | Info | '/transaction/getdonationmethods' | 
14:14:43.588 | Info | '/transaction/getarea' | 
14:14:43.605 | Info | '/transaction/getdonationtypes' | 
14:14:43.607 | Info | '/transaction/getdonationmethods' | 
14:14:43.612 | Info | '/transaction/getarea' | 
14:14:43.627 | Info | '/transaction/getdonationtypes' | 
14:14:43.633 | Info | '/transaction/getdonationmethods' | 
14:15:07.512 | Info | '/transaction/getarea' | 
14:15:07.515 | Info | '/transaction/getdonationtypes' | 
14:15:07.518 | Info | '/transaction/getdonationmethods' | 
14:15:07.524 | Info | '/transaction/getdonationmethods' | 
14:15:07.526 | Info | '/transaction/getdonationtypes' | 
14:15:07.528 | Info | '/transaction/getarea' | 
14:15:09.660 | Info | '/transaction/getarea' | 
14:15:09.663 | Info | '/transaction/getuserpermissions' | 
14:15:09.665 | Info | '/transaction/getdonationtypes' | 
14:15:09.668 | Info | '/transaction/getdonationmethods' | 
14:15:09.671 | Info | '/transaction/getarea' | 
14:15:09.676 | Info | '/transaction/getuserpermissions' | 
14:15:09.679 | Info | '/transaction/getdonationtypes' | 
14:15:09.681 | Info | '/transaction/getdonationmethods' | 
14:29:49.134 | Info | '/transaction/getuserpermissions' | 
14:29:49.144 | Info | '/transaction/getarea' | 
14:29:49.147 | Info | '/transaction/getuserpermissions' | 
14:29:49.152 | Info | '/transaction/getdonationtypes' | 
14:29:49.154 | Info | '/transaction/getdonationmethods' | 
14:29:49.157 | Info | '/transaction/getarea' | 
14:29:49.161 | Info | '/transaction/getdonationtypes' | 
14:29:49.163 | Info | '/transaction/getdonationmethods' | 
14:30:13.545 | Info | '/transaction/getarea' | 
14:30:13.546 | Info | '/transaction/getdonationtypes' | 
14:30:13.548 | Info | '/transaction/getdonationmethods' | 
14:30:13.577 | Info | '/transaction/getdonationmethods' | 
14:30:13.582 | Info | '/transaction/getdonationtypes' | 
14:30:13.597 | Info | '/transaction/getarea' | 
14:30:14.917 | Info | '/transaction/getuserpermissions' | 
14:30:14.921 | Info | '/transaction/getdonationtypes' | 
14:30:14.919 | Info | '/transaction/getarea' | 
14:30:14.926 | Info | '/transaction/getdonationmethods' | 
14:30:14.930 | Info | '/transaction/getuserpermissions' | 
14:30:14.932 | Info | '/transaction/getarea' | 
14:30:14.934 | Info | '/transaction/getdonationtypes' | 
14:30:14.945 | Info | '/transaction/getdonationmethods' | 
14:30:56.526 | Info | '/transaction/getarea' | 
14:30:56.529 | Info | '/transaction/getdonationtypes' | 
14:30:56.531 | Info | '/transaction/getdonationmethods' | 
14:30:56.534 | Info | '/transaction/getarea' | 
14:30:56.544 | Info | '/transaction/getdonationtypes' | 
14:30:56.547 | Info | '/transaction/getdonationmethods' | 
14:30:59.379 | Info | '/transaction/getarea' | 
14:30:59.382 | Info | '/transaction/getdonationtypes' | 
14:30:59.384 | Info | '/transaction/getdonationmethods' | 
14:30:59.395 | Info | '/transaction/getarea' | 
14:30:59.397 | Info | '/transaction/getdonationtypes' | 
14:30:59.401 | Info | '/transaction/getdonationmethods' | 
14:31:00.596 | Info | '/transaction/getuserpermissions' | 
14:31:00.599 | Info | '/transaction/getarea' | 
14:31:00.602 | Info | '/transaction/getdonationtypes' | 
14:31:00.605 | Info | '/transaction/getdonationmethods' | 
14:31:00.617 | Info | '/transaction/getuserpermissions' | 
14:31:00.620 | Info | '/transaction/getdonationmethods' | 
14:31:00.628 | Info | '/transaction/getdonationtypes' | 
14:31:00.630 | Info | '/transaction/getarea' | 
14:32:34.488 | Info | '/transaction/getuserpermissions' | 
14:32:34.494 | Info | '/transaction/getarea' | 
14:32:34.496 | Info | '/transaction/getdonationtypes' | 
14:32:34.498 | Info | '/transaction/getdonationmethods' | 
14:32:34.502 | Info | '/transaction/getuserpermissions' | 
14:32:34.505 | Info | '/transaction/getarea' | 
14:32:34.508 | Info | '/transaction/getdonationtypes' | 
14:32:34.510 | Info | '/transaction/getdonationmethods' | 
14:33:01.663 | Info | '/transaction/getarea' | 
14:33:01.671 | Info | '/transaction/getdonationtypes' | 
14:33:01.673 | Info | '/transaction/getdonationmethods' | 
14:33:01.694 | Info | '/transaction/getarea' | 
14:33:01.710 | Info | '/transaction/getdonationtypes' | 
14:33:01.723 | Info | '/transaction/getdonationmethods' | 
14:33:21.374 | Info | '/transaction/getarea' | 
14:33:21.382 | Info | '/transaction/getdonationtypes' | 
14:33:21.386 | Info | '/transaction/getarea' | 
14:33:21.391 | Info | '/transaction/getdonationmethods' | 
14:33:21.397 | Info | '/transaction/getdonationtypes' | 
14:33:21.406 | Info | '/transaction/getdonationmethods' | 
14:33:24.568 | Info | '/transaction/getarea' | 
14:33:24.570 | Info | '/transaction/getdonationtypes' | 
14:33:24.572 | Info | '/transaction/getuserpermissions' | 
14:33:24.574 | Info | '/transaction/getdonationmethods' | 
14:33:24.579 | Info | '/transaction/getarea' | 
14:33:24.581 | Info | '/transaction/getdonationtypes' | 
14:33:24.584 | Info | '/transaction/getuserpermissions' | 
14:33:24.587 | Info | '/transaction/getdonationmethods' | 
14:33:46.562 | Info | '/transaction/getarea' | 
14:33:46.564 | Info | '/transaction/getdonationtypes' | 
14:33:46.574 | Info | '/transaction/getdonationmethods' | 
14:33:46.578 | Info | '/transaction/getarea' | 
14:33:46.580 | Info | '/transaction/getdonationtypes' | 
14:33:46.597 | Info | '/transaction/getdonationmethods' | 
14:33:49.883 | Info | '/transaction/getarea' | 
14:33:49.887 | Info | '/transaction/getuserpermissions' | 
14:33:49.892 | Info | '/transaction/getarea' | 
14:33:49.894 | Info | '/transaction/getdonationtypes' | 
14:33:49.896 | Info | '/transaction/getdonationmethods' | 
14:33:49.897 | Info | '/transaction/getuserpermissions' | 
14:33:49.907 | Info | '/transaction/getdonationtypes' | 
14:33:49.908 | Info | '/transaction/getdonationmethods' | 
14:34:08.544 | Info | '/transaction/getarea' | 
14:34:08.551 | Info | '/transaction/getdonationtypes' | 
14:34:08.554 | Info | '/transaction/getdonationmethods' | 
14:34:08.556 | Info | '/transaction/getarea' | 
14:34:08.560 | Info | '/transaction/getdonationtypes' | 
14:34:08.566 | Info | '/transaction/getdonationmethods' | 
14:34:10.424 | Info | '/transaction/getarea' | 
14:34:10.426 | Info | '/transaction/getuserpermissions' | 
14:34:10.428 | Info | '/transaction/getdonationtypes' | 
14:34:10.430 | Info | '/transaction/getdonationmethods' | 
14:34:10.438 | Info | '/transaction/getarea' | 
14:34:10.440 | Info | '/transaction/getuserpermissions' | 
14:34:10.442 | Info | '/transaction/getdonationtypes' | 
14:34:10.444 | Info | '/transaction/getdonationmethods' | 
14:34:48.739 | Info | '/transaction/getarea' | 
14:34:48.743 | Info | '/transaction/getdonationtypes' | 
14:34:48.745 | Info | '/transaction/getdonationmethods' | 
14:34:48.747 | Info | '/transaction/getarea' | 
14:34:48.753 | Info | '/transaction/getdonationtypes' | 
14:34:48.755 | Info | '/transaction/getdonationmethods' | 
14:34:49.938 | Info | '/transaction/getarea' | 
14:34:49.944 | Info | '/transaction/getuserpermissions' | 
14:34:49.946 | Info | '/transaction/getdonationtypes' | 
14:34:49.948 | Info | '/transaction/getdonationmethods' | 
14:34:49.951 | Info | '/transaction/getarea' | 
14:34:49.954 | Info | '/transaction/getuserpermissions' | 
14:34:49.956 | Info | '/transaction/getdonationtypes' | 
14:34:49.962 | Info | '/transaction/getdonationmethods' | 
14:35:03.622 | Info | '/transaction/getarea' | 
14:35:03.626 | Info | '/transaction/getdonationtypes' | 
14:35:03.628 | Info | '/transaction/getdonationmethods' | 
14:35:03.630 | Info | '/transaction/getarea' | 
14:35:03.634 | Info | '/transaction/getdonationtypes' | 
14:35:03.641 | Info | '/transaction/getdonationmethods' | 
14:35:30.026 | Info | '/transaction/getarea' | 
14:35:30.032 | Info | '/transaction/getdonationtypes' | 
14:35:30.034 | Info | '/transaction/getdonationmethods' | 
14:35:30.036 | Info | '/transaction/getarea' | 
14:35:30.041 | Info | '/transaction/getdonationtypes' | 
14:35:30.044 | Info | '/transaction/getdonationmethods' | 
14:35:31.126 | Info | '/transaction/getarea' | 
14:35:31.127 | Info | '/transaction/getuserpermissions' | 
14:35:31.130 | Info | '/transaction/getdonationtypes' | 
14:35:31.133 | Info | '/transaction/getdonationmethods' | 
14:35:31.134 | Info | '/transaction/getarea' | 
14:35:31.137 | Info | '/transaction/getuserpermissions' | 
14:35:31.142 | Info | '/transaction/getdonationtypes' | 
14:35:31.144 | Info | '/transaction/getdonationmethods' | 
14:36:10.556 | Info | '/transaction/getarea' | 
14:36:10.559 | Info | '/transaction/getdonationtypes' | 
14:36:10.563 | Info | '/transaction/getdonationmethods' | 
14:36:10.565 | Info | '/transaction/getarea' | 
14:36:10.602 | Info | '/transaction/getdonationtypes' | 
14:36:10.621 | Info | '/transaction/getdonationmethods' | 
14:36:37.516 | Info | '/transaction/getarea' | 
14:36:37.520 | Info | '/transaction/getdonationtypes' | 
14:36:37.521 | Info | '/transaction/getdonationmethods' | 
14:36:37.523 | Info | '/transaction/getarea' | 
14:36:37.526 | Info | '/transaction/getdonationtypes' | 
14:36:37.529 | Info | '/transaction/getdonationmethods' | 
14:36:42.769 | Info | '/transaction/getuserpermissions' | 
14:36:42.775 | Info | '/transaction/getarea' | 
14:36:42.776 | Info | '/transaction/getuserpermissions' | 
14:36:42.782 | Info | '/transaction/getdonationtypes' | 
14:36:42.785 | Info | '/transaction/getdonationmethods' | 
14:36:42.787 | Info | '/transaction/getarea' | 
14:36:42.792 | Info | '/transaction/getdonationtypes' | 
14:36:42.794 | Info | '/transaction/getdonationmethods' | 
14:38:16.562 | Info | '/transaction/getarea' | 
14:38:16.582 | Info | '/transaction/getdonationtypes' | 
14:38:16.592 | Info | '/transaction/getdonationmethods' | 
14:38:16.601 | Info | '/transaction/getarea' | 
14:38:16.610 | Info | '/transaction/getdonationtypes' | 
14:38:16.614 | Info | '/transaction/getdonationmethods' | 
14:38:22.972 | Info | '/transaction/getuserpermissions' | 
14:38:22.977 | Info | '/transaction/getarea' | 
14:38:22.979 | Info | '/transaction/getdonationtypes' | 
14:38:22.982 | Info | '/transaction/getuserpermissions' | 
14:38:22.987 | Info | '/transaction/getdonationmethods' | 
14:38:22.993 | Info | '/transaction/getarea' | 
14:38:22.996 | Info | '/transaction/getdonationtypes' | 
14:38:22.998 | Info | '/transaction/getdonationmethods' | 
14:44:57.543 | Info | '/transaction/getarea' | 
14:44:57.545 | Info | '/transaction/getdonationtypes' | 
14:44:57.547 | Info | '/transaction/getdonationmethods' | 
14:44:57.550 | Info | '/transaction/getarea' | 
14:44:57.553 | Info | '/transaction/getdonationtypes' | 
14:44:57.554 | Info | '/transaction/getdonationmethods' | 
14:45:13.504 | Info | '/transaction/getarea' | 
14:45:13.514 | Info | '/transaction/getdonationtypes' | 
14:45:13.515 | Info | '/transaction/getarea' | 
14:45:13.519 | Info | '/transaction/getdonationmethods' | 
14:45:13.521 | Info | '/transaction/getdonationtypes' | 
14:45:13.525 | Info | '/transaction/getdonationmethods' | 
14:45:35.493 | Info | '/transaction/getarea' | 
14:45:35.495 | Info | '/transaction/getdonationtypes' | 
14:45:35.496 | Info | '/transaction/getdonationmethods' | 
14:45:35.507 | Info | '/transaction/getarea' | 
14:45:35.511 | Info | '/transaction/getdonationtypes' | 
14:45:35.531 | Info | '/transaction/getdonationmethods' | 
14:45:37.528 | Info | '/transaction/getuserpermissions' | 
14:45:37.534 | Info | '/transaction/getarea' | 
14:45:37.535 | Info | '/transaction/getuserpermissions' | 
14:45:37.540 | Info | '/transaction/getdonationtypes' | 
14:45:37.553 | Info | '/transaction/getdonationmethods' | 
14:45:37.554 | Info | '/transaction/getarea' | 
14:45:37.557 | Info | '/transaction/getdonationtypes' | 
14:45:37.573 | Info | '/transaction/getdonationmethods' | 
14:45:57.526 | Info | '/transaction/getarea' | 
14:45:57.529 | Info | '/transaction/getdonationtypes' | 
14:45:57.530 | Info | '/transaction/getdonationmethods' | 
14:45:57.532 | Info | '/transaction/getarea' | 
14:45:57.537 | Info | '/transaction/getdonationtypes' | 
14:45:57.539 | Info | '/transaction/getdonationmethods' | 
14:46:02.552 | Info | '/transaction/getarea' | 
14:46:02.554 | Info | '/transaction/getdonationtypes' | 
14:46:02.556 | Info | '/transaction/getdonationmethods' | 
14:46:02.562 | Info | '/transaction/getarea' | 
14:46:02.565 | Info | '/transaction/getdonationtypes' | 
14:46:02.572 | Info | '/transaction/getdonationmethods' | 
14:46:26.500 | Info | '/transaction/getarea' | 
14:46:26.501 | Info | '/transaction/getdonationtypes' | 
14:46:26.514 | Info | '/transaction/getarea' | 
14:46:26.516 | Info | '/transaction/getdonationmethods' | 
14:46:26.517 | Info | '/transaction/getdonationtypes' | 
14:46:26.524 | Info | '/transaction/getdonationmethods' | 
14:46:29.979 | Info | '/transaction/getarea' | 
14:46:29.999 | Info | '/transaction/getdonationtypes' | 
14:46:30.268 | Info | '/transaction/getdonationmethods' | 
14:46:30.301 | Info | '/transaction/getarea' | 
14:46:30.314 | Info | '/transaction/getdonationtypes' | 
14:46:30.342 | Info | '/transaction/getdonationmethods' | 
14:46:32.636 | Info | '/transaction/getuserpermissions' | 
14:46:32.642 | Info | '/transaction/getuserpermissions' | 
14:46:32.650 | Info | '/transaction/getarea' | 
14:46:32.653 | Info | '/transaction/getdonationtypes' | 
14:46:32.655 | Info | '/transaction/getdonationmethods' | 
14:46:32.657 | Info | '/transaction/getarea' | 
14:46:32.661 | Info | '/transaction/getdonationtypes' | 
14:46:32.666 | Info | '/transaction/getdonationmethods' | 
14:53:05.072 | Info | '/transaction/getarea' | 
14:53:05.077 | Info | '/transaction/getarea' | 
14:53:06.895 | Info | '/transaction/getdonationtypes' | 
14:53:06.903 | Info | '/transaction/getdonationtypes' | 
14:53:07.362 | Info | '/transaction/getdonationmethods' | 
14:53:07.365 | Info | '/transaction/getdonationmethods' | 
14:53:08.431 | Info | '/transaction/getdonationtypes' | 
14:53:08.434 | Info | '/transaction/getdonationtypes' | 
14:53:08.899 | Info | '/transaction/getarea' | 
14:53:08.906 | Info | '/transaction/getarea' | 
14:53:09.322 | Info | '/transaction/getchannel' | 
14:53:09.328 | Info | '/transaction/getchannel' | 
14:53:10.227 | Info | '/transaction/getpermissions' | 
14:53:10.229 | Info | '/transaction/getuserroles' | 
14:53:10.234 | Info | '/transaction/getpermissions' | 
14:53:10.235 | Info | '/transaction/getuserroles' | 
14:53:10.691 | Info | '/transaction/getchannel' | 
14:53:10.695 | Info | '/transaction/getuserroles' | 
14:53:10.697 | Info | '/transaction/getcenters' | 
14:53:10.702 | Info | '/transaction/getchannel' | 
14:53:10.707 | Info | '/transaction/getusers' | 
14:53:10.709 | Info | '/transaction/getuserroles' | 
14:53:10.712 | Info | '/transaction/getcenters' | 
14:53:10.715 | Info | '/transaction/getusers' | 
14:53:11.192 | Info | '/transaction/getpermissions' | 
14:53:11.193 | Info | '/transaction/getuserroles' | 
14:53:11.198 | Info | '/transaction/getpermissions' | 
14:53:11.202 | Info | '/transaction/getuserroles' | 
14:53:11.580 | Info | '/transaction/getcenters' | 
14:53:11.584 | Info | '/transaction/getcenters' | 
14:53:11.933 | Info | '/transaction/getchannel' | 
14:53:11.938 | Info | '/transaction/getchannel' | 
14:53:14.860 | Info | '/transaction/getarea' | 
14:53:14.862 | Info | '/transaction/getdonationtypes' | 
14:53:14.867 | Info | '/transaction/getdonationmethods' | 
14:53:14.869 | Info | '/transaction/getarea' | 
14:53:14.870 | Info | '/transaction/getdonationtypes' | 
14:53:14.874 | Info | '/transaction/getdonationmethods' | 
14:53:21.896 | Info | '/transaction/getarea' | 
14:53:21.898 | Info | '/transaction/getdonationtypes' | 
14:53:21.899 | Info | '/transaction/getdonationmethods' | 
14:53:21.904 | Info | '/transaction/getarea' | 
14:53:21.905 | Info | '/transaction/getdonationtypes' | 
14:53:21.910 | Info | '/transaction/getdonationmethods' | 
14:57:42.529 | Info | '/transaction/getcenters' | 
14:57:42.532 | Info | '/transaction/getcenters' | 
14:57:42.857 | Info | '/transaction/getarea' | 
14:57:42.860 | Info | '/transaction/getarea' | 
14:57:43.243 | Info | '/transaction/getdonationmethods' | 
14:57:43.248 | Info | '/transaction/getdonationmethods' | 
14:57:43.898 | Info | '/transaction/getdonationtypes' | 
14:57:43.901 | Info | '/transaction/getdonationtypes' | 
14:57:44.238 | Info | '/transaction/getarea' | 
14:57:44.241 | Info | '/transaction/getarea' | 
14:57:44.632 | Info | '/transaction/getchannel' | 
14:57:44.637 | Info | '/transaction/getchannel' | 
14:57:44.954 | Info | '/transaction/getcenters' | 
14:57:44.957 | Info | '/transaction/getcenters' | 
14:57:45.299 | Info | '/transaction/getpermissions' | 
14:57:45.301 | Info | '/transaction/getuserroles' | 
14:57:45.305 | Info | '/transaction/getpermissions' | 
14:57:45.307 | Info | '/transaction/getuserroles' | 
14:57:46.799 | Info | '/transaction/getcenters' | 
14:57:46.804 | Info | '/transaction/getcenters' | 
14:57:47.134 | Info | '/transaction/getchannel' | 
14:57:47.140 | Info | '/transaction/getchannel' | 
14:57:47.507 | Info | '/transaction/getarea' | 
14:57:47.510 | Info | '/transaction/getarea' | 
14:57:47.906 | Info | '/transaction/getdonationtypes' | 
14:57:47.913 | Info | '/transaction/getdonationtypes' | 
14:57:48.823 | Info | '/transaction/getdonationmethods' | 
14:57:48.826 | Info | '/transaction/getdonationmethods' | 
14:57:49.354 | Info | '/transaction/getdonationtypes' | 
14:57:49.357 | Info | '/transaction/getdonationtypes' | 
14:57:50.056 | Info | '/transaction/getarea' | 
14:57:50.061 | Info | '/transaction/getarea' | 
14:57:50.618 | Info | '/transaction/getchannel' | 
14:57:50.622 | Info | '/transaction/getchannel' | 
14:57:51.173 | Info | '/transaction/getcenters' | 
14:57:51.176 | Info | '/transaction/getcenters' | 
14:57:51.839 | Info | '/transaction/getpermissions' | 
14:57:51.841 | Info | '/transaction/getuserroles' | 
14:57:51.846 | Info | '/transaction/getpermissions' | 
14:57:51.848 | Info | '/transaction/getuserroles' | 
14:57:52.780 | Info | '/transaction/getchannel' | 
14:57:52.781 | Info | '/transaction/getcenters' | 
14:57:52.790 | Info | '/transaction/getuserroles' | 
14:57:52.796 | Info | '/transaction/getchannel' | 
14:57:52.800 | Info | '/transaction/getusers' | 
14:57:52.802 | Info | '/transaction/getcenters' | 
14:57:52.820 | Info | '/transaction/getuserroles' | 
14:57:52.825 | Info | '/transaction/getusers' | 
14:58:34.527 | Info | '/transaction/getarea' | 
14:58:34.529 | Info | '/transaction/getdonationtypes' | 
14:58:34.531 | Info | '/transaction/getdonationmethods' | 
14:58:34.534 | Info | '/transaction/getdonationtypes' | 
14:58:34.536 | Info | '/transaction/getdonationmethods' | 
14:58:34.552 | Info | '/transaction/getarea' | 
