13:41:46.876 | Info | '/api/user/login' | 
13:41:47.031 | Info | ({'code':'MODULE_NOT_FOUND','requireStack':['D:\\Ejaarat Project\\Al-Khidmat-backend\\EjaaratMiddleWare\\API\\BusinessLogic\\logintoken.js','D:\\Ejaarat Project\\Al-Khidmat-backend\\EjaaratMiddleWare\\app.js','D:\\Ejaarat Project\\Al-Khidmat-backend\\EjaaratMiddleWare\\bin\\www']}) | 
13:42:03.964 | Info | '/api/user/login' | 
13:42:03.966 | Info | ({'code':'MODULE_NOT_FOUND','requireStack':['D:\\Ejaarat Project\\Al-Khidmat-backend\\EjaaratMiddleWare\\API\\BusinessLogic\\logintoken.js','D:\\Ejaarat Project\\Al-Khidmat-backend\\EjaaratMiddleWare\\app.js','D:\\Ejaarat Project\\Al-Khidmat-backend\\EjaaratMiddleWare\\bin\\www']}) | 
13:42:39.923 | Info | '/api/user/login' | 
13:43:31.281 | Info | '/api/user/login' | 
13:43:31.423 | Info | '/transaction/getuserpermissions' | 
13:43:31.432 | Info | '/dashboard' | 
13:43:31.476 | Info | '/transaction/getuserpermissions' | 
13:43:31.521 | Info | '/dashboard' | 
13:56:35.856 | Info | '/transaction/reports/:reportId' | 
14:08:57.312 | Info | '/dashboard' | 
14:08:57.588 | Info | '/dashboard' | 
14:09:08.141 | Info | '/transaction/reports/:reportId' | 
14:10:07.005 | Info | '/transaction/getalldonations' | 
14:10:07.019 | Info | '/transaction/getalldonations' | 
14:10:10.337 | Info | '/transaction/getarea' | 
14:10:10.343 | Info | '/transaction/getdonationtypes' | 
14:10:10.349 | Info | '/transaction/getdonationmethods' | 
14:10:10.355 | Info | '/transaction/getarea' | 
14:10:10.363 | Info | '/transaction/getdonationtypes' | 
14:10:10.365 | Info | '/transaction/getdonationmethods' | 
14:10:10.796 | Info | '/transaction/getalldonations' | 
14:10:10.807 | Info | '/transaction/getalldonations' | 
14:10:14.757 | Info | '/transaction/getarea' | 
14:10:14.760 | Info | '/transaction/getdonationtypes' | 
14:10:14.762 | Info | '/transaction/getdonationmethods' | 
14:10:14.767 | Info | '/transaction/getarea' | 
14:10:14.769 | Info | '/transaction/getdonationtypes' | 
14:10:14.773 | Info | '/transaction/getdonationmethods' | 
14:10:15.408 | Info | '/transaction/getalldonations' | 
14:10:15.425 | Info | '/transaction/getalldonations' | 
14:10:43.690 | Info | '/dashboard' | 
14:10:43.698 | Info | '/dashboard' | 
14:14:28.272 | Info | '/transaction/getuserpermissions' | 
14:14:28.277 | Info | '/transaction/getuserpermissions' | 
14:14:32.023 | Info | '/api/user/login' | 
14:14:32.207 | Info | '/transaction/getuserpermissions' | 
14:14:32.217 | Info | '/dashboard' | 
14:14:32.219 | Info | '/transaction/getuserpermissions' | 
14:14:32.229 | Info | '/dashboard' | 
14:15:44.803 | Info | '/transaction/getuserpermissions' | 
14:15:44.807 | Info | '/transaction/getuserpermissions' | 
14:15:48.182 | Info | '/api/user/login' | 
14:15:48.284 | Info | '/transaction/getuserpermissions' | 
14:15:48.293 | Info | '/dashboard' | 
14:15:48.295 | Info | '/transaction/getuserpermissions' | 
14:15:48.302 | Info | '/dashboard' | 
14:17:23.134 | Info | '/transaction/getuserpermissions' | 
14:17:23.140 | Info | '/transaction/getuserpermissions' | 
14:17:27.098 | Info | '/api/user/login' | 
14:17:27.228 | Info | '/transaction/getuserpermissions' | 
14:17:27.236 | Info | '/transaction/getuserpermissions' | 
14:17:27.238 | Info | '/dashboard' | 
14:17:27.247 | Info | '/dashboard' | 
14:22:34.032 | Info | '/transaction/getuserpermissions' | 
14:22:34.036 | Info | '/transaction/getuserpermissions' | 
14:22:38.260 | Info | '/api/user/login' | 
14:22:38.347 | Info | '/transaction/getuserpermissions' | 
14:22:38.350 | Info | '/dashboard' | 
14:22:38.355 | Info | '/transaction/getuserpermissions' | 
14:22:38.361 | Info | '/dashboard' | 
14:23:14.161 | Info | '/transaction/getuserpermissions' | 
14:23:14.164 | Info | '/transaction/getuserpermissions' | 
14:23:17.998 | Info | '/api/user/login' | 
14:23:18.100 | Info | '/transaction/getuserpermissions' | 
14:23:18.110 | Info | '/dashboard' | 
14:23:18.112 | Info | '/transaction/getuserpermissions' | 
14:23:18.122 | Info | '/dashboard' | 
14:23:25.969 | Info | '/dashboard' | 
14:23:25.976 | Info | '/dashboard' | 
14:23:27.179 | Info | '/transaction/getchannel' | 
14:23:27.187 | Info | '/transaction/getcenters' | 
14:23:27.192 | Info | '/transaction/getuserroles' | 
14:23:27.200 | Info | '/transaction/getusers' | 
14:23:27.213 | Info | '/transaction/getchannel' | 
14:23:27.217 | Info | '/transaction/getcenters' | 
14:23:27.219 | Info | '/transaction/getuserroles' | 
14:23:27.221 | Info | '/transaction/getusers' | 
14:23:54.206 | Info | '/dashboard' | 
14:23:54.219 | Info | '/dashboard' | 
14:25:12.090 | Info | '/transaction/getuserpermissions' | 
14:25:12.094 | Info | '/transaction/getuserpermissions' | 
14:25:15.834 | Info | '/api/user/login' | 
14:25:15.939 | Info | '/transaction/getuserpermissions' | 
14:25:15.948 | Info | '/transaction/getuserpermissions' | 
14:25:15.950 | Info | '/dashboard' | 
14:25:15.960 | Info | '/dashboard' | 
14:25:19.749 | Info | '/dashboard' | 
14:25:19.755 | Info | '/dashboard' | 
14:26:04.800 | Info | '/transaction/getuserpermissions' | 
14:26:04.803 | Info | '/transaction/getuserpermissions' | 
14:26:08.233 | Info | '/api/user/login' | 
14:26:08.316 | Info | '/transaction/getuserpermissions' | 
14:26:08.320 | Info | '/dashboard' | 
14:26:08.324 | Info | '/transaction/getuserpermissions' | 
14:26:08.333 | Info | '/dashboard' | 
14:26:46.782 | Info | '/transaction/getuserpermissions' | 
14:26:46.785 | Info | '/transaction/getuserpermissions' | 
14:26:59.802 | Info | '/api/user/login' | 
14:26:59.888 | Info | '/transaction/getuserpermissions' | 
14:26:59.895 | Info | '/transaction/getuserpermissions' | 
14:26:59.899 | Info | '/dashboard' | 
14:26:59.909 | Info | '/dashboard' | 
14:30:43.736 | Info | '/transaction/getuserpermissions' | 
14:30:43.740 | Info | '/transaction/getuserpermissions' | 
14:30:48.585 | Info | '/api/user/login' | 
14:30:48.654 | Info | '/transaction/getuserpermissions' | 
14:30:48.660 | Info | '/transaction/getuserpermissions' | 
14:30:48.665 | Info | '/dashboard' | 
14:30:48.672 | Info | '/dashboard' | 
14:53:00.325 | Info | '/transaction/getuserpermissions' | 
14:53:00.329 | Info | '/transaction/getuserpermissions' | 
14:53:03.374 | Info | '/api/user/login' | 
14:53:03.448 | Info | '/transaction/getuserpermissions' | 
14:53:03.455 | Info | '/transaction/getuserpermissions' | 
14:55:52.938 | Info | '/transaction/getuserpermissions' | 
14:55:52.941 | Info | '/transaction/getuserpermissions' | 
14:55:55.877 | Info | '/api/user/login' | 
14:55:55.953 | Info | '/transaction/getuserpermissions' | 
14:55:55.966 | Info | '/transaction/getuserpermissions' | 
14:56:24.277 | Info | '/transaction/getuserpermissions' | 
14:56:24.281 | Info | '/transaction/getuserpermissions' | 
14:56:27.070 | Info | '/api/user/login' | 
14:56:27.138 | Info | '/transaction/getuserpermissions' | 
14:56:27.148 | Info | '/transaction/getuserpermissions' | 
14:56:43.036 | Info | '/transaction/getuserpermissions' | 
14:56:43.040 | Info | '/transaction/getuserpermissions' | 
14:56:45.852 | Info | '/api/user/login' | 
14:56:45.925 | Info | '/transaction/getuserpermissions' | 
14:56:45.933 | Info | '/transaction/getuserpermissions' | 
14:58:35.269 | Info | '/transaction/getuserpermissions' | 
14:58:35.273 | Info | '/transaction/getuserpermissions' | 
14:58:38.596 | Info | '/api/user/login' | 
14:58:38.667 | Info | '/transaction/getuserpermissions' | 
14:58:38.677 | Info | '/transaction/getuserpermissions' | 
14:58:56.364 | Info | '/transaction/getuserpermissions' | 
14:58:56.368 | Info | '/transaction/getuserpermissions' | 
14:58:59.148 | Info | '/api/user/login' | 
14:58:59.217 | Info | '/transaction/getuserpermissions' | 
14:58:59.227 | Info | '/transaction/getuserpermissions' | 
15:00:31.391 | Info | '/transaction/getuserpermissions' | 
15:00:31.394 | Info | '/transaction/getuserpermissions' | 
15:00:34.482 | Info | '/api/user/login' | 
15:00:34.563 | Info | '/transaction/getuserpermissions' | 
15:00:34.571 | Info | '/transaction/getuserpermissions' | 
15:01:09.301 | Info | '/transaction/getuserpermissions' | 
15:01:09.404 | Info | '/transaction/getuserpermissions' | 
15:01:12.341 | Info | '/api/user/login' | 
15:01:12.611 | Info | '/transaction/getuserpermissions' | 
15:01:12.630 | Info | '/transaction/myprofile' | 
15:01:12.682 | Info | '/transaction/getuserpermissions' | 
15:01:12.690 | Info | '/transaction/myprofile' | 
15:01:12.697 | Info | '/transaction/myprofile' | 
15:01:12.701 | Info | '/transaction/myprofile' | 
15:03:32.217 | Info | '/transaction/getuserpermissions' | 
15:03:32.221 | Info | '/transaction/getuserpermissions' | 
15:03:34.996 | Info | '/api/user/login' | 
15:03:35.072 | Info | '/transaction/getuserpermissions' | 
15:03:35.084 | Info | '/transaction/myprofile' | 
15:03:35.086 | Info | '/transaction/getuserpermissions' | 
15:03:35.093 | Info | '/transaction/myprofile' | 
15:03:35.098 | Info | '/transaction/myprofile' | 
15:03:35.104 | Info | '/transaction/myprofile' | 
15:04:46.472 | Info | '/dashboard' | 
15:04:46.504 | Info | '/dashboard' | 
15:04:55.742 | Info | '/transaction/getalldonations' | 
15:04:55.766 | Info | '/transaction/getalldonations' | 
15:05:20.425 | Info | '/transaction/getuserpermissions' | 
15:05:20.430 | Info | '/transaction/getuserpermissions' | 
15:05:23.778 | Info | '/api/user/login' | 
15:05:23.851 | Info | '/transaction/getuserpermissions' | 
15:05:23.859 | Info | '/transaction/getuserpermissions' | 
15:05:23.865 | Info | '/transaction/myprofile' | 
15:05:23.871 | Info | '/transaction/myprofile' | 
15:05:23.876 | Info | '/transaction/myprofile' | 
15:05:23.880 | Info | '/transaction/myprofile' | 
15:05:26.969 | Info | '/dashboard' | 
15:05:26.976 | Info | '/dashboard' | 
15:05:32.927 | Info | '/transaction/getarea' | 
15:05:32.932 | Info | '/transaction/getdonationtypes' | 
15:05:32.936 | Info | '/transaction/getdonationmethods' | 
15:05:32.947 | Info | '/transaction/getarea' | 
15:05:32.951 | Info | '/transaction/getdonationtypes' | 
15:05:32.964 | Info | '/transaction/getdonationmethods' | 
15:06:43.003 | Info | '/transaction/getuserpermissions' | 
15:06:43.007 | Info | '/transaction/getuserpermissions' | 
15:06:46.522 | Info | '/api/user/login' | 
15:06:46.606 | Info | '/transaction/getuserpermissions' | 
15:06:46.616 | Info | '/transaction/getuserpermissions' | 
15:06:46.623 | Info | '/transaction/myprofile' | 
15:06:46.628 | Info | '/transaction/myprofile' | 
15:06:46.633 | Info | '/transaction/myprofile' | 
15:06:46.638 | Info | '/transaction/myprofile' | 
15:06:49.122 | Info | '/dashboard' | 
15:06:49.133 | Info | '/dashboard' | 
15:06:50.890 | Info | '/transaction/myprofile' | 
15:06:50.895 | Info | '/transaction/myprofile' | 
15:06:50.904 | Info | '/transaction/myprofile' | 
15:06:50.909 | Info | '/transaction/myprofile' | 
15:06:52.552 | Info | '/dashboard' | 
15:06:52.560 | Info | '/dashboard' | 
15:06:56.013 | Info | '/transaction/myprofile' | 
15:06:56.021 | Info | '/transaction/myprofile' | 
15:06:56.026 | Info | '/transaction/myprofile' | 
15:06:56.031 | Info | '/transaction/myprofile' | 
15:08:18.915 | Info | '/transaction/getuserpermissions' | 
15:08:18.919 | Info | '/transaction/getuserpermissions' | 
15:08:21.603 | Info | '/api/user/login' | 
15:08:21.716 | Info | '/transaction/getuserpermissions' | 
15:08:21.726 | Info | '/transaction/getuserpermissions' | 
15:08:21.728 | Info | '/transaction/myprofile' | 
15:08:21.734 | Info | '/transaction/myprofile' | 
15:08:21.740 | Info | '/transaction/myprofile' | 
15:08:21.744 | Info | '/transaction/myprofile' | 
15:09:20.275 | Info | '/transaction/myprofile' | 
15:09:20.296 | Info | '/transaction/myprofile' | 
15:09:20.317 | Info | '/transaction/myprofile' | 
15:09:20.354 | Info | '/transaction/myprofile' | 
15:09:29.066 | Info | '/transaction/getuserpermissions' | 
15:09:29.073 | Info | '/transaction/getuserpermissions' | 
15:09:32.422 | Info | '/api/user/login' | 
15:09:32.527 | Info | '/transaction/getuserpermissions' | 
15:09:32.535 | Info | '/transaction/getuserpermissions' | 
15:09:32.537 | Info | '/transaction/myprofile' | 
15:09:32.543 | Info | '/transaction/myprofile' | 
15:09:32.547 | Info | '/transaction/myprofile' | 
15:09:32.553 | Info | '/transaction/myprofile' | 
15:09:46.416 | Info | '/transaction/getuserpermissions' | 
15:09:46.420 | Info | '/transaction/getuserpermissions' | 
15:09:49.381 | Info | '/api/user/login' | 
15:09:49.482 | Info | '/transaction/getuserpermissions' | 
15:09:49.490 | Info | '/transaction/getuserpermissions' | 
15:09:49.492 | Info | '/transaction/myprofile' | 
15:09:49.497 | Info | '/transaction/myprofile' | 
15:09:49.502 | Info | '/transaction/myprofile' | 
15:09:49.507 | Info | '/transaction/myprofile' | 
15:22:06.904 | Info | '/transaction/getuserpermissions' | 
15:22:06.920 | Info | '/transaction/getuserpermissions' | 
15:22:10.076 | Info | '/api/user/login' | 
15:22:10.472 | Info | '/transaction/getuserpermissions' | 
15:22:10.500 | Info | '/transaction/mycollections' | 
15:22:10.507 | Info | '/transaction/myprofile' | 
15:22:10.584 | Info | '/transaction/getuserpermissions' | 
15:22:10.589 | Info | '/transaction/mycollections' | 
15:22:10.602 | Info | '/transaction/myprofile' | 
15:22:10.607 | Info | '/transaction/myprofile' | 
15:22:10.612 | Info | '/transaction/myprofile' | 
15:22:14.390 | Info | '/transaction/getarea' | 
15:22:14.394 | Info | '/transaction/getdonationtypes' | 
15:22:14.398 | Info | '/transaction/getdonationmethods' | 
15:22:14.411 | Info | '/transaction/getarea' | 
15:22:14.418 | Info | '/transaction/getdonationtypes' | 
15:22:14.421 | Info | '/transaction/getdonationmethods' | 
15:22:17.776 | Info | '/transaction/getdonordetails' | 
15:22:29.482 | Info | '/transaction/getdonationpurpose' | 
15:22:30.293 | Info | '/transaction/getdonationpurpose' | 
15:22:41.816 | Info | '/transaction/newdonation' | 
15:23:09.183 | Info | '/dashboard' | 
15:23:09.195 | Info | '/dashboard' | 
15:23:09.949 | Info | '/transaction/myprofile' | 
15:23:09.951 | Info | '/transaction/mycollections' | 
15:23:09.962 | Info | '/transaction/myprofile' | 
15:23:09.969 | Info | '/transaction/mycollections' | 
15:23:09.974 | Info | '/transaction/myprofile' | 
15:23:09.982 | Info | '/transaction/myprofile' | 
15:23:28.353 | Info | '/dashboard' | 
15:23:28.361 | Info | '/dashboard' | 
15:23:30.326 | Info | '/transaction/myprofile' | 
15:23:30.329 | Info | '/transaction/mycollections' | 
15:23:30.335 | Info | '/transaction/myprofile' | 
15:23:30.339 | Info | '/transaction/mycollections' | 
15:23:30.348 | Info | '/transaction/myprofile' | 
15:23:30.353 | Info | '/transaction/myprofile' | 
15:23:31.822 | Info | '/dashboard' | 
15:23:31.828 | Info | '/dashboard' | 
15:23:32.328 | Info | '/transaction/myprofile' | 
15:23:32.333 | Info | '/transaction/mycollections' | 
15:23:32.338 | Info | '/transaction/myprofile' | 
15:23:32.340 | Info | '/transaction/mycollections' | 
15:23:32.345 | Info | '/transaction/myprofile' | 
15:23:32.354 | Info | '/transaction/myprofile' | 
15:26:39.318 | Info | '/transaction/getuserpermissions' | 
15:26:39.324 | Info | '/transaction/getuserpermissions' | 
15:26:42.936 | Info | '/api/user/login' | 
15:26:43.027 | Info | '/transaction/getuserpermissions' | 
15:26:43.037 | Info | '/transaction/getuserpermissions' | 
15:26:43.043 | Info | '/transaction/myprofile' | 
15:26:43.048 | Info | '/transaction/mycollections' | 
15:26:43.051 | Info | '/transaction/myprofile' | 
15:26:43.056 | Info | '/transaction/mycollections' | 
15:26:43.061 | Info | '/transaction/myprofile' | 
15:26:43.069 | Info | '/transaction/myprofile' | 
15:27:20.318 | Info | '/transaction/getuserpermissions' | 
15:27:20.321 | Info | '/transaction/myprofile' | 
15:27:20.330 | Info | '/transaction/getuserpermissions' | 
15:27:20.333 | Info | '/transaction/myprofile' | 
15:27:20.345 | Info | '/transaction/mycollections' | 
15:27:20.353 | Info | '/transaction/myprofile' | 
15:27:20.357 | Info | '/transaction/mycollections' | 
15:27:20.359 | Info | '/transaction/myprofile' | 
15:27:26.393 | Info | '/transaction/getuserpermissions' | 
15:27:26.396 | Info | '/transaction/getuserpermissions' | 
15:27:30.022 | Info | '/api/user/login' | 
15:27:30.108 | Info | '/transaction/getuserpermissions' | 
15:27:30.117 | Info | '/transaction/getuserpermissions' | 
15:27:30.127 | Info | '/transaction/myprofile' | 
15:27:30.129 | Info | '/transaction/mycollections' | 
15:27:30.136 | Info | '/transaction/myprofile' | 
15:27:30.138 | Info | '/transaction/mycollections' | 
15:27:30.149 | Info | '/transaction/myprofile' | 
15:27:30.156 | Info | '/transaction/myprofile' | 
15:27:51.329 | Info | '/transaction/getuserpermissions' | 
15:27:51.333 | Info | '/transaction/getuserpermissions' | 
15:27:55.190 | Info | '/api/user/login' | 
15:27:55.282 | Info | '/transaction/getuserpermissions' | 
15:27:55.295 | Info | '/transaction/myprofile' | 
15:27:55.297 | Info | '/transaction/getuserpermissions' | 
15:27:55.299 | Info | '/transaction/mycollections' | 
15:27:55.307 | Info | '/transaction/myprofile' | 
15:27:55.310 | Info | '/transaction/mycollections' | 
15:27:55.315 | Info | '/transaction/myprofile' | 
15:27:55.320 | Info | '/transaction/myprofile' | 
15:28:52.857 | Info | '/transaction/getuserpermissions' | 
15:28:52.861 | Info | '/transaction/getuserpermissions' | 
15:28:56.047 | Info | '/api/user/login' | 
15:29:01.996 | Info | '/api/user/login' | 
15:29:02.113 | Info | '/transaction/getuserpermissions' | 
15:29:02.121 | Info | '/transaction/getuserpermissions' | 
15:29:02.125 | Info | '/transaction/myprofile' | 
15:29:02.131 | Info | '/transaction/mycollections' | 
15:29:02.136 | Info | '/transaction/myprofile' | 
15:29:02.140 | Info | '/transaction/mycollections' | 
15:29:02.143 | Info | '/transaction/myprofile' | 
15:29:02.151 | Info | '/transaction/myprofile' | 
15:29:33.482 | Info | '/transaction/getuserpermissions' | 
15:29:33.487 | Info | '/transaction/getuserpermissions' | 
15:29:36.420 | Info | '/api/user/login' | 
15:29:36.515 | Info | '/transaction/getuserpermissions' | 
15:29:36.526 | Info | '/transaction/myprofile' | 
15:29:36.529 | Info | '/transaction/getuserpermissions' | 
15:29:36.531 | Info | '/transaction/mycollections' | 
15:29:36.544 | Info | '/transaction/myprofile' | 
15:29:36.546 | Info | '/transaction/mycollections' | 
15:29:36.552 | Info | '/transaction/myprofile' | 
15:29:36.563 | Info | '/transaction/myprofile' | 
15:29:51.129 | Info | '/api/user/login' | 
15:29:51.221 | Info | '/transaction/getuserpermissions' | 
15:29:51.228 | Info | '/transaction/myprofile' | 
15:29:51.230 | Info | '/transaction/mycollections' | 
15:29:51.232 | Info | '/transaction/getuserpermissions' | 
15:29:51.238 | Info | '/transaction/myprofile' | 
15:29:51.241 | Info | '/transaction/mycollections' | 
15:29:51.251 | Info | '/transaction/myprofile' | 
15:29:51.258 | Info | '/transaction/myprofile' | 
15:38:33.571 | Info | '/transaction/getuserpermissions' | 
15:38:33.575 | Info | '/transaction/getuserpermissions' | 
15:38:36.992 | Info | '/api/user/login' | 
15:38:37.093 | Info | '/transaction/getuserpermissions' | 
15:38:37.101 | Info | '/transaction/getuserpermissions' | 
15:38:37.109 | Info | '/transaction/myprofile' | 
15:38:37.114 | Info | '/transaction/mycollections' | 
15:38:37.117 | Info | '/transaction/myprofile' | 
15:38:37.125 | Info | '/transaction/mycollections' | 
15:38:37.128 | Info | '/transaction/myprofile' | 
15:38:37.133 | Info | '/transaction/myprofile' | 
15:42:39.030 | Info | '/transaction/getuserpermissions' | 
15:42:39.045 | Info | '/transaction/getuserpermissions' | 
15:42:42.831 | Info | '/api/user/login' | 
15:42:43.140 | Info | '/transaction/getuserpermissions' | 
15:42:43.162 | Info | '/transaction/myprofile' | 
15:42:43.219 | Info | '/transaction/getuserpermissions' | 
15:42:43.223 | Info | '/transaction/mycollections' | 
15:42:43.291 | Info | '/transaction/myprofile' | 
15:42:43.301 | Info | '/transaction/myprofile' | 
15:42:43.305 | Info | '/transaction/myprofile' | 
15:42:54.984 | Info | '/transaction/getuserpermissions' | 
15:42:54.990 | Info | '/transaction/getuserpermissions' | 
15:43:00.645 | Info | '/api/user/login' | 
15:43:00.791 | Info | '/transaction/getuserpermissions' | 
15:43:00.801 | Info | '/transaction/getuserpermissions' | 
15:43:00.816 | Info | '/transaction/myprofile' | 
15:43:00.822 | Info | '/transaction/mycollections' | 
15:43:00.852 | Info | '/transaction/myprofile' | 
15:43:00.882 | Info | '/transaction/myprofile' | 
15:43:00.919 | Info | '/transaction/myprofile' | 
15:43:20.822 | Info | '/transaction/mycollections' | 
15:43:30.871 | Info | '/transaction/mycollections' | 
15:43:41.454 | Info | '/transaction/getuserpermissions' | 
15:43:41.473 | Info | '/transaction/getuserpermissions' | 
15:43:46.482 | Info | '/api/user/login' | 
15:43:46.829 | Info | '/transaction/getuserpermissions' | 
15:43:46.853 | Info | '/transaction/myprofile' | 
15:43:46.930 | Info | '/transaction/getuserpermissions' | 
15:43:46.936 | Info | '/transaction/mycollections' | 
15:43:46.986 | Info | '/transaction/myprofile' | 
15:43:46.996 | Info | '/transaction/myprofile' | 
15:43:47.002 | Info | '/transaction/myprofile' | 
15:44:06.859 | Info | '/transaction/mycollections' | 
15:46:22.161 | Info | '/transaction/getuserpermissions' | 
15:46:22.180 | Info | '/transaction/getuserpermissions' | 
15:46:26.447 | Info | '/api/user/login' | 
15:46:26.776 | Info | '/transaction/getuserpermissions' | 
15:46:26.799 | Info | '/transaction/myprofile' | 
15:46:26.851 | Info | '/transaction/getuserpermissions' | 
15:46:26.856 | Info | '/transaction/mycollections' | 
15:46:26.866 | Info | '/transaction/myprofile' | 
15:46:26.874 | Info | '/transaction/myprofile' | 
15:46:26.877 | Info | '/transaction/mycollections' | 
15:46:26.884 | Info | '/transaction/myprofile' | 
15:47:20.085 | Info | '/transaction/myprofile' | 
15:47:20.092 | Info | '/transaction/myprofile' | 
15:47:20.095 | Info | '/transaction/mycollections' | 
15:47:20.103 | Info | '/transaction/myprofile' | 
15:47:20.105 | Info | '/transaction/mycollections' | 
15:47:20.111 | Info | '/transaction/myprofile' | 
15:47:20.113 | Info | '/transaction/mycollections' | 
15:47:20.118 | Info | '/transaction/myprofile' | 
15:47:20.120 | Info | '/transaction/mycollections' | 
15:47:20.128 | Info | '/transaction/myprofile' | 
15:47:31.352 | Info | '/transaction/getuserpermissions' | 
15:47:31.358 | Info | '/transaction/getuserpermissions' | 
15:47:34.720 | Info | '/api/user/login' | 
15:47:34.816 | Info | '/transaction/getuserpermissions' | 
15:47:34.829 | Info | '/transaction/myprofile' | 
15:47:34.831 | Info | '/transaction/getuserpermissions' | 
15:47:34.833 | Info | '/transaction/mycollections' | 
15:47:34.845 | Info | '/transaction/mycollections' | 
15:47:34.848 | Info | '/transaction/myprofile' | 
15:47:34.854 | Info | '/transaction/myprofile' | 
15:47:34.858 | Info | '/transaction/myprofile' | 
15:50:28.558 | Info | '/transaction/getuserpermissions' | 
15:50:28.562 | Info | '/transaction/getuserpermissions' | 
15:50:31.970 | Info | '/api/user/login' | 
15:50:32.076 | Info | '/transaction/getuserpermissions' | 
15:50:32.085 | Info | '/transaction/myprofile' | 
15:50:32.087 | Info | '/transaction/getuserpermissions' | 
15:50:32.093 | Info | '/transaction/mycollections' | 
15:50:32.098 | Info | '/transaction/myprofile' | 
15:50:32.109 | Info | '/transaction/mycollections' | 
15:50:32.111 | Info | '/transaction/myprofile' | 
15:50:32.121 | Info | '/transaction/myprofile' | 
16:10:52.750 | Info | '/transaction/reports/:reportId' | 
16:11:27.019 | Info | '/transaction/myprofile' | 
16:11:27.023 | Info | '/transaction/mycollections' | 
16:11:27.026 | Info | '/transaction/myprofile' | 
16:11:27.034 | Info | '/transaction/mycollections' | 
16:11:27.037 | Info | '/transaction/myprofile' | 
16:11:27.045 | Info | '/transaction/myprofile' | 
16:16:05.388 | Info | '/api/user/login' | 
16:16:05.763 | Info | '/transaction/getuserpermissions' | 
16:16:05.776 | Info | '/transaction/myprofile' | 
16:16:05.827 | Info | '/transaction/mycollections' | 
16:16:05.836 | Info | '/transaction/getuserpermissions' | 
16:16:05.857 | Info | '/transaction/mycollections' | 
16:16:05.865 | Info | '/transaction/myprofile' | 
16:16:05.870 | Info | '/transaction/myprofile' | 
16:16:05.874 | Info | '/transaction/myprofile' | 
16:16:21.742 | Info | '/api/user/login' | 
16:16:21.828 | Info | '/transaction/getuserpermissions' | 
16:16:21.840 | Info | '/transaction/myprofile' | 
16:16:21.842 | Info | '/transaction/getuserpermissions' | 
16:16:21.845 | Info | '/transaction/mycollections' | 
16:16:21.851 | Info | '/transaction/myprofile' | 
16:16:21.853 | Info | '/transaction/mycollections' | 
16:16:21.859 | Info | '/transaction/myprofile' | 
16:16:21.862 | Info | '/transaction/myprofile' | 
16:16:27.608 | Info | '/api/user/login' | 
16:16:27.701 | Info | '/transaction/getuserpermissions' | 
16:16:27.705 | Info | '/transaction/myprofile' | 
16:16:27.707 | Info | '/transaction/mycollections' | 
16:16:27.713 | Info | '/transaction/getuserpermissions' | 
16:16:27.715 | Info | '/transaction/myprofile' | 
16:16:27.717 | Info | '/transaction/mycollections' | 
16:16:27.724 | Info | '/transaction/myprofile' | 
16:16:27.729 | Info | '/transaction/myprofile' | 
16:16:32.989 | Info | '/transaction/getuserpermissions' | 
16:16:32.991 | Info | '/transaction/getuserpermissions' | 
16:16:35.890 | Info | '/api/user/login' | 
16:16:35.980 | Info | '/transaction/getuserpermissions' | 
16:16:35.990 | Info | '/transaction/myprofile' | 
16:16:35.994 | Info | '/transaction/getuserpermissions' | 
16:16:35.996 | Info | '/transaction/mycollections' | 
16:16:36.004 | Info | '/transaction/myprofile' | 
16:16:36.009 | Info | '/transaction/mycollections' | 
16:16:36.012 | Info | '/transaction/myprofile' | 
16:16:36.019 | Info | '/transaction/myprofile' | 
16:17:17.243 | Info | '/api/user/login' | 
16:17:17.347 | Info | '/transaction/getuserpermissions' | 
16:17:17.354 | Info | '/transaction/getuserpermissions' | 
16:17:17.358 | Info | '/transaction/myprofile' | 
16:17:17.362 | Info | '/transaction/mycollections' | 
16:17:17.370 | Info | '/transaction/myprofile' | 
16:17:17.372 | Info | '/transaction/mycollections' | 
16:17:17.379 | Info | '/transaction/myprofile' | 
16:17:17.386 | Info | '/transaction/myprofile' | 
16:17:52.567 | Info | '/api/user/login' | 
16:17:52.675 | Info | '/transaction/getuserpermissions' | 
16:17:52.681 | Info | '/transaction/myprofile' | 
16:17:52.684 | Info | '/transaction/mycollections' | 
16:17:52.688 | Info | '/transaction/getuserpermissions' | 
16:17:52.695 | Info | '/transaction/myprofile' | 
16:17:52.699 | Info | '/transaction/mycollections' | 
16:17:52.704 | Info | '/transaction/myprofile' | 
16:17:52.709 | Info | '/transaction/myprofile' | 
16:18:39.006 | Info | '/api/user/login' | 
16:18:39.088 | Info | '/transaction/getuserpermissions' | 
16:18:39.090 | Info | '/transaction/myprofile' | 
16:18:39.095 | Info | '/transaction/mycollections' | 
16:18:39.098 | Info | '/transaction/getuserpermissions' | 
16:18:39.099 | Info | '/transaction/myprofile' | 
16:18:39.109 | Info | '/transaction/mycollections' | 
16:18:39.111 | Info | '/transaction/myprofile' | 
16:18:39.118 | Info | '/transaction/myprofile' | 
16:19:15.332 | Info | '/api/user/login' | 
16:19:15.416 | Info | '/transaction/getuserpermissions' | 
16:19:15.422 | Info | '/transaction/myprofile' | 
16:19:15.425 | Info | '/transaction/mycollections' | 
16:19:15.429 | Info | '/transaction/getuserpermissions' | 
16:19:15.437 | Info | '/transaction/myprofile' | 
16:19:15.441 | Info | '/transaction/mycollections' | 
16:19:15.447 | Info | '/transaction/myprofile' | 
16:19:15.455 | Info | '/transaction/myprofile' | 
16:57:41.324 | Info | '/transaction/getuserpermissions' | 
16:57:41.334 | Info | '/transaction/getuserpermissions' | 
16:57:44.666 | Info | '/api/user/login' | 
16:57:44.981 | Info | '/transaction/getuserpermissions' | 
16:57:45.002 | Info | '/transaction/myprofile' | 
16:57:45.049 | Info | '/transaction/mycollections' | 
16:57:45.053 | Info | '/transaction/getuserpermissions' | 
16:57:45.062 | Info | '/transaction/myprofile' | 
16:57:45.077 | Info | '/transaction/myprofile' | 
16:57:45.081 | Info | '/transaction/mycollections' | 
16:57:45.090 | Info | '/transaction/myprofile' | 
16:57:47.300 | Info | '/transaction/getdonation/:refNum/refnum' | 
16:57:48.336 | Info | '/transaction/getdonation/:refNum/refnum' | 
16:58:24.606 | Info | '/transaction/getdonation/:refNum/refnum' | 
16:59:20.302 | Info | '/transaction/getdonation/:refNum/refnum' | 
17:00:03.812 | Info | '/transaction/getdonation/:refNum/refnum' | 
17:00:52.123 | Info | '/transaction/getdonation/:refNum/refnum' | 
17:00:58.072 | Info | '/transaction/getuserpermissions' | 
17:00:58.080 | Info | '/transaction/getuserpermissions' | 
17:01:01.652 | Info | '/api/user/login' | 
17:01:01.768 | Info | '/transaction/getuserpermissions' | 
17:01:01.784 | Info | '/transaction/myprofile' | 
17:01:01.835 | Info | '/transaction/mycollections' | 
17:01:01.840 | Info | '/transaction/getuserpermissions' | 
17:01:01.846 | Info | '/transaction/myprofile' | 
17:01:01.863 | Info | '/transaction/myprofile' | 
17:01:01.868 | Info | '/transaction/mycollections' | 
17:01:01.879 | Info | '/transaction/myprofile' | 
17:01:04.082 | Info | '/transaction/getdonation/:refNum/refnum' | 
17:01:15.346 | Info | '/transaction/getdonation/:refNum/refnum' | 
17:01:23.100 | Info | '/transaction/getdonation/:refNum/refnum' | 
17:01:27.367 | Info | '/transaction/getdonation/:refNum/refnum' | 
17:01:30.169 | Info | '/transaction/getdonation/:refNum/refnum' | 
17:01:34.007 | Info | '/transaction/getdonation/:refNum/refnum' | 
17:02:03.546 | Info | '/transaction/getdonation/:refNum/refnum' | 
17:02:05.751 | Info | '/transaction/getdonation/:refNum/refnum' | 
17:02:11.842 | Info | '/transaction/getdonation/:refNum/refnum' | 
17:05:12.221 | Info | '/transaction/getuserpermissions' | 
17:05:12.225 | Info | '/transaction/getuserpermissions' | 
17:05:16.067 | Info | '/api/user/login' | 
17:05:16.221 | Info | '/transaction/getuserpermissions' | 
17:05:16.226 | Info | '/transaction/myprofile' | 
17:05:16.234 | Info | '/transaction/mycollections' | 
17:05:16.243 | Info | '/transaction/myprofile' | 
17:05:16.248 | Info | '/transaction/mycollections' | 
17:05:16.251 | Info | '/transaction/getuserpermissions' | 
17:05:16.265 | Info | '/transaction/myprofile' | 
17:05:16.274 | Info | '/transaction/myprofile' | 
17:05:44.671 | Info | '/transaction/getuserpermissions' | 
17:05:44.676 | Info | '/transaction/getuserpermissions' | 
17:05:48.282 | Info | '/api/user/login' | 
17:05:48.369 | Info | '/transaction/getuserpermissions' | 
17:05:48.380 | Info | '/transaction/getuserpermissions' | 
17:05:48.386 | Info | '/transaction/myprofile' | 
17:05:48.391 | Info | '/transaction/mycollections' | 
17:05:48.396 | Info | '/transaction/myprofile' | 
17:05:48.404 | Info | '/transaction/mycollections' | 
17:05:48.407 | Info | '/transaction/myprofile' | 
17:05:48.416 | Info | '/transaction/myprofile' | 
17:06:21.385 | Info | '/transaction/getuserpermissions' | 
17:06:21.390 | Info | '/transaction/getuserpermissions' | 
17:06:21.399 | Info | '/transaction/myprofile' | 
17:06:21.404 | Info | '/transaction/myprofile' | 
17:06:21.413 | Info | '/transaction/myprofile' | 
17:06:21.442 | Info | '/transaction/mycollections' | 
17:06:21.433 | Info | '/transaction/mycollections' | 
17:06:21.418 | Info | '/transaction/myprofile' | 
17:06:21.436 | Info | '/transaction/myprofile' | 
17:06:21.447 | Info | '/transaction/myprofile' | 
17:06:21.452 | Info | '/transaction/mycollections' | 
17:06:21.460 | Info | '/transaction/myprofile' | 
17:06:21.462 | Info | '/transaction/mycollections' | 
17:06:21.468 | Info | '/transaction/myprofile' | 
17:06:21.470 | Info | '/transaction/mycollections' | 
17:06:21.480 | Info | '/transaction/mycollections' | 
17:06:35.732 | Info | '/transaction/getuserpermissions' | 
17:06:35.735 | Info | '/transaction/getuserpermissions' | 
17:06:39.293 | Info | '/api/user/login' | 
17:06:39.377 | Info | '/transaction/getuserpermissions' | 
17:06:39.385 | Info | '/transaction/getuserpermissions' | 
17:06:39.394 | Info | '/transaction/myprofile' | 
17:06:39.396 | Info | '/transaction/mycollections' | 
17:06:39.403 | Info | '/transaction/myprofile' | 
17:06:39.405 | Info | '/transaction/mycollections' | 
17:06:39.411 | Info | '/transaction/myprofile' | 
17:06:39.418 | Info | '/transaction/myprofile' | 
17:06:50.065 | Info | '/transaction/getuserpermissions' | 
17:06:50.070 | Info | '/transaction/getuserpermissions' | 
17:06:54.173 | Info | '/api/user/login' | 
17:06:54.262 | Info | '/transaction/getuserpermissions' | 
17:06:54.273 | Info | '/transaction/getuserpermissions' | 
17:06:54.278 | Info | '/transaction/myprofile' | 
17:06:54.282 | Info | '/transaction/mycollections' | 
17:06:54.292 | Info | '/transaction/myprofile' | 
17:06:54.294 | Info | '/transaction/mycollections' | 
17:06:54.303 | Info | '/transaction/myprofile' | 
17:06:54.308 | Info | '/transaction/myprofile' | 
17:07:15.374 | Info | '/transaction/getuserpermissions' | 
17:07:15.379 | Info | '/transaction/getuserpermissions' | 
17:07:19.141 | Info | '/api/user/login' | 
17:07:19.227 | Info | '/transaction/getuserpermissions' | 
17:07:19.237 | Info | '/transaction/getuserpermissions' | 
17:07:19.240 | Info | '/transaction/myprofile' | 
17:07:19.248 | Info | '/transaction/mycollections' | 
17:07:19.250 | Info | '/transaction/myprofile' | 
17:07:19.256 | Info | '/transaction/mycollections' | 
17:07:19.258 | Info | '/transaction/myprofile' | 
17:07:19.266 | Info | '/transaction/myprofile' | 
17:07:45.600 | Info | '/transaction/getuserpermissions' | 
17:07:45.605 | Info | '/transaction/getuserpermissions' | 
17:07:48.867 | Info | '/api/user/login' | 
17:07:48.951 | Info | '/transaction/getuserpermissions' | 
17:07:48.958 | Info | '/transaction/getuserpermissions' | 
17:07:48.963 | Info | '/transaction/myprofile' | 
17:07:48.966 | Info | '/transaction/mycollections' | 
17:07:48.975 | Info | '/transaction/myprofile' | 
17:07:48.978 | Info | '/transaction/mycollections' | 
17:07:48.991 | Info | '/transaction/myprofile' | 
17:07:49.000 | Info | '/transaction/myprofile' | 
17:08:10.177 | Info | '/transaction/getuserpermissions' | 
17:08:10.181 | Info | '/transaction/getuserpermissions' | 
17:08:13.147 | Info | '/api/user/login' | 
17:08:13.244 | Info | '/transaction/getuserpermissions' | 
17:08:13.254 | Info | '/transaction/myprofile' | 
17:08:13.256 | Info | '/transaction/getuserpermissions' | 
17:08:13.262 | Info | '/transaction/mycollections' | 
17:08:13.264 | Info | '/transaction/myprofile' | 
17:08:13.272 | Info | '/transaction/mycollections' | 
17:08:13.274 | Info | '/transaction/myprofile' | 
17:08:13.282 | Info | '/transaction/myprofile' | 
17:10:15.688 | Info | '/transaction/getuserpermissions' | 
17:10:15.691 | Info | '/transaction/getuserpermissions' | 
17:10:18.577 | Info | '/api/user/login' | 
17:10:18.664 | Info | '/transaction/getuserpermissions' | 
17:10:18.672 | Info | '/transaction/getuserpermissions' | 
17:10:18.685 | Info | '/transaction/myprofile' | 
17:10:18.687 | Info | '/transaction/mycollections' | 
17:10:18.697 | Info | '/transaction/myprofile' | 
17:10:18.699 | Info | '/transaction/mycollections' | 
17:10:18.704 | Info | '/transaction/myprofile' | 
17:10:18.713 | Info | '/transaction/myprofile' | 
17:10:51.158 | Info | '/transaction/getuserpermissions' | 
17:10:51.169 | Info | '/transaction/myprofile' | 
17:10:51.170 | Info | '/transaction/getuserpermissions' | 
17:10:51.172 | Info | '/transaction/mycollections' | 
17:10:51.177 | Info | '/transaction/myprofile' | 
17:10:51.179 | Info | '/transaction/mycollections' | 
17:10:51.183 | Info | '/transaction/myprofile' | 
17:10:51.185 | Info | '/transaction/mycollections' | 
17:10:51.189 | Info | '/transaction/myprofile' | 
17:10:51.191 | Info | '/transaction/mycollections' | 
17:10:51.195 | Info | '/transaction/myprofile' | 
17:10:51.199 | Info | '/transaction/myprofile' | 
17:11:02.623 | Info | '/transaction/getuserpermissions' | 
17:11:02.626 | Info | '/transaction/getuserpermissions' | 
17:11:06.077 | Info | '/api/user/login' | 
17:11:06.174 | Info | '/transaction/getuserpermissions' | 
17:11:06.185 | Info | '/transaction/getuserpermissions' | 
17:11:06.187 | Info | '/transaction/myprofile' | 
17:11:06.193 | Info | '/transaction/mycollections' | 
17:11:06.200 | Info | '/transaction/myprofile' | 
17:11:06.210 | Info | '/transaction/mycollections' | 
17:11:06.213 | Info | '/transaction/myprofile' | 
17:11:06.222 | Info | '/transaction/myprofile' | 
17:11:23.524 | Info | '/transaction/getuserpermissions' | 
17:11:23.527 | Info | '/transaction/getuserpermissions' | 
17:11:26.799 | Info | '/api/user/login' | 
17:11:26.888 | Info | '/transaction/getuserpermissions' | 
17:11:26.901 | Info | '/transaction/getuserpermissions' | 
17:11:26.911 | Info | '/transaction/myprofile' | 
17:11:26.913 | Info | '/transaction/mycollections' | 
17:11:26.923 | Info | '/transaction/myprofile' | 
17:11:26.925 | Info | '/transaction/mycollections' | 
17:11:26.933 | Info | '/transaction/myprofile' | 
17:11:26.939 | Info | '/transaction/myprofile' | 
17:12:35.257 | Info | '/transaction/getuserpermissions' | 
17:12:35.260 | Info | '/transaction/getuserpermissions' | 
17:12:38.539 | Info | '/api/user/login' | 
17:12:38.633 | Info | '/transaction/getuserpermissions' | 
17:12:38.640 | Info | '/transaction/myprofile' | 
17:12:38.641 | Info | '/transaction/getuserpermissions' | 
17:12:38.649 | Info | '/transaction/mycollections' | 
17:12:38.652 | Info | '/transaction/myprofile' | 
17:12:38.660 | Info | '/transaction/mycollections' | 
17:12:38.663 | Info | '/transaction/myprofile' | 
17:12:38.669 | Info | '/transaction/myprofile' | 
17:12:52.543 | Info | '/transaction/getuserpermissions' | 
17:12:52.547 | Info | '/transaction/getuserpermissions' | 
17:12:55.863 | Info | '/api/user/login' | 
17:12:55.945 | Info | '/transaction/getuserpermissions' | 
17:12:55.955 | Info | '/transaction/myprofile' | 
17:12:55.957 | Info | '/transaction/getuserpermissions' | 
17:12:55.960 | Info | '/transaction/mycollections' | 
17:12:55.963 | Info | '/transaction/myprofile' | 
17:12:55.970 | Info | '/transaction/mycollections' | 
17:12:55.973 | Info | '/transaction/myprofile' | 
17:12:55.980 | Info | '/transaction/myprofile' | 
17:14:46.229 | Info | '/transaction/getuserpermissions' | 
17:14:46.232 | Info | '/transaction/getuserpermissions' | 
17:14:49.062 | Info | '/api/user/login' | 
17:14:49.157 | Info | '/transaction/getuserpermissions' | 
17:14:49.166 | Info | '/transaction/getuserpermissions' | 
17:14:49.167 | Info | '/transaction/myprofile' | 
17:14:49.172 | Info | '/transaction/mycollections' | 
17:14:49.179 | Info | '/transaction/myprofile' | 
17:14:49.187 | Info | '/transaction/mycollections' | 
17:14:49.189 | Info | '/transaction/myprofile' | 
17:14:49.198 | Info | '/transaction/myprofile' | 
17:17:23.825 | Info | '/transaction/getuserpermissions' | 
17:17:23.830 | Info | '/transaction/getuserpermissions' | 
17:17:27.314 | Info | '/api/user/login' | 
17:17:27.406 | Info | '/transaction/getuserpermissions' | 
17:17:27.413 | Info | '/transaction/getuserpermissions' | 
17:17:27.422 | Info | '/transaction/myprofile' | 
17:17:27.425 | Info | '/transaction/mycollections' | 
17:17:27.431 | Info | '/transaction/myprofile' | 
17:17:27.433 | Info | '/transaction/mycollections' | 
17:17:27.438 | Info | '/transaction/myprofile' | 
17:17:27.446 | Info | '/transaction/myprofile' | 
17:17:55.103 | Info | '/transaction/getuserpermissions' | 
17:17:55.107 | Info | '/transaction/getuserpermissions' | 
17:17:59.311 | Info | '/api/user/login' | 
17:17:59.397 | Info | '/transaction/getuserpermissions' | 
17:17:59.404 | Info | '/transaction/myprofile' | 
17:17:59.406 | Info | '/transaction/getuserpermissions' | 
17:17:59.411 | Info | '/transaction/mycollections' | 
17:17:59.415 | Info | '/transaction/myprofile' | 
17:17:59.422 | Info | '/transaction/mycollections' | 
17:17:59.425 | Info | '/transaction/myprofile' | 
17:17:59.430 | Info | '/transaction/myprofile' | 
17:18:57.699 | Info | '/transaction/getuserpermissions' | 
17:18:57.703 | Info | '/transaction/getuserpermissions' | 
17:19:01.788 | Info | '/api/user/login' | 
17:19:01.887 | Info | '/transaction/getuserpermissions' | 
17:19:01.899 | Info | '/transaction/myprofile' | 
17:19:01.901 | Info | '/transaction/getuserpermissions' | 
17:19:01.905 | Info | '/transaction/mycollections' | 
17:19:01.915 | Info | '/transaction/myprofile' | 
17:19:01.919 | Info | '/transaction/mycollections' | 
17:19:01.926 | Info | '/transaction/myprofile' | 
17:19:01.932 | Info | '/transaction/myprofile' | 
17:19:39.259 | Info | '/transaction/getuserpermissions' | 
17:19:39.263 | Info | '/transaction/getuserpermissions' | 
17:19:43.085 | Info | '/api/user/login' | 
17:19:43.174 | Info | '/transaction/getuserpermissions' | 
17:19:43.179 | Info | '/transaction/myprofile' | 
17:19:43.181 | Info | '/transaction/getuserpermissions' | 
17:19:43.189 | Info | '/transaction/mycollections' | 
17:19:43.192 | Info | '/transaction/myprofile' | 
17:19:43.200 | Info | '/transaction/mycollections' | 
17:19:43.208 | Info | '/transaction/myprofile' | 
17:19:43.214 | Info | '/transaction/myprofile' | 
17:21:26.653 | Info | '/transaction/getuserpermissions' | 
17:21:26.657 | Info | '/transaction/getuserpermissions' | 
17:21:29.909 | Info | '/api/user/login' | 
17:21:29.995 | Info | '/transaction/getuserpermissions' | 
17:21:30.000 | Info | '/transaction/getuserpermissions' | 
17:21:30.013 | Info | '/transaction/myprofile' | 
17:21:30.024 | Info | '/transaction/myprofile' | 
17:21:30.026 | Info | '/transaction/mycollections' | 
17:21:30.033 | Info | '/transaction/myprofile' | 
17:21:30.035 | Info | '/transaction/mycollections' | 
17:21:30.039 | Info | '/transaction/myprofile' | 
17:21:48.459 | Info | '/transaction/getuserpermissions' | 
17:21:48.464 | Info | '/transaction/getuserpermissions' | 
17:21:51.821 | Info | '/api/user/login' | 
17:21:51.908 | Info | '/transaction/getuserpermissions' | 
17:21:51.919 | Info | '/transaction/getuserpermissions' | 
17:21:51.925 | Info | '/transaction/myprofile' | 
17:21:51.927 | Info | '/transaction/mycollections' | 
17:21:51.935 | Info | '/transaction/myprofile' | 
17:21:51.937 | Info | '/transaction/mycollections' | 
17:21:51.945 | Info | '/transaction/myprofile' | 
17:21:51.950 | Info | '/transaction/myprofile' | 
17:22:15.568 | Info | '/transaction/getuserpermissions' | 
17:22:15.572 | Info | '/transaction/getuserpermissions' | 
17:22:19.104 | Info | '/api/user/login' | 
17:22:19.188 | Info | '/transaction/getuserpermissions' | 
17:22:19.195 | Info | '/transaction/getuserpermissions' | 
17:22:19.200 | Info | '/transaction/myprofile' | 
17:22:19.207 | Info | '/transaction/mycollections' | 
17:22:19.210 | Info | '/transaction/myprofile' | 
17:22:19.218 | Info | '/transaction/mycollections' | 
17:22:19.220 | Info | '/transaction/myprofile' | 
17:22:19.226 | Info | '/transaction/myprofile' | 
17:27:22.082 | Info | '/transaction/getuserpermissions' | 
17:27:22.087 | Info | '/transaction/getuserpermissions' | 
17:27:25.459 | Info | '/api/user/login' | 
17:27:25.548 | Info | '/transaction/getuserpermissions' | 
17:27:25.555 | Info | '/transaction/getuserpermissions' | 
17:27:25.566 | Info | '/transaction/myprofile' | 
17:27:25.572 | Info | '/transaction/mycollections' | 
17:27:25.574 | Info | '/transaction/myprofile' | 
17:27:25.584 | Info | '/transaction/mycollections' | 
17:27:25.588 | Info | '/transaction/myprofile' | 
17:27:25.595 | Info | '/transaction/myprofile' | 
17:27:38.332 | Info | '/transaction/getuserpermissions' | 
17:27:38.335 | Info | '/transaction/getuserpermissions' | 
17:27:41.451 | Info | '/api/user/login' | 
17:27:41.535 | Info | '/transaction/getuserpermissions' | 
17:27:41.545 | Info | '/transaction/getuserpermissions' | 
17:27:41.548 | Info | '/transaction/myprofile' | 
17:27:41.553 | Info | '/transaction/mycollections' | 
17:27:41.563 | Info | '/transaction/myprofile' | 
17:27:41.565 | Info | '/transaction/mycollections' | 
17:27:41.569 | Info | '/transaction/myprofile' | 
17:27:41.582 | Info | '/transaction/myprofile' | 
17:28:33.276 | Info | '/transaction/getuserpermissions' | 
17:28:33.281 | Info | '/transaction/getuserpermissions' | 
17:28:37.370 | Info | '/api/user/login' | 
17:28:37.458 | Info | '/transaction/getuserpermissions' | 
17:28:37.466 | Info | '/transaction/getuserpermissions' | 
17:28:37.472 | Info | '/transaction/myprofile' | 
17:28:37.477 | Info | '/transaction/mycollections' | 
17:28:37.479 | Info | '/transaction/myprofile' | 
17:28:37.490 | Info | '/transaction/mycollections' | 
17:28:37.492 | Info | '/transaction/myprofile' | 
17:28:37.503 | Info | '/transaction/myprofile' | 
17:29:21.226 | Info | '/transaction/myprofile' | 
17:29:21.233 | Info | '/transaction/myprofile' | 
17:29:21.236 | Info | '/transaction/mycollections' | 
17:29:21.245 | Info | '/transaction/myprofile' | 
17:29:21.250 | Info | '/transaction/myprofile' | 
17:29:21.260 | Info | '/transaction/mycollections' | 
17:29:26.128 | Info | '/transaction/getuserpermissions' | 
17:29:26.130 | Info | '/transaction/getuserpermissions' | 
17:29:28.995 | Info | '/api/user/login' | 
17:29:29.079 | Info | '/transaction/getuserpermissions' | 
17:29:29.087 | Info | '/transaction/getuserpermissions' | 
17:29:29.095 | Info | '/transaction/myprofile' | 
17:29:29.096 | Info | '/transaction/mycollections' | 
17:29:29.104 | Info | '/transaction/myprofile' | 
17:29:29.106 | Info | '/transaction/mycollections' | 
17:29:29.116 | Info | '/transaction/myprofile' | 
17:29:29.122 | Info | '/transaction/myprofile' | 
17:30:01.105 | Info | '/transaction/getuserpermissions' | 
17:30:01.109 | Info | '/transaction/getuserpermissions' | 
17:30:03.793 | Info | '/api/user/login' | 
17:30:03.878 | Info | '/transaction/getuserpermissions' | 
17:30:03.883 | Info | '/transaction/getuserpermissions' | 
17:30:03.890 | Info | '/transaction/myprofile' | 
17:30:03.896 | Info | '/transaction/mycollections' | 
17:30:03.898 | Info | '/transaction/myprofile' | 
17:30:03.905 | Info | '/transaction/mycollections' | 
17:30:03.909 | Info | '/transaction/myprofile' | 
17:30:03.914 | Info | '/transaction/myprofile' | 
17:30:25.629 | Info | '/transaction/getuserpermissions' | 
17:30:25.633 | Info | '/transaction/getuserpermissions' | 
17:30:28.704 | Info | '/api/user/login' | 
17:30:28.815 | Info | '/transaction/getuserpermissions' | 
17:30:28.832 | Info | '/transaction/myprofile' | 
17:30:28.835 | Info | '/transaction/getuserpermissions' | 
17:30:28.840 | Info | '/transaction/mycollections' | 
17:30:28.845 | Info | '/transaction/myprofile' | 
17:30:28.852 | Info | '/transaction/mycollections' | 
17:30:28.857 | Info | '/transaction/myprofile' | 
17:30:28.860 | Info | '/transaction/myprofile' | 
17:30:31.637 | Info | '/transaction/getuserpermissions' | 
17:30:31.639 | Info | '/transaction/getuserpermissions' | 
17:30:34.734 | Info | '/api/user/login' | 
17:30:34.806 | Info | '/transaction/getuserpermissions' | 
17:30:34.812 | Info | '/transaction/getuserpermissions' | 
17:30:34.831 | Info | '/transaction/myprofile' | 
17:30:34.833 | Info | '/transaction/mycollections' | 
17:30:34.841 | Info | '/transaction/myprofile' | 
17:30:34.843 | Info | '/transaction/mycollections' | 
17:30:34.849 | Info | '/transaction/myprofile' | 
17:30:34.854 | Info | '/transaction/myprofile' | 
17:31:21.108 | Info | '/transaction/myprofile' | 
17:31:21.115 | Info | '/transaction/mycollections' | 
17:31:21.117 | Info | '/transaction/myprofile' | 
17:31:21.121 | Info | '/transaction/mycollections' | 
17:31:21.122 | Info | '/transaction/myprofile' | 
17:31:21.129 | Info | '/transaction/myprofile' | 
17:32:58.523 | Info | '/transaction/getuserpermissions' | 
17:32:58.527 | Info | '/transaction/getuserpermissions' | 
17:33:01.334 | Info | '/api/user/login' | 
17:33:01.440 | Info | '/transaction/getuserpermissions' | 
17:33:01.450 | Info | '/transaction/getuserpermissions' | 
17:33:01.461 | Info | '/transaction/myprofile' | 
17:33:01.462 | Info | '/transaction/mycollections' | 
17:33:01.472 | Info | '/transaction/myprofile' | 
17:33:01.473 | Info | '/transaction/mycollections' | 
17:33:01.480 | Info | '/transaction/myprofile' | 
17:33:01.488 | Info | '/transaction/myprofile' | 
17:33:46.695 | Info | '/transaction/getuserpermissions' | 
17:33:46.701 | Info | '/transaction/getuserpermissions' | 
17:33:51.241 | Info | '/api/user/login' | 
17:33:51.371 | Info | '/transaction/getuserpermissions' | 
17:33:51.388 | Info | '/transaction/myprofile' | 
17:33:51.390 | Info | '/transaction/getuserpermissions' | 
17:33:51.392 | Info | '/transaction/mycollections' | 
17:33:51.403 | Info | '/transaction/myprofile' | 
17:33:51.409 | Info | '/transaction/mycollections' | 
17:33:51.415 | Info | '/transaction/myprofile' | 
17:33:51.423 | Info | '/transaction/myprofile' | 
17:33:53.886 | Info | '/transaction/getdonation/:refNum/refnum' | 
17:34:04.221 | Info | '/transaction/getdonation/:refNum/refnum' | 
17:34:04.222 | Info | '/transaction/getdonation/:refNum/refnum' | 
17:34:09.213 | Info | '/transaction/getdonation/:refNum/refnum' | 
17:34:09.215 | Info | '/transaction/getdonation/:refNum/refnum' | 
17:34:09.220 | Info | '/transaction/getdonation/:refNum/refnum' | 
17:36:23.843 | Info | '/transaction/getuserpermissions' | 
17:36:23.847 | Info | '/transaction/getuserpermissions' | 
17:36:26.638 | Info | '/api/user/login' | 
17:36:26.724 | Info | '/transaction/getuserpermissions' | 
17:36:26.732 | Info | '/transaction/getuserpermissions' | 
17:36:26.739 | Info | '/transaction/myprofile' | 
17:36:26.744 | Info | '/transaction/mycollections' | 
17:36:26.747 | Info | '/transaction/myprofile' | 
17:36:26.754 | Info | '/transaction/mycollections' | 
17:36:26.756 | Info | '/transaction/myprofile' | 
17:36:26.761 | Info | '/transaction/myprofile' | 
17:36:28.590 | Info | '/transaction/getdonation/:refNum/refnum' | 
17:36:32.740 | Info | '/transaction/getdonation/:refNum/refnum' | 
17:36:32.742 | Info | '/transaction/getdonation/:refNum/refnum' | 
17:36:42.550 | Info | '/transaction/getdonation/:refNum/refnum' | 
17:36:42.551 | Info | '/transaction/getdonation/:refNum/refnum' | 
17:36:42.555 | Info | '/transaction/getdonation/:refNum/refnum' | 
17:36:49.525 | Info | '/transaction/getdonation/:refNum/refnum' | 
17:36:49.527 | Info | '/transaction/getdonation/:refNum/refnum' | 
17:36:49.532 | Info | '/transaction/getdonation/:refNum/refnum' | 
17:36:49.538 | Info | '/transaction/getdonation/:refNum/refnum' | 
17:43:36.938 | Info | '/transaction/getdonation/:refNum/refnum' | 
17:43:36.940 | Info | '/transaction/getdonation/:refNum/refnum' | 
17:43:36.944 | Info | '/transaction/getdonation/:refNum/refnum' | 
17:43:36.950 | Info | '/transaction/getdonation/:refNum/refnum' | 
17:43:36.954 | Info | '/transaction/getdonation/:refNum/refnum' | 
17:44:37.204 | Info | '/transaction/getuserpermissions' | 
17:44:37.207 | Info | '/transaction/getuserpermissions' | 
17:44:40.811 | Info | '/api/user/login' | 
17:44:40.905 | Info | '/transaction/getuserpermissions' | 
17:44:40.912 | Info | '/transaction/getuserpermissions' | 
17:44:40.918 | Info | '/transaction/myprofile' | 
17:44:40.925 | Info | '/transaction/mycollections' | 
17:44:40.926 | Info | '/transaction/myprofile' | 
17:44:40.936 | Info | '/transaction/mycollections' | 
17:44:40.938 | Info | '/transaction/myprofile' | 
17:44:40.945 | Info | '/transaction/myprofile' | 
17:44:43.040 | Info | '/transaction/getdonation/:refNum/refnum' | 
17:44:43.042 | Info | '/transaction/getdonation/:refNum/refnum' | 
17:45:33.555 | Info | '/transaction/getuserpermissions' | 
17:45:33.559 | Info | '/transaction/getuserpermissions' | 
17:45:37.042 | Info | '/api/user/login' | 
17:45:37.130 | Info | '/transaction/getuserpermissions' | 
17:45:37.139 | Info | '/transaction/myprofile' | 
17:45:37.142 | Info | '/transaction/getuserpermissions' | 
17:45:37.148 | Info | '/transaction/mycollections' | 
17:45:37.154 | Info | '/transaction/myprofile' | 
17:45:37.161 | Info | '/transaction/mycollections' | 
17:45:37.165 | Info | '/transaction/myprofile' | 
17:45:37.173 | Info | '/transaction/myprofile' | 
17:45:39.252 | Info | '/transaction/getdonation/:refNum/refnum' | 
17:46:58.310 | Info | '/transaction/getuserpermissions' | 
17:46:58.321 | Info | '/transaction/getuserpermissions' | 
17:47:02.090 | Info | '/api/user/login' | 
17:47:02.438 | Info | '/transaction/getuserpermissions' | 
17:47:02.462 | Info | '/transaction/myprofile' | 
17:47:02.520 | Info | '/transaction/getuserpermissions' | 
17:47:02.524 | Info | '/transaction/mycollections' | 
17:47:02.536 | Info | '/transaction/myprofile' | 
17:47:02.547 | Info | '/transaction/myprofile' | 
17:47:02.558 | Info | '/transaction/mycollections' | 
17:47:02.561 | Info | '/transaction/myprofile' | 
17:47:04.224 | Info | '/transaction/getdonation/:refNum/refnum' | 
17:47:04.229 | Info | '/transaction/getdonation/:refNum/refnum' | 
17:47:40.328 | Info | '/transaction/getuserpermissions' | 
17:47:40.332 | Info | '/transaction/getuserpermissions' | 
17:47:43.716 | Info | '/api/user/login' | 
17:47:43.805 | Info | '/transaction/getuserpermissions' | 
17:47:43.812 | Info | '/transaction/getuserpermissions' | 
17:47:43.818 | Info | '/transaction/myprofile' | 
17:47:43.825 | Info | '/transaction/mycollections' | 
17:47:43.828 | Info | '/transaction/myprofile' | 
17:47:43.835 | Info | '/transaction/mycollections' | 
17:47:43.838 | Info | '/transaction/myprofile' | 
17:47:43.847 | Info | '/transaction/myprofile' | 
17:47:45.579 | Info | '/transaction/getdonation/:refNum/refnum' | 
17:48:19.833 | Info | '/transaction/getuserpermissions' | 
17:48:19.836 | Info | '/transaction/getuserpermissions' | 
17:48:23.075 | Info | '/api/user/login' | 
17:48:23.168 | Info | '/transaction/getuserpermissions' | 
17:48:23.178 | Info | '/transaction/getuserpermissions' | 
17:48:23.180 | Info | '/transaction/myprofile' | 
17:48:23.186 | Info | '/transaction/mycollections' | 
17:48:23.189 | Info | '/transaction/myprofile' | 
17:48:23.198 | Info | '/transaction/mycollections' | 
17:48:23.202 | Info | '/transaction/myprofile' | 
17:48:23.213 | Info | '/transaction/myprofile' | 
17:48:25.119 | Info | '/transaction/getdonation/:refNum/refnum' | 
17:49:29.949 | Info | '/transaction/getuserpermissions' | 
17:49:29.954 | Info | '/transaction/getuserpermissions' | 
17:49:33.635 | Info | '/api/user/login' | 
17:49:33.727 | Info | '/transaction/getuserpermissions' | 
17:49:33.739 | Info | '/transaction/getuserpermissions' | 
17:49:33.742 | Info | '/transaction/myprofile' | 
17:49:33.747 | Info | '/transaction/mycollections' | 
17:49:33.754 | Info | '/transaction/myprofile' | 
17:49:33.759 | Info | '/transaction/mycollections' | 
17:49:33.766 | Info | '/transaction/myprofile' | 
17:49:33.773 | Info | '/transaction/myprofile' | 
17:49:35.650 | Info | '/transaction/getdonation/:refNum/refnum' | 
17:49:39.813 | Info | '/transaction/getdonation/:refNum/refnum' | 
17:49:39.819 | Info | '/transaction/getdonation/:refNum/refnum' | 
17:49:43.295 | Info | '/transaction/getdonation/:refNum/refnum' | 
17:49:43.298 | Info | '/transaction/getdonation/:refNum/refnum' | 
17:49:43.304 | Info | '/transaction/getdonation/:refNum/refnum' | 
17:52:21.185 | Info | '/transaction/getuserpermissions' | 
17:52:21.189 | Info | '/transaction/getuserpermissions' | 
17:52:24.886 | Info | '/api/user/login' | 
17:52:25.000 | Info | '/transaction/getuserpermissions' | 
17:52:25.002 | Info | '/transaction/myprofile' | 
17:52:25.014 | Info | '/transaction/getuserpermissions' | 
17:52:25.011 | Info | '/transaction/mycollections' | 
17:52:25.016 | Info | '/transaction/myprofile' | 
17:52:25.027 | Info | '/transaction/mycollections' | 
17:52:25.034 | Info | '/transaction/myprofile' | 
17:52:25.042 | Info | '/transaction/myprofile' | 
17:52:48.682 | Info | '/transaction/getuserpermissions' | 
17:52:48.688 | Info | '/transaction/getuserpermissions' | 
17:52:52.506 | Info | '/api/user/login' | 
17:52:52.598 | Info | '/transaction/getuserpermissions' | 
17:52:52.608 | Info | '/transaction/myprofile' | 
17:52:52.610 | Info | '/transaction/getuserpermissions' | 
17:52:52.615 | Info | '/transaction/mycollections' | 
17:52:52.617 | Info | '/transaction/myprofile' | 
17:52:52.624 | Info | '/transaction/mycollections' | 
17:52:52.629 | Info | '/transaction/myprofile' | 
17:52:52.637 | Info | '/transaction/myprofile' | 
17:53:14.283 | Info | '/transaction/getdonation/:refNum/refnum' | 
17:53:18.231 | Info | '/transaction/getdonation/:refNum/refnum' | 
17:53:18.233 | Info | '/transaction/getdonation/:refNum/refnum' | 
17:53:33.057 | Info | '/transaction/getdonation/:refNum/refnum' | 
17:53:33.059 | Info | '/transaction/getdonation/:refNum/refnum' | 
17:53:33.064 | Info | '/transaction/getdonation/:refNum/refnum' | 
17:54:31.838 | Info | '/transaction/getuserpermissions' | 
17:54:31.843 | Info | '/transaction/getuserpermissions' | 
17:54:34.922 | Info | '/api/user/login' | 
17:54:35.022 | Info | '/transaction/getuserpermissions' | 
17:54:35.031 | Info | '/transaction/myprofile' | 
17:54:35.033 | Info | '/transaction/getuserpermissions' | 
17:54:35.041 | Info | '/transaction/mycollections' | 
17:54:35.044 | Info | '/transaction/myprofile' | 
17:54:35.053 | Info | '/transaction/mycollections' | 
17:54:35.057 | Info | '/transaction/myprofile' | 
17:54:35.066 | Info | '/transaction/myprofile' | 
17:54:37.245 | Info | '/transaction/getdonation/:refNum/refnum' | 
17:54:37.246 | Info | '/transaction/getdonation/:refNum/refnum' | 
17:59:26.566 | Info | '/transaction/getdonation/:refNum/refnum' | 
17:59:26.569 | Info | '/transaction/getdonation/:refNum/refnum' | 
17:59:26.574 | Info | '/transaction/getdonation/:refNum/refnum' | 
18:00:15.657 | Info | '/transaction/getdonation/:refNum/refnum' | 
18:00:15.659 | Info | '/transaction/getdonation/:refNum/refnum' | 
18:00:15.664 | Info | '/transaction/getdonation/:refNum/refnum' | 
18:00:15.669 | Info | '/transaction/getdonation/:refNum/refnum' | 
18:03:34.629 | Info | '/transaction/getuserpermissions' | 
18:03:34.642 | Info | '/transaction/getuserpermissions' | 
18:03:38.177 | Info | '/api/user/login' | 
18:03:38.473 | Info | '/transaction/getuserpermissions' | 
18:03:38.495 | Info | '/transaction/myprofile' | 
18:03:38.554 | Info | '/transaction/getuserpermissions' | 
18:03:38.558 | Info | '/transaction/mycollections' | 
18:03:38.568 | Info | '/transaction/myprofile' | 
18:03:38.575 | Info | '/transaction/myprofile' | 
18:03:38.584 | Info | '/transaction/mycollections' | 
18:03:38.587 | Info | '/transaction/myprofile' | 
18:03:59.354 | Info | '/transaction/getuserpermissions' | 
18:03:59.359 | Info | '/transaction/getuserpermissions' | 
18:04:03.452 | Info | '/api/user/login' | 
18:04:03.548 | Info | '/transaction/getuserpermissions' | 
18:04:03.563 | Info | '/transaction/myprofile' | 
18:04:03.565 | Info | '/transaction/mycollections' | 
18:04:03.567 | Info | '/transaction/getuserpermissions' | 
18:04:03.578 | Info | '/transaction/mycollections' | 
18:04:03.582 | Info | '/transaction/myprofile' | 
18:04:03.593 | Info | '/transaction/myprofile' | 
18:04:03.601 | Info | '/transaction/myprofile' | 
18:04:15.320 | Info | '/transaction/createrequest' | 
18:04:15.463 | Info | '/transaction/getrequests' | 
18:04:32.198 | Info | '/transaction/getrequests' | 
18:04:32.205 | Info | '/transaction/getrequests' | 
18:13:16.079 | Info | '/transaction/getuserpermissions' | 
18:13:16.084 | Info | '/transaction/getuserpermissions' | 
18:13:19.088 | Info | '/api/user/login' | 
18:13:19.217 | Info | '/transaction/getuserpermissions' | 
18:13:19.231 | Info | '/transaction/getuserpermissions' | 
18:13:19.233 | Info | '/transaction/myprofile' | 
18:13:19.235 | Info | '/transaction/mycollections' | 
18:13:19.246 | Info | '/transaction/myprofile' | 
18:13:19.251 | Info | '/transaction/mycollections' | 
18:13:19.259 | Info | '/transaction/myprofile' | 
18:13:19.267 | Info | '/transaction/myprofile' | 
18:13:46.018 | Info | '/transaction/getuserpermissions' | 
18:13:46.022 | Info | '/transaction/getuserpermissions' | 
18:13:49.665 | Info | '/api/user/login' | 
18:13:49.768 | Info | '/transaction/getuserpermissions' | 
18:13:49.780 | Info | '/transaction/myprofile' | 
18:13:49.783 | Info | '/transaction/getuserpermissions' | 
18:13:49.794 | Info | '/transaction/mycollections' | 
18:13:49.797 | Info | '/transaction/myprofile' | 
18:13:49.809 | Info | '/transaction/mycollections' | 
18:13:49.811 | Info | '/transaction/myprofile' | 
18:13:49.822 | Info | '/transaction/myprofile' | 
18:14:42.275 | Info | '/transaction/getuserpermissions' | 
18:14:42.291 | Info | '/transaction/getuserpermissions' | 
18:14:45.713 | Info | '/api/user/login' | 
18:14:46.085 | Info | '/transaction/getuserpermissions' | 
18:14:46.112 | Info | '/transaction/getuserpermissions' | 
18:14:46.134 | Info | '/transaction/myprofile' | 
18:14:46.180 | Info | '/transaction/myrequests' | 
18:14:46.185 | Info | '/transaction/mycollections' | 
18:14:46.195 | Info | '/transaction/myprofile' | 
18:14:46.208 | Info | '/transaction/myprofile' | 
18:14:46.210 | Info | '/transaction/mycollections' | 
18:14:46.213 | Info | '/transaction/myrequests' | 
18:14:46.222 | Info | '/transaction/myprofile' | 
18:15:19.841 | Info | '/transaction/getuserpermissions' | 
18:15:19.847 | Info | '/transaction/getuserpermissions' | 
18:15:23.722 | Info | '/api/user/login' | 
18:15:23.862 | Info | '/transaction/getuserpermissions' | 
18:15:23.874 | Info | '/transaction/myprofile' | 
18:15:23.877 | Info | '/transaction/getuserpermissions' | 
18:15:23.880 | Info | '/transaction/myrequests' | 
18:15:23.884 | Info | '/transaction/mycollections' | 
18:15:23.887 | Info | '/transaction/myprofile' | 
18:15:23.895 | Info | '/transaction/myrequests' | 
18:15:23.899 | Info | '/transaction/mycollections' | 
18:15:23.902 | Info | '/transaction/myprofile' | 
18:15:23.913 | Info | '/transaction/myprofile' | 
18:16:32.526 | Info | '/transaction/getuserpermissions' | 
18:16:32.540 | Info | '/transaction/getuserpermissions' | 
18:16:35.669 | Info | '/api/user/login' | 
18:16:35.986 | Info | '/transaction/getuserpermissions' | 
18:16:36.012 | Info | '/transaction/myprofile' | 
18:16:36.065 | Info | '/transaction/getuserpermissions' | 
18:16:36.070 | Info | '/transaction/myrequests' | 
18:16:36.076 | Info | '/transaction/mycollections' | 
18:16:36.093 | Info | '/transaction/myprofile' | 
18:16:36.110 | Info | '/transaction/myprofile' | 
18:16:36.117 | Info | '/transaction/myrequests' | 
18:16:36.118 | Info | '/transaction/mycollections' | 
18:16:36.120 | Info | '/transaction/myprofile' | 
18:16:49.799 | Info | '/transaction/getrequests' | 
18:16:49.808 | Info | '/transaction/getrequests' | 
18:17:18.002 | Info | '/transaction/getuserpermissions' | 
18:17:18.008 | Info | '/transaction/getuserpermissions' | 
18:17:21.816 | Info | '/api/user/login' | 
18:17:21.912 | Info | '/transaction/getuserpermissions' | 
18:17:21.923 | Info | '/transaction/getuserpermissions' | 
18:17:21.929 | Info | '/transaction/myprofile' | 
18:17:21.936 | Info | '/transaction/myrequests' | 
18:17:21.940 | Info | '/transaction/mycollections' | 
18:17:21.944 | Info | '/transaction/myprofile' | 
18:17:21.948 | Info | '/transaction/myrequests' | 
18:17:21.952 | Info | '/transaction/mycollections' | 
18:17:21.958 | Info | '/transaction/myprofile' | 
18:17:21.966 | Info | '/transaction/myprofile' | 
18:17:27.242 | Info | '/transaction/getrequests' | 
18:17:27.247 | Info | '/transaction/getrequests' | 
18:17:57.607 | Info | '/transaction/getuserpermissions' | 
18:17:57.625 | Info | '/transaction/getuserpermissions' | 
18:18:01.380 | Info | '/api/user/login' | 
18:18:01.685 | Info | '/transaction/getuserpermissions' | 
18:18:01.707 | Info | '/transaction/myprofile' | 
18:18:01.759 | Info | '/transaction/myrequests' | 
18:18:01.766 | Info | '/transaction/mycollections' | 
18:18:01.770 | Info | '/transaction/getuserpermissions' | 
18:18:01.782 | Info | '/transaction/myprofile' | 
18:18:01.801 | Info | '/transaction/myrequests' | 
18:18:01.803 | Info | '/transaction/myprofile' | 
18:18:01.805 | Info | '/transaction/mycollections' | 
18:18:01.816 | Info | '/transaction/myprofile' | 
18:18:08.056 | Info | '/transaction/getrequests' | 
18:18:08.061 | Info | '/transaction/getrequests' | 
18:20:05.059 | Info | '/transaction/getuserpermissions' | 
18:20:05.072 | Info | '/transaction/getuserpermissions' | 
18:20:08.370 | Info | '/api/user/login' | 
18:20:08.680 | Info | '/transaction/getuserpermissions' | 
18:20:08.706 | Info | '/transaction/myprofile' | 
18:20:08.761 | Info | '/transaction/getuserpermissions' | 
18:20:08.765 | Info | '/transaction/myrequests' | 
18:20:08.770 | Info | '/transaction/mycollections' | 
18:20:08.784 | Info | '/transaction/myprofile' | 
18:20:08.803 | Info | '/transaction/myprofile' | 
18:20:08.807 | Info | '/transaction/myrequests' | 
18:20:08.811 | Info | '/transaction/mycollections' | 
18:20:08.823 | Info | '/transaction/myprofile' | 
18:20:13.956 | Info | '/transaction/getrequests' | 
18:20:13.962 | Info | '/transaction/getrequests' | 
18:21:06.884 | Info | '/transaction/getuserpermissions' | 
18:21:06.904 | Info | '/transaction/getuserpermissions' | 
18:21:09.908 | Info | '/api/user/login' | 
18:21:10.277 | Info | '/transaction/getuserpermissions' | 
18:21:10.306 | Info | '/transaction/myprofile' | 
18:21:10.370 | Info | '/transaction/myrequests' | 
18:21:10.377 | Info | '/transaction/mycollections' | 
18:21:10.383 | Info | '/transaction/getuserpermissions' | 
18:21:10.392 | Info | '/transaction/myprofile' | 
18:21:10.414 | Info | '/transaction/mycollections' | 
18:21:10.417 | Info | '/transaction/myrequests' | 
18:21:10.427 | Info | '/transaction/myprofile' | 
18:21:10.435 | Info | '/transaction/myprofile' | 
18:21:16.407 | Info | '/transaction/getrequests' | 
18:21:16.417 | Info | '/transaction/getrequests' | 
18:21:51.125 | Info | '/transaction/getrequests' | 
18:21:51.128 | Info | '/transaction/getrequests' | 
18:22:34.476 | Info | '/transaction/getuserpermissions' | 
18:22:34.492 | Info | '/transaction/getuserpermissions' | 
18:22:37.316 | Info | '/api/user/login' | 
18:22:37.627 | Info | '/transaction/getuserpermissions' | 
18:22:37.655 | Info | '/transaction/myprofile' | 
18:22:37.703 | Info | '/transaction/myrequests' | 
18:22:37.709 | Info | '/transaction/mycollections' | 
18:22:37.714 | Info | '/transaction/getuserpermissions' | 
18:22:37.725 | Info | '/transaction/myprofile' | 
18:22:37.743 | Info | '/transaction/myrequests' | 
18:22:37.747 | Info | '/transaction/myprofile' | 
18:22:37.751 | Info | '/transaction/mycollections' | 
18:22:37.762 | Info | '/transaction/myprofile' | 
18:22:50.460 | Info | '/transaction/getalldonations' | 
18:22:50.737 | Info | '/transaction/getalldonations' | 
18:22:51.756 | Info | '/transaction/myprofile' | 
18:22:51.796 | Info | '/transaction/myrequests' | 
18:22:51.800 | Info | '/transaction/mycollections' | 
18:22:51.809 | Info | '/transaction/myprofile' | 
18:22:51.817 | Info | '/transaction/myrequests' | 
18:22:51.823 | Info | '/transaction/myprofile' | 
18:22:51.828 | Info | '/transaction/mycollections' | 
18:22:51.836 | Info | '/transaction/myprofile' | 
18:22:56.356 | Info | '/transaction/getuserpermissions' | 
18:22:56.361 | Info | '/transaction/getuserpermissions' | 
18:23:00.160 | Info | '/api/user/login' | 
18:23:00.298 | Info | '/transaction/getuserpermissions' | 
18:23:00.314 | Info | '/transaction/myprofile' | 
18:23:00.317 | Info | '/transaction/getuserpermissions' | 
18:23:00.319 | Info | '/transaction/myrequests' | 
18:23:00.326 | Info | '/transaction/mycollections' | 
18:23:00.331 | Info | '/transaction/myrequests' | 
18:23:00.341 | Info | '/transaction/myprofile' | 
18:23:00.347 | Info | '/transaction/mycollections' | 
18:23:00.359 | Info | '/transaction/myprofile' | 
18:23:00.367 | Info | '/transaction/myprofile' | 
18:23:21.883 | Info | '/transaction/getuserpermissions' | 
18:23:21.892 | Info | '/transaction/getuserpermissions' | 
18:23:25.390 | Info | '/api/user/login' | 
18:23:25.499 | Info | '/transaction/getuserpermissions' | 
18:23:25.510 | Info | '/transaction/getuserpermissions' | 
18:23:25.512 | Info | '/transaction/myprofile' | 
18:23:25.523 | Info | '/transaction/myrequests' | 
18:23:25.527 | Info | '/transaction/mycollections' | 
18:23:25.529 | Info | '/transaction/myprofile' | 
18:23:25.534 | Info | '/transaction/myrequests' | 
18:23:25.538 | Info | '/transaction/mycollections' | 
18:23:25.543 | Info | '/transaction/myprofile' | 
18:23:25.552 | Info | '/transaction/myprofile' | 
18:23:31.188 | Info | '/transaction/getrequests' | 
18:23:31.206 | Info | '/transaction/getrequests' | 
18:23:46.162 | Info | '/transaction/getuserpermissions' | 
18:23:46.167 | Info | '/transaction/getuserpermissions' | 
18:23:49.698 | Info | '/api/user/login' | 
18:23:49.796 | Info | '/transaction/getuserpermissions' | 
18:23:49.806 | Info | '/transaction/getuserpermissions' | 
18:23:49.808 | Info | '/transaction/myprofile' | 
18:23:49.817 | Info | '/transaction/myrequests' | 
18:23:49.819 | Info | '/transaction/mycollections' | 
18:23:49.822 | Info | '/transaction/myprofile' | 
18:23:49.829 | Info | '/transaction/myrequests' | 
18:23:49.832 | Info | '/transaction/mycollections' | 
18:23:49.836 | Info | '/transaction/myprofile' | 
18:23:49.845 | Info | '/transaction/myprofile' | 
18:23:53.795 | Info | '/transaction/getrequests' | 
18:23:53.800 | Info | '/transaction/getrequests' | 
18:24:02.152 | Info | '/transaction/createrequest' | 
18:24:02.358 | Info | '/transaction/getrequests' | 
18:24:30.942 | Info | '/transaction/getuserpermissions' | 
18:24:30.953 | Info | '/transaction/getuserpermissions' | 
18:24:34.957 | Info | '/api/user/login' | 
18:24:35.259 | Info | '/transaction/getuserpermissions' | 
18:24:35.283 | Info | '/transaction/myprofile' | 
18:24:35.340 | Info | '/transaction/getuserpermissions' | 
18:24:35.344 | Info | '/transaction/myrequests' | 
18:24:35.349 | Info | '/transaction/mycollections' | 
18:24:35.361 | Info | '/transaction/myprofile' | 
18:24:35.376 | Info | '/transaction/myprofile' | 
18:24:35.382 | Info | '/transaction/myrequests' | 
18:24:35.384 | Info | '/transaction/mycollections' | 
18:24:35.406 | Info | '/transaction/myprofile' | 
18:25:09.297 | Info | '/transaction/getuserpermissions' | 
18:25:09.303 | Info | '/transaction/getuserpermissions' | 
18:25:12.373 | Info | '/api/user/login' | 
18:25:12.548 | Info | '/transaction/getuserpermissions' | 
18:25:12.550 | Info | '/transaction/myprofile' | 
18:25:12.554 | Info | '/transaction/myrequests' | 
18:25:12.556 | Info | '/transaction/mycollections' | 
18:25:12.573 | Info | '/transaction/myprofile' | 
18:25:12.576 | Info | '/transaction/getuserpermissions' | 
18:25:12.578 | Info | '/transaction/myrequests' | 
18:25:12.584 | Info | '/transaction/mycollections' | 
18:25:12.603 | Info | '/transaction/myprofile' | 
18:25:12.608 | Info | '/transaction/myprofile' | 
18:25:15.645 | Info | '/transaction/getrequests' | 
18:25:15.653 | Info | '/transaction/getrequests' | 
18:25:30.338 | Info | '/transaction/myprofile' | 
18:25:30.344 | Info | '/transaction/myrequests' | 
18:25:30.350 | Info | '/transaction/myprofile' | 
18:25:30.347 | Info | '/transaction/mycollections' | 
18:25:30.356 | Info | '/transaction/myrequests' | 
18:25:30.358 | Info | '/transaction/mycollections' | 
18:25:30.361 | Info | '/transaction/myprofile' | 
18:25:30.373 | Info | '/transaction/myprofile' | 
18:26:08.943 | Info | '/transaction/reports/:reportId' | 
18:26:16.049 | Info | '/dashboard' | 
18:26:16.125 | Info | '/dashboard' | 
18:26:18.039 | Info | '/transaction/myprofile' | 
18:26:18.043 | Info | '/transaction/myrequests' | 
18:26:18.047 | Info | '/transaction/mycollections' | 
18:26:18.050 | Info | '/transaction/myprofile' | 
18:26:18.055 | Info | '/transaction/myrequests' | 
18:26:18.059 | Info | '/transaction/mycollections' | 
18:26:18.062 | Info | '/transaction/myprofile' | 
18:26:18.070 | Info | '/transaction/myprofile' | 
18:26:24.743 | Info | '/transaction/getarea' | 
18:26:24.747 | Info | '/transaction/getdonationtypes' | 
18:26:24.750 | Info | '/transaction/getdonationmethods' | 
18:26:24.761 | Info | '/transaction/getarea' | 
18:26:24.766 | Info | '/transaction/getdonationtypes' | 
18:26:24.768 | Info | '/transaction/getdonationmethods' | 
18:26:25.163 | Info | '/transaction/getalldonations' | 
18:26:25.183 | Info | '/transaction/getalldonations' | 
18:26:28.840 | Info | '/transaction/getarea' | 
18:26:28.845 | Info | '/transaction/getdonationtypes' | 
18:26:28.847 | Info | '/transaction/getdonationmethods' | 
18:26:28.851 | Info | '/transaction/getarea' | 
18:26:28.855 | Info | '/transaction/getdonationtypes' | 
18:26:28.858 | Info | '/transaction/getdonationmethods' | 
18:27:07.174 | Info | '/transaction/myprofile' | 
18:27:07.184 | Info | '/transaction/myrequests' | 
18:27:07.186 | Info | '/transaction/mycollections' | 
18:27:07.188 | Info | '/transaction/myprofile' | 
18:27:07.198 | Info | '/transaction/myrequests' | 
18:27:07.202 | Info | '/transaction/myprofile' | 
18:27:07.207 | Info | '/transaction/mycollections' | 
18:27:07.223 | Info | '/transaction/myprofile' | 
18:30:22.776 | Info | '/transaction/getdonation/:refNum/refnum' | 
18:30:22.780 | Info | '/transaction/getdonation/:refNum/refnum' | 
18:30:30.660 | Info | '/dashboard' | 
18:30:30.672 | Info | '/dashboard' | 
18:30:32.922 | Info | '/transaction/myprofile' | 
18:30:32.925 | Info | '/transaction/myrequests' | 
18:30:32.928 | Info | '/transaction/mycollections' | 
18:30:32.931 | Info | '/transaction/myprofile' | 
18:30:32.935 | Info | '/transaction/myrequests' | 
18:30:32.938 | Info | '/transaction/mycollections' | 
18:30:32.942 | Info | '/transaction/myprofile' | 
18:30:32.953 | Info | '/transaction/myprofile' | 
18:37:56.233 | Info | '/api/user/login' | 
18:37:56.571 | Info | '/transaction/getuserpermissions' | 
18:37:56.591 | Info | '/transaction/myprofile' | 
18:37:56.666 | Info | '/transaction/myrequests' | 
18:37:56.649 | Info | '/transaction/mycollections' | 
18:37:56.712 | Info | '/transaction/getuserpermissions' | 
18:37:56.722 | Info | '/transaction/mycollections' | 
18:37:56.734 | Info | '/transaction/myprofile' | 
18:37:56.739 | Info | '/transaction/myrequests' | 
18:37:56.753 | Info | '/transaction/myprofile' | 
18:37:56.757 | Info | '/transaction/myprofile' | 
18:38:09.430 | Info | '/transaction/getdonation/:refNum/refnum' | 
18:38:09.434 | Info | '/transaction/getdonation/:refNum/refnum' | 
18:38:09.441 | Info | '/transaction/getdonation/:refNum/refnum' | 
18:38:09.448 | Info | '/transaction/getdonation/:refNum/refnum' | 
18:38:43.160 | Info | '/dashboard' | 
18:38:43.171 | Info | '/dashboard' | 
18:41:10.796 | Info | '/transaction/getrequests' | 
18:41:10.804 | Info | '/transaction/getrequests' | 
18:41:31.102 | Info | '/transaction/getuserpermissions' | 
18:41:31.117 | Info | '/transaction/getuserpermissions' | 
18:42:08.503 | Info | '/api/user/login' | 
18:42:08.710 | Info | '/transaction/getuserpermissions' | 
18:42:08.713 | Info | '/transaction/myprofile' | 
18:42:08.728 | Info | '/transaction/myrequests' | 
18:42:08.731 | Info | '/transaction/mycollections' | 
18:42:08.735 | Info | '/transaction/myprofile' | 
18:42:08.733 | Info | '/transaction/getuserpermissions' | 
18:42:08.745 | Info | '/transaction/myrequests' | 
18:42:08.756 | Info | '/transaction/mycollections' | 
18:42:08.758 | Info | '/transaction/myprofile' | 
18:42:08.780 | Info | '/transaction/myprofile' | 
18:42:29.055 | Info | '/dashboard' | 
18:42:29.097 | Info | '/dashboard' | 
18:42:32.790 | Info | '/transaction/myprofile' | 
18:42:32.796 | Info | '/transaction/myrequests' | 
18:42:32.798 | Info | '/transaction/mycollections' | 
18:42:32.800 | Info | '/transaction/myprofile' | 
18:42:32.807 | Info | '/transaction/myrequests' | 
18:42:32.811 | Info | '/transaction/mycollections' | 
18:42:32.814 | Info | '/transaction/myprofile' | 
18:42:32.821 | Info | '/transaction/myprofile' | 
18:42:34.883 | Info | '/dashboard' | 
18:42:34.892 | Info | '/dashboard' | 
18:42:36.977 | Info | '/transaction/myprofile' | 
18:42:36.982 | Info | '/transaction/myrequests' | 
18:42:36.984 | Info | '/transaction/mycollections' | 
18:42:36.986 | Info | '/transaction/myprofile' | 
18:42:36.993 | Info | '/transaction/myrequests' | 
18:42:36.995 | Info | '/transaction/mycollections' | 
18:42:36.998 | Info | '/transaction/myprofile' | 
18:42:37.005 | Info | '/transaction/myprofile' | 
18:42:40.875 | Info | '/transaction/getalldonations' | 
18:42:40.892 | Info | '/transaction/getalldonations' | 
18:42:43.663 | Info | '/transaction/getarea' | 
18:42:43.674 | Info | '/transaction/getdonationmethods' | 
18:42:43.669 | Info | '/transaction/getdonationtypes' | 
18:42:43.683 | Info | '/transaction/getarea' | 
18:42:43.687 | Info | '/transaction/getdonationmethods' | 
18:42:43.685 | Info | '/transaction/getdonationtypes' | 
18:45:58.715 | Info | '/dashboard' | 
18:45:58.727 | Info | '/dashboard' | 
18:45:59.935 | Info | '/transaction/myprofile' | 
18:45:59.941 | Info | '/transaction/myrequests' | 
18:45:59.944 | Info | '/transaction/mycollections' | 
18:45:59.946 | Info | '/transaction/myprofile' | 
18:45:59.953 | Info | '/transaction/myrequests' | 
18:45:59.955 | Info | '/transaction/mycollections' | 
18:45:59.959 | Info | '/transaction/myprofile' | 
18:45:59.973 | Info | '/transaction/myprofile' | 
18:46:34.957 | Info | '/transaction/getrequests' | 
18:46:34.965 | Info | '/transaction/getrequests' | 
18:46:41.719 | Info | '/transaction/myprofile' | 
18:46:41.721 | Info | '/transaction/myrequests' | 
18:46:41.724 | Info | '/transaction/mycollections' | 
18:46:41.735 | Info | '/transaction/myprofile' | 
18:46:41.738 | Info | '/transaction/myrequests' | 
18:46:41.741 | Info | '/transaction/mycollections' | 
18:46:41.751 | Info | '/transaction/myprofile' | 
18:46:41.756 | Info | '/transaction/myprofile' | 
18:47:14.686 | Info | '/transaction/getuserpermissions' | 
18:47:14.691 | Info | '/transaction/getuserpermissions' | 
18:47:18.760 | Info | '/api/user/login' | 
18:47:18.861 | Info | '/transaction/getuserpermissions' | 
18:47:18.868 | Info | '/transaction/getuserpermissions' | 
18:47:18.876 | Info | '/transaction/myprofile' | 
18:47:18.882 | Info | '/transaction/myrequests' | 
18:47:18.886 | Info | '/transaction/mycollections' | 
18:47:18.889 | Info | '/transaction/myprofile' | 
18:47:18.891 | Info | '/transaction/myrequests' | 
18:47:18.900 | Info | '/transaction/mycollections' | 
18:47:18.902 | Info | '/transaction/myprofile' | 
18:47:18.908 | Info | '/transaction/myprofile' | 
18:48:13.094 | Info | '/dashboard' | 
18:48:13.101 | Info | '/dashboard' | 
18:48:15.476 | Info | '/transaction/myprofile' | 
18:48:15.478 | Info | '/transaction/myrequests' | 
18:48:15.480 | Info | '/transaction/mycollections' | 
18:48:15.487 | Info | '/transaction/myprofile' | 
18:48:15.493 | Info | '/transaction/myrequests' | 
18:48:15.495 | Info | '/transaction/mycollections' | 
18:48:15.497 | Info | '/transaction/myprofile' | 
18:48:15.507 | Info | '/transaction/myprofile' | 
18:48:16.901 | Info | '/dashboard' | 
18:48:16.909 | Info | '/dashboard' | 
18:48:22.700 | Info | '/transaction/getchannel' | 
18:48:22.717 | Info | '/transaction/getusers' | 
18:48:22.706 | Info | '/transaction/getcenters' | 
18:48:22.709 | Info | '/transaction/getuserroles' | 
18:48:22.733 | Info | '/transaction/getchannel' | 
18:48:22.736 | Info | '/transaction/getcenters' | 
18:48:22.739 | Info | '/transaction/getuserroles' | 
18:48:22.743 | Info | '/transaction/getusers' | 
18:48:27.318 | Info | '/transaction/getalldonations' | 
18:48:27.331 | Info | '/transaction/getalldonations' | 
18:48:27.952 | Info | '/transaction/getarea' | 
18:48:27.954 | Info | '/transaction/getdonationtypes' | 
18:48:27.956 | Info | '/transaction/getdonationmethods' | 
18:48:27.960 | Info | '/transaction/getarea' | 
18:48:27.963 | Info | '/transaction/getdonationtypes' | 
18:48:27.968 | Info | '/transaction/getdonationmethods' | 
18:48:46.245 | Info | '/transaction/myprofile' | 
18:48:46.251 | Info | '/transaction/myrequests' | 
18:48:46.253 | Info | '/transaction/mycollections' | 
18:48:46.256 | Info | '/transaction/myprofile' | 
18:48:46.263 | Info | '/transaction/myrequests' | 
18:48:46.268 | Info | '/transaction/mycollections' | 
18:48:46.270 | Info | '/transaction/myprofile' | 
18:48:46.284 | Info | '/transaction/myprofile' | 
18:48:47.780 | Info | '/dashboard' | 
18:48:47.788 | Info | '/dashboard' | 
18:48:53.915 | Info | '/transaction/getrequests' | 
18:48:53.920 | Info | '/transaction/getrequests' | 
18:48:56.077 | Info | '/transaction/myprofile' | 
18:48:56.082 | Info | '/transaction/myrequests' | 
18:48:56.084 | Info | '/transaction/mycollections' | 
18:48:56.086 | Info | '/transaction/myprofile' | 
18:48:56.092 | Info | '/transaction/myrequests' | 
18:48:56.100 | Info | '/transaction/myprofile' | 
18:48:56.101 | Info | '/transaction/mycollections' | 
18:48:56.110 | Info | '/transaction/myprofile' | 
18:49:28.280 | Info | '/dashboard' | 
18:49:28.289 | Info | '/dashboard' | 
18:49:37.944 | Info | '/transaction/myprofile' | 
18:49:37.946 | Info | '/transaction/myrequests' | 
18:49:37.950 | Info | '/transaction/mycollections' | 
18:49:37.953 | Info | '/transaction/myrequests' | 
18:49:37.956 | Info | '/transaction/myprofile' | 
18:49:37.962 | Info | '/transaction/mycollections' | 
18:49:37.965 | Info | '/transaction/myprofile' | 
18:49:37.971 | Info | '/transaction/myprofile' | 
18:49:49.702 | Info | '/dashboard' | 
18:49:49.711 | Info | '/dashboard' | 
18:49:50.883 | Info | '/transaction/myprofile' | 
18:49:50.888 | Info | '/transaction/myrequests' | 
18:49:50.889 | Info | '/transaction/mycollections' | 
18:49:50.891 | Info | '/transaction/myprofile' | 
18:49:50.900 | Info | '/transaction/myrequests' | 
18:49:50.903 | Info | '/transaction/mycollections' | 
18:49:50.906 | Info | '/transaction/myprofile' | 
18:49:50.913 | Info | '/transaction/myprofile' | 
18:49:56.653 | Info | '/transaction/getrequests' | 
18:49:56.659 | Info | '/transaction/getrequests' | 
18:50:02.561 | Info | '/transaction/myprofile' | 
18:50:02.565 | Info | '/transaction/myrequests' | 
18:50:02.567 | Info | '/transaction/mycollections' | 
18:50:02.569 | Info | '/transaction/myprofile' | 
18:50:02.577 | Info | '/transaction/myrequests' | 
18:50:02.580 | Info | '/transaction/mycollections' | 
18:50:02.582 | Info | '/transaction/myprofile' | 
18:50:02.591 | Info | '/transaction/myprofile' | 
18:50:20.780 | Info | '/transaction/getdonation/:refNum/refnum' | 
18:50:20.781 | Info | '/transaction/getdonation/:refNum/refnum' | 
18:53:14.256 | Info | '/api/user/login' | 
18:53:14.348 | Info | '/transaction/getuserpermissions' | 
18:53:14.356 | Info | '/transaction/getuserpermissions' | 
18:53:14.358 | Info | '/transaction/myprofile' | 
18:53:14.364 | Info | '/transaction/myprofile' | 
18:53:14.366 | Info | '/transaction/myrequests' | 
18:53:14.368 | Info | '/transaction/mycollections' | 
18:53:14.377 | Info | '/transaction/myprofile' | 
18:53:14.382 | Info | '/transaction/mycollections' | 
18:53:14.379 | Info | '/transaction/myrequests' | 
18:53:14.388 | Info | '/transaction/myprofile' | 
18:53:20.990 | Info | '/transaction/getarea' | 
18:53:20.992 | Info | '/transaction/getdonationtypes' | 
18:53:20.995 | Info | '/transaction/getdonationmethods' | 
18:53:20.998 | Info | '/transaction/getarea' | 
18:53:21.000 | Info | '/transaction/getdonationtypes' | 
18:53:21.004 | Info | '/transaction/getdonationmethods' | 
18:53:28.002 | Info | '/dashboard' | 
18:53:28.008 | Info | '/dashboard' | 
18:53:33.585 | Info | '/transaction/myprofile' | 
18:53:33.592 | Info | '/transaction/myrequests' | 
18:53:33.594 | Info | '/transaction/mycollections' | 
18:53:33.595 | Info | '/transaction/myprofile' | 
18:53:33.602 | Info | '/transaction/myrequests' | 
18:53:33.603 | Info | '/transaction/mycollections' | 
18:53:33.607 | Info | '/transaction/myprofile' | 
18:53:33.615 | Info | '/transaction/myprofile' | 
18:53:36.795 | Info | '/dashboard' | 
18:53:36.805 | Info | '/dashboard' | 
18:53:39.154 | Info | '/transaction/myprofile' | 
18:53:39.156 | Info | '/transaction/myrequests' | 
18:53:39.158 | Info | '/transaction/mycollections' | 
18:53:39.168 | Info | '/transaction/myprofile' | 
18:53:39.170 | Info | '/transaction/myrequests' | 
18:53:39.172 | Info | '/transaction/mycollections' | 
18:53:39.176 | Info | '/transaction/myprofile' | 
18:53:39.183 | Info | '/transaction/myprofile' | 
18:53:39.647 | Info | '/dashboard' | 
18:53:39.654 | Info | '/dashboard' | 
18:54:01.293 | Info | '/transaction/getrequests' | 
18:54:01.298 | Info | '/transaction/getrequests' | 
18:54:04.759 | Info | '/dashboard' | 
18:54:04.769 | Info | '/dashboard' | 
18:54:06.105 | Info | '/transaction/myprofile' | 
18:54:06.111 | Info | '/transaction/myrequests' | 
18:54:06.113 | Info | '/transaction/mycollections' | 
18:54:06.115 | Info | '/transaction/myprofile' | 
18:54:06.121 | Info | '/transaction/myrequests' | 
18:54:06.126 | Info | '/transaction/mycollections' | 
18:54:06.130 | Info | '/transaction/myprofile' | 
18:54:06.140 | Info | '/transaction/myprofile' | 
