10:17:50.417 | Info | '/child/list' | 
10:18:50.677 | Info | '/child/newprofile' | 
10:18:55.442 | Info | '/child/list' | 
10:19:13.214 | Info | '/donor/list' | 
10:19:24.938 | Info | '/donor/list' | 
10:22:52.879 | Info | '/donor/newprofile' | 
10:22:53.229 | Info | '/donor/list' | 
10:23:03.212 | Info | '/donor/details' | 
10:23:44.313 | Info | '/child/list' | 
10:23:50.967 | Info | '/child/list' | 
10:24:38.542 | Info | '/donor/link/child' | 
10:24:45.012 | Info | '/donor/list' | 
10:24:49.065 | Info | '/donor/details' | 
10:25:53.971 | Info | '/child/list' | 
10:28:14.713 | Info | '/child/list' | 
10:28:17.182 | Info | '/donor/delink/child' | 
10:28:18.576 | Info | '/child/list' | 
10:28:21.389 | Info | '/donor/list' | 
10:28:23.701 | Info | '/donor/details' | 
10:29:35.686 | Info | '/child/list' | 
10:29:41.506 | Info | '/donor/list' | 
10:29:43.555 | Info | '/donor/details' | 
10:29:47.684 | Info | '/child/list' | 
10:29:51.041 | Info | '/donor/link/child' | 
10:29:54.006 | Info | '/donor/list' | 
10:29:55.642 | Info | '/donor/details' | 
10:30:43.049 | Info | '/donor/list' | 
10:30:48.345 | Info | '/child/list' | 
10:30:50.875 | Info | '/donor/list' | 
10:30:53.471 | Info | '/donor/details' | 
10:31:29.457 | Info | '/child/list' | 
10:32:22.375 | Info | '/child/list' | 
10:32:35.767 | Info | '/child/list' | 
10:40:11.773 | Info | '/donor/list' | 
10:40:14.303 | Info | '/donor/details' | 
10:40:17.927 | Info | '/child/list' | 
10:40:49.030 | Info | '/child/list' | 
10:42:18.803 | Info | '/donor/list' | 
10:49:39.889 | Info | '/child/list' | 
10:59:10.630 | Info | '/donor/list' | 
10:59:13.602 | Info | '/donor/details' | 
10:59:16.847 | Info | '/donor/list' | 
10:59:25.037 | Info | '/donor/list' | 
10:59:27.624 | Info | '/child/list' | 
10:59:31.446 | Info | '/donor/list' | 
10:59:46.143 | Info | '/child/list' | 
11:03:17.163 | Info | '/child/list' | 
11:03:20.736 | Info | '/donor/list' | 
11:03:28.109 | Info | '/child/list' | 
11:03:30.151 | Info | '/donor/list' | 
