10:46:36.205 | Info | '/transaction/myprofile' | 
10:51:38.047 | Info | '/transaction/myprofile' | 
10:51:39.479 | Info | '/transaction/gettourbyuserid' | 
10:51:40.744 | Info | '/transaction/gettourdetails' | 
10:51:40.753 | Info | '/transaction/getcustomer' | 
10:57:29.168 | Info | '/transaction/gettourdetails' | 
10:57:29.196 | Info | '/transaction/getcustomer' | 
10:57:40.997 | Info | '/transaction/gettourcollaborate' | 
10:57:56.559 | Info | '/transaction/gettourbyuserid' | 
10:57:57.455 | Info | '/transaction/gettourdetails' | 
10:57:57.458 | Info | '/transaction/getcustomer' | 
10:58:03.324 | Info | '/transaction/gettourcollaborate' | 
10:58:39.289 | Info | '/transaction/gettourcollaborate' | 
10:58:39.948 | Info | '/transaction/gettourcollaborate' | 
10:58:50.939 | Info | '/transaction/gettourcollaborate' | 
10:58:55.059 | Info | '/transaction/gettourcollaborate' | 
10:59:01.046 | Info | '/transaction/gettourcollaborate' | 
10:59:05.940 | Info | '/transaction/gettourcollaborate' | 
10:59:07.943 | Info | '/transaction/gettourcollaborate' | 
10:59:10.973 | Info | '/transaction/gettourcollaborate' | 
10:59:14.939 | Info | '/transaction/gettourcollaborate' | 
10:59:19.936 | Info | '/transaction/gettourcollaborate' | 
10:59:21.937 | Info | '/transaction/gettourcollaborate' | 
10:59:24.955 | Info | '/transaction/gettourcollaborate' | 
10:59:29.711 | Info | '/transaction/gettourcollaborate' | 
10:59:36.148 | Info | '/transaction/gethotelshistory' | 
10:59:38.250 | Info | '/transaction/gettourcollaborate' | 
10:59:39.432 | Info | '/transaction/getcollabtour' | 
10:59:40.950 | Info | '/transaction/gettransportbyuserid' | 
10:59:42.748 | Info | '/transaction/gettourcollaborate' | 
11:02:14.082 | Info | '/transaction/gettourcollaborate' | 
11:02:17.958 | Info | '/transaction/gettourcollaborate' | 
11:02:21.977 | Info | '/transaction/gettourcollaborate' | 
11:02:25.028 | Info | '/transaction/gettourcollaborate' | 
11:02:37.133 | Info | '/transaction/gettourcollaborate' | 
11:02:37.733 | Info | '/transaction/gettourbyuserid' | 
11:02:42.547 | Info | '/transaction/gettourcollaborate' | 
11:02:44.201 | Info | '/transaction/gethotelshistory' | 
11:02:45.320 | Info | '/transaction/gettourcollaborate' | 
11:02:51.279 | Info | '/transaction/getcollabtour' | 
11:02:52.423 | Info | '/transaction/gettourcollaborate' | 
11:03:14.977 | Info | '/transaction/gettourcollaborate' | 
11:03:17.938 | Info | '/transaction/gettourcollaborate' | 
11:03:28.400 | Info | '/transaction/gettourcollaborate' | 
11:04:29.492 | Info | '/transaction/gettourcollaborate' | 
11:04:30.213 | Info | '/transaction/myprofile' | 
11:04:32.156 | Info | '/transaction/gettourbyuserid' | 
11:04:33.636 | Info | '/transaction/gethotelshistory' | 
11:04:34.865 | Info | '/transaction/gettransportbyuserid' | 
11:04:36.436 | Info | '/transaction/gettourcollaborate' | 
11:04:38.226 | Info | '/transaction/getcollabtour' | 
11:04:41.426 | Info | '/transaction/myprofile' | 
11:04:42.726 | Info | '/transaction/gettourcollaborate' | 
11:09:00.983 | Info | '/transaction/gettourcollaborate' | 
11:12:34.914 | Info | '/transaction/gettourcollaborate' | 
11:13:45.315 | Info | '/transaction/gettourcollaborate' | 
11:15:05.854 | Info | '/transaction/gettourcollaborate' | 
11:15:57.921 | Info | '/transaction/gettourcollaborate' | 
11:42:00.530 | Info | '/transaction/gettourcollaborate' | 
11:42:52.120 | Info | '/transaction/gettourcollaborate' | 
11:42:52.136 | Info | '/transaction/gettourcollaborate' | 
11:42:59.941 | Info | '/transaction/gettourcollaborate' | 
11:42:59.957 | Info | '/transaction/getmytourcollaborate' | 
11:43:07.994 | Info | '/transaction/gettourcollaborate' | 
11:43:08.033 | Info | '/transaction/getmytourcollaborate' | 
11:43:17.929 | Info | '/transaction/gettourcollaborate' | 
11:43:17.938 | Info | '/transaction/getmytourcollaborate' | 
11:43:44.946 | Info | '/transaction/gettourcollaborate' | 
11:43:44.963 | Info | '/transaction/getmytourcollaborate' | 
11:43:46.942 | Info | '/transaction/gettourcollaborate' | 
11:43:46.960 | Info | '/transaction/getmytourcollaborate' | 
11:43:49.928 | Info | '/transaction/gettourcollaborate' | 
11:43:49.957 | Info | '/transaction/getmytourcollaborate' | 
11:44:32.142 | Info | '/transaction/gettourcollaborate' | 
11:44:32.158 | Info | '/transaction/getmytourcollaborate' | 
11:45:26.584 | Info | '/transaction/gettourcollaborate' | 
11:45:26.605 | Info | '/transaction/getmytourcollaborate' | 
11:45:47.991 | Info | '/transaction/gettourcollaborate' | 
11:45:47.998 | Info | '/transaction/getmytourcollaborate' | 
11:46:03.815 | Info | '/transaction/gettourcollaborate' | 
11:46:03.849 | Info | '/transaction/getmytourcollaborate' | 
11:47:50.968 | Info | '/transaction/gettourcollaborate' | 
11:47:51.019 | Info | '/transaction/getmytourcollaborate' | 
11:47:57.946 | Info | '/transaction/gettourcollaborate' | 
11:47:57.963 | Info | '/transaction/getmytourcollaborate' | 
11:48:03.441 | Info | '/transaction/gettourcollaborate' | 
11:48:03.456 | Info | '/transaction/getmytourcollaborate' | 
11:48:23.967 | Info | '/transaction/gettourcollaborate' | 
11:48:23.974 | Info | '/transaction/getmytourcollaborate' | 
11:48:26.938 | Info | '/transaction/gettourcollaborate' | 
11:48:26.959 | Info | '/transaction/getmytourcollaborate' | 
11:49:39.948 | Info | '/transaction/gettourcollaborate' | 
11:49:39.964 | Info | '/transaction/getmytourcollaborate' | 
11:49:59.955 | Info | '/transaction/gettourcollaborate' | 
11:49:59.972 | Info | '/transaction/getmytourcollaborate' | 
11:50:01.932 | Info | '/transaction/gettourcollaborate' | 
11:50:01.946 | Info | '/transaction/getmytourcollaborate' | 
11:50:05.811 | Info | '/transaction/gettourcollaborate' | 
11:50:05.820 | Info | '/transaction/getmytourcollaborate' | 
11:50:16.673 | Info | '/transaction/gettourcollaborate' | 
11:50:16.693 | Info | '/transaction/getmytourcollaborate' | 
11:50:58.431 | Info | '/api/user/login' | 
11:51:00.636 | Info | '/api/user/login' | 
11:51:02.259 | Info | '/api/user/login' | 
11:51:07.070 | Info | '/api/user/login' | 
11:51:07.181 | Info | '/transaction/myprofile' | 
11:51:10.604 | Info | '/transaction/gettourcollaborate' | 
11:51:10.614 | Info | '/transaction/getmytourcollaborate' | 
12:00:10.062 | Info | '/transaction/gettourcollaborate' | 
12:00:10.406 | Info | '/transaction/getmytourcollaborate' | 
12:00:26.936 | Info | '/transaction/gettourcollaborate' | 
12:00:26.951 | Info | '/transaction/getmytourcollaborate' | 
12:01:20.966 | Info | '/transaction/gettourcollaborate' | 
12:01:20.979 | Info | '/transaction/getmytourcollaborate' | 
12:01:41.957 | Info | '/transaction/gettourcollaborate' | 
12:01:41.971 | Info | '/transaction/getmytourcollaborate' | 
12:01:49.962 | Info | '/transaction/gettourcollaborate' | 
12:01:49.995 | Info | '/transaction/getmytourcollaborate' | 
12:04:46.987 | Info | '/transaction/gettourcollaborate' | 
12:04:47.036 | Info | '/transaction/getmytourcollaborate' | 
12:04:55.956 | Info | '/transaction/gettourcollaborate' | 
12:04:55.966 | Info | '/transaction/getmytourcollaborate' | 
12:06:50.940 | Info | '/transaction/gettourcollaborate' | 
12:06:50.971 | Info | '/transaction/getmytourcollaborate' | 
12:06:56.942 | Info | '/transaction/gettourcollaborate' | 
12:06:56.961 | Info | '/transaction/getmytourcollaborate' | 
12:07:02.950 | Info | '/transaction/gettourcollaborate' | 
12:07:02.954 | Info | '/transaction/getmytourcollaborate' | 
12:12:21.924 | Info | '/transaction/gettourcollaborate' | 
12:12:21.947 | Info | '/transaction/getmytourcollaborate' | 
12:12:24.163 | Info | '/transaction/gettourcollaborate' | 
12:12:24.176 | Info | '/transaction/getmytourcollaborate' | 
12:12:25.931 | Info | '/transaction/gettourcollaborate' | 
12:12:25.939 | Info | '/transaction/getmytourcollaborate' | 
12:12:46.934 | Info | '/transaction/gettourcollaborate' | 
12:12:46.941 | Info | '/transaction/getmytourcollaborate' | 
12:13:14.946 | Info | '/transaction/gettourcollaborate' | 
12:13:14.948 | Info | '/transaction/getmytourcollaborate' | 
12:13:41.936 | Info | '/transaction/gettourcollaborate' | 
12:13:41.955 | Info | '/transaction/getmytourcollaborate' | 
12:14:06.940 | Info | '/transaction/gettourcollaborate' | 
12:14:06.943 | Info | '/transaction/getmytourcollaborate' | 
12:14:12.951 | Info | '/transaction/gettourcollaborate' | 
12:14:12.961 | Info | '/transaction/getmytourcollaborate' | 
12:15:06.946 | Info | '/transaction/gettourcollaborate' | 
12:15:06.965 | Info | '/transaction/getmytourcollaborate' | 
12:15:20.250 | Info | '/transaction/gettourcollaborate' | 
12:15:20.260 | Info | '/transaction/getmytourcollaborate' | 
12:15:40.963 | Info | '/transaction/gettourcollaborate' | 
12:15:40.981 | Info | '/transaction/getmytourcollaborate' | 
12:15:44.023 | Info | '/transaction/gettourcollaborate' | 
12:15:44.048 | Info | '/transaction/getmytourcollaborate' | 
12:15:51.931 | Info | '/transaction/gettourcollaborate' | 
12:15:51.933 | Info | '/transaction/getmytourcollaborate' | 
12:16:02.923 | Info | '/transaction/gettourcollaborate' | 
12:16:02.933 | Info | '/transaction/getmytourcollaborate' | 
12:16:33.036 | Info | '/transaction/gettourcollaborate' | 
12:16:33.113 | Info | '/transaction/getmytourcollaborate' | 
12:16:39.073 | Info | '/transaction/gettourcollaborate' | 
12:16:39.103 | Info | '/transaction/getmytourcollaborate' | 
12:16:42.937 | Info | '/transaction/gettourcollaborate' | 
12:16:42.948 | Info | '/transaction/getmytourcollaborate' | 
12:16:46.977 | Info | '/transaction/gettourcollaborate' | 
12:16:46.999 | Info | '/transaction/getmytourcollaborate' | 
12:16:51.938 | Info | '/transaction/gettourcollaborate' | 
12:16:51.948 | Info | '/transaction/getmytourcollaborate' | 
12:17:33.970 | Info | '/transaction/gettourcollaborate' | 
12:17:33.977 | Info | '/transaction/getmytourcollaborate' | 
12:17:39.672 | Info | '/transaction/gettourcollaborate' | 
12:17:39.680 | Info | '/transaction/getmytourcollaborate' | 
12:17:43.281 | Info | '/transaction/gettourcollaborate' | 
12:17:43.306 | Info | '/transaction/getmytourcollaborate' | 
12:23:50.946 | Info | '/transaction/gettourcollaborate' | 
12:23:50.956 | Info | '/transaction/getmytourcollaborate' | 
12:24:32.615 | Info | '/transaction/gettourcollaborate' | 
12:24:32.635 | Info | '/transaction/getmytourcollaborate' | 
12:24:40.640 | Info | '/transaction/updatecollaboratestatus' | 
12:24:43.499 | Info | '/transaction/gettourcollaborate' | 
12:24:43.501 | Info | '/transaction/getmytourcollaborate' | 
12:25:00.438 | Info | '/transaction/gettourcollaborate' | 
12:25:00.943 | Info | '/transaction/getmytourcollaborate' | 
12:25:04.837 | Info | '/transaction/updatecollaboratestatus' | 
12:25:26.945 | Info | '/transaction/gettourcollaborate' | 
12:25:26.979 | Info | '/transaction/getmytourcollaborate' | 
12:25:36.982 | Info | '/transaction/gettourcollaborate' | 
12:25:36.992 | Info | '/transaction/getmytourcollaborate' | 
12:25:46.477 | Info | '/transaction/gettourcollaborate' | 
12:25:46.502 | Info | '/transaction/getmytourcollaborate' | 
12:25:47.055 | Info | '/transaction/gettourcollaborate' | 
12:25:47.067 | Info | '/transaction/getmytourcollaborate' | 
12:25:51.424 | Info | '/transaction/gettourcollaborate' | 
12:25:51.443 | Info | '/transaction/getmytourcollaborate' | 
12:25:54.177 | Info | '/transaction/updatecollaboratestatus' | 
12:26:29.148 | Info | '/transaction/updatecollaboratestatus' | 
12:26:34.053 | Info | '/transaction/updatecollaboratestatus' | 
12:27:45.716 | Info | '/transaction/updatecollaboratestatus' | 
12:27:51.405 | Info | '/transaction/gettourcollaborate' | 
12:27:51.435 | Info | '/transaction/getmytourcollaborate' | 
12:32:56.569 | Info | '/transaction/gettourcollaborate' | 
12:32:56.581 | Info | '/transaction/getmytourcollaborate' | 
12:32:59.064 | Info | '/transaction/updatecollaboratestatus' | 
12:35:34.019 | Info | '/transaction/gettourcollaborate' | 
12:35:34.038 | Info | '/transaction/getmytourcollaborate' | 
12:35:34.739 | Info | '/transaction/updatecollaboratestatus' | 
12:35:38.160 | Info | '/transaction/gettourcollaborate' | 
12:35:38.192 | Info | '/transaction/getmytourcollaborate' | 
12:36:34.084 | Info | '/transaction/gettourcollaborate' | 
12:36:34.098 | Info | '/transaction/getmytourcollaborate' | 
12:36:35.304 | Info | '/transaction/updatecollaboratestatus' | 
12:38:08.481 | Info | '/transaction/gettourcollaborate' | 
12:38:08.485 | Info | '/transaction/getmytourcollaborate' | 
12:38:09.418 | Info | '/transaction/updatecollaboratestatus' | 
12:38:12.694 | Info | '/transaction/gettourcollaborate' | 
12:38:12.707 | Info | '/transaction/getmytourcollaborate' | 
12:39:19.068 | Info | '/transaction/gettourcollaborate' | 
12:39:19.571 | Info | '/transaction/getmytourcollaborate' | 
12:39:20.551 | Info | '/transaction/updatecollaboratestatus' | 
12:40:11.174 | Info | '/transaction/updatecollaboratestatus' | 
12:40:32.141 | Info | '/transaction/updatecollaboratestatus' | 
12:40:37.000 | Info | '/transaction/gettourcollaborate' | 
12:40:37.030 | Info | '/transaction/getmytourcollaborate' | 
12:40:42.104 | Info | '/transaction/updatecollaboratestatus' | 
12:40:53.796 | Info | '/transaction/updatecollaboratestatus' | 
12:40:56.213 | Info | '/transaction/updatecollaboratestatus' | 
12:42:49.194 | Info | '/transaction/updatecollaboratestatus' | 
12:48:46.690 | Info | '/transaction/updatecollaboratestatus' | 
13:35:49.593 | Info | '/transaction/updatecollaboratestatus' | 
13:36:29.186 | Info | '/transaction/gettourcollaborate' | 
13:36:29.216 | Info | '/transaction/getmytourcollaborate' | 
13:36:30.068 | Info | '/transaction/updatecollaboratestatus' | 
13:36:32.556 | Info | '/transaction/updatecollaboratestatus' | 
13:37:02.949 | Info | '/transaction/gettourcollaborate' | 
13:37:02.993 | Info | '/transaction/getmytourcollaborate' | 
13:37:28.563 | Info | '/transaction/gettourcollaborate' | 
13:37:28.587 | Info | '/transaction/getmytourcollaborate' | 
13:37:35.259 | Info | '/transaction/gettourbyuserid' | 
13:37:37.501 | Info | '/transaction/gettourdetails' | 
13:37:37.507 | Info | '/transaction/getcustomer' | 
13:38:21.060 | Info | '/transaction/gettourdetails' | 
13:38:21.087 | Info | '/transaction/getcustomer' | 
13:38:37.098 | Info | '/transaction/gettourbyuserid' | 
13:38:40.476 | Info | '/transaction/gettourdetails' | 
13:38:40.497 | Info | '/transaction/getcustomer' | 
13:38:43.431 | Info | '/transaction/updatebookingstatus' | 
13:38:46.134 | Info | '/transaction/gettourdetails' | 
13:38:46.153 | Info | '/transaction/getcustomer' | 
13:39:11.608 | Info | '/transaction/gettourcollaborate' | 
13:39:11.613 | Info | '/transaction/getmytourcollaborate' | 
13:39:13.394 | Info | '/transaction/updatecollaboratestatus' | 
13:39:14.209 | Info | '/transaction/updatecollaboratestatus' | 
13:39:16.923 | Info | '/transaction/gettourcollaborate' | 
13:39:16.941 | Info | '/transaction/getmytourcollaborate' | 
13:39:52.756 | Info | '/transaction/gettourcollaborate' | 
13:39:52.777 | Info | '/transaction/getmytourcollaborate' | 
13:40:20.697 | Info | '/transaction/gettourcollaborate' | 
13:40:20.709 | Info | '/transaction/getmytourcollaborate' | 
13:40:32.024 | Info | '/transaction/myprofile' | 
13:40:33.343 | Info | '/transaction/gettourbyuserid' | 
13:40:34.360 | Info | '/transaction/gethotelshistory' | 
13:40:35.473 | Info | '/transaction/gettransportbyuserid' | 
13:40:37.030 | Info | '/transaction/gettourcollaborate' | 
13:40:37.031 | Info | '/transaction/getmytourcollaborate' | 
13:40:37.639 | Info | '/transaction/getcollabtour' | 
13:40:41.984 | Info | '/transaction/gettourcollaborate' | 
13:40:41.991 | Info | '/transaction/getmytourcollaborate' | 
