02:40:21.958 | Info | '/transaction/myprofile' | 
02:58:29.055 | Info | '/transaction/myprofile' | 
02:59:17.827 | Info | '/transaction/myprofile' | 
02:59:22.245 | Info | '/transaction/myprofile' | 
02:59:22.320 | Info | '/transaction/gettour' | 
02:59:50.280 | Info | '/transaction/myprofile' | 
02:59:50.296 | Info | '/transaction/gettourdetails' | 
02:59:54.578 | Info | '/transaction/myprofile' | 
02:59:54.620 | Info | '/transaction/gettourdetails' | 
02:59:58.152 | Info | '/transaction/myprofile' | 
02:59:58.173 | Info | '/transaction/gettourdetails' | 
03:00:00.311 | Info | '/transaction/myprofile' | 
03:00:00.361 | Info | '/transaction/gettour' | 
03:00:02.307 | Info | '/transaction/myprofile' | 
03:00:03.932 | Info | '/transaction/myprofile' | 
03:00:03.982 | Info | '/transaction/gethotels' | 
03:00:19.374 | Info | '/transaction/myprofile' | 
03:00:19.419 | Info | '/transaction/gettransport' | 
03:00:33.574 | Info | '/transaction/myprofile' | 
03:00:33.604 | Info | '/transaction/gethotels' | 
03:01:06.521 | Info | '/transaction/myprofile' | 
03:01:06.555 | Info | '/transaction/gettransport' | 
03:01:43.939 | Info | '/transaction/gettransport' | 
03:01:51.081 | Info | '/transaction/myprofile' | 
03:01:51.112 | Info | '/transaction/gettransport' | 
03:02:03.441 | Info | '/transaction/myprofile' | 
03:02:03.471 | Info | '/transaction/gethotels' | 
03:02:14.650 | Info | '/transaction/myprofile' | 
03:02:14.682 | Info | '/transaction/gethotels' | 
03:02:16.308 | Info | '/transaction/myprofile' | 
03:02:16.326 | Info | '/transaction/gethoteldetails' | 
03:02:19.459 | Info | '/transaction/myprofile' | 
03:02:19.486 | Info | '/transaction/gethoteldetails' | 
03:02:27.041 | Info | '/transaction/createhotelcustomer' | 
03:02:32.660 | Info | '/transaction/myprofile' | 
03:02:32.668 | Info | '/transaction/getusertype' | 
03:02:32.705 | Info | '/transaction/myprofile' | 
03:02:34.289 | Info | '/transaction/gethotelshistory' | 
03:02:38.106 | Info | '/transaction/gethoteldetails' | 
03:02:38.122 | Info | '/transaction/gethotelcustomer' | 
03:02:44.075 | Info | '/transaction/gethotelshistory' | 
03:02:46.582 | Info | '/transaction/gethoteldetails' | 
03:02:46.598 | Info | '/transaction/gethotelcustomer' | 
03:03:00.568 | Info | '/transaction/myprofile' | 
03:03:00.699 | Info | '/transaction/gettour' | 
03:03:06.832 | Info | '/transaction/myprofile' | 
03:03:08.895 | Info | '/transaction/myprofile' | 
03:03:08.942 | Info | '/transaction/gethotels' | 
03:03:11.399 | Info | '/transaction/myprofile' | 
03:03:11.415 | Info | '/transaction/gethoteldetails' | 
03:03:13.108 | Info | '/transaction/myprofile' | 
03:03:13.139 | Info | '/transaction/gethoteldetails' | 
03:03:24.638 | Info | '/transaction/createhotelcustomer' | 
03:03:27.457 | Info | '/transaction/gethoteldetails' | 
03:03:27.475 | Info | '/transaction/gethotelcustomer' | 
03:03:27.492 | Info | '/transaction/getusertype' | 
03:03:27.708 | Info | '/transaction/gethoteldetails' | 
03:03:27.725 | Info | '/transaction/gethotelcustomer' | 
03:03:35.336 | Info | '/transaction/updatehotelbookingstatus' | 
03:03:38.097 | Info | '/transaction/gethoteldetails' | 
03:03:38.126 | Info | '/transaction/gethotelcustomer' | 
03:03:38.149 | Info | '/transaction/getusertype' | 
03:03:38.313 | Info | '/transaction/gethoteldetails' | 
03:03:38.316 | Info | '/transaction/gethotelcustomer' | 
03:03:51.186 | Info | '/transaction/gethoteldetails' | 
03:03:51.190 | Info | '/transaction/gethotelcustomer' | 
03:04:11.235 | Info | '/api/user/login' | 
03:04:11.351 | Info | '/transaction/myprofile' | 
03:04:11.363 | Info | '/transaction/getusertype' | 
03:04:11.403 | Info | '/transaction/myprofile' | 
03:04:16.913 | Info | '/transaction/getcollabtour' | 
03:05:09.725 | Info | '/transaction/getcollabtour' | 
03:05:14.055 | Info | '/transaction/getcollabtour' | 
03:05:51.022 | Info | '/transaction/getcollabtour' | 
03:05:53.688 | Info | '/transaction/getcollabtour' | 
03:05:55.178 | Info | '/transaction/getcollabtour' | 
03:05:55.191 | Info | '/transaction/getusertype' | 
03:05:55.314 | Info | '/transaction/getcollabtour' | 
03:06:52.859 | Info | '/transaction/getcollabtour' | 
03:06:54.123 | Info | '/transaction/getcollabtour' | 
03:06:59.064 | Info | '/transaction/getcollabtour' | 
03:06:59.087 | Info | '/transaction/getusertype' | 
03:06:59.188 | Info | '/transaction/getcollabtour' | 
03:07:15.420 | Info | '/transaction/gettourdetails' | 
03:07:15.446 | Info | '/transaction/getusertype' | 
03:07:15.571 | Info | '/transaction/gettourdetails' | 
03:07:18.725 | Info | '/transaction/getusertype' | 
03:07:28.985 | Info | '/transaction/createcollaboration' | 
03:07:33.518 | Info | '/transaction/gettourcollaborate' | 
03:07:33.524 | Info | '/transaction/getmytourcollaborate' | 
03:07:42.236 | Info | '/transaction/gettourcollaborate' | 
03:07:42.244 | Info | '/transaction/getmytourcollaborate' | 
03:07:52.957 | Info | '/api/user/login' | 
03:07:53.035 | Info | '/transaction/myprofile' | 
03:07:53.044 | Info | '/transaction/getusertype' | 
03:07:53.071 | Info | '/transaction/myprofile' | 
03:08:07.866 | Info | '/transaction/gettourcollaborate' | 
03:08:07.879 | Info | '/transaction/getmytourcollaborate' | 
03:14:23.029 | Info | '/transaction/gettourcollaborate' | 
03:14:23.037 | Info | '/transaction/getmytourcollaborate' | 
03:15:38.019 | Info | '/transaction/gettourcollaborate' | 
03:15:38.045 | Info | '/transaction/getmytourcollaborate' | 
03:15:57.018 | Info | '/transaction/gettourcollaborate' | 
03:15:57.045 | Info | '/transaction/getmytourcollaborate' | 
03:16:08.049 | Info | '/transaction/gettourcollaborate' | 
03:16:08.061 | Info | '/transaction/getmytourcollaborate' | 
03:16:26.037 | Info | '/transaction/gettourcollaborate' | 
03:16:26.114 | Info | '/transaction/getmytourcollaborate' | 
03:16:34.058 | Info | '/transaction/gettourcollaborate' | 
03:16:34.074 | Info | '/transaction/getmytourcollaborate' | 
03:16:38.044 | Info | '/transaction/gettourcollaborate' | 
03:16:38.051 | Info | '/transaction/getmytourcollaborate' | 
03:16:42.985 | Info | '/transaction/gettourcollaborate' | 
03:16:42.992 | Info | '/transaction/getmytourcollaborate' | 
03:16:43.007 | Info | '/transaction/getusertype' | 
03:16:43.127 | Info | '/transaction/gettourcollaborate' | 
03:16:43.138 | Info | '/transaction/getmytourcollaborate' | 
03:16:57.141 | Info | '/transaction/updatecollaboratestatus' | 
03:16:57.174 | Info | '/transaction/updatequantity' | 
03:17:18.566 | Info | '/transaction/gettourcollaborate' | 
03:17:18.608 | Info | '/transaction/getmytourcollaborate' | 
03:17:18.611 | Info | '/transaction/getusertype' | 
03:17:18.884 | Info | '/transaction/gettourcollaborate' | 
03:17:18.887 | Info | '/transaction/getmytourcollaborate' | 
03:17:50.415 | Info | '/transaction/declinecollaboratestatus' | 
03:25:54.217 | Info | '/transaction/myprofile' | 
03:40:28.426 | Info | '/api/user/login' | 
03:40:28.529 | Info | '/transaction/myprofile' | 
03:40:28.541 | Info | '/transaction/getusertype' | 
03:40:28.577 | Info | '/transaction/myprofile' | 
03:41:13.359 | Info | '/transaction/gettourbyuserid' | 
03:41:40.841 | Info | '/transaction/gettourdetails' | 
03:41:40.843 | Info | '/transaction/getcustomer' | 
03:41:56.412 | Info | '/transaction/gettourbyuserid' | 
03:42:00.800 | Info | '/transaction/getusertype' | 
03:42:02.619 | Info | '/transaction/gettourbyuserid' | 
03:42:06.594 | Info | '/transaction/getusertype' | 
03:42:26.675 | Info | '/transaction/gettourcollaborate' | 
03:42:26.683 | Info | '/transaction/getmytourcollaborate' | 
03:42:38.854 | Info | '/transaction/gettourcollaborate' | 
03:42:38.858 | Info | '/transaction/getmytourcollaborate' | 
03:42:48.923 | Info | '/api/user/login' | 
03:42:48.984 | Info | '/transaction/myprofile' | 
03:42:49.008 | Info | '/transaction/getusertype' | 
03:42:49.045 | Info | '/transaction/myprofile' | 
03:42:54.776 | Info | '/transaction/gettourcollaborate' | 
03:42:54.784 | Info | '/transaction/getmytourcollaborate' | 
03:43:39.333 | Info | '/transaction/gettourcollaborate' | 
03:43:39.359 | Info | '/transaction/getmytourcollaborate' | 
03:43:39.368 | Info | '/transaction/getusertype' | 
03:43:39.495 | Info | '/transaction/gettourcollaborate' | 
03:43:39.505 | Info | '/transaction/getmytourcollaborate' | 
03:43:54.117 | Info | '/transaction/getcollabtour' | 
03:44:08.728 | Info | '/transaction/getcollabtour' | 
03:44:16.728 | Info | '/api/user/login' | 
03:44:16.821 | Info | '/transaction/myprofile' | 
03:44:16.853 | Info | '/transaction/getusertype' | 
03:44:16.902 | Info | '/transaction/myprofile' | 
03:44:19.770 | Info | '/transaction/gethotelshistory' | 
03:44:53.886 | Info | '/transaction/gethoteldetails' | 
03:44:53.898 | Info | '/transaction/gethotelcustomer' | 
03:44:57.338 | Info | '/transaction/gethotelshistory' | 
03:44:59.756 | Info | '/transaction/gethoteldetails' | 
03:44:59.759 | Info | '/transaction/gethotelcustomer' | 
03:45:48.709 | Info | '/transaction/gethoteldetails' | 
03:45:48.716 | Info | '/transaction/gethotelcustomer' | 
03:45:59.184 | Info | '/api/user/login' | 
03:45:59.294 | Info | '/transaction/myprofile' | 
03:45:59.309 | Info | '/transaction/getusertype' | 
03:45:59.354 | Info | '/transaction/myprofile' | 
03:46:03.198 | Info | '/transaction/gettransportbyuserid' | 
03:46:09.183 | Info | '/transaction/getusertype' | 
03:46:11.603 | Info | '/transaction/gettransportbyuserid' | 
03:46:11.612 | Info | '/transaction/getusertype' | 
03:46:11.736 | Info | '/transaction/gettransportbyuserid' | 
03:46:21.948 | Info | '/transaction/gettransportdetails' | 
03:46:21.966 | Info | '/transaction/gettransportcustomer' | 
03:46:36.731 | Info | '/transaction/gettransportdetails' | 
03:46:36.738 | Info | '/transaction/gettransportcustomer' | 
03:46:49.654 | Info | '/api/user/login' | 
03:46:49.729 | Info | '/transaction/myprofile' | 
03:46:49.737 | Info | '/transaction/getusertype' | 
03:46:49.762 | Info | '/transaction/myprofile' | 
03:46:55.357 | Info | '/transaction/myprofile' | 
03:47:13.887 | Info | '/transaction/myprofile' | 
03:47:13.917 | Info | '/transaction/gettour' | 
03:47:26.979 | Info | '/transaction/myprofile' | 
03:47:26.997 | Info | '/transaction/gettourdetails' | 
03:48:06.122 | Info | '/transaction/myprofile' | 
03:48:06.157 | Info | '/transaction/gettourdetails' | 
03:48:22.945 | Info | '/transaction/myprofile' | 
03:48:36.809 | Info | '/transaction/myprofile' | 
03:48:36.852 | Info | '/transaction/gethotels' | 
