16:14:50.089 | Info | '/api/user/login' | 
16:14:51.494 | Info | '/transaction/getuserpermissions' | 
16:14:51.556 | Info | '/dashboard' | 
16:14:51.979 | Info | '/transaction/getuserpermissions' | 
16:14:52.028 | Info | '/dashboard' | 
16:14:55.266 | Info | '/transaction/getarea' | 
16:14:55.406 | Info | '/transaction/getdonationtypes' | 
16:14:55.417 | Info | '/transaction/getdonationmethods' | 
16:14:55.426 | Info | '/transaction/getarea' | 
16:14:55.433 | Info | '/transaction/getdonationtypes' | 
16:14:55.437 | Info | '/transaction/getdonationmethods' | 
16:24:24.540 | Info | '/transaction/getuserpermissions' | 
16:24:24.546 | Info | '/transaction/getuserpermissions' | 
16:24:30.797 | Info | '/api/user/login' | 
16:24:31.054 | Info | '/transaction/getuserpermissions' | 
16:24:31.058 | Info | '/dashboard' | 
16:24:31.061 | Info | '/transaction/getuserpermissions' | 
16:24:31.069 | Info | '/dashboard' | 
16:24:34.014 | Info | '/transaction/getarea' | 
16:24:34.016 | Info | '/transaction/getdonationtypes' | 
16:24:34.019 | Info | '/transaction/getdonationmethods' | 
16:24:34.022 | Info | '/transaction/getarea' | 
16:24:34.026 | Info | '/transaction/getdonationtypes' | 
16:24:34.029 | Info | '/transaction/getdonationmethods' | 
16:31:08.733 | Info | '/transaction/getuserpermissions' | 
16:31:08.737 | Info | '/transaction/getuserpermissions' | 
16:31:13.257 | Info | '/api/user/login' | 
16:31:13.352 | Info | '/transaction/getuserpermissions' | 
16:31:13.359 | Info | '/transaction/getuserpermissions' | 
16:31:13.361 | Info | '/dashboard' | 
16:31:13.370 | Info | '/dashboard' | 
16:31:18.658 | Info | '/transaction/getarea' | 
16:31:18.661 | Info | '/transaction/getdonationtypes' | 
16:31:18.663 | Info | '/transaction/getdonationmethods' | 
16:31:18.669 | Info | '/transaction/getarea' | 
16:31:18.671 | Info | '/transaction/getdonationtypes' | 
16:31:18.675 | Info | '/transaction/getdonationmethods' | 
16:32:54.929 | Info | '/transaction/getuserpermissions' | 
16:32:54.935 | Info | '/transaction/getuserpermissions' | 
16:32:59.114 | Info | '/api/user/login' | 
16:32:59.209 | Info | '/transaction/getuserpermissions' | 
16:32:59.213 | Info | '/dashboard' | 
16:32:59.215 | Info | '/transaction/getuserpermissions' | 
16:32:59.225 | Info | '/dashboard' | 
16:33:02.271 | Info | '/transaction/getarea' | 
16:33:02.275 | Info | '/transaction/getdonationtypes' | 
16:33:02.277 | Info | '/transaction/getdonationmethods' | 
16:33:02.279 | Info | '/transaction/getarea' | 
16:33:02.283 | Info | '/transaction/getdonationtypes' | 
16:33:02.287 | Info | '/transaction/getdonationmethods' | 
16:35:04.986 | Info | '/transaction/getuserpermissions' | 
16:35:04.989 | Info | '/transaction/getuserpermissions' | 
16:35:11.241 | Info | '/api/user/login' | 
16:35:11.339 | Info | '/transaction/getuserpermissions' | 
16:35:11.341 | Info | '/dashboard' | 
16:35:11.345 | Info | '/transaction/getuserpermissions' | 
16:35:11.353 | Info | '/dashboard' | 
16:35:15.817 | Info | '/transaction/getarea' | 
16:35:15.821 | Info | '/transaction/getdonationtypes' | 
16:35:15.823 | Info | '/transaction/getdonationmethods' | 
16:35:15.825 | Info | '/transaction/getarea' | 
16:35:15.830 | Info | '/transaction/getdonationtypes' | 
16:35:15.832 | Info | '/transaction/getdonationmethods' | 
16:37:47.032 | Info | '/transaction/getuserpermissions' | 
16:37:47.036 | Info | '/transaction/getuserpermissions' | 
16:38:13.891 | Info | '/api/user/login' | 
16:38:14.025 | Info | '/transaction/getuserpermissions' | 
16:38:14.027 | Info | '/dashboard' | 
16:38:14.032 | Info | '/transaction/getuserpermissions' | 
16:38:14.039 | Info | '/dashboard' | 
16:38:18.232 | Info | '/transaction/getarea' | 
16:38:18.236 | Info | '/transaction/getdonationtypes' | 
16:38:18.238 | Info | '/transaction/getdonationmethods' | 
16:38:18.240 | Info | '/transaction/getarea' | 
16:38:18.246 | Info | '/transaction/getdonationtypes' | 
16:38:18.248 | Info | '/transaction/getdonationmethods' | 
16:38:26.969 | Info | '/transaction/getdonordetails' | 
16:38:31.424 | Info | '/transaction/getdonordetails' | 
16:38:37.990 | Info | '/transaction/getdonordetails' | 
16:38:45.626 | Info | '/transaction/getuserpermissions' | 
16:38:45.630 | Info | '/transaction/getuserpermissions' | 
16:38:50.561 | Info | '/api/user/login' | 
16:38:50.657 | Info | '/transaction/getuserpermissions' | 
16:38:50.660 | Info | '/dashboard' | 
16:38:50.663 | Info | '/transaction/getuserpermissions' | 
16:38:50.671 | Info | '/dashboard' | 
16:38:53.411 | Info | '/transaction/getarea' | 
16:38:53.412 | Info | '/transaction/getdonationtypes' | 
16:38:53.415 | Info | '/transaction/getdonationmethods' | 
16:38:53.420 | Info | '/transaction/getarea' | 
16:38:53.422 | Info | '/transaction/getdonationtypes' | 
16:38:53.425 | Info | '/transaction/getdonationmethods' | 
16:38:55.102 | Info | '/transaction/getdonordetails' | 
16:38:57.462 | Info | '/transaction/getdonordetails' | 
16:39:11.274 | Info | '/transaction/getdonordetails' | 
16:39:15.715 | Info | '/transaction/getdonordetails' | 
16:39:27.300 | Info | '/transaction/getdonordetails' | 
16:39:28.596 | Info | '/transaction/getuserpermissions' | 
16:39:28.599 | Info | '/transaction/getuserpermissions' | 
16:39:32.487 | Info | '/api/user/login' | 
16:39:32.580 | Info | '/transaction/getuserpermissions' | 
16:39:32.588 | Info | '/dashboard' | 
16:39:32.590 | Info | '/transaction/getuserpermissions' | 
16:39:32.596 | Info | '/dashboard' | 
16:39:41.282 | Info | '/transaction/getarea' | 
16:39:41.285 | Info | '/transaction/getdonationtypes' | 
16:39:41.286 | Info | '/transaction/getdonationmethods' | 
16:39:41.294 | Info | '/transaction/getarea' | 
16:39:41.296 | Info | '/transaction/getdonationtypes' | 
16:39:41.298 | Info | '/transaction/getdonationmethods' | 
16:41:41.361 | Info | '/transaction/getuserpermissions' | 
16:41:41.364 | Info | '/transaction/getuserpermissions' | 
16:41:46.800 | Info | '/api/user/login' | 
16:41:46.905 | Info | '/transaction/getuserpermissions' | 
16:41:46.909 | Info | '/dashboard' | 
16:41:46.911 | Info | '/transaction/getuserpermissions' | 
16:41:46.919 | Info | '/dashboard' | 
16:42:09.472 | Info | '/transaction/getarea' | 
16:42:09.474 | Info | '/transaction/getdonationtypes' | 
16:42:09.476 | Info | '/transaction/getdonationmethods' | 
16:42:09.480 | Info | '/transaction/getarea' | 
16:42:09.485 | Info | '/transaction/getdonationtypes' | 
16:42:09.487 | Info | '/transaction/getdonationmethods' | 
16:42:11.442 | Info | '/transaction/getdonordetails' | 
16:42:19.817 | Info | '/transaction/getchannel' | 
16:42:19.898 | Info | '/transaction/getuserroles' | 
16:42:19.822 | Info | '/transaction/getcenters' | 
16:42:19.903 | Info | '/transaction/getusers' | 
16:42:19.930 | Info | '/transaction/getchannel' | 
16:42:19.932 | Info | '/transaction/getcenters' | 
16:42:19.936 | Info | '/transaction/getuserroles' | 
16:42:19.945 | Info | '/transaction/getusers' | 
16:42:21.869 | Info | '/transaction/getarea' | 
16:42:21.874 | Info | '/transaction/getdonationmethods' | 
16:42:21.872 | Info | '/transaction/getdonationtypes' | 
16:42:21.878 | Info | '/transaction/getarea' | 
16:42:21.881 | Info | '/transaction/getdonationtypes' | 
16:42:21.883 | Info | '/transaction/getdonationmethods' | 
16:42:27.845 | Info | '/transaction/getuserpermissions' | 
16:42:27.848 | Info | '/transaction/getuserpermissions' | 
16:42:32.021 | Info | '/api/user/login' | 
16:42:32.115 | Info | '/transaction/getuserpermissions' | 
16:42:32.122 | Info | '/transaction/getuserpermissions' | 
16:42:32.123 | Info | '/dashboard' | 
16:42:32.131 | Info | '/dashboard' | 
16:42:36.109 | Info | '/transaction/getarea' | 
16:42:36.111 | Info | '/transaction/getdonationtypes' | 
16:42:36.114 | Info | '/transaction/getdonationmethods' | 
16:42:36.121 | Info | '/transaction/getarea' | 
16:42:36.123 | Info | '/transaction/getdonationtypes' | 
16:42:36.125 | Info | '/transaction/getdonationmethods' | 
16:42:43.098 | Info | '/transaction/getdonordetails' | 
16:42:46.050 | Info | '/transaction/getdonordetails' | 
16:43:02.004 | Info | '/transaction/getdonordetails' | 
16:43:48.458 | Info | '/transaction/getuserpermissions' | 
16:43:48.464 | Info | '/transaction/getuserpermissions' | 
16:43:52.770 | Info | '/api/user/login' | 
16:43:52.863 | Info | '/transaction/getuserpermissions' | 
16:43:52.867 | Info | '/transaction/getuserpermissions' | 
16:43:52.871 | Info | '/dashboard' | 
16:43:52.877 | Info | '/dashboard' | 
16:43:58.099 | Info | '/transaction/getarea' | 
16:43:58.102 | Info | '/transaction/getdonationtypes' | 
16:43:58.104 | Info | '/transaction/getdonationmethods' | 
16:43:58.105 | Info | '/transaction/getarea' | 
16:43:58.109 | Info | '/transaction/getdonationtypes' | 
16:43:58.114 | Info | '/transaction/getdonationmethods' | 
16:44:01.979 | Info | '/transaction/getdonordetails' | 
16:45:37.910 | Info | '/transaction/getdonordetails' | 
16:46:58.564 | Info | '/transaction/getdonordetails' | 
16:47:30.023 | Info | '/transaction/getuserpermissions' | 
16:47:30.027 | Info | '/transaction/getuserpermissions' | 
16:47:34.182 | Info | '/api/user/login' | 
16:47:34.296 | Info | '/transaction/getuserpermissions' | 
16:47:34.323 | Info | '/dashboard' | 
16:47:34.469 | Info | '/transaction/getuserpermissions' | 
16:47:34.480 | Info | '/dashboard' | 
16:47:38.645 | Info | '/transaction/getarea' | 
16:47:38.651 | Info | '/transaction/getdonationtypes' | 
16:47:38.656 | Info | '/transaction/getdonationmethods' | 
16:47:38.667 | Info | '/transaction/getarea' | 
16:47:38.676 | Info | '/transaction/getdonationtypes' | 
16:47:38.681 | Info | '/transaction/getdonationmethods' | 
16:47:46.373 | Info | '/transaction/getdonordetails' | 
16:48:15.400 | Info | '/transaction/getuserpermissions' | 
16:48:15.423 | Info | '/transaction/getuserpermissions' | 
16:48:19.178 | Info | '/api/user/login' | 
16:48:19.480 | Info | '/transaction/getuserpermissions' | 
16:48:19.496 | Info | '/dashboard' | 
16:48:19.555 | Info | '/transaction/getuserpermissions' | 
16:48:19.570 | Info | '/dashboard' | 
16:48:22.514 | Info | '/transaction/getarea' | 
16:48:22.519 | Info | '/transaction/getdonationtypes' | 
16:48:22.523 | Info | '/transaction/getdonationmethods' | 
16:48:22.537 | Info | '/transaction/getarea' | 
16:48:22.541 | Info | '/transaction/getdonationtypes' | 
16:48:22.550 | Info | '/transaction/getdonationmethods' | 
16:48:27.350 | Info | '/transaction/getdonordetails' | 
16:49:56.232 | Info | '/transaction/getuserpermissions' | 
16:49:56.235 | Info | '/transaction/getuserpermissions' | 
16:50:00.594 | Info | '/api/user/login' | 
16:50:00.689 | Info | '/transaction/getuserpermissions' | 
16:50:00.696 | Info | '/transaction/getuserpermissions' | 
16:50:00.699 | Info | '/dashboard' | 
16:50:00.706 | Info | '/dashboard' | 
16:50:03.329 | Info | '/transaction/getarea' | 
16:50:03.331 | Info | '/transaction/getdonationtypes' | 
16:50:03.333 | Info | '/transaction/getdonationmethods' | 
16:50:03.341 | Info | '/transaction/getdonationtypes' | 
16:50:03.345 | Info | '/transaction/getdonationmethods' | 
16:50:03.350 | Info | '/transaction/getarea' | 
16:50:10.066 | Info | '/transaction/getdonordetails' | 
16:51:12.836 | Info | '/transaction/getuserpermissions' | 
16:51:12.839 | Info | '/transaction/getuserpermissions' | 
16:51:16.774 | Info | '/api/user/login' | 
16:51:16.866 | Info | '/transaction/getuserpermissions' | 
16:51:16.871 | Info | '/transaction/getuserpermissions' | 
16:51:16.873 | Info | '/dashboard' | 
16:51:16.882 | Info | '/dashboard' | 
16:51:20.084 | Info | '/transaction/getarea' | 
16:51:20.086 | Info | '/transaction/getdonationtypes' | 
16:51:20.087 | Info | '/transaction/getdonationmethods' | 
16:51:20.093 | Info | '/transaction/getarea' | 
16:51:20.095 | Info | '/transaction/getdonationtypes' | 
16:51:20.098 | Info | '/transaction/getdonationmethods' | 
16:51:31.043 | Info | '/transaction/getdonordetails' | 
16:51:47.189 | Info | '/transaction/getdonordetails' | 
16:52:18.299 | Info | '/transaction/getuserpermissions' | 
16:52:18.302 | Info | '/transaction/getuserpermissions' | 
16:52:29.654 | Info | '/api/user/login' | 
16:52:29.987 | Info | '/transaction/getuserpermissions' | 
16:52:29.996 | Info | '/dashboard' | 
16:52:30.060 | Info | '/transaction/getuserpermissions' | 
16:52:30.073 | Info | '/dashboard' | 
16:52:32.864 | Info | '/transaction/getarea' | 
16:52:32.873 | Info | '/transaction/getdonationmethods' | 
16:52:32.869 | Info | '/transaction/getdonationtypes' | 
16:52:32.891 | Info | '/transaction/getarea' | 
16:52:32.902 | Info | '/transaction/getdonationtypes' | 
16:52:32.905 | Info | '/transaction/getdonationmethods' | 
16:52:39.581 | Info | '/transaction/getdonordetails' | 
16:52:54.691 | Info | '/transaction/getdonordetails' | 
16:53:27.131 | Info | '/transaction/getuserpermissions' | 
16:53:27.134 | Info | '/transaction/getuserpermissions' | 
16:53:31.270 | Info | '/api/user/login' | 
16:53:31.361 | Info | '/transaction/getuserpermissions' | 
16:53:31.368 | Info | '/transaction/getuserpermissions' | 
16:53:31.370 | Info | '/dashboard' | 
16:53:31.379 | Info | '/dashboard' | 
16:53:33.781 | Info | '/transaction/getarea' | 
16:53:33.786 | Info | '/transaction/getdonationtypes' | 
16:53:33.790 | Info | '/transaction/getarea' | 
16:53:33.788 | Info | '/transaction/getdonationmethods' | 
16:53:33.795 | Info | '/transaction/getdonationtypes' | 
16:53:33.799 | Info | '/transaction/getdonationmethods' | 
16:53:38.456 | Info | '/transaction/getdonordetails' | 
16:54:44.819 | Info | '/transaction/getdonordetails' | 
16:55:42.105 | Info | '/transaction/getdonordetails' | 
16:56:23.605 | Info | '/transaction/getdonordetails' | 
16:58:58.961 | Info | '/transaction/getdonordetails' | 
17:00:33.191 | Info | '/transaction/getuserpermissions' | 
17:00:33.195 | Info | '/transaction/getuserpermissions' | 
17:00:36.631 | Info | '/api/user/login' | 
17:00:36.734 | Info | '/transaction/getuserpermissions' | 
17:00:36.747 | Info | '/dashboard' | 
17:00:36.805 | Info | '/transaction/getuserpermissions' | 
17:00:36.819 | Info | '/dashboard' | 
17:00:39.838 | Info | '/transaction/getarea' | 
17:00:39.843 | Info | '/transaction/getdonationtypes' | 
17:00:39.848 | Info | '/transaction/getdonationmethods' | 
17:00:39.859 | Info | '/transaction/getarea' | 
17:00:39.863 | Info | '/transaction/getdonationtypes' | 
17:00:39.873 | Info | '/transaction/getdonationmethods' | 
17:00:45.347 | Info | '/transaction/getdonordetails' | 
17:00:56.683 | Info | '/transaction/getdonordetails' | 
17:03:10.805 | Info | '/transaction/getuserpermissions' | 
17:03:10.809 | Info | '/transaction/getuserpermissions' | 
17:03:27.585 | Info | '/api/user/login' | 
17:03:27.684 | Info | '/transaction/getuserpermissions' | 
17:03:27.687 | Info | '/dashboard' | 
17:03:27.693 | Info | '/transaction/getuserpermissions' | 
17:03:27.700 | Info | '/dashboard' | 
17:03:30.808 | Info | '/transaction/getarea' | 
17:03:30.811 | Info | '/transaction/getdonationtypes' | 
17:03:30.813 | Info | '/transaction/getdonationmethods' | 
17:03:30.817 | Info | '/transaction/getarea' | 
17:03:30.822 | Info | '/transaction/getdonationtypes' | 
17:03:30.831 | Info | '/transaction/getdonationmethods' | 
17:03:43.999 | Info | '/transaction/getdonordetails' | 
17:06:22.726 | Info | '/transaction/getuserpermissions' | 
17:06:22.730 | Info | '/transaction/getuserpermissions' | 
17:06:31.181 | Info | '/api/user/login' | 
17:06:31.282 | Info | '/transaction/getuserpermissions' | 
17:06:31.284 | Info | '/dashboard' | 
17:06:31.288 | Info | '/transaction/getuserpermissions' | 
17:06:31.294 | Info | '/dashboard' | 
17:06:35.951 | Info | '/transaction/getarea' | 
17:06:35.953 | Info | '/transaction/getdonationtypes' | 
17:06:35.954 | Info | '/transaction/getdonationmethods' | 
17:06:35.960 | Info | '/transaction/getarea' | 
17:06:35.964 | Info | '/transaction/getdonationtypes' | 
17:06:35.966 | Info | '/transaction/getdonationmethods' | 
17:07:06.893 | Info | '/transaction/getdonordetails' | 
17:08:43.521 | Info | '/transaction/getpermissions' | 
17:08:43.526 | Info | '/transaction/getuserroles' | 
17:08:43.537 | Info | '/transaction/getpermissions' | 
17:08:43.540 | Info | '/transaction/getuserroles' | 
17:08:45.947 | Info | '/transaction/getarea' | 
17:08:45.951 | Info | '/transaction/getdonationtypes' | 
17:08:45.953 | Info | '/transaction/getdonationmethods' | 
17:08:45.956 | Info | '/transaction/getarea' | 
17:08:45.961 | Info | '/transaction/getdonationtypes' | 
17:08:45.963 | Info | '/transaction/getdonationmethods' | 
17:08:48.719 | Info | '/transaction/getuserpermissions' | 
17:08:48.724 | Info | '/transaction/getuserpermissions' | 
17:08:53.602 | Info | '/api/user/login' | 
17:08:53.699 | Info | '/transaction/getuserpermissions' | 
17:08:53.704 | Info | '/transaction/getuserpermissions' | 
17:08:53.706 | Info | '/dashboard' | 
17:08:53.715 | Info | '/dashboard' | 
17:09:40.922 | Info | '/transaction/getuserpermissions' | 
17:09:40.926 | Info | '/transaction/getuserpermissions' | 
17:09:45.262 | Info | '/api/user/login' | 
17:09:45.351 | Info | '/transaction/getuserpermissions' | 
17:09:45.357 | Info | '/transaction/getuserpermissions' | 
17:09:45.359 | Info | '/dashboard' | 
17:09:45.367 | Info | '/dashboard' | 
17:09:48.149 | Info | '/transaction/getarea' | 
17:09:48.154 | Info | '/transaction/getdonationtypes' | 
17:09:48.157 | Info | '/transaction/getdonationmethods' | 
17:09:48.158 | Info | '/transaction/getarea' | 
17:09:48.163 | Info | '/transaction/getdonationtypes' | 
17:09:48.166 | Info | '/transaction/getdonationmethods' | 
17:12:00.052 | Info | '/transaction/getuserpermissions' | 
17:12:00.056 | Info | '/transaction/getuserpermissions' | 
17:12:03.574 | Info | '/api/user/login' | 
17:12:03.674 | Info | '/transaction/getuserpermissions' | 
17:12:03.682 | Info | '/transaction/getuserpermissions' | 
17:12:03.684 | Info | '/dashboard' | 
17:12:03.694 | Info | '/dashboard' | 
17:12:06.143 | Info | '/transaction/getarea' | 
17:12:06.145 | Info | '/transaction/getdonationtypes' | 
17:12:06.147 | Info | '/transaction/getdonationmethods' | 
17:12:06.157 | Info | '/transaction/getarea' | 
17:12:06.159 | Info | '/transaction/getdonationtypes' | 
17:12:06.161 | Info | '/transaction/getdonationmethods' | 
17:12:14.743 | Info | '/transaction/getdonordetails' | 
17:12:39.373 | Info | '/transaction/getuserpermissions' | 
17:12:39.379 | Info | '/transaction/getuserpermissions' | 
17:12:44.063 | Info | '/api/user/login' | 
17:12:44.155 | Info | '/transaction/getuserpermissions' | 
17:12:44.159 | Info | '/dashboard' | 
17:12:44.161 | Info | '/transaction/getuserpermissions' | 
17:12:44.169 | Info | '/dashboard' | 
17:12:47.286 | Info | '/transaction/getarea' | 
17:12:47.288 | Info | '/transaction/getdonationtypes' | 
17:12:47.289 | Info | '/transaction/getdonationmethods' | 
17:12:47.296 | Info | '/transaction/getarea' | 
17:12:47.298 | Info | '/transaction/getdonationtypes' | 
17:12:47.301 | Info | '/transaction/getdonationmethods' | 
17:12:56.422 | Info | '/transaction/getdonordetails' | 
17:13:03.957 | Info | '/transaction/getdonordetails' | 
17:13:12.428 | Info | '/transaction/getdonordetails' | 
17:13:45.203 | Info | '/transaction/getdonordetails' | 
17:13:58.979 | Info | '/transaction/getdonordetails' | 
17:14:21.847 | Info | '/transaction/getuserpermissions' | 
17:14:21.850 | Info | '/transaction/getuserpermissions' | 
17:14:29.741 | Info | '/api/user/login' | 
17:14:29.843 | Info | '/transaction/getuserpermissions' | 
17:14:29.850 | Info | '/dashboard' | 
17:14:29.852 | Info | '/transaction/getuserpermissions' | 
17:14:29.859 | Info | '/dashboard' | 
17:14:33.959 | Info | '/transaction/getarea' | 
17:14:33.960 | Info | '/transaction/getdonationtypes' | 
17:14:33.963 | Info | '/transaction/getdonationmethods' | 
17:14:33.969 | Info | '/transaction/getarea' | 
17:14:33.972 | Info | '/transaction/getdonationtypes' | 
17:14:33.975 | Info | '/transaction/getdonationmethods' | 
17:14:40.711 | Info | '/transaction/getdonordetails' | 
17:14:45.962 | Info | '/transaction/getdonordetails' | 
17:14:56.400 | Info | '/transaction/getdonordetails' | 
17:15:52.363 | Info | '/transaction/getuserpermissions' | 
17:15:52.369 | Info | '/transaction/getuserpermissions' | 
17:16:11.701 | Info | '/api/user/login' | 
17:16:11.811 | Info | '/transaction/getuserpermissions' | 
17:16:11.820 | Info | '/dashboard' | 
17:16:11.822 | Info | '/transaction/getuserpermissions' | 
17:16:11.830 | Info | '/dashboard' | 
17:16:14.687 | Info | '/transaction/getarea' | 
17:16:14.689 | Info | '/transaction/getdonationtypes' | 
17:16:14.691 | Info | '/transaction/getdonationmethods' | 
17:16:14.696 | Info | '/transaction/getarea' | 
17:16:14.699 | Info | '/transaction/getdonationtypes' | 
17:16:14.701 | Info | '/transaction/getdonationmethods' | 
17:16:47.009 | Info | '/transaction/getdonordetails' | 
17:16:57.592 | Info | '/transaction/getuserpermissions' | 
17:16:57.599 | Info | '/transaction/getuserpermissions' | 
17:17:03.845 | Info | '/api/user/login' | 
17:17:03.996 | Info | '/transaction/getuserpermissions' | 
17:17:04.000 | Info | '/dashboard' | 
17:17:04.004 | Info | '/transaction/getuserpermissions' | 
17:17:04.015 | Info | '/dashboard' | 
17:17:09.092 | Info | '/transaction/getarea' | 
17:17:09.096 | Info | '/transaction/getdonationtypes' | 
17:17:09.099 | Info | '/transaction/getdonationmethods' | 
17:17:09.104 | Info | '/transaction/getarea' | 
17:17:09.108 | Info | '/transaction/getdonationtypes' | 
17:17:09.109 | Info | '/transaction/getdonationmethods' | 
17:17:27.577 | Info | '/transaction/getdonordetails' | 
17:18:46.839 | Info | '/transaction/getuserpermissions' | 
17:18:46.842 | Info | '/transaction/getuserpermissions' | 
17:18:51.677 | Info | '/api/user/login' | 
17:18:51.794 | Info | '/transaction/getuserpermissions' | 
17:18:51.804 | Info | '/transaction/getuserpermissions' | 
17:18:51.807 | Info | '/dashboard' | 
17:18:51.815 | Info | '/dashboard' | 
17:18:57.970 | Info | '/transaction/getarea' | 
17:18:57.978 | Info | '/transaction/getdonationtypes' | 
17:18:57.980 | Info | '/transaction/getdonationmethods' | 
17:18:57.982 | Info | '/transaction/getarea' | 
17:18:57.997 | Info | '/transaction/getdonationtypes' | 
17:18:58.000 | Info | '/transaction/getdonationmethods' | 
17:19:09.320 | Info | '/transaction/getdonordetails' | 
17:20:56.821 | Info | '/transaction/getuserpermissions' | 
17:20:56.826 | Info | '/transaction/getuserpermissions' | 
17:21:03.051 | Info | '/api/user/login' | 
17:21:03.155 | Info | '/transaction/getuserpermissions' | 
17:21:03.158 | Info | '/dashboard' | 
17:21:03.169 | Info | '/transaction/getuserpermissions' | 
17:21:03.171 | Info | '/dashboard' | 
17:21:05.792 | Info | '/transaction/getarea' | 
17:21:05.793 | Info | '/transaction/getdonationtypes' | 
17:21:05.797 | Info | '/transaction/getdonationmethods' | 
17:21:05.799 | Info | '/transaction/getarea' | 
17:21:05.801 | Info | '/transaction/getdonationtypes' | 
17:21:05.804 | Info | '/transaction/getdonationmethods' | 
17:22:09.690 | Info | '/transaction/getuserpermissions' | 
17:22:09.697 | Info | '/transaction/getuserpermissions' | 
17:22:14.087 | Info | '/api/user/login' | 
17:22:14.185 | Info | '/transaction/getuserpermissions' | 
17:22:14.195 | Info | '/transaction/getuserpermissions' | 
17:22:14.193 | Info | '/dashboard' | 
17:22:14.203 | Info | '/dashboard' | 
17:22:17.326 | Info | '/transaction/getarea' | 
17:22:17.329 | Info | '/transaction/getdonationtypes' | 
17:22:17.332 | Info | '/transaction/getdonationmethods' | 
17:22:17.335 | Info | '/transaction/getarea' | 
17:22:17.340 | Info | '/transaction/getdonationtypes' | 
17:22:17.342 | Info | '/transaction/getdonationmethods' | 
17:22:22.633 | Info | '/transaction/getdonordetails' | 
17:22:31.614 | Info | '/transaction/getdonordetails' | 
17:22:44.142 | Info | '/transaction/getdonordetails' | 
17:23:11.308 | Info | '/transaction/getuserpermissions' | 
17:23:11.312 | Info | '/transaction/getuserpermissions' | 
17:23:15.336 | Info | '/api/user/login' | 
17:23:15.496 | Info | '/transaction/getuserpermissions' | 
17:23:15.497 | Info | '/dashboard' | 
17:23:15.503 | Info | '/transaction/getuserpermissions' | 
17:23:15.530 | Info | '/dashboard' | 
17:23:18.287 | Info | '/transaction/getarea' | 
17:23:18.291 | Info | '/transaction/getdonationtypes' | 
17:23:18.293 | Info | '/transaction/getdonationmethods' | 
17:23:18.294 | Info | '/transaction/getarea' | 
17:23:18.298 | Info | '/transaction/getdonationtypes' | 
17:23:18.302 | Info | '/transaction/getdonationmethods' | 
17:23:25.305 | Info | '/transaction/getdonordetails' | 
17:23:33.117 | Info | '/transaction/getdonordetails' | 
17:24:34.770 | Info | '/transaction/getcenters' | 
17:24:34.777 | Info | '/transaction/getcenters' | 
17:24:35.164 | Info | '/transaction/getpermissions' | 
17:24:35.167 | Info | '/transaction/getuserroles' | 
17:24:35.172 | Info | '/transaction/getpermissions' | 
17:24:35.174 | Info | '/transaction/getuserroles' | 
17:24:35.588 | Info | '/transaction/getcenters' | 
17:24:35.591 | Info | '/transaction/getcenters' | 
17:24:35.876 | Info | '/transaction/getarea' | 
17:24:35.879 | Info | '/transaction/getarea' | 
17:24:36.131 | Info | '/transaction/getdonationtypes' | 
17:24:36.136 | Info | '/transaction/getdonationtypes' | 
17:24:36.446 | Info | '/transaction/getdonationmethods' | 
17:24:36.449 | Info | '/transaction/getdonationmethods' | 
17:24:36.872 | Info | '/transaction/getarea' | 
17:24:36.874 | Info | '/transaction/getdonationpurpose' | 
17:24:36.928 | Info | '/transaction/getarea' | 
17:24:36.938 | Info | '/transaction/getdonationpurpose' | 
17:24:37.165 | Info | '/transaction/getdonationmethods' | 
17:24:37.169 | Info | '/transaction/getdonationmethods' | 
17:24:38.315 | Info | '/dashboard' | 
17:24:38.323 | Info | '/dashboard' | 
