13:01:30.629 | Info | '/transaction/myprofile' | 
13:01:46.447 | Info | '/transaction/myprofile' | 
13:01:46.473 | Info | '/transaction/gettour' | 
13:02:17.718 | Info | '/transaction/myprofile' | 
13:02:17.736 | Info | '/transaction/gettour' | 
13:02:28.196 | Info | '/transaction/myprofile' | 
13:02:32.329 | Info | '/transaction/myprofile' | 
13:02:32.411 | Info | '/transaction/gettour' | 
13:02:42.875 | Info | '/transaction/myprofile' | 
13:02:42.897 | Info | '/transaction/gettourdetails' | 
13:02:50.013 | Info | '/transaction/myprofile' | 
13:02:50.047 | Info | '/transaction/gettourdetails' | 
13:03:03.488 | Info | '/transaction/createcustomer' | 
13:03:04.272 | Info | '/transaction/myprofile' | 
13:03:04.343 | Info | '/transaction/gettourdetails' | 
13:03:12.675 | Info | '/transaction/myprofile' | 
13:03:16.131 | Info | '/transaction/gettourbyuserid' | 
13:03:19.414 | Info | '/transaction/gettourdetails' | 
13:03:19.432 | Info | '/transaction/getcustomer' | 
13:03:42.198 | Info | '/transaction/gettourbyuserid' | 
13:03:42.784 | Info | '/transaction/myprofile' | 
13:03:43.475 | Info | '/transaction/myprofile' | 
13:03:43.495 | Info | '/transaction/gettourdetails' | 
13:03:50.443 | Info | '/transaction/myprofile' | 
13:03:53.940 | Info | '/transaction/myprofile' | 
13:03:56.180 | Info | '/transaction/gettourbyuserid' | 
13:03:59.356 | Info | '/transaction/gettourdetails' | 
13:03:59.371 | Info | '/transaction/getcustomer' | 
13:04:42.793 | Info | '/transaction/gettourbyuserid' | 
13:04:44.321 | Info | '/transaction/gethotelshistory' | 
13:04:46.151 | Info | '/transaction/gettransportbyuserid' | 
13:04:47.683 | Info | '/transaction/gettourbyuserid' | 
13:04:57.690 | Info | '/transaction/myprofile' | 
13:05:03.154 | Info | '/transaction/myprofile' | 
13:05:03.204 | Info | '/transaction/gethotelshistory' | 
13:05:55.157 | Info | '/transaction/myprofile' | 
13:06:07.717 | Info | '/transaction/myprofile' | 
13:06:15.641 | Info | '/transaction/myprofile' | 
13:06:15.683 | Info | '/transaction/gethotelshistory' | 
13:09:22.704 | Info | '/api/user/login' | 
13:09:26.675 | Info | '/api/user/login' | 
13:09:29.615 | Info | '/api/user/login' | 
13:09:29.751 | Info | '/api/user/login' | 
13:09:29.896 | Info | '/api/user/login' | 
13:09:30.047 | Info | '/api/user/login' | 
13:09:33.641 | Info | '/transaction/myprofile' | 
13:09:47.016 | Info | '/api/user/login' | 
13:09:47.104 | Info | '/transaction/myprofile' | 
13:09:55.450 | Info | '/transaction/myprofile' | 
