13:43:19.323 | Info | '/api/user/login' | 
13:43:20.093 | Info | '/transaction/getuserpermissions' | 
13:43:20.213 | Info | '/transaction/myprofile' | 
13:43:20.581 | Info | '/transaction/myrequests' | 
13:43:20.604 | Info | '/transaction/mycollections' | 
13:43:20.641 | Info | '/transaction/getuserpermissions' | 
13:43:20.660 | Info | '/transaction/myprofile' | 
13:43:20.663 | Info | '/transaction/myrequests' | 
13:43:20.671 | Info | '/transaction/myprofile' | 
13:43:20.680 | Info | '/transaction/mycollections' | 
13:43:20.684 | Info | '/transaction/myprofile' | 
13:43:43.694 | Info | '/transaction/getalldonations' | 
13:43:43.779 | Info | '/transaction/getalldonations' | 
13:45:03.911 | Info | '/transaction/getuserpermissions' | 
13:45:03.915 | Info | '/transaction/getuserpermissions' | 
13:45:07.092 | Info | '/api/user/login' | 
13:45:07.207 | Info | '/transaction/getuserpermissions' | 
13:45:07.228 | Info | '/transaction/getuserpermissions' | 
13:45:07.240 | Info | '/transaction/myprofile' | 
13:45:07.244 | Info | '/transaction/myrequests' | 
13:45:07.246 | Info | '/transaction/mycollections' | 
13:45:07.257 | Info | '/transaction/myprofile' | 
13:45:07.263 | Info | '/transaction/mycollections' | 
13:45:07.260 | Info | '/transaction/myrequests' | 
13:45:07.273 | Info | '/transaction/myprofile' | 
13:45:07.279 | Info | '/transaction/myprofile' | 
13:45:11.204 | Info | '/dashboard' | 
13:45:11.240 | Info | '/dashboard' | 
13:45:20.895 | Info | '/transaction/getarea' | 
13:45:20.935 | Info | '/transaction/getdonationtypes' | 
13:45:20.947 | Info | '/transaction/getpaymentmethods' | 
13:45:20.991 | Info | '/transaction/getarea' | 
13:45:20.992 | Info | '/transaction/getdonationtypes' | 
13:45:40.899 | Info | '/transaction/getpaymentmethods' | 
13:46:00.276 | Info | '/transaction/getuserpermissions' | 
13:46:00.289 | Info | '/transaction/getuserpermissions' | 
13:46:05.084 | Info | '/api/user/login' | 
13:46:05.673 | Info | '/transaction/getuserpermissions' | 
13:46:05.686 | Info | '/transaction/myprofile' | 
13:46:05.742 | Info | '/transaction/myrequests' | 
13:46:05.746 | Info | '/transaction/mycollections' | 
13:46:05.761 | Info | '/transaction/getuserpermissions' | 
13:46:05.792 | Info | '/transaction/mycollections' | 
13:46:05.795 | Info | '/transaction/myprofile' | 
13:46:05.798 | Info | '/transaction/myrequests' | 
13:46:05.812 | Info | '/transaction/myprofile' | 
13:46:05.819 | Info | '/transaction/myprofile' | 
13:46:10.670 | Info | '/transaction/getarea' | 
13:46:10.674 | Info | '/transaction/getdonationtypes' | 
13:46:10.680 | Info | '/transaction/getpaymentmethods' | 
13:46:10.696 | Info | '/transaction/getarea' | 
13:46:10.699 | Info | '/transaction/getdonationtypes' | 
13:46:10.701 | Info | '/transaction/getpaymentmethods' | 
13:47:01.735 | Info | '/transaction/getuserpermissions' | 
13:47:01.742 | Info | '/transaction/getuserpermissions' | 
13:47:08.094 | Info | '/api/user/login' | 
13:47:08.224 | Info | '/transaction/getuserpermissions' | 
13:47:08.241 | Info | '/transaction/myprofile' | 
13:47:08.244 | Info | '/transaction/myrequests' | 
13:47:08.246 | Info | '/transaction/mycollections' | 
13:47:08.248 | Info | '/transaction/getuserpermissions' | 
13:47:08.260 | Info | '/transaction/myprofile' | 
13:47:08.265 | Info | '/transaction/myrequests' | 
13:47:08.267 | Info | '/transaction/mycollections' | 
13:47:08.274 | Info | '/transaction/myprofile' | 
13:47:08.280 | Info | '/transaction/myprofile' | 
13:47:11.240 | Info | '/transaction/getarea' | 
13:47:11.245 | Info | '/transaction/getdonationtypes' | 
13:47:11.248 | Info | '/transaction/getpaymentmethods' | 
13:47:11.250 | Info | '/transaction/getarea' | 
13:47:11.264 | Info | '/transaction/getdonationtypes' | 
13:47:11.266 | Info | '/transaction/getpaymentmethods' | 
13:47:22.594 | Info | '/dashboard' | 
13:47:22.895 | Info | '/dashboard' | 
13:47:27.123 | Info | '/transaction/getarea' | 
13:47:27.145 | Info | '/transaction/getdonationtypes' | 
13:47:27.155 | Info | '/transaction/getpaymentmethods' | 
13:47:27.170 | Info | '/transaction/getarea' | 
13:47:27.184 | Info | '/transaction/getdonationtypes' | 
13:47:27.191 | Info | '/transaction/getpaymentmethods' | 
13:47:27.188 | Info | '/transaction/getarea' | 
13:47:27.200 | Info | '/transaction/getdonationtypes' | 
13:47:27.205 | Info | '/transaction/getarea' | 
13:47:27.207 | Info | '/transaction/getpaymentmethods' | 
13:47:27.224 | Info | '/transaction/getdonationtypes' | 
13:47:27.232 | Info | '/transaction/getpaymentmethods' | 
13:49:06.269 | Info | '/transaction/getuserpermissions' | 
13:49:06.280 | Info | '/transaction/getuserpermissions' | 
13:49:12.970 | Info | '/api/user/login' | 
13:49:13.117 | Info | '/transaction/getuserpermissions' | 
13:49:13.151 | Info | '/transaction/myrequests' | 
13:49:13.158 | Info | '/transaction/mycollections' | 
13:49:13.146 | Info | '/transaction/myprofile' | 
13:49:13.182 | Info | '/transaction/myprofile' | 
13:49:13.184 | Info | '/transaction/myrequests' | 
13:49:13.180 | Info | '/transaction/getuserpermissions' | 
13:49:13.196 | Info | '/transaction/myprofile' | 
13:49:13.207 | Info | '/transaction/mycollections' | 
13:49:13.209 | Info | '/transaction/myprofile' | 
13:49:15.865 | Info | '/transaction/getarea' | 
13:49:15.870 | Info | '/transaction/getdonationtypes' | 
13:49:15.872 | Info | '/transaction/getpaymentmethods' | 
13:49:15.874 | Info | '/transaction/getarea' | 
13:49:15.885 | Info | '/transaction/getdonationtypes' | 
13:49:15.887 | Info | '/transaction/getpaymentmethods' | 
14:22:36.378 | Info | '/transaction/getrequests' | 
14:22:36.390 | Info | '/transaction/getrequests' | 
14:22:39.462 | Info | '/transaction/myprofile' | 
14:22:39.468 | Info | '/transaction/myrequests' | 
14:22:39.470 | Info | '/transaction/mycollections' | 
14:22:39.487 | Info | '/transaction/myprofile' | 
14:22:39.489 | Info | '/transaction/myrequests' | 
14:22:39.491 | Info | '/transaction/mycollections' | 
14:22:39.505 | Info | '/transaction/myprofile' | 
14:22:39.512 | Info | '/transaction/myprofile' | 
14:41:09.432 | Info | '/api/user/login' | 
14:41:10.017 | Info | '/transaction/getuserpermissions' | 
14:41:10.027 | Info | '/transaction/myprofile' | 
14:41:10.077 | Info | '/transaction/myrequests' | 
14:41:10.082 | Info | '/transaction/mycollections' | 
14:41:10.095 | Info | '/transaction/getuserpermissions' | 
14:41:10.136 | Info | '/transaction/myprofile' | 
14:41:10.141 | Info | '/transaction/myrequests' | 
14:41:10.144 | Info | '/transaction/mycollections' | 
14:41:10.155 | Info | '/transaction/myprofile' | 
14:41:10.166 | Info | '/transaction/myprofile' | 
14:41:44.186 | Info | '/transaction/getarea' | 
14:41:44.192 | Info | '/transaction/getdonationtypes' | 
14:41:44.197 | Info | '/transaction/getpaymentmethods' | 
14:41:44.210 | Info | '/transaction/getarea' | 
14:41:44.212 | Info | '/transaction/getdonationtypes' | 
14:41:44.213 | Info | '/transaction/getpaymentmethods' | 
14:41:47.418 | Info | '/transaction/getdonordetails' | 
14:41:59.395 | Info | '/transaction/getdonationpurpose' | 
14:42:00.290 | Info | '/transaction/getdonationpurpose' | 
14:42:26.051 | Info | '/transaction/newdonation' | 
14:44:55.758 | Info | '/dashboard' | 
14:44:55.907 | Info | '/dashboard' | 
14:44:57.035 | Info | '/transaction/getarea' | 
14:44:57.038 | Info | '/transaction/getdonationtypes' | 
14:44:57.040 | Info | '/transaction/getpaymentmethods' | 
14:44:57.048 | Info | '/transaction/getarea' | 
14:44:57.054 | Info | '/transaction/getdonationtypes' | 
14:44:57.065 | Info | '/transaction/getpaymentmethods' | 
14:45:08.809 | Info | '/dashboard' | 
14:45:08.821 | Info | '/dashboard' | 
14:45:09.471 | Info | '/transaction/myprofile' | 
14:45:09.479 | Info | '/transaction/myrequests' | 
14:45:09.481 | Info | '/transaction/mycollections' | 
14:45:09.489 | Info | '/transaction/mycollections' | 
14:45:09.511 | Info | '/transaction/myprofile' | 
14:45:09.517 | Info | '/transaction/myprofile' | 
14:45:09.526 | Info | '/transaction/myrequests' | 
14:45:09.528 | Info | '/transaction/myprofile' | 
15:00:08.073 | Info | '/transaction/getcollection' | 
15:00:08.124 | Info | '/transaction/getcollection' | 
15:15:35.099 | Info | '/api/user/login' | 
15:15:35.232 | Info | '/transaction/getuserpermissions' | 
15:15:35.234 | Info | '/transaction/myprofile' | 
15:15:35.241 | Info | '/transaction/myrequests' | 
15:15:35.243 | Info | '/transaction/mycollections' | 
15:15:35.245 | Info | '/transaction/myprofile' | 
15:15:35.261 | Info | '/transaction/myrequests' | 
15:15:35.272 | Info | '/transaction/mycollections' | 
15:15:35.274 | Info | '/transaction/myprofile' | 
15:15:35.286 | Info | '/transaction/myprofile' | 
15:15:35.295 | Info | '/transaction/getuserpermissions' | 
15:15:39.325 | Info | '/transaction/getcollection' | 
15:15:39.342 | Info | '/transaction/getcollection' | 
15:16:11.811 | Info | '/api/user/login' | 
15:16:11.940 | Info | '/transaction/getuserpermissions' | 
15:16:11.951 | Info | '/transaction/myprofile' | 
15:16:11.968 | Info | '/transaction/mycollections' | 
15:16:11.973 | Info | '/transaction/getuserpermissions' | 
15:16:11.966 | Info | '/transaction/myrequests' | 
15:16:11.983 | Info | '/transaction/myprofile' | 
15:16:11.989 | Info | '/transaction/myrequests' | 
15:16:11.992 | Info | '/transaction/mycollections' | 
15:16:12.003 | Info | '/transaction/myprofile' | 
15:16:12.007 | Info | '/transaction/myprofile' | 
15:16:15.101 | Info | '/transaction/getarea' | 
15:16:15.103 | Info | '/transaction/getdonationtypes' | 
15:16:15.106 | Info | '/transaction/getpaymentmethods' | 
15:16:15.116 | Info | '/transaction/getarea' | 
15:16:15.118 | Info | '/transaction/getdonationtypes' | 
15:16:15.120 | Info | '/transaction/getpaymentmethods' | 
15:16:15.668 | Info | '/transaction/getcollection' | 
15:16:15.676 | Info | '/transaction/getcollection' | 
15:17:26.627 | Info | '/api/user/login' | 
15:17:26.776 | Info | '/transaction/getuserpermissions' | 
15:17:26.780 | Info | '/transaction/myprofile' | 
15:17:26.783 | Info | '/transaction/myrequests' | 
15:17:26.786 | Info | '/transaction/mycollections' | 
15:17:26.807 | Info | '/transaction/getuserpermissions' | 
15:17:26.810 | Info | '/transaction/myprofile' | 
15:17:26.812 | Info | '/transaction/myrequests' | 
15:17:26.815 | Info | '/transaction/mycollections' | 
15:17:26.825 | Info | '/transaction/myprofile' | 
15:17:26.831 | Info | '/transaction/myprofile' | 
15:17:38.284 | Info | '/transaction/getcollection' | 
15:17:38.288 | Info | '/transaction/getcollection' | 
15:18:17.630 | Info | '/api/user/login' | 
15:18:17.864 | Info | '/transaction/myprofile' | 
15:18:17.865 | Info | '/transaction/myrequests' | 
15:18:17.870 | Info | '/transaction/getuserpermissions' | 
15:18:17.875 | Info | '/transaction/mycollections' | 
15:18:17.894 | Info | '/transaction/myrequests' | 
15:18:17.891 | Info | '/transaction/myprofile' | 
15:18:17.896 | Info | '/transaction/getuserpermissions' | 
15:18:17.898 | Info | '/transaction/mycollections' | 
15:18:17.977 | Info | '/transaction/myprofile' | 
15:18:17.999 | Info | '/transaction/myprofile' | 
15:18:20.274 | Info | '/transaction/getarea' | 
15:18:20.279 | Info | '/transaction/getdonationtypes' | 
15:18:20.281 | Info | '/transaction/getpaymentmethods' | 
15:18:20.282 | Info | '/transaction/getarea' | 
15:18:20.295 | Info | '/transaction/getdonationtypes' | 
15:18:20.300 | Info | '/transaction/getpaymentmethods' | 
15:18:20.781 | Info | '/transaction/getcollection' | 
15:18:20.795 | Info | '/transaction/getcollection' | 
15:19:58.608 | Info | '/api/user/login' | 
15:19:58.735 | Info | '/transaction/getuserpermissions' | 
15:19:58.751 | Info | '/transaction/myprofile' | 
15:19:58.756 | Info | '/transaction/myrequests' | 
15:19:58.759 | Info | '/transaction/mycollections' | 
15:19:58.761 | Info | '/transaction/getuserpermissions' | 
15:19:58.774 | Info | '/transaction/myprofile' | 
15:19:58.776 | Info | '/transaction/myrequests' | 
15:19:58.778 | Info | '/transaction/mycollections' | 
15:19:58.786 | Info | '/transaction/myprofile' | 
15:19:58.794 | Info | '/transaction/myprofile' | 
15:20:01.903 | Info | '/transaction/getcollection' | 
15:20:01.909 | Info | '/transaction/getcollection' | 
15:21:20.109 | Info | '/api/user/login' | 
15:21:20.239 | Info | '/transaction/getuserpermissions' | 
15:21:20.249 | Info | '/transaction/myprofile' | 
15:21:20.251 | Info | '/transaction/myrequests' | 
15:21:20.252 | Info | '/transaction/mycollections' | 
15:21:20.268 | Info | '/transaction/getuserpermissions' | 
15:21:20.272 | Info | '/transaction/myprofile' | 
15:21:20.273 | Info | '/transaction/myrequests' | 
15:21:20.275 | Info | '/transaction/mycollections' | 
15:21:20.284 | Info | '/transaction/myprofile' | 
15:21:20.289 | Info | '/transaction/myprofile' | 
15:21:24.363 | Info | '/transaction/getcollection' | 
15:21:24.368 | Info | '/transaction/getcollection' | 
15:23:56.268 | Info | '/api/user/login' | 
15:23:56.411 | Info | '/transaction/getuserpermissions' | 
15:23:56.413 | Info | '/transaction/myprofile' | 
15:23:56.415 | Info | '/transaction/myrequests' | 
15:23:56.419 | Info | '/transaction/mycollections' | 
15:23:56.438 | Info | '/transaction/getuserpermissions' | 
15:23:56.444 | Info | '/transaction/myprofile' | 
15:23:56.446 | Info | '/transaction/myrequests' | 
15:23:56.449 | Info | '/transaction/mycollections' | 
15:23:56.464 | Info | '/transaction/myprofile' | 
15:23:56.471 | Info | '/transaction/myprofile' | 
15:23:59.506 | Info | '/transaction/getcollection' | 
15:23:59.511 | Info | '/transaction/getcollection' | 
15:35:07.576 | Info | '/api/user/login' | 
15:35:07.944 | Info | '/transaction/getuserpermissions' | 
15:35:07.966 | Info | '/transaction/myprofile' | 
15:35:08.013 | Info | '/transaction/myrequests' | 
15:35:08.021 | Info | '/transaction/mycollections' | 
15:35:08.032 | Info | '/transaction/getuserpermissions' | 
15:35:08.043 | Info | '/transaction/mycollections' | 
15:35:08.061 | Info | '/transaction/myprofile' | 
15:35:08.068 | Info | '/transaction/myrequests' | 
15:35:08.079 | Info | '/transaction/myprofile' | 
15:35:08.090 | Info | '/transaction/myprofile' | 
15:36:20.103 | Info | '/dashboard' | 
15:36:20.413 | Info | '/dashboard' | 
15:36:27.193 | Info | '/transaction/getalldonations' | 
15:36:27.212 | Info | '/transaction/getalldonations' | 
15:36:43.416 | Info | '/transaction/getalldonations' | 
15:36:43.428 | Info | '/transaction/getalldonations' | 
15:36:45.005 | Info | '/transaction/getalldonations' | 
15:36:45.025 | Info | '/transaction/getalldonations' | 
15:37:08.603 | Info | '/api/user/login' | 
15:37:08.753 | Info | '/transaction/getuserpermissions' | 
15:37:08.771 | Info | '/transaction/myprofile' | 
15:37:08.793 | Info | '/transaction/myrequests' | 
15:37:08.803 | Info | '/transaction/mycollections' | 
15:37:08.818 | Info | '/transaction/getuserpermissions' | 
15:37:08.838 | Info | '/transaction/myprofile' | 
15:37:08.841 | Info | '/transaction/mycollections' | 
15:37:08.843 | Info | '/transaction/myrequests' | 
15:37:08.853 | Info | '/transaction/myprofile' | 
15:37:08.860 | Info | '/transaction/myprofile' | 
15:38:24.922 | Info | '/api/user/login' | 
15:38:25.049 | Info | '/transaction/getuserpermissions' | 
15:38:25.076 | Info | '/transaction/myrequests' | 
15:38:25.080 | Info | '/transaction/mycollections' | 
15:38:25.082 | Info | '/transaction/getuserpermissions' | 
15:38:25.074 | Info | '/transaction/myprofile' | 
15:38:25.094 | Info | '/transaction/myprofile' | 
15:38:25.096 | Info | '/transaction/myrequests' | 
15:38:25.098 | Info | '/transaction/mycollections' | 
15:38:25.107 | Info | '/transaction/myprofile' | 
15:38:25.115 | Info | '/transaction/myprofile' | 
15:39:58.117 | Info | '/dashboard' | 
15:39:58.439 | Info | '/dashboard' | 
15:40:17.312 | Info | '/api/user/login' | 
15:40:17.571 | Info | '/transaction/myprofile' | 
15:40:17.583 | Info | '/transaction/getuserpermissions' | 
15:40:17.592 | Info | '/transaction/myrequests' | 
15:40:17.602 | Info | '/transaction/mycollections' | 
15:40:17.611 | Info | '/transaction/myprofile' | 
15:40:17.624 | Info | '/transaction/mycollections' | 
15:40:17.649 | Info | '/transaction/getuserpermissions' | 
15:40:17.655 | Info | '/transaction/myrequests' | 
15:40:17.663 | Info | '/transaction/myprofile' | 
15:40:17.676 | Info | '/transaction/myprofile' | 
15:42:31.425 | Info | '/api/user/login' | 
15:42:31.922 | Info | '/transaction/myprofile' | 
15:42:31.909 | Info | '/transaction/getuserpermissions' | 
15:42:31.973 | Info | '/transaction/myrequests' | 
15:42:31.978 | Info | '/transaction/mycollections' | 
15:42:31.993 | Info | '/transaction/getuserpermissions' | 
15:42:32.049 | Info | '/transaction/myprofile' | 
15:42:32.057 | Info | '/transaction/myrequests' | 
15:42:32.062 | Info | '/transaction/mycollections' | 
15:42:32.097 | Info | '/transaction/myprofile' | 
15:42:32.111 | Info | '/transaction/myprofile' | 
15:46:28.567 | Info | '/api/user/login' | 
15:46:28.936 | Info | '/transaction/getuserpermissions' | 
15:46:28.981 | Info | '/transaction/myprofile' | 
15:46:29.023 | Info | '/transaction/myrequests' | 
15:46:29.032 | Info | '/transaction/mycollections' | 
15:46:29.038 | Info | '/transaction/getuserpermissions' | 
15:46:29.050 | Info | '/transaction/mycollections' | 
15:46:29.054 | Info | '/transaction/myprofile' | 
15:46:29.067 | Info | '/transaction/myrequests' | 
15:46:29.069 | Info | '/transaction/myprofile' | 
15:46:29.075 | Info | '/transaction/myprofile' | 
15:48:37.910 | Info | '/api/user/login' | 
15:48:38.041 | Info | '/transaction/getuserpermissions' | 
15:48:38.050 | Info | '/transaction/myprofile' | 
15:48:38.054 | Info | '/transaction/mycollections' | 
15:48:38.057 | Info | '/transaction/myrequests' | 
15:48:38.070 | Info | '/transaction/getuserpermissions' | 
15:48:38.083 | Info | '/transaction/myprofile' | 
15:48:38.086 | Info | '/transaction/mycollections' | 
15:48:38.089 | Info | '/transaction/myrequests' | 
15:48:38.099 | Info | '/transaction/myprofile' | 
15:48:38.105 | Info | '/transaction/myprofile' | 
15:48:41.128 | Info | '/transaction/getcollection' | 
15:48:41.150 | Info | '/transaction/getcollection' | 
15:48:43.294 | Info | '/transaction/getcollection' | 
15:48:44.603 | Info | '/transaction/getcollection' | 
15:48:46.136 | Info | '/transaction/getcollection' | 
15:48:47.337 | Info | '/transaction/getcollection' | 
15:48:48.500 | Info | '/transaction/getcollection' | 
15:48:49.319 | Info | '/transaction/getcollection' | 
15:48:50.403 | Info | '/transaction/getcollection' | 
15:49:03.228 | Info | '/transaction/getcollection' | 
15:49:04.460 | Info | '/transaction/getcollection' | 
15:49:05.694 | Info | '/transaction/getcollection' | 
15:49:06.888 | Info | '/transaction/getcollection' | 
15:50:01.579 | Info | '/transaction/getcollection' | 
15:50:03.269 | Info | '/transaction/getcollection' | 
15:50:04.351 | Info | '/transaction/getcollection' | 
15:50:05.904 | Info | '/transaction/getcollection' | 
15:50:08.493 | Info | '/transaction/getcollection' | 
15:50:12.354 | Info | '/transaction/getcollection' | 
15:50:13.698 | Info | '/transaction/getcollection' | 
15:51:17.287 | Info | '/transaction/getcollection' | 
15:51:18.532 | Info | '/transaction/getcollection' | 
15:51:19.463 | Info | '/transaction/getcollection' | 
15:51:20.692 | Info | '/transaction/getcollection' | 
15:55:01.432 | Info | '/transaction/getcollection' | 
15:55:03.481 | Info | '/transaction/getcollection' | 
15:55:04.595 | Info | '/transaction/getcollection' | 
15:55:05.733 | Info | '/transaction/getcollection' | 
15:55:06.939 | Info | '/transaction/getcollection' | 
16:06:12.067 | Info | '/transaction/getcollection' | 
16:06:14.449 | Info | '/transaction/getcollection' | 
16:06:15.785 | Info | '/transaction/getcollection' | 
16:48:24.300 | Info | '/api/user/login' | 
16:48:24.438 | Info | '/transaction/getuserpermissions' | 
16:48:24.462 | Info | '/transaction/myprofile' | 
16:48:24.469 | Info | '/transaction/myrequests' | 
16:48:24.472 | Info | '/transaction/mycollections' | 
16:48:24.474 | Info | '/transaction/getuserpermissions' | 
16:48:24.485 | Info | '/transaction/myprofile' | 
16:48:24.490 | Info | '/transaction/myrequests' | 
16:48:24.495 | Info | '/transaction/mycollections' | 
16:48:24.506 | Info | '/transaction/myprofile' | 
16:48:24.512 | Info | '/transaction/myprofile' | 
16:48:35.851 | Info | '/dashboard' | 
16:48:35.885 | Info | '/dashboard' | 
16:48:36.728 | Info | '/transaction/myprofile' | 
16:48:36.738 | Info | '/transaction/myrequests' | 
16:48:36.740 | Info | '/transaction/mycollections' | 
16:48:36.744 | Info | '/transaction/myprofile' | 
16:48:36.751 | Info | '/transaction/myrequests' | 
16:48:36.753 | Info | '/transaction/mycollections' | 
16:48:36.755 | Info | '/transaction/myprofile' | 
16:48:36.765 | Info | '/transaction/myprofile' | 
16:48:47.586 | Info | '/dashboard' | 
16:48:47.597 | Info | '/dashboard' | 
16:54:34.155 | Info | '/transaction/getarea' | 
16:54:34.161 | Info | '/transaction/getdonationtypes' | 
16:54:34.166 | Info | '/transaction/getpaymentmethods' | 
16:54:34.187 | Info | '/transaction/getarea' | 
16:54:34.192 | Info | '/transaction/getdonationtypes' | 
16:54:34.194 | Info | '/transaction/getpaymentmethods' | 
16:56:38.607 | Info | '/transaction/myprofile' | 
16:56:38.609 | Info | '/transaction/myrequests' | 
16:56:38.610 | Info | '/transaction/mycollections' | 
16:56:38.622 | Info | '/transaction/myprofile' | 
16:56:38.625 | Info | '/transaction/myrequests' | 
16:56:38.627 | Info | '/transaction/mycollections' | 
16:56:38.638 | Info | '/transaction/myprofile' | 
16:56:38.643 | Info | '/transaction/myprofile' | 
16:56:42.057 | Info | '/transaction/getdonation/:refNum/refnum' | 
16:56:42.085 | Info | '/transaction/getdonation/:refNum/refnum' | 
16:56:55.178 | Info | '/dashboard' | 
16:56:55.189 | Info | '/dashboard' | 
16:57:09.895 | Info | '/transaction/myprofile' | 
16:57:09.899 | Info | '/transaction/myrequests' | 
16:57:09.900 | Info | '/transaction/mycollections' | 
16:57:09.913 | Info | '/transaction/myprofile' | 
16:57:09.915 | Info | '/transaction/myrequests' | 
16:57:09.918 | Info | '/transaction/mycollections' | 
16:57:09.928 | Info | '/transaction/myprofile' | 
16:57:09.935 | Info | '/transaction/myprofile' | 
16:57:15.418 | Info | '/transaction/getdonationpurpose' | 
16:57:15.477 | Info | '/transaction/getarea' | 
16:57:15.483 | Info | '/transaction/getdonationpurpose' | 
16:57:15.485 | Info | '/transaction/getarea' | 
16:57:17.100 | Info | '/transaction/getdonationmethods' | 
16:57:17.113 | Info | '/transaction/getdonationmethods' | 
16:57:18.159 | Info | '/transaction/getdonationtypes' | 
16:57:18.156 | Info | '/transaction/getdonationtypes' | 
16:57:18.981 | Info | '/transaction/getarea' | 
16:57:18.986 | Info | '/transaction/getarea' | 
16:57:21.196 | Info | '/transaction/getchannel' | 
16:57:21.224 | Info | '/transaction/getchannel' | 
16:57:22.722 | Info | '/transaction/getcenters' | 
16:57:22.750 | Info | '/transaction/getcenters' | 
16:57:23.724 | Info | '/transaction/getpermissions' | 
16:57:23.729 | Info | '/transaction/getuserroles' | 
16:57:23.777 | Info | '/transaction/getpermissions' | 
16:57:23.781 | Info | '/transaction/getuserroles' | 
16:57:25.367 | Info | '/transaction/getchannel' | 
16:57:25.369 | Info | '/transaction/getcenters' | 
16:57:25.374 | Info | '/transaction/getuserroles' | 
16:57:25.394 | Info | '/transaction/getusers' | 
16:57:25.402 | Info | '/transaction/getchannel' | 
16:57:25.403 | Info | '/transaction/getcenters' | 
16:57:25.420 | Info | '/transaction/getusers' | 
16:57:25.410 | Info | '/transaction/getuserroles' | 
16:59:33.492 | Info | '/transaction/getcollection' | 
16:59:33.513 | Info | '/transaction/getcollection' | 
16:59:41.571 | Info | '/transaction/getcollection' | 
16:59:42.961 | Info | '/transaction/getcollection' | 
16:59:45.629 | Info | '/transaction/getcollection' | 
16:59:47.285 | Info | '/transaction/getcollection' | 
16:59:49.007 | Info | '/transaction/getcollection' | 
16:59:55.928 | Info | '/transaction/myprofile' | 
16:59:55.931 | Info | '/transaction/myrequests' | 
16:59:55.935 | Info | '/transaction/mycollections' | 
16:59:55.939 | Info | '/transaction/myprofile' | 
16:59:55.946 | Info | '/transaction/myrequests' | 
16:59:55.952 | Info | '/transaction/mycollections' | 
16:59:55.956 | Info | '/transaction/myprofile' | 
16:59:55.966 | Info | '/transaction/myprofile' | 
17:04:08.176 | Info | '/transaction/getuserpermissions' | 
17:04:08.180 | Info | '/transaction/getuserpermissions' | 
17:04:13.138 | Info | '/api/user/login' | 
17:04:13.488 | Info | '/transaction/getuserpermissions' | 
17:04:13.490 | Info | '/transaction/myprofile' | 
17:04:13.498 | Info | '/transaction/getuserpermissions' | 
17:04:13.505 | Info | '/transaction/myrequests' | 
17:04:13.507 | Info | '/transaction/myprofile' | 
17:04:13.512 | Info | '/transaction/mycollections' | 
17:04:13.520 | Info | '/transaction/myrequests' | 
17:04:13.523 | Info | '/transaction/myprofile' | 
17:04:13.527 | Info | '/transaction/mycollections' | 
17:04:13.536 | Info | '/transaction/myprofile' | 
17:04:43.208 | Info | '/transaction/getuserpermissions' | 
17:04:43.213 | Info | '/transaction/getuserpermissions' | 
17:04:48.235 | Info | '/api/user/login' | 
17:04:48.357 | Info | '/transaction/getuserpermissions' | 
17:04:48.367 | Info | '/transaction/getuserpermissions' | 
17:04:48.389 | Info | '/transaction/myprofile' | 
17:04:48.392 | Info | '/transaction/myrequests' | 
17:04:48.398 | Info | '/transaction/mycollections' | 
17:04:48.406 | Info | '/transaction/myprofile' | 
17:04:48.408 | Info | '/transaction/myrequests' | 
17:04:48.410 | Info | '/transaction/mycollections' | 
17:04:48.421 | Info | '/transaction/myprofile' | 
17:04:48.426 | Info | '/transaction/myprofile' | 
17:05:15.463 | Info | '/transaction/getuserpermissions' | 
17:05:15.469 | Info | '/transaction/getuserpermissions' | 
17:05:18.712 | Info | '/api/user/login' | 
17:05:18.833 | Info | '/transaction/getuserpermissions' | 
17:05:18.856 | Info | '/transaction/getuserpermissions' | 
17:05:18.869 | Info | '/transaction/myprofile' | 
17:05:18.871 | Info | '/transaction/myrequests' | 
17:05:18.872 | Info | '/transaction/mycollections' | 
17:05:18.882 | Info | '/transaction/myprofile' | 
17:05:18.886 | Info | '/transaction/myrequests' | 
17:05:18.888 | Info | '/transaction/mycollections' | 
17:05:18.898 | Info | '/transaction/myprofile' | 
17:05:18.903 | Info | '/transaction/myprofile' | 
17:05:35.051 | Info | '/transaction/getuserpermissions' | 
17:05:35.057 | Info | '/transaction/getuserpermissions' | 
17:05:39.587 | Info | '/api/user/login' | 
17:05:39.759 | Info | '/transaction/getuserpermissions' | 
17:05:39.784 | Info | '/transaction/myprofile' | 
17:05:39.787 | Info | '/transaction/getuserpermissions' | 
17:05:39.789 | Info | '/transaction/myrequests' | 
17:05:39.791 | Info | '/transaction/mycollections' | 
17:05:39.801 | Info | '/transaction/myprofile' | 
17:05:39.806 | Info | '/transaction/myrequests' | 
17:05:39.807 | Info | '/transaction/mycollections' | 
17:05:39.817 | Info | '/transaction/myprofile' | 
17:05:39.822 | Info | '/transaction/myprofile' | 
17:05:54.900 | Info | '/transaction/getuserpermissions' | 
17:05:54.905 | Info | '/transaction/getuserpermissions' | 
17:05:58.396 | Info | '/api/user/login' | 
17:05:58.510 | Info | '/transaction/getuserpermissions' | 
17:05:58.526 | Info | '/transaction/myprofile' | 
17:05:58.529 | Info | '/transaction/getuserpermissions' | 
17:05:58.535 | Info | '/transaction/myrequests' | 
17:05:58.544 | Info | '/transaction/mycollections' | 
17:05:58.550 | Info | '/transaction/myprofile' | 
17:05:58.559 | Info | '/transaction/myrequests' | 
17:05:58.562 | Info | '/transaction/mycollections' | 
17:05:58.567 | Info | '/transaction/myprofile' | 
17:05:58.577 | Info | '/transaction/myprofile' | 
17:07:03.962 | Info | '/dashboard' | 
17:07:03.973 | Info | '/dashboard' | 
17:07:08.051 | Info | '/transaction/myprofile' | 
17:07:08.054 | Info | '/transaction/myrequests' | 
17:07:08.057 | Info | '/transaction/mycollections' | 
17:07:08.068 | Info | '/transaction/myprofile' | 
17:07:08.070 | Info | '/transaction/myrequests' | 
17:07:08.071 | Info | '/transaction/mycollections' | 
17:07:08.081 | Info | '/transaction/myprofile' | 
17:07:08.086 | Info | '/transaction/myprofile' | 
17:13:17.351 | Info | '/transaction/getuserpermissions' | 
17:13:17.360 | Info | '/transaction/getuserpermissions' | 
17:13:21.041 | Info | '/api/user/login' | 
17:13:21.152 | Info | '/transaction/getuserpermissions' | 
17:13:21.163 | Info | '/transaction/myprofile' | 
17:13:21.168 | Info | '/transaction/getuserpermissions' | 
17:13:21.176 | Info | '/transaction/myrequests' | 
17:13:21.187 | Info | '/transaction/mycollections' | 
17:13:21.190 | Info | '/transaction/myprofile' | 
17:13:21.201 | Info | '/transaction/myrequests' | 
17:13:21.204 | Info | '/transaction/mycollections' | 
17:13:21.205 | Info | '/transaction/myprofile' | 
17:13:21.213 | Info | '/transaction/myprofile' | 
17:13:25.042 | Info | '/transaction/createrequest' | 
17:13:25.220 | Info | '/transaction/getrequests' | 
17:13:43.952 | Info | '/transaction/getuserpermissions' | 
17:13:43.956 | Info | '/transaction/getuserpermissions' | 
17:13:48.083 | Info | '/api/user/login' | 
17:13:48.196 | Info | '/transaction/getuserpermissions' | 
17:13:48.209 | Info | '/transaction/myprofile' | 
17:13:48.212 | Info | '/transaction/getuserpermissions' | 
17:13:48.231 | Info | '/transaction/mycollections' | 
17:13:48.233 | Info | '/transaction/myrequests' | 
17:13:48.234 | Info | '/transaction/myprofile' | 
17:13:48.242 | Info | '/transaction/mycollections' | 
17:13:48.245 | Info | '/transaction/myrequests' | 
17:13:48.247 | Info | '/transaction/myprofile' | 
17:13:48.255 | Info | '/transaction/myprofile' | 
17:13:51.963 | Info | '/transaction/getuserpermissions' | 
17:13:51.970 | Info | '/transaction/getuserpermissions' | 
17:18:45.099 | Info | '/api/user/login' | 
17:18:45.245 | Info | '/transaction/getuserpermissions' | 
17:18:45.253 | Info | '/transaction/myprofile' | 
17:18:45.270 | Info | '/transaction/getuserpermissions' | 
17:18:45.271 | Info | '/transaction/myrequests' | 
17:18:45.273 | Info | '/transaction/mycollections' | 
17:18:45.275 | Info | '/transaction/myprofile' | 
17:18:45.297 | Info | '/transaction/mycollections' | 
17:18:45.290 | Info | '/transaction/myrequests' | 
17:18:45.299 | Info | '/transaction/myprofile' | 
17:18:45.310 | Info | '/transaction/myprofile' | 
17:21:53.341 | Info | '/transaction/getuserpermissions' | 
17:21:53.347 | Info | '/transaction/getuserpermissions' | 
17:21:56.815 | Info | '/api/user/login' | 
17:21:56.930 | Info | '/transaction/getuserpermissions' | 
17:21:56.953 | Info | '/transaction/getuserpermissions' | 
17:21:56.958 | Info | '/transaction/myprofile' | 
17:21:56.973 | Info | '/transaction/myrequests' | 
17:21:56.975 | Info | '/transaction/mycollections' | 
17:21:56.986 | Info | '/transaction/myprofile' | 
17:21:56.988 | Info | '/transaction/myrequests' | 
17:21:56.990 | Info | '/transaction/mycollections' | 
17:21:56.997 | Info | '/transaction/myprofile' | 
17:21:57.006 | Info | '/transaction/myprofile' | 
17:22:01.195 | Info | '/transaction/getuserpermissions' | 
17:22:01.199 | Info | '/transaction/getuserpermissions' | 
17:22:24.844 | Info | '/api/user/login' | 
17:22:24.982 | Info | '/transaction/getuserpermissions' | 
17:22:24.991 | Info | '/transaction/myprofile' | 
17:22:25.005 | Info | '/transaction/myrequests' | 
17:22:25.007 | Info | '/transaction/getuserpermissions' | 
17:22:25.009 | Info | '/transaction/mycollections' | 
17:22:25.017 | Info | '/transaction/myprofile' | 
17:22:25.022 | Info | '/transaction/myrequests' | 
17:22:25.023 | Info | '/transaction/mycollections' | 
17:22:25.030 | Info | '/transaction/myprofile' | 
17:22:25.035 | Info | '/transaction/myprofile' | 
17:26:20.089 | Info | '/transaction/getuserpermissions' | 
17:26:20.097 | Info | '/transaction/getuserpermissions' | 
17:26:23.974 | Info | '/api/user/login' | 
17:26:24.107 | Info | '/transaction/getuserpermissions' | 
17:26:24.130 | Info | '/transaction/getuserpermissions' | 
17:26:24.139 | Info | '/transaction/myprofile' | 
17:26:24.150 | Info | '/transaction/mycollections' | 
17:26:24.146 | Info | '/transaction/myrequests' | 
17:26:24.159 | Info | '/transaction/myprofile' | 
17:26:24.163 | Info | '/transaction/myrequests' | 
17:26:24.165 | Info | '/transaction/mycollections' | 
17:26:24.175 | Info | '/transaction/myprofile' | 
17:26:24.185 | Info | '/transaction/myprofile' | 
17:26:27.575 | Info | '/transaction/createrequest' | 
17:26:27.734 | Info | '/transaction/getrequests' | 
17:31:27.616 | Info | '/transaction/getuserpermissions' | 
17:31:27.644 | Info | '/transaction/getuserpermissions' | 
17:31:33.277 | Info | '/api/user/login' | 
17:31:33.462 | Info | '/transaction/getuserpermissions' | 
17:31:33.469 | Info | '/transaction/myprofile' | 
17:31:33.476 | Info | '/transaction/getuserpermissions' | 
17:31:33.488 | Info | '/transaction/myrequests' | 
17:31:33.497 | Info | '/transaction/mycollections' | 
17:31:33.502 | Info | '/transaction/myprofile' | 
17:31:33.509 | Info | '/transaction/myrequests' | 
17:31:33.514 | Info | '/transaction/mycollections' | 
17:31:33.519 | Info | '/transaction/myprofile' | 
17:31:33.530 | Info | '/transaction/myprofile' | 
17:33:40.626 | Info | '/transaction/myprofile' | 
17:33:40.629 | Info | '/transaction/myrequests' | 
17:33:40.630 | Info | '/transaction/mycollections' | 
17:33:40.642 | Info | '/transaction/myprofile' | 
17:33:40.646 | Info | '/transaction/myrequests' | 
17:33:40.647 | Info | '/transaction/mycollections' | 
17:33:40.661 | Info | '/transaction/myprofile' | 
17:33:40.665 | Info | '/transaction/myprofile' | 
17:55:00.570 | Info | '/transaction/getrequests' | 
17:55:00.578 | Info | '/transaction/getrequests' | 
17:55:03.568 | Info | '/transaction/myprofile' | 
17:55:03.573 | Info | '/transaction/myrequests' | 
17:55:03.575 | Info | '/transaction/mycollections' | 
17:55:03.578 | Info | '/transaction/myprofile' | 
17:55:03.590 | Info | '/transaction/myrequests' | 
17:55:03.592 | Info | '/transaction/mycollections' | 
17:55:03.595 | Info | '/transaction/myprofile' | 
17:55:03.604 | Info | '/transaction/myprofile' | 
17:55:12.658 | Info | '/dashboard' | 
17:55:12.678 | Info | '/dashboard' | 
18:07:23.737 | Info | '/transaction/myprofile' | 
18:07:23.741 | Info | '/transaction/myrequests' | 
18:07:23.742 | Info | '/transaction/mycollections' | 
18:07:23.756 | Info | '/transaction/myprofile' | 
18:07:23.758 | Info | '/transaction/myrequests' | 
18:07:23.760 | Info | '/transaction/mycollections' | 
18:07:23.769 | Info | '/transaction/myprofile' | 
18:07:23.774 | Info | '/transaction/myprofile' | 
18:07:24.486 | Info | '/dashboard' | 
18:07:24.496 | Info | '/dashboard' | 
18:07:27.106 | Info | '/transaction/getarea' | 
18:07:27.112 | Info | '/transaction/getdonationtypes' | 
18:07:27.114 | Info | '/transaction/getpaymentmethods' | 
18:07:27.115 | Info | '/transaction/getarea' | 
18:07:27.131 | Info | '/transaction/getdonationtypes' | 
18:07:27.134 | Info | '/transaction/getpaymentmethods' | 
18:07:30.202 | Info | '/transaction/myprofile' | 
18:07:30.212 | Info | '/transaction/myrequests' | 
18:07:30.214 | Info | '/transaction/myprofile' | 
18:07:30.215 | Info | '/transaction/mycollections' | 
18:07:30.220 | Info | '/transaction/myrequests' | 
18:07:30.222 | Info | '/transaction/myprofile' | 
18:07:30.225 | Info | '/transaction/mycollections' | 
18:07:30.234 | Info | '/transaction/myprofile' | 
18:07:30.682 | Info | '/dashboard' | 
18:07:30.690 | Info | '/dashboard' | 
18:10:36.249 | Info | '/transaction/getuserpermissions' | 
18:10:36.264 | Info | '/transaction/getuserpermissions' | 
18:10:40.512 | Info | '/api/user/login' | 
18:10:40.618 | Info | '/transaction/getuserpermissions' | 
18:10:40.634 | Info | '/transaction/getuserpermissions' | 
18:10:40.644 | Info | '/transaction/myprofile' | 
18:10:40.655 | Info | '/transaction/myrequests' | 
18:10:40.657 | Info | '/transaction/mycollections' | 
18:10:40.664 | Info | '/transaction/myprofile' | 
18:10:40.666 | Info | '/transaction/myrequests' | 
18:10:40.668 | Info | '/transaction/mycollections' | 
18:10:40.674 | Info | '/transaction/myprofile' | 
18:10:40.679 | Info | '/transaction/myprofile' | 
18:10:48.635 | Info | '/dashboard' | 
18:10:48.645 | Info | '/dashboard' | 
18:10:50.098 | Info | '/transaction/myprofile' | 
18:10:50.099 | Info | '/transaction/myrequests' | 
18:10:50.102 | Info | '/transaction/mycollections' | 
18:10:50.112 | Info | '/transaction/myprofile' | 
18:10:50.114 | Info | '/transaction/myrequests' | 
18:10:50.115 | Info | '/transaction/mycollections' | 
18:10:50.124 | Info | '/transaction/myprofile' | 
18:10:50.130 | Info | '/transaction/myprofile' | 
18:10:59.181 | Info | '/transaction/getdonation/:refNum/refnum' | 
18:10:59.183 | Info | '/transaction/getdonation/:refNum/refnum' | 
19:03:37.591 | Info | '/transaction/getuserpermissions' | 
19:03:37.601 | Info | '/transaction/getuserpermissions' | 
19:03:42.370 | Info | '/api/user/login' | 
19:03:43.090 | Info | '/transaction/getuserpermissions' | 
19:03:43.160 | Info | '/transaction/myrequests' | 
19:03:43.171 | Info | '/transaction/mycollections' | 
19:03:43.174 | Info | '/transaction/myprofile' | 
19:03:43.451 | Info | '/transaction/getuserpermissions' | 
19:03:43.480 | Info | '/transaction/mycollections' | 
19:03:43.483 | Info | '/transaction/myrequests' | 
19:03:43.488 | Info | '/transaction/myprofile' | 
19:03:43.499 | Info | '/transaction/myprofile' | 
19:03:43.505 | Info | '/transaction/myprofile' | 
19:08:05.919 | Info | '/transaction/postsettlementrequest' | 
19:08:05.996 | Info | ({}) | 
19:10:35.120 | Info | '/transaction/postsettlementrequest' | 
19:10:35.137 | Info | ({}) | 
19:12:45.830 | Info | '/transaction/postsettlementrequest' | 
19:13:58.992 | Info | '/transaction/postsettlementrequest' | 
19:14:28.805 | Info | '/transaction/postsettlementrequest' | 
19:15:44.531 | Info | '/transaction/postsettlementrequest' | 
19:16:58.845 | Info | '/transaction/postsettlementrequest' | 
19:17:21.658 | Info | '/transaction/postsettlementrequest' | 
19:17:47.355 | Info | '/transaction/postsettlementrequest' | 
19:18:50.705 | Info | '/transaction/postsettlementrequest' | 
19:38:38.146 | Info | '/transaction/postsettlementrequest' | 
19:39:28.382 | Info | '/transaction/postsettlementrequest' | 
19:43:21.383 | Info | '/transaction/getuserpermissions' | 
19:43:21.396 | Info | '/transaction/getuserpermissions' | 
19:45:49.204 | Info | '/api/user/login' | 
19:45:50.268 | Info | '/transaction/getuserpermissions' | 
19:45:50.353 | Info | '/transaction/myprofile' | 
19:45:51.201 | Info | '/transaction/myrequests' | 
19:45:51.436 | Info | '/transaction/mycollections' | 
19:45:51.522 | Info | '/transaction/getuserpermissions' | 
19:45:51.546 | Info | '/transaction/myprofile' | 
19:45:51.563 | Info | '/transaction/myprofile' | 
19:45:51.574 | Info | '/transaction/myprofile' | 
19:45:51.647 | Info | '/transaction/mycollections' | 
19:46:08.425 | Info | ({}) | 
19:46:08.414 | Info | '/transaction/postsettlementrequest' | 
19:46:10.267 | Info | '/transaction/myrequests' | 
19:47:06.756 | Info | '/transaction/postsettlementrequest' | 
19:49:08.097 | Info | '/transaction/postsettlementrequest' | 
19:51:23.950 | Info | '/dashboard' | 
19:51:24.139 | Info | '/dashboard' | 
19:51:24.964 | Info | '/transaction/myprofile' | 
19:51:24.973 | Info | '/transaction/myrequests' | 
19:51:24.975 | Info | '/transaction/mycollections' | 
19:51:24.990 | Info | '/transaction/myprofile' | 
19:51:25.005 | Info | '/transaction/myprofile' | 
19:51:25.007 | Info | '/transaction/myrequests' | 
19:51:25.019 | Info | '/transaction/mycollections' | 
19:51:25.021 | Info | '/transaction/myprofile' | 
19:51:28.958 | Info | '/transaction/getcollection' | 
19:51:28.981 | Info | '/transaction/getcollection' | 
19:51:30.567 | Info | '/transaction/getcollection' | 
19:51:33.193 | Info | '/transaction/getcollection' | 
19:53:19.295 | Info | '/transaction/getcollection' | 
19:53:20.697 | Info | '/transaction/getcollection' | 
19:53:23.194 | Info | '/transaction/getcollection' | 
19:53:25.186 | Info | '/transaction/getcollection' | 
19:53:28.826 | Info | '/transaction/getcollection' | 
19:53:39.396 | Info | '/transaction/getcollection' | 
19:53:45.276 | Info | '/transaction/getcollection' | 
19:53:47.158 | Info | '/transaction/getcollection' | 
19:55:07.718 | Info | '/dashboard' | 
19:55:07.737 | Info | '/dashboard' | 
19:55:10.609 | Info | '/transaction/myprofile' | 
19:55:10.611 | Info | '/transaction/myrequests' | 
19:55:10.612 | Info | '/transaction/mycollections' | 
19:55:10.625 | Info | '/transaction/myprofile' | 
19:55:10.627 | Info | '/transaction/myrequests' | 
19:55:10.629 | Info | '/transaction/mycollections' | 
19:55:10.645 | Info | '/transaction/myprofile' | 
19:55:10.655 | Info | '/transaction/myprofile' | 
20:16:33.033 | Info | '/transaction/getuserpermissions' | 
20:16:33.042 | Info | '/transaction/getuserpermissions' | 
20:16:36.140 | Info | '/api/user/login' | 
20:16:36.269 | Info | '/transaction/getuserpermissions' | 
20:16:36.326 | Info | '/transaction/myprofile' | 
20:16:36.330 | Info | '/transaction/getuserpermissions' | 
20:16:36.332 | Info | '/transaction/myrequests' | 
20:16:36.333 | Info | '/transaction/mycollections' | 
20:16:36.344 | Info | '/transaction/myprofile' | 
20:16:36.348 | Info | '/transaction/myrequests' | 
20:16:36.356 | Info | '/transaction/myprofile' | 
20:16:36.360 | Info | '/transaction/mycollections' | 
20:16:36.373 | Info | '/transaction/myprofile' | 
20:17:54.796 | Info | '/transaction/getuserpermissions' | 
20:17:54.801 | Info | '/transaction/getuserpermissions' | 
20:17:57.799 | Info | '/api/user/login' | 
20:17:57.934 | Info | '/transaction/getuserpermissions' | 
20:17:57.960 | Info | '/transaction/getuserpermissions' | 
20:17:57.970 | Info | '/transaction/myprofile' | 
20:17:57.972 | Info | '/transaction/myrequests' | 
20:17:57.976 | Info | '/transaction/mycollections' | 
20:17:57.990 | Info | '/transaction/myrequests' | 
20:17:58.008 | Info | '/transaction/myprofile' | 
20:17:58.034 | Info | '/transaction/myprofile' | 
20:17:58.040 | Info | '/transaction/mycollections' | 
20:17:58.056 | Info | '/transaction/myprofile' | 
20:18:01.820 | Info | '/transaction/getrequests' | 
20:18:01.827 | Info | '/transaction/getrequests' | 
20:18:20.196 | Info | '/transaction/getuserpermissions' | 
20:18:20.202 | Info | '/transaction/getuserpermissions' | 
20:18:23.842 | Info | '/api/user/login' | 
20:18:23.960 | Info | '/transaction/getuserpermissions' | 
20:18:23.997 | Info | '/transaction/myprofile' | 
20:18:24.005 | Info | '/transaction/mycollections' | 
20:18:24.002 | Info | '/transaction/getuserpermissions' | 
20:18:24.004 | Info | '/transaction/myrequests' | 
20:18:24.018 | Info | '/transaction/myprofile' | 
20:18:24.021 | Info | '/transaction/myrequests' | 
20:18:24.023 | Info | '/transaction/mycollections' | 
20:18:24.034 | Info | '/transaction/myprofile' | 
20:18:24.040 | Info | '/transaction/myprofile' | 
20:18:27.299 | Info | '/transaction/getrequests' | 
20:18:27.318 | Info | '/transaction/getrequests' | 
20:35:00.278 | Info | '/transaction/getuserpermissions' | 
20:35:00.294 | Info | '/transaction/getuserpermissions' | 
20:35:04.128 | Info | '/api/user/login' | 
20:35:04.621 | Info | '/transaction/getuserpermissions' | 
20:35:04.674 | Info | '/transaction/getuserpermissions' | 
20:35:04.718 | Info | '/transaction/myprofile' | 
20:35:04.794 | Info | '/transaction/myrequests' | 
20:35:04.851 | Info | '/transaction/mycollections' | 
20:35:05.002 | Info | '/transaction/myrequests' | 
20:35:05.009 | Info | '/transaction/myprofile' | 
20:35:05.061 | Info | '/transaction/mycollections' | 
20:35:05.067 | Info | '/transaction/myprofile' | 
20:35:05.089 | Info | '/transaction/myprofile' | 
20:35:07.575 | Info | '/transaction/getsettlementrequest' | 
20:35:07.698 | Info | '/transaction/getsettlementrequest' | 
20:35:31.523 | Info | '/transaction/getsettlementrequest' | 
20:35:31.620 | Info | '/transaction/getsettlementrequest' | 
20:36:19.638 | Info | '/transaction/getuserpermissions' | 
20:36:19.644 | Info | '/transaction/getuserpermissions' | 
20:36:23.241 | Info | '/api/user/login' | 
20:36:23.388 | Info | '/transaction/getuserpermissions' | 
20:36:23.411 | Info | '/transaction/myprofile' | 
20:36:23.414 | Info | '/transaction/myrequests' | 
20:36:23.416 | Info | '/transaction/mycollections' | 
20:36:23.418 | Info | '/transaction/getuserpermissions' | 
20:36:23.433 | Info | '/transaction/myprofile' | 
20:36:23.437 | Info | '/transaction/mycollections' | 
20:36:23.435 | Info | '/transaction/myrequests' | 
20:36:23.447 | Info | '/transaction/myprofile' | 
20:36:23.453 | Info | '/transaction/myprofile' | 
20:36:26.137 | Info | '/transaction/getsettlementrequest' | 
20:36:26.199 | Info | '/transaction/getsettlementrequest' | 
20:38:50.661 | Info | '/transaction/getuserpermissions' | 
20:38:50.668 | Info | '/transaction/getuserpermissions' | 
20:38:53.717 | Info | '/api/user/login' | 
20:38:53.831 | Info | '/transaction/getuserpermissions' | 
20:38:53.855 | Info | '/transaction/getuserpermissions' | 
20:38:53.857 | Info | '/transaction/myprofile' | 
20:38:53.876 | Info | '/transaction/myrequests' | 
20:38:53.877 | Info | '/transaction/mycollections' | 
20:38:53.887 | Info | '/transaction/myprofile' | 
20:38:53.889 | Info | '/transaction/myrequests' | 
20:38:53.892 | Info | '/transaction/mycollections' | 
20:38:53.902 | Info | '/transaction/myprofile' | 
20:38:53.907 | Info | '/transaction/myprofile' | 
20:38:56.575 | Info | '/transaction/getsettlementrequest' | 
20:38:56.715 | Info | '/transaction/getsettlementrequest' | 
20:39:37.042 | Info | '/transaction/getrequests' | 
20:39:37.059 | Info | '/transaction/getrequests' | 
20:39:42.825 | Info | '/transaction/getuserpermissions' | 
20:39:42.859 | Info | '/transaction/getuserpermissions' | 
20:39:46.177 | Info | '/api/user/login' | 
20:39:46.304 | Info | '/transaction/getuserpermissions' | 
20:39:46.333 | Info | '/transaction/myprofile' | 
20:39:46.340 | Info | '/transaction/myrequests' | 
20:39:46.342 | Info | '/transaction/getuserpermissions' | 
20:39:46.363 | Info | '/transaction/mycollections' | 
20:39:46.379 | Info | '/transaction/myprofile' | 
20:39:46.382 | Info | '/transaction/myrequests' | 
20:39:46.385 | Info | '/transaction/mycollections' | 
20:39:46.396 | Info | '/transaction/myprofile' | 
20:39:46.403 | Info | '/transaction/myprofile' | 
20:39:49.991 | Info | '/transaction/getrequests' | 
20:39:49.997 | Info | '/transaction/getrequests' | 
20:39:51.609 | Info | '/transaction/getsettlementrequest' | 
20:39:51.658 | Info | '/transaction/getsettlementrequest' | 
20:41:03.930 | Info | '/transaction/getrequests' | 
20:41:04.607 | Info | '/transaction/getrequests' | 
20:41:08.679 | Info | '/transaction/getuserpermissions' | 
20:41:08.699 | Info | '/transaction/getuserpermissions' | 
20:41:16.446 | Info | '/api/user/login' | 
20:41:16.726 | Info | '/transaction/getuserpermissions' | 
20:41:16.736 | Info | '/transaction/myprofile' | 
20:41:16.779 | Info | '/transaction/myrequests' | 
20:41:16.783 | Info | '/transaction/mycollections' | 
20:41:16.798 | Info | '/transaction/getuserpermissions' | 
20:41:16.842 | Info | '/transaction/myrequests' | 
20:41:16.848 | Info | '/transaction/myprofile' | 
20:41:16.851 | Info | '/transaction/mycollections' | 
20:41:16.862 | Info | '/transaction/myprofile' | 
20:41:16.894 | Info | '/transaction/myprofile' | 
20:41:20.243 | Info | '/transaction/getsettlementrequest' | 
20:41:20.349 | Info | '/transaction/getsettlementrequest' | 
20:42:00.593 | Info | '/transaction/myrequests' | 
20:42:00.906 | Info | '/transaction/myprofile' | 
20:42:00.950 | Info | '/transaction/mycollections' | 
20:42:01.029 | Info | '/transaction/myrequests' | 
20:42:01.037 | Info | '/transaction/myprofile' | 
20:42:01.043 | Info | '/transaction/mycollections' | 
20:42:01.073 | Info | '/transaction/myprofile' | 
20:42:01.085 | Info | '/transaction/myprofile' | 
20:42:02.195 | Info | '/transaction/getsettlementrequest' | 
20:42:02.286 | Info | '/transaction/getsettlementrequest' | 
20:42:08.647 | Info | '/transaction/myprofile' | 
20:42:08.654 | Info | '/transaction/myrequests' | 
20:42:08.656 | Info | '/transaction/mycollections' | 
20:42:08.678 | Info | '/transaction/myprofile' | 
20:42:08.681 | Info | '/transaction/myrequests' | 
20:42:08.682 | Info | '/transaction/mycollections' | 
20:42:08.691 | Info | '/transaction/myprofile' | 
20:42:08.699 | Info | '/transaction/myprofile' | 
20:42:09.785 | Info | '/transaction/getsettlementrequest' | 
20:42:09.820 | Info | '/transaction/getsettlementrequest' | 
20:43:52.565 | Info | '/transaction/myprofile' | 
20:43:52.568 | Info | '/transaction/myrequests' | 
20:43:52.570 | Info | '/transaction/mycollections' | 
20:43:52.588 | Info | '/transaction/myprofile' | 
20:43:52.591 | Info | '/transaction/myrequests' | 
20:43:52.593 | Info | '/transaction/mycollections' | 
20:43:52.603 | Info | '/transaction/myprofile' | 
20:43:52.610 | Info | '/transaction/myprofile' | 
20:43:54.793 | Info | '/transaction/getsettlementrequest' | 
20:43:54.802 | Info | '/transaction/getsettlementrequest' | 
20:44:10.718 | Info | '/transaction/getrequests' | 
20:44:11.124 | Info | '/transaction/getrequests' | 
20:44:22.675 | Info | '/transaction/getuserpermissions' | 
20:44:22.683 | Info | '/transaction/getuserpermissions' | 
20:44:26.274 | Info | '/api/user/login' | 
20:44:26.402 | Info | '/transaction/getuserpermissions' | 
20:44:26.437 | Info | '/transaction/myprofile' | 
20:44:26.501 | Info | '/transaction/myrequests' | 
20:44:26.507 | Info | '/transaction/getuserpermissions' | 
20:44:26.509 | Info | '/transaction/mycollections' | 
20:44:26.535 | Info | '/transaction/myprofile' | 
20:44:26.554 | Info | '/transaction/myrequests' | 
20:44:26.557 | Info | '/transaction/myprofile' | 
20:44:26.560 | Info | '/transaction/mycollections' | 
20:44:26.575 | Info | '/transaction/myprofile' | 
20:44:31.595 | Info | '/transaction/getrequests' | 
20:44:31.601 | Info | '/transaction/getrequests' | 
20:44:33.312 | Info | '/transaction/getsettlementrequest' | 
20:44:33.339 | Info | '/transaction/getsettlementrequest' | 
20:45:55.035 | Info | '/transaction/getrequests' | 
20:45:55.253 | Info | '/transaction/getrequests' | 
20:46:04.094 | Info | '/transaction/getuserpermissions' | 
20:46:04.129 | Info | '/transaction/getuserpermissions' | 
20:46:07.736 | Info | '/api/user/login' | 
20:46:07.864 | Info | '/transaction/getuserpermissions' | 
20:46:07.912 | Info | '/transaction/myprofile' | 
20:46:07.955 | Info | '/transaction/getuserpermissions' | 
20:46:07.961 | Info | '/transaction/myrequests' | 
20:46:07.966 | Info | '/transaction/mycollections' | 
20:46:07.982 | Info | '/transaction/myprofile' | 
20:46:07.999 | Info | '/transaction/myprofile' | 
20:46:08.002 | Info | '/transaction/myrequests' | 
20:46:08.026 | Info | '/transaction/mycollections' | 
20:46:08.029 | Info | '/transaction/myprofile' | 
20:46:11.651 | Info | '/transaction/getrequests' | 
20:46:11.658 | Info | '/transaction/getrequests' | 
20:46:13.442 | Info | '/transaction/getsettlementrequest' | 
20:46:13.459 | Info | '/transaction/getsettlementrequest' | 
20:46:14.162 | Info | '/transaction/getrequests' | 
20:46:14.169 | Info | '/transaction/getrequests' | 
20:46:37.584 | Info | '/transaction/getuserpermissions' | 
20:46:37.594 | Info | '/transaction/getuserpermissions' | 
20:46:40.843 | Info | '/api/user/login' | 
20:46:40.957 | Info | '/transaction/getuserpermissions' | 
20:46:40.982 | Info | '/transaction/getuserpermissions' | 
20:46:40.993 | Info | '/transaction/myprofile' | 
20:46:40.995 | Info | '/transaction/myrequests' | 
20:46:40.997 | Info | '/transaction/mycollections' | 
20:46:41.012 | Info | '/transaction/myprofile' | 
20:46:41.014 | Info | '/transaction/myrequests' | 
20:46:41.016 | Info | '/transaction/mycollections' | 
20:46:41.029 | Info | '/transaction/myprofile' | 
20:46:41.035 | Info | '/transaction/myprofile' | 
20:46:44.601 | Info | '/transaction/getsettlementrequest' | 
20:46:44.617 | Info | '/transaction/getsettlementrequest' | 
20:46:45.076 | Info | '/transaction/getrequests' | 
20:46:45.081 | Info | '/transaction/getrequests' | 
20:46:45.583 | Info | '/transaction/getsettlementrequest' | 
20:46:45.594 | Info | '/transaction/getsettlementrequest' | 
20:46:46.120 | Info | '/transaction/getrequests' | 
20:46:46.125 | Info | '/transaction/getrequests' | 
20:46:46.837 | Info | '/transaction/getsettlementrequest' | 
20:46:46.853 | Info | '/transaction/getsettlementrequest' | 
20:46:47.389 | Info | '/transaction/getrequests' | 
20:46:47.397 | Info | '/transaction/getrequests' | 
20:46:47.956 | Info | '/transaction/getsettlementrequest' | 
20:46:47.971 | Info | '/transaction/getsettlementrequest' | 
20:47:15.746 | Info | '/transaction/getuserpermissions' | 
20:47:15.764 | Info | '/transaction/getuserpermissions' | 
20:47:19.174 | Info | '/api/user/login' | 
20:47:19.524 | Info | '/transaction/getuserpermissions' | 
20:47:19.567 | Info | '/transaction/myprofile' | 
20:47:19.617 | Info | '/transaction/myrequests' | 
20:47:19.640 | Info | '/transaction/getuserpermissions' | 
20:47:19.642 | Info | '/transaction/mycollections' | 
20:47:19.658 | Info | '/transaction/myprofile' | 
20:47:19.675 | Info | '/transaction/myprofile' | 
20:47:19.680 | Info | '/transaction/myrequests' | 
20:47:19.700 | Info | '/transaction/mycollections' | 
20:47:19.708 | Info | '/transaction/myprofile' | 
20:47:24.243 | Info | '/transaction/getsettlementrequest' | 
20:47:24.279 | Info | '/transaction/getsettlementrequest' | 
20:48:01.239 | Info | '/transaction/getsettlementrequest' | 
20:48:01.247 | Info | '/transaction/getsettlementrequest' | 
20:50:09.551 | Info | '/transaction/getuserpermissions' | 
20:50:09.557 | Info | '/transaction/getuserpermissions' | 
20:50:12.861 | Info | '/api/user/login' | 
20:50:12.976 | Info | '/transaction/getuserpermissions' | 
20:50:13.001 | Info | '/transaction/getuserpermissions' | 
20:50:13.010 | Info | '/transaction/myprofile' | 
20:50:13.015 | Info | '/transaction/myrequests' | 
20:50:13.017 | Info | '/transaction/mycollections' | 
20:50:13.029 | Info | '/transaction/myprofile' | 
20:50:13.032 | Info | '/transaction/myrequests' | 
20:50:13.034 | Info | '/transaction/mycollections' | 
20:50:13.046 | Info | '/transaction/myprofile' | 
20:50:13.052 | Info | '/transaction/myprofile' | 
20:50:15.706 | Info | '/transaction/getsettlementrequest' | 
20:50:15.713 | Info | '/transaction/getsettlementrequest' | 
20:50:45.360 | Info | '/transaction/getuserpermissions' | 
20:50:45.369 | Info | '/transaction/getuserpermissions' | 
20:50:49.084 | Info | '/api/user/login' | 
20:50:49.200 | Info | '/transaction/getuserpermissions' | 
20:50:49.225 | Info | '/transaction/getuserpermissions' | 
20:50:49.254 | Info | '/transaction/myprofile' | 
20:50:49.259 | Info | '/transaction/myrequests' | 
20:50:49.262 | Info | '/transaction/mycollections' | 
20:50:49.272 | Info | '/transaction/myprofile' | 
20:50:49.276 | Info | '/transaction/myrequests' | 
20:50:49.278 | Info | '/transaction/mycollections' | 
20:50:49.288 | Info | '/transaction/myprofile' | 
20:50:49.293 | Info | '/transaction/myprofile' | 
20:50:51.800 | Info | '/transaction/getsettlementrequest' | 
20:50:51.806 | Info | '/transaction/getsettlementrequest' | 
21:10:10.469 | Info | '/transaction/getuserpermissions' | 
21:10:10.480 | Info | '/transaction/getuserpermissions' | 
21:10:13.774 | Info | '/api/user/login' | 
21:10:13.895 | Info | '/transaction/getuserpermissions' | 
21:10:13.921 | Info | '/transaction/myprofile' | 
21:10:13.934 | Info | '/transaction/getuserpermissions' | 
21:10:13.938 | Info | '/transaction/myrequests' | 
21:10:13.940 | Info | '/transaction/mycollections' | 
21:10:13.953 | Info | '/transaction/myprofile' | 
21:10:13.957 | Info | '/transaction/myrequests' | 
21:10:13.959 | Info | '/transaction/mycollections' | 
21:10:13.969 | Info | '/transaction/myprofile' | 
21:10:13.974 | Info | '/transaction/myprofile' | 
21:10:21.411 | Info | '/transaction/getchannel' | 
21:10:21.417 | Info | '/transaction/getcenters' | 
21:10:21.421 | Info | '/transaction/getuserroles' | 
21:10:21.426 | Info | '/transaction/getusers' | 
21:10:21.434 | Info | '/transaction/getchannel' | 
21:10:21.438 | Info | '/transaction/getcenters' | 
21:10:21.441 | Info | '/transaction/getuserroles' | 
21:10:21.446 | Info | '/transaction/getusers' | 
21:10:36.608 | Info | '/transaction/getsettlementrequest' | 
21:10:36.615 | Info | '/transaction/getsettlementrequest' | 
21:13:30.592 | Info | '/transaction/getuserpermissions' | 
21:13:30.601 | Info | '/transaction/getuserpermissions' | 
21:13:34.889 | Info | '/api/user/login' | 
21:13:35.024 | Info | '/transaction/getuserpermissions' | 
21:13:35.056 | Info | '/transaction/mycollections' | 
21:13:35.069 | Info | '/transaction/myprofile' | 
21:13:35.073 | Info | '/transaction/myrequests' | 
21:13:35.088 | Info | '/transaction/getuserpermissions' | 
21:13:35.102 | Info | '/transaction/mycollections' | 
21:13:35.109 | Info | '/transaction/myprofile' | 
21:13:35.111 | Info | '/transaction/myrequests' | 
21:13:35.123 | Info | '/transaction/myprofile' | 
21:13:35.129 | Info | '/transaction/myprofile' | 
21:20:15.400 | Info | '/transaction/getuserpermissions' | 
21:20:15.406 | Info | '/transaction/getuserpermissions' | 
21:20:18.260 | Info | '/api/user/login' | 
21:20:18.424 | Info | '/transaction/getuserpermissions' | 
21:20:18.470 | Info | '/transaction/myprofile' | 
21:20:18.485 | Info | '/transaction/myrequests' | 
21:20:18.495 | Info | '/transaction/mycollections' | 
21:20:18.498 | Info | '/transaction/getuserpermissions' | 
21:20:18.518 | Info | '/transaction/myprofile' | 
21:20:18.526 | Info | '/transaction/mycollections' | 
21:20:18.520 | Info | '/transaction/myrequests' | 
21:20:18.542 | Info | '/transaction/myprofile' | 
21:20:18.550 | Info | '/transaction/myprofile' | 
21:20:22.827 | Info | '/transaction/getsettlementrequest' | 
21:20:22.831 | Info | '/transaction/getsettlementrequest' | 
21:21:04.174 | Info | '/transaction/getsettlementrequest' | 
21:21:04.180 | Info | '/transaction/getsettlementrequest' | 
21:30:44.182 | Info | '/transaction/getuserpermissions' | 
21:30:44.190 | Info | '/transaction/getuserpermissions' | 
21:30:47.192 | Info | '/api/user/login' | 
21:30:47.306 | Info | '/transaction/getuserpermissions' | 
21:30:47.366 | Info | '/transaction/getuserpermissions' | 
21:30:47.370 | Info | '/transaction/myprofile' | 
21:30:47.373 | Info | '/transaction/myrequests' | 
21:30:47.375 | Info | '/transaction/mycollections' | 
21:30:47.386 | Info | '/transaction/myprofile' | 
21:30:47.390 | Info | '/transaction/myrequests' | 
21:30:47.392 | Info | '/transaction/mycollections' | 
21:30:47.405 | Info | '/transaction/myprofile' | 
21:30:47.414 | Info | '/transaction/myprofile' | 
21:30:50.768 | Info | '/transaction/getsettlementrequest' | 
21:30:50.774 | Info | '/transaction/getsettlementrequest' | 
21:31:43.451 | Info | '/transaction/getuserpermissions' | 
21:31:43.465 | Info | '/transaction/getuserpermissions' | 
21:31:47.684 | Info | '/api/user/login' | 
21:31:47.793 | Info | '/transaction/getuserpermissions' | 
21:31:47.816 | Info | '/transaction/getuserpermissions' | 
21:31:47.818 | Info | '/transaction/myprofile' | 
21:31:47.838 | Info | '/transaction/myrequests' | 
21:31:47.841 | Info | '/transaction/mycollections' | 
21:31:47.843 | Info | '/transaction/myprofile' | 
21:31:47.856 | Info | '/transaction/myrequests' | 
21:31:47.858 | Info | '/transaction/mycollections' | 
21:31:47.860 | Info | '/transaction/myprofile' | 
21:31:47.875 | Info | '/transaction/myprofile' | 
21:31:50.395 | Info | '/transaction/getsettlementrequest' | 
21:31:50.399 | Info | '/transaction/getsettlementrequest' | 
21:34:03.759 | Info | '/transaction/getuserpermissions' | 
21:34:03.768 | Info | '/transaction/getuserpermissions' | 
21:34:06.981 | Info | '/api/user/login' | 
21:34:07.177 | Info | '/transaction/getuserpermissions' | 
21:34:07.251 | Info | '/transaction/mycollections' | 
21:34:07.261 | Info | '/transaction/myprofile' | 
21:34:07.265 | Info | '/transaction/getuserpermissions' | 
21:34:07.267 | Info | '/transaction/myrequests' | 
21:34:07.285 | Info | '/transaction/mycollections' | 
21:34:07.287 | Info | '/transaction/myprofile' | 
21:34:07.291 | Info | '/transaction/myrequests' | 
21:34:07.314 | Info | '/transaction/myprofile' | 
21:34:07.305 | Info | '/transaction/myprofile' | 
21:34:10.052 | Info | '/transaction/getsettlementrequest' | 
21:34:10.061 | Info | '/transaction/getsettlementrequest' | 
21:34:34.586 | Info | '/transaction/getsettlementrequest' | 
21:34:34.593 | Info | '/transaction/getsettlementrequest' | 
21:34:35.396 | Info | '/transaction/getuserpermissions' | 
21:34:35.408 | Info | '/transaction/getuserpermissions' | 
21:34:38.632 | Info | '/api/user/login' | 
21:34:38.741 | Info | '/transaction/getuserpermissions' | 
21:34:38.765 | Info | '/transaction/getuserpermissions' | 
21:34:38.776 | Info | '/transaction/myprofile' | 
21:34:38.781 | Info | '/transaction/myrequests' | 
21:34:38.785 | Info | '/transaction/mycollections' | 
21:34:38.792 | Info | '/transaction/myprofile' | 
21:34:38.795 | Info | '/transaction/myrequests' | 
21:34:38.797 | Info | '/transaction/mycollections' | 
21:34:38.805 | Info | '/transaction/myprofile' | 
21:34:38.812 | Info | '/transaction/myprofile' | 
21:34:42.961 | Info | '/transaction/getsettlementrequest' | 
21:34:42.967 | Info | '/transaction/getsettlementrequest' | 
21:36:36.216 | Info | '/transaction/getuserpermissions' | 
21:36:36.220 | Info | '/transaction/getuserpermissions' | 
21:36:39.138 | Info | '/api/user/login' | 
21:36:39.258 | Info | '/transaction/getuserpermissions' | 
21:36:39.274 | Info | '/transaction/getuserpermissions' | 
21:36:39.309 | Info | '/transaction/myprofile' | 
21:36:39.312 | Info | '/transaction/mycollections' | 
21:36:39.317 | Info | '/transaction/myrequests' | 
21:36:39.328 | Info | '/transaction/myprofile' | 
21:36:39.332 | Info | '/transaction/mycollections' | 
21:36:39.334 | Info | '/transaction/myrequests' | 
21:36:39.341 | Info | '/transaction/myprofile' | 
21:36:39.348 | Info | '/transaction/myprofile' | 
21:36:42.023 | Info | '/transaction/getsettlementrequest' | 
21:36:42.043 | Info | '/transaction/getsettlementrequest' | 
21:37:03.268 | Info | '/transaction/getuserpermissions' | 
21:37:03.271 | Info | '/transaction/getuserpermissions' | 
21:37:06.396 | Info | '/api/user/login' | 
21:37:06.517 | Info | '/transaction/getuserpermissions' | 
21:37:06.535 | Info | '/transaction/myprofile' | 
21:37:06.545 | Info | '/transaction/myrequests' | 
21:37:06.548 | Info | '/transaction/getuserpermissions' | 
21:37:06.551 | Info | '/transaction/mycollections' | 
21:37:06.565 | Info | '/transaction/myprofile' | 
21:37:06.567 | Info | '/transaction/myrequests' | 
21:37:06.570 | Info | '/transaction/mycollections' | 
21:37:06.578 | Info | '/transaction/myprofile' | 
21:37:06.583 | Info | '/transaction/myprofile' | 
21:37:09.175 | Info | '/transaction/getsettlementrequest' | 
21:37:09.179 | Info | '/transaction/getsettlementrequest' | 
21:38:15.494 | Info | '/transaction/getuserpermissions' | 
21:38:15.608 | Info | '/transaction/getuserpermissions' | 
21:38:19.891 | Info | '/api/user/login' | 
21:38:20.322 | Info | '/transaction/getuserpermissions' | 
21:38:20.437 | Info | '/transaction/myprofile' | 
21:38:20.514 | Info | '/transaction/mycollections' | 
21:38:20.518 | Info | '/transaction/getuserpermissions' | 
21:38:20.522 | Info | '/transaction/myrequests' | 
21:38:20.598 | Info | '/transaction/myprofile' | 
21:38:20.743 | Info | '/transaction/myprofile' | 
21:38:20.749 | Info | '/transaction/mycollections' | 
21:38:20.776 | Info | '/transaction/myrequests' | 
21:38:20.795 | Info | '/transaction/myprofile' | 
21:38:24.102 | Info | '/transaction/getsettlementrequest' | 
21:38:24.117 | Info | '/transaction/getsettlementrequest' | 
21:44:22.360 | Info | '/transaction/getrequests' | 
21:44:23.078 | Info | '/transaction/getrequests' | 
21:44:23.211 | Info | '/transaction/getsettlementrequest' | 
21:44:23.344 | Info | '/transaction/getsettlementrequest' | 
21:44:37.790 | Info | '/transaction/getrequests' | 
21:44:37.800 | Info | '/transaction/getrequests' | 
21:44:38.584 | Info | '/transaction/getsettlementrequest' | 
21:44:38.605 | Info | '/transaction/getsettlementrequest' | 
21:48:03.462 | Info | '/transaction/getuserpermissions' | 
21:48:03.515 | Info | '/transaction/getuserpermissions' | 
21:48:09.699 | Info | '/api/user/login' | 
21:48:10.153 | Info | '/transaction/getuserpermissions' | 
21:48:10.220 | Info | '/transaction/myrequests' | 
21:48:10.225 | Info | '/transaction/mycollections' | 
21:48:10.235 | Info | '/transaction/myprofile' | 
21:48:10.888 | Info | '/transaction/getuserpermissions' | 
21:48:10.957 | Info | '/transaction/myrequests' | 
21:48:10.968 | Info | '/transaction/mycollections' | 
21:48:10.975 | Info | '/transaction/myprofile' | 
21:48:11.121 | Info | '/transaction/myprofile' | 
21:48:11.130 | Info | '/transaction/myprofile' | 
21:48:13.709 | Info | '/transaction/getsettlementrequest' | 
21:48:13.722 | Info | '/transaction/getsettlementrequest' | 
21:48:59.109 | Info | '/transaction/getrequests' | 
21:48:59.591 | Info | '/transaction/getrequests' | 
21:49:00.088 | Info | '/transaction/getsettlementrequest' | 
21:49:00.172 | Info | '/transaction/getsettlementrequest' | 
21:49:55.469 | Info | '/transaction/getrequests' | 
21:49:56.325 | Info | '/transaction/getsettlementrequest' | 
21:49:56.810 | Info | '/transaction/getrequests' | 
21:49:56.913 | Info | '/transaction/getsettlementrequest' | 
21:49:56.921 | Info | '/transaction/getrequests' | 
21:49:57.271 | Info | '/transaction/getsettlementrequest' | 
21:49:57.292 | Info | '/transaction/getrequests' | 
21:49:57.415 | Info | '/transaction/getsettlementrequest' | 
21:50:06.485 | Info | '/transaction/getrequests' | 
21:50:06.501 | Info | '/transaction/getrequests' | 
21:50:11.990 | Info | '/transaction/getsettlementrequest' | 
21:50:12.018 | Info | '/transaction/getsettlementrequest' | 
21:56:56.383 | Info | '/transaction/getuserpermissions' | 
21:56:56.694 | Info | '/transaction/getuserpermissions' | 
21:57:01.035 | Info | '/api/user/login' | 
21:57:03.368 | Info | '/transaction/getuserpermissions' | 
21:57:03.394 | Info | '/transaction/myprofile' | 
21:57:04.135 | Info | '/transaction/myrequests' | 
21:57:04.295 | Info | '/transaction/mycollections' | 
21:57:04.850 | Info | '/transaction/getuserpermissions' | 
21:57:05.319 | Info | '/transaction/myprofile' | 
21:57:05.324 | Info | '/transaction/mycollections' | 
21:57:05.374 | Info | '/transaction/myrequests' | 
21:57:05.623 | Info | '/transaction/myprofile' | 
21:57:05.647 | Info | '/transaction/myprofile' | 
21:57:07.355 | Info | '/transaction/getsettlementrequest' | 
21:57:54.406 | Info | '/transaction/getuserpermissions' | 
21:57:55.185 | Info | '/transaction/getuserpermissions' | 
21:57:59.075 | Info | '/api/user/login' | 
21:58:01.235 | Info | '/transaction/getuserpermissions' | 
21:58:01.993 | Info | '/transaction/myprofile' | 
21:58:02.613 | Info | '/transaction/myrequests' | 
21:58:02.871 | Info | '/transaction/mycollections' | 
21:58:03.212 | Info | '/transaction/getuserpermissions' | 
21:58:03.778 | Info | '/transaction/myprofile' | 
21:58:03.784 | Info | '/transaction/myrequests' | 
21:58:03.789 | Info | '/transaction/mycollections' | 
21:58:04.075 | Info | '/transaction/myprofile' | 
21:58:04.151 | Info | '/transaction/myprofile' | 
21:58:05.389 | Info | '/transaction/getsettlementrequest' | 
21:58:05.511 | Info | '/transaction/getsettlementrequest' | 
21:58:44.878 | Info | '/transaction/getrequests' | 
21:58:46.152 | Info | '/transaction/getsettlementrequest' | 
21:58:46.684 | Info | '/transaction/getrequests' | 
21:58:46.943 | Info | '/transaction/getsettlementrequest' | 
22:03:23.251 | Info | '/transaction/getrequests' | 
22:03:24.209 | Info | '/transaction/getsettlementrequest' | 
22:03:25.013 | Info | '/transaction/getrequests' | 
22:03:25.049 | Info | '/transaction/getsettlementrequest' | 
22:04:11.206 | Info | '/transaction/getrequests' | 
22:04:11.738 | Info | '/transaction/getrequests' | 
22:04:12.277 | Info | '/transaction/getsettlementrequest' | 
22:04:12.350 | Info | '/transaction/getsettlementrequest' | 
22:07:40.785 | Info | '/transaction/getuserpermissions' | 
22:07:41.617 | Info | '/transaction/getuserpermissions' | 
22:07:46.360 | Info | '/api/user/login' | 
22:07:47.711 | Info | '/transaction/getuserpermissions' | 
22:07:47.839 | Info | '/transaction/myrequests' | 
22:07:48.096 | Info | '/transaction/myprofile' | 
22:07:48.329 | Info | '/transaction/mycollections' | 
22:07:48.408 | Info | '/transaction/getuserpermissions' | 
22:07:48.494 | Info | '/transaction/myrequests' | 
22:07:48.498 | Info | '/transaction/myprofile' | 
22:07:48.541 | Info | '/transaction/mycollections' | 
22:07:48.695 | Info | '/transaction/myprofile' | 
22:07:48.708 | Info | '/transaction/myprofile' | 
22:07:50.701 | Info | '/transaction/getsettlementrequest' | 
22:07:50.762 | Info | '/transaction/getsettlementrequest' | 
22:09:59.096 | Info | '/transaction/postsettlementrequest' | 
22:10:03.612 | Info | '/transaction/getrequests' | 
22:10:03.634 | Info | '/transaction/getrequests' | 
22:10:04.139 | Info | '/transaction/getsettlementrequest' | 
22:10:04.187 | Info | '/transaction/getsettlementrequest' | 
22:11:01.744 | Info | '/transaction/getuserpermissions' | 
22:11:01.757 | Info | '/transaction/getuserpermissions' | 
22:11:04.828 | Info | '/api/user/login' | 
22:11:05.337 | Info | '/transaction/getuserpermissions' | 
22:11:05.380 | Info | '/transaction/myprofile' | 
22:11:05.671 | Info | '/transaction/myrequests' | 
22:11:05.691 | Info | '/transaction/mycollections' | 
22:11:05.842 | Info | '/transaction/getuserpermissions' | 
22:11:06.026 | Info | '/transaction/myprofile' | 
22:11:06.031 | Info | '/transaction/myrequests' | 
22:11:06.114 | Info | '/transaction/mycollections' | 
22:11:06.149 | Info | '/transaction/myprofile' | 
22:11:06.254 | Info | '/transaction/myprofile' | 
22:11:11.782 | Info | '/transaction/getsettlementrequest' | 
22:11:11.834 | Info | '/transaction/getsettlementrequest' | 
22:42:27.560 | Info | '/transaction/getuserpermissions' | 
22:42:27.567 | Info | '/transaction/getuserpermissions' | 
22:42:30.772 | Info | '/api/user/login' | 
22:42:31.000 | Info | '/transaction/getuserpermissions' | 
22:42:31.074 | Info | '/transaction/myprofile' | 
22:42:31.089 | Info | '/transaction/myrequests' | 
22:42:31.098 | Info | '/transaction/mycollections' | 
22:42:31.101 | Info | '/transaction/getuserpermissions' | 
22:42:31.123 | Info | '/transaction/myprofile' | 
22:42:31.127 | Info | '/transaction/myrequests' | 
22:42:31.130 | Info | '/transaction/mycollections' | 
22:42:31.158 | Info | '/transaction/myprofile' | 
22:42:31.177 | Info | '/transaction/myprofile' | 
22:42:36.186 | Info | '/transaction/getcollection' | 
22:42:36.243 | Info | '/transaction/getcollection' | 
22:42:40.516 | Info | '/transaction/getcollection' | 
22:42:42.408 | Info | '/transaction/getcollection' | 
22:42:48.414 | Info | '/transaction/getcollection' | 
22:42:54.737 | Info | '/transaction/getcollection' | 
22:42:59.957 | Info | '/transaction/getsettlementrequest' | 
22:43:00.109 | Info | '/transaction/getsettlementrequest' | 
22:43:26.595 | Info | '/transaction/getrequests' | 
22:43:26.606 | Info | '/transaction/getrequests' | 
22:43:27.293 | Info | '/transaction/getsettlementrequest' | 
22:43:27.375 | Info | '/transaction/getsettlementrequest' | 
22:44:13.257 | Info | '/transaction/getrequests' | 
22:44:14.068 | Info | '/transaction/getrequests' | 
22:44:14.333 | Info | '/transaction/getsettlementrequest' | 
22:44:14.451 | Info | '/transaction/getsettlementrequest' | 
22:46:03.274 | Info | '/transaction/getuserpermissions' | 
22:46:03.296 | Info | '/transaction/getuserpermissions' | 
22:46:06.237 | Info | '/api/user/login' | 
22:46:06.449 | Info | '/transaction/getuserpermissions' | 
22:46:06.516 | Info | '/transaction/getuserpermissions' | 
22:46:06.534 | Info | '/transaction/myprofile' | 
22:46:06.706 | Info | '/transaction/myrequests' | 
22:46:06.725 | Info | '/transaction/mycollections' | 
22:46:06.878 | Info | '/transaction/myprofile' | 
22:46:06.891 | Info | '/transaction/myrequests' | 
22:46:06.899 | Info | '/transaction/mycollections' | 
22:46:06.956 | Info | '/transaction/myprofile' | 
22:46:06.964 | Info | '/transaction/myprofile' | 
22:46:10.608 | Info | '/transaction/getsettlementrequest' | 
22:46:10.686 | Info | '/transaction/getsettlementrequest' | 
22:46:12.543 | Info | '/transaction/getrequests' | 
22:46:12.548 | Info | '/transaction/getrequests' | 
22:46:20.992 | Info | '/transaction/getuserpermissions' | 
22:46:21.001 | Info | '/transaction/getuserpermissions' | 
22:46:54.762 | Info | '/api/user/login' | 
22:46:55.148 | Info | '/transaction/myrequests' | 
22:46:55.166 | Info | '/transaction/getuserpermissions' | 
22:46:55.169 | Info | '/transaction/myprofile' | 
22:46:55.174 | Info | '/transaction/mycollections' | 
22:46:55.195 | Info | '/transaction/myrequests' | 
22:46:55.198 | Info | '/transaction/getuserpermissions' | 
22:46:55.200 | Info | '/transaction/myprofile' | 
22:46:55.204 | Info | '/transaction/mycollections' | 
22:46:55.226 | Info | '/transaction/myprofile' | 
22:46:55.233 | Info | '/transaction/myprofile' | 
22:46:58.249 | Info | '/transaction/getsettlementrequest' | 
22:46:58.287 | Info | '/transaction/getsettlementrequest' | 
22:47:56.012 | Info | '/transaction/getuserpermissions' | 
22:47:56.027 | Info | '/transaction/getuserpermissions' | 
22:47:59.180 | Info | '/api/user/login' | 
22:47:59.387 | Info | '/transaction/getuserpermissions' | 
22:47:59.520 | Info | '/transaction/myprofile' | 
22:47:59.524 | Info | '/transaction/myrequests' | 
22:47:59.536 | Info | '/transaction/mycollections' | 
22:47:59.539 | Info | '/transaction/getuserpermissions' | 
22:47:59.612 | Info | '/transaction/myprofile' | 
22:47:59.637 | Info | '/transaction/myrequests' | 
22:47:59.667 | Info | '/transaction/myprofile' | 
22:47:59.642 | Info | '/transaction/mycollections' | 
22:47:59.827 | Info | '/transaction/myprofile' | 
22:48:03.520 | Info | '/transaction/getsettlementrequest' | 
22:48:03.570 | Info | '/transaction/getsettlementrequest' | 
22:49:44.277 | Info | '/transaction/getuserpermissions' | 
22:49:44.313 | Info | '/transaction/getuserpermissions' | 
22:49:49.528 | Info | '/api/user/login' | 
22:49:49.957 | Info | '/transaction/getuserpermissions' | 
22:49:49.990 | Info | '/transaction/myprofile' | 
22:49:50.007 | Info | '/transaction/myrequests' | 
22:49:50.043 | Info | '/transaction/mycollections' | 
22:49:50.232 | Info | '/transaction/getuserpermissions' | 
22:49:50.238 | Info | '/transaction/myrequests' | 
22:49:50.240 | Info | '/transaction/mycollections' | 
22:49:50.236 | Info | '/transaction/myprofile' | 
22:49:50.265 | Info | '/transaction/myprofile' | 
22:49:50.272 | Info | '/transaction/myprofile' | 
22:49:52.972 | Info | '/transaction/getsettlementrequest' | 
22:49:53.101 | Info | '/transaction/getsettlementrequest' | 
22:54:48.701 | Info | '/transaction/getuserpermissions' | 
22:54:47.840 | Info | '/transaction/getuserpermissions' | 
22:54:53.975 | Info | '/api/user/login' | 
22:54:55.211 | Info | '/transaction/myprofile' | 
22:54:55.440 | Info | '/transaction/myrequests' | 
22:54:55.526 | Info | '/transaction/getuserpermissions' | 
22:54:55.537 | Info | '/transaction/mycollections' | 
22:54:55.569 | Info | '/transaction/myprofile' | 
22:54:55.762 | Info | '/transaction/myprofile' | 
22:54:55.772 | Info | '/transaction/mycollections' | 
22:54:55.812 | Info | '/transaction/getuserpermissions' | 
22:54:55.820 | Info | '/transaction/myrequests' | 
22:54:56.193 | Info | '/transaction/myprofile' | 
22:54:59.317 | Info | '/transaction/getsettlementrequest' | 
22:54:59.378 | Info | '/transaction/getsettlementrequest' | 
22:57:55.193 | Info | '/transaction/getuserpermissions' | 
22:57:56.517 | Info | '/transaction/getuserpermissions' | 
22:58:00.689 | Info | '/api/user/login' | 
22:58:02.487 | Info | '/transaction/getuserpermissions' | 
22:58:02.708 | Info | '/transaction/myprofile' | 
22:58:02.843 | Info | '/transaction/myrequests' | 
22:58:02.979 | Info | '/transaction/mycollections' | 
22:58:03.047 | Info | '/transaction/getuserpermissions' | 
22:58:03.165 | Info | '/transaction/mycollections' | 
22:58:03.171 | Info | '/transaction/myprofile' | 
22:58:03.177 | Info | '/transaction/myrequests' | 
22:58:03.215 | Info | '/transaction/myprofile' | 
22:58:03.461 | Info | '/transaction/myprofile' | 
22:58:05.400 | Info | '/transaction/getsettlementrequest' | 
22:58:05.556 | Info | '/transaction/getsettlementrequest' | 
22:58:10.074 | Info | '/transaction/updatesettlementrequest' | 
22:58:25.466 | Info | '/transaction/updatesettlementrequest' | 
22:59:30.036 | Info | '/transaction/updatesettlementrequest' | 
23:00:00.711 | Info | '/transaction/updatesettlementrequest' | 
23:02:20.379 | Info | '/transaction/updatesettlementrequest' | 
23:04:14.373 | Info | '/transaction/updatesettlementrequest' | 
23:05:03.188 | Info | '/transaction/getuserpermissions' | 
23:05:03.194 | Info | '/transaction/getuserpermissions' | 
23:05:07.287 | Info | '/api/user/login' | 
23:05:07.541 | Info | '/transaction/getuserpermissions' | 
23:05:07.705 | Info | '/transaction/myprofile' | 
23:05:07.978 | Info | '/transaction/myrequests' | 
23:05:07.986 | Info | '/transaction/mycollections' | 
23:05:07.999 | Info | '/transaction/getuserpermissions' | 
23:05:08.033 | Info | '/transaction/myprofile' | 
23:05:08.179 | Info | '/transaction/myprofile' | 
23:05:08.190 | Info | '/transaction/myrequests' | 
23:05:08.202 | Info | '/transaction/mycollections' | 
23:05:08.290 | Info | '/transaction/myprofile' | 
23:05:10.528 | Info | '/transaction/getsettlementrequest' | 
23:05:10.602 | Info | '/transaction/getsettlementrequest' | 
23:05:16.750 | Info | '/transaction/updatesettlementrequest' | 
23:05:17.270 | Info | '/transaction/getsettlementrequest' | 
23:06:18.705 | Info | '/transaction/getcollection' | 
23:06:19.373 | Info | '/transaction/getcollection' | 
23:06:24.616 | Info | '/transaction/getcollection' | 
23:06:26.459 | Info | '/transaction/getcollection' | 
23:06:44.191 | Info | '/transaction/getsettlementrequest' | 
23:06:44.233 | Info | '/transaction/getsettlementrequest' | 
23:07:29.814 | Info | '/transaction/postsettlementrequest' | 
23:07:30.177 | Info | '/transaction/getsettlementrequest' | 
23:07:40.539 | Info | '/transaction/updatesettlementrequest' | 
23:07:40.757 | Info | '/transaction/getsettlementrequest' | 
23:08:41.059 | Info | '/transaction/postsettlementrequest' | 
23:08:41.411 | Info | '/transaction/getsettlementrequest' | 
23:08:45.040 | Info | '/transaction/updatesettlementrequest' | 
23:08:45.474 | Info | '/transaction/getsettlementrequest' | 
23:10:34.161 | Info | '/transaction/getrequests' | 
23:10:34.173 | Info | '/transaction/getrequests' | 
