13:17:02.145 | Info | '/child/list' | 
13:17:56.806 | Info | '/child/list' | 
13:30:56.992 | Info | '/api/user/login' | 
13:31:06.432 | Info | '/child/list' | 
13:31:13.100 | Info | '/child/list' | 
13:32:10.429 | Info | '/child/list' | 
13:32:46.416 | Info | '/child/list' | 
13:34:10.430 | Info | '/child/list' | 
13:35:55.745 | Info | '/child/list' | 
13:36:27.578 | Info | '/child/list' | 
13:37:11.164 | Info | '/child/list' | 
13:37:18.311 | Info | '/child/list' | 
13:40:26.614 | Info | '/child/list' | 
13:40:29.621 | Info | '/donor/list' | 
13:42:03.548 | Info | '/donor/list' | 
13:42:21.179 | Info | '/donor/list' | 
13:43:22.966 | Info | '/donor/list' | 
13:43:56.643 | Info | '/donor/list' | 
13:44:40.378 | Info | '/donor/list' | 
13:44:41.820 | Info | '/donor/list' | 
13:47:14.005 | Info | '/donor/list' | 
13:51:33.195 | Info | '/donor/list' | 
13:54:05.097 | Info | '/donor/list' | 
13:54:09.891 | Info | '/donor/list' | 
13:54:56.912 | Info | '/donor/list' | 
13:54:58.544 | Info | '/donor/list' | 
13:55:00.332 | Info | '/donor/list' | 
13:55:01.770 | Info | '/donor/list' | 
13:55:02.642 | Info | '/donor/list' | 
13:55:03.573 | Info | '/donor/list' | 
13:55:04.379 | Info | '/donor/list' | 
13:55:05.174 | Info | '/donor/list' | 
13:55:06.074 | Info | '/donor/list' | 
13:55:36.336 | Info | '/donor/list' | 
13:55:37.903 | Info | '/donor/list' | 
13:55:39.600 | Info | '/donor/list' | 
13:55:40.489 | Info | '/donor/list' | 
13:55:41.315 | Info | '/donor/list' | 
13:55:53.008 | Info | '/donor/list' | 
13:56:16.336 | Info | '/donor/list' | 
13:56:21.968 | Info | '/donor/list' | 
13:56:55.914 | Info | '/donor/list' | 
13:57:01.320 | Info | '/donor/list' | 
13:57:32.863 | Info | '/donor/list' | 
13:57:36.384 | Info | '/donor/list' | 
13:59:17.378 | Info | '/donor/list' | 
13:59:28.189 | Info | '/donor/list' | 
13:59:35.476 | Info | '/donor/list' | 
13:59:37.753 | Info | '/donor/list' | 
13:59:53.984 | Info | '/donor/list' | 
14:00:09.877 | Info | '/donor/list' | 
14:00:13.261 | Info | '/donor/list' | 
14:00:34.563 | Info | '/donor/list' | 
14:00:37.815 | Info | '/donor/list' | 
14:00:40.873 | Info | '/donor/list' | 
14:01:33.928 | Info | '/donor/list' | 
14:02:14.966 | Info | '/donor/list' | 
14:02:17.430 | Info | '/donor/list' | 
14:02:19.745 | Info | '/donor/list' | 
14:05:32.544 | Info | '/donor/list' | 
14:05:35.420 | Info | '/donor/list' | 
14:05:55.988 | Info | '/donor/list' | 
14:06:11.050 | Info | '/donor/newprofile' | 
14:06:11.100 | Info | '/donor/list' | 
14:07:57.246 | Info | '/donor/list' | 
14:08:03.704 | Info | '/donor/list' | 
14:09:24.386 | Info | '/donor/list' | 
14:09:31.329 | Info | '/donor/list' | 
14:09:33.747 | Info | '/donor/list' | 
14:10:07.421 | Info | '/donor/list' | 
14:10:15.843 | Info | '/donor/list' | 
14:10:19.876 | Info | '/donor/list' | 
14:11:16.986 | Info | '/donor/list' | 
14:11:22.763 | Info | '/donor/list' | 
14:11:40.866 | Info | '/donor/list' | 
14:12:15.645 | Info | '/donor/list' | 
14:13:00.608 | Info | '/donor/list' | 
14:17:34.432 | Info | '/donor/list' | 
14:17:42.402 | Info | '/donor/list' | 
14:18:08.604 | Info | '/donor/list' | 
14:19:14.239 | Info | '/donor/list' | 
14:19:27.357 | Info | '/donor/newprofile' | 
14:19:27.703 | Info | '/donor/list' | 
14:25:30.847 | Info | '/donor/list' | 
14:28:36.926 | Info | '/donor/list' | 
14:34:45.854 | Info | '/donor/list' | 
14:35:15.806 | Info | '/donor/newprofile' | 
14:35:16.018 | Info | '/donor/list' | 
14:35:27.859 | Info | '/donor/list' | 
14:35:29.748 | Info | '/donor/list' | 
14:36:38.075 | Info | '/donor/list' | 
14:36:41.053 | Info | '/donor/list' | 
14:37:25.296 | Info | '/donor/list' | 
14:37:51.977 | Info | '/donor/list' | 
14:38:16.738 | Info | '/donor/list' | 
14:39:15.662 | Info | '/donor/list' | 
14:40:32.223 | Info | '/donor/list' | 
14:40:34.772 | Info | '/donor/list' | 
15:05:24.106 | Info | '/child/list' | 
15:05:31.107 | Info | '/child/list' | 
15:05:38.672 | Info | '/child/list' | 
15:07:49.116 | Info | '/donor/list' | 
15:07:50.910 | Info | '/donor/list' | 
15:07:51.995 | Info | '/donor/list' | 
15:09:02.094 | Info | '/child/list' | 
15:09:09.802 | Info | '/donor/list' | 
15:09:27.199 | Info | '/donor/list' | 
15:09:31.279 | Info | '/donor/list' | 
15:10:13.861 | Info | '/donor/list' | 
15:57:26.263 | Info | '/child/list' | 
15:57:31.996 | Info | '/child/list' | 
15:57:53.703 | Info | '/child/list' | 
15:58:53.648 | Info | '/child/list' | 
15:59:07.678 | Info | '/child/list' | 
15:59:21.892 | Info | '/child/list' | 
15:59:50.353 | Info | '/child/list' | 
16:00:25.040 | Info | '/child/list' | 
16:00:28.776 | Info | '/child/list' | 
16:00:32.023 | Info | '/child/list' | 
16:01:06.268 | Info | '/child/list' | 
16:01:34.507 | Info | '/child/list' | 
16:02:05.900 | Info | '/child/list' | 
16:02:11.772 | Info | '/child/list' | 
16:02:39.073 | Info | '/child/list' | 
16:02:43.850 | Info | '/child/list' | 
16:02:56.112 | Info | '/child/newprofile' | 
16:02:58.373 | Info | '/child/list' | 
16:03:11.045 | Info | '/child/list' | 
16:03:57.476 | Info | '/child/list' | 
16:20:19.570 | Info | '/child/list' | 
16:23:26.910 | Info | '/child/list' | 
16:23:30.102 | Info | '/donor/link/child' | 
16:23:35.680 | Info | '/child/list' | 
16:23:38.603 | Info | '/child/list' | 
16:25:51.621 | Info | '/child/list' | 
16:25:53.854 | Info | '/donor/link/child' | 
16:25:58.382 | Info | '/child/list' | 
16:26:10.357 | Info | '/child/list' | 
16:26:11.755 | Info | '/donor/link/child' | 
16:26:15.334 | Info | '/child/list' | 
16:26:38.612 | Info | '/child/list' | 
16:26:41.346 | Info | '/child/list' | 
16:26:46.878 | Info | '/child/list' | 
16:27:06.747 | Info | '/child/list' | 
16:27:11.794 | Info | '/child/list' | 
16:27:16.005 | Info | '/child/list' | 
16:28:37.709 | Info | '/child/list' | 
16:28:43.410 | Info | '/donor/link/child' | 
16:28:49.251 | Info | '/donor/link/child' | 
16:30:07.233 | Info | '/donor/newprofile' | 
16:32:33.182 | Info | '/child/list' | 
16:33:34.547 | Info | '/child/list' | 
16:34:14.454 | Info | '/donor/newprofile' | 
16:34:18.183 | Info | '/child/list' | 
16:34:23.328 | Info | '/child/list' | 
16:34:25.089 | Info | '/donor/link/child' | 
16:34:26.784 | Info | '/donor/link/child' | 
16:34:31.505 | Info | '/child/list' | 
16:34:47.171 | Info | '/child/list' | 
16:58:53.129 | Info | '/donor/link/list' | 
16:59:15.475 | Info | '/donor/link/list' | 
17:01:54.697 | Info | '/donor/link/list' | 
17:01:57.956 | Info | '/child/list' | 
17:02:10.998 | Info | '/donor/link/list' | 
17:02:15.307 | Info | '/donor/link/list' | 
17:02:38.754 | Info | '/donor/link/list' | 
17:03:49.558 | Info | '/donor/link/list' | 
17:06:34.003 | Info | '/donor/link/list' | 
17:07:12.349 | Info | '/donor/link/list' | 
17:07:23.580 | Info | '/child/list' | 
17:07:57.853 | Info | '/child/list' | 
17:08:06.206 | Info | '/child/list' | 
17:08:07.621 | Info | '/donor/link/list' | 
17:10:27.422 | Info | '/child/list' | 
17:10:35.260 | Info | '/child/list' | 
17:10:40.900 | Info | '/donor/newprofile' | 
