07:27:17.761 | Info | '/EnhancePushNotification' | 
07:27:37.848 | Info | '/EnhancePushNotification' | 
07:31:14.341 | Info | '/EnhancePushNotification' | 
07:31:31.764 | Info | '/EnhancePushNotification' | 
08:12:40.927 | Info | '/EnhancePushNotification' | 
08:13:15.827 | Info | '/EnhancePushNotification' | 
08:14:14.228 | Info | '/EnhancePushNotification' | 
09:53:53.713 | Info | '/EnhancePushNotification' | 
09:57:53.302 | Info | '/EnhancePushNotification' | 
10:02:02.489 | Info | '/advertisement/generateAdvertisement' | 
10:06:06.213 | Info | '/advertisement/generateAdvertisement' | 
10:06:27.737 | Info | '/advertisement/generateAdvertisement' | 
10:22:25.143 | Info | '/advertisement/generateAdvertisement' | 
10:22:38.464 | Info | '/advertisement/generateAdvertisement' | 
10:22:55.497 | Info | '/advertisement/generateAdvertisement' | 
10:27:12.082 | Info | '/advertisement/generateAdvertisement' | 
10:27:25.184 | Info | '/advertisement/generateAdvertisement' | 
10:45:45.697 | Info | '/advertisement/generateAdvertisement' | 
10:48:15.253 | Info | '/advertisement/generateAdvertisement' | 
11:10:17.732 | Info | '/agent/PostAgentUserData' | 
11:10:32.787 | Info | ({}) | 
11:11:21.386 | Info | '/agent/PostAgentUserData' | 
11:11:23.486 | Info | ({'message':'connect ECONNREFUSED 127.0.0.1:3306','code':'ECONNREFUSED','errno':-4078,'sqlState':undefined,'sqlMessage':undefined}) | 
11:13:02.280 | Info | '/Service/AcceptServiceRequest' | 
11:13:39.009 | Info | '/Service/ServiceCompletedAgent' | 
11:13:39.011 | Info | ({}) | 
11:14:46.785 | Info | '/Service/ServiceCompletedAgent' | 
11:14:48.312 | Info | ({}) | 
11:15:50.000 | Info | '/Service/ServiceCompletedAgent' | 
11:15:51.532 | Info | ({}) | 
11:17:38.962 | Info | '/Service/AcceptServiceRequest' | 
11:18:05.477 | Info | '/Service/ServiceCompletedAgent' | 
11:18:05.747 | Info | ({}) | 
11:19:04.309 | Info | '/Service/ServiceCompletedAgent' | 
11:19:05.844 | Info | ({}) | 
11:19:41.216 | Info | '/Service/ServiceCompletedAgent' | 
11:19:42.792 | Info | ({}) | 
11:20:08.399 | Info | '/Service/ServiceCompletedAgent' | 
11:20:33.989 | Info | '/Service/ServiceCompletedAgent' | 
11:22:36.919 | Info | '/Service/ServiceCompletedAgent' | 
11:23:43.187 | Info | '/Service/ServiceCompletedAgent' | 
11:27:30.073 | Info | '/Service/ServiceCompletedAgent' | 
11:28:23.723 | Info | '/Service/ServiceCompletedAgent' | 
11:29:52.598 | Info | '/Service/ServiceCompletedCustomer' | 
11:29:53.601 | Info | ({}) | 
11:30:18.282 | Info | '/Service/ServiceCompletedCustomer' | 
11:30:19.255 | Info | ({}) | 
11:30:56.288 | Info | '/Service/ServiceCompletedCustomer' | 
11:30:57.747 | Info | ({}) | 
11:31:53.773 | Info | '/Service/ServiceCompletedCustomer' | 
11:33:13.434 | Info | '/Service/ServiceCompletedCustomer' | 
11:34:40.807 | Info | '/Service/ServiceCompletedCustomer' | 
11:35:53.915 | Info | '/Service/ServiceCompletedCustomer' | 
12:09:49.461 | Info | '/advertisement/generateAdvertisement' | 
12:10:26.423 | Info | '/advertisement/generateAdvertisement' | 
12:11:07.233 | Info | '/advertisement/generateAdvertisement' | 
12:12:04.609 | Info | '/advertisement/generateAdvertisement' | 
