12:20:47.504 | Info | '/transaction/getcollection' | 
12:20:48.321 | Info | '/transaction/getcollection' | 
12:23:53.320 | Info | '/api/user/login' | 
12:23:53.758 | Info | '/transaction/getuserpermissions' | 
12:23:53.761 | Info | '/transaction/myrequests' | 
12:23:53.832 | Info | '/transaction/myprofile' | 
12:23:53.834 | Info | '/transaction/mycollections' | 
12:23:53.884 | Info | '/transaction/getuserpermissions' | 
12:23:53.941 | Info | '/transaction/myrequests' | 
12:23:53.987 | Info | '/transaction/mycollections' | 
12:23:54.030 | Info | '/transaction/myprofile' | 
12:23:54.035 | Info | '/transaction/myprofile' | 
12:23:54.040 | Info | '/transaction/myprofile' | 
12:24:00.829 | Info | '/transaction/getcollection' | 
12:24:00.833 | Info | '/transaction/getcollection' | 
12:24:36.842 | Info | '/api/user/login' | 
12:24:36.980 | Info | '/transaction/getuserpermissions' | 
12:24:36.993 | Info | '/transaction/myprofile' | 
12:24:36.996 | Info | '/transaction/getuserpermissions' | 
12:24:36.999 | Info | '/transaction/myrequests' | 
12:24:37.002 | Info | '/transaction/mycollections' | 
12:24:37.007 | Info | '/transaction/myprofile' | 
12:24:37.014 | Info | '/transaction/myrequests' | 
12:24:37.019 | Info | '/transaction/mycollections' | 
12:24:37.021 | Info | '/transaction/myprofile' | 
12:24:37.040 | Info | '/transaction/myprofile' | 
12:24:40.926 | Info | '/transaction/getcollection' | 
12:24:40.929 | Info | '/transaction/getcollection' | 
12:41:22.645 | Info | '/dashboard' | 
12:41:22.821 | Info | '/dashboard' | 
12:41:23.134 | Info | '/transaction/myprofile' | 
12:41:23.136 | Info | '/transaction/myrequests' | 
12:41:23.140 | Info | '/transaction/mycollections' | 
12:41:23.144 | Info | '/transaction/myprofile' | 
12:41:23.148 | Info | '/transaction/myrequests' | 
12:41:23.153 | Info | '/transaction/mycollections' | 
12:41:23.157 | Info | '/transaction/myprofile' | 
12:41:23.165 | Info | '/transaction/myprofile' | 
13:18:46.349 | Info | '/transaction/getuserpermissions' | 
13:18:46.402 | Info | '/transaction/getuserpermissions' | 
13:18:50.674 | Info | '/api/user/login' | 
13:18:50.813 | Info | '/transaction/getuserpermissions' | 
13:18:50.823 | Info | '/transaction/getuserpermissions' | 
13:18:50.827 | Info | '/transaction/myprofile' | 
13:18:50.862 | Info | '/transaction/myrequests' | 
13:18:50.864 | Info | '/transaction/mycollections' | 
13:18:50.866 | Info | '/transaction/myprofile' | 
13:18:50.872 | Info | '/transaction/myrequests' | 
13:18:50.874 | Info | '/transaction/mycollections' | 
13:18:50.879 | Info | '/transaction/myprofile' | 
13:18:50.885 | Info | '/transaction/myprofile' | 
13:18:55.743 | Info | '/transaction/getcollection' | 
13:18:55.747 | Info | '/transaction/getcollection' | 
13:20:34.597 | Info | '/api/user/login' | 
13:20:34.721 | Info | '/transaction/getuserpermissions' | 
13:20:34.726 | Info | '/transaction/myprofile' | 
13:20:34.729 | Info | '/transaction/myrequests' | 
13:20:34.732 | Info | '/transaction/getuserpermissions' | 
13:20:34.738 | Info | '/transaction/mycollections' | 
13:20:34.763 | Info | '/transaction/myprofile' | 
13:20:34.764 | Info | '/transaction/myrequests' | 
13:20:34.773 | Info | '/transaction/mycollections' | 
13:20:34.776 | Info | '/transaction/myprofile' | 
13:20:34.782 | Info | '/transaction/myprofile' | 
13:20:39.679 | Info | '/transaction/getcollection' | 
13:20:39.683 | Info | '/transaction/getcollection' | 
13:21:42.032 | Info | '/api/user/login' | 
13:21:42.157 | Info | '/transaction/getuserpermissions' | 
13:21:42.176 | Info | '/transaction/myprofile' | 
13:21:42.178 | Info | '/transaction/myrequests' | 
13:21:42.181 | Info | '/transaction/getuserpermissions' | 
13:21:42.188 | Info | '/transaction/mycollections' | 
13:21:42.195 | Info | '/transaction/myrequests' | 
13:21:42.193 | Info | '/transaction/myprofile' | 
13:21:42.207 | Info | '/transaction/myprofile' | 
13:21:42.208 | Info | '/transaction/mycollections' | 
13:21:42.217 | Info | '/transaction/myprofile' | 
13:21:55.124 | Info | '/transaction/getcollection' | 
13:21:55.128 | Info | '/transaction/getcollection' | 
13:44:37.476 | Info | '/api/user/login' | 
13:44:37.596 | Info | '/transaction/getuserpermissions' | 
13:44:37.603 | Info | '/transaction/myprofile' | 
13:44:37.605 | Info | '/transaction/getuserpermissions' | 
13:44:37.608 | Info | '/transaction/myrequests' | 
13:44:37.641 | Info | '/transaction/mycollections' | 
13:44:37.643 | Info | '/transaction/myprofile' | 
13:44:37.646 | Info | '/transaction/myrequests' | 
13:44:37.649 | Info | '/transaction/mycollections' | 
13:44:37.652 | Info | '/transaction/myprofile' | 
13:44:37.659 | Info | '/transaction/myprofile' | 
13:45:06.208 | Info | '/transaction/getcollection' | 
13:45:06.212 | Info | '/transaction/getcollection' | 
13:46:45.293 | Info | '/api/user/login' | 
13:46:45.409 | Info | '/transaction/getuserpermissions' | 
13:46:45.416 | Info | '/transaction/myprofile' | 
13:46:45.424 | Info | '/transaction/myrequests' | 
13:46:45.427 | Info | '/transaction/mycollections' | 
13:46:45.429 | Info | '/transaction/getuserpermissions' | 
13:46:45.434 | Info | '/transaction/myprofile' | 
13:46:45.439 | Info | '/transaction/mycollections' | 
13:46:45.441 | Info | '/transaction/myrequests' | 
13:46:45.444 | Info | '/transaction/myprofile' | 
13:46:45.449 | Info | '/transaction/myprofile' | 
13:46:51.093 | Info | '/transaction/getcollection' | 
13:46:51.099 | Info | '/transaction/getcollection' | 
13:51:41.537 | Info | '/api/user/login' | 
13:51:41.767 | Info | '/transaction/getuserpermissions' | 
13:51:41.786 | Info | '/transaction/myprofile' | 
13:51:41.790 | Info | '/transaction/myrequests' | 
13:51:41.792 | Info | '/transaction/getuserpermissions' | 
13:51:41.794 | Info | '/transaction/mycollections' | 
13:51:41.809 | Info | '/transaction/myprofile' | 
13:51:41.814 | Info | '/transaction/mycollections' | 
13:51:41.811 | Info | '/transaction/myrequests' | 
13:51:41.828 | Info | '/transaction/myprofile' | 
13:51:41.833 | Info | '/transaction/myprofile' | 
13:51:52.253 | Info | '/transaction/getcollection' | 
13:51:52.260 | Info | '/transaction/getcollection' | 
13:53:54.519 | Info | '/api/user/login' | 
13:53:54.836 | Info | '/transaction/getuserpermissions' | 
13:53:54.841 | Info | '/transaction/myprofile' | 
13:53:54.846 | Info | '/transaction/myrequests' | 
13:53:54.849 | Info | '/transaction/mycollections' | 
13:53:54.874 | Info | '/transaction/mycollections' | 
13:53:54.876 | Info | '/transaction/myrequests' | 
13:53:54.878 | Info | '/transaction/getuserpermissions' | 
13:53:54.881 | Info | '/transaction/myprofile' | 
13:53:54.891 | Info | '/transaction/myprofile' | 
13:53:54.920 | Info | '/transaction/myprofile' | 
13:54:08.409 | Info | '/transaction/getcollection' | 
13:54:08.414 | Info | '/transaction/getcollection' | 
13:55:29.278 | Info | '/api/user/login' | 
13:55:29.461 | Info | '/transaction/getuserpermissions' | 
13:55:29.463 | Info | '/transaction/myprofile' | 
13:55:29.477 | Info | '/transaction/myrequests' | 
13:55:29.479 | Info | '/transaction/getuserpermissions' | 
13:55:29.482 | Info | '/transaction/myprofile' | 
13:55:29.500 | Info | '/transaction/myprofile' | 
13:55:29.502 | Info | '/transaction/myrequests' | 
13:55:29.504 | Info | '/transaction/mycollections' | 
13:55:29.525 | Info | '/transaction/myprofile' | 
13:55:29.531 | Info | '/transaction/mycollections' | 
13:55:33.557 | Info | '/transaction/getcollection' | 
13:55:33.561 | Info | '/transaction/getcollection' | 
13:55:37.581 | Info | '/transaction/postcollection' | 
13:55:38.190 | Info | '/transaction/getcollection' | 
13:57:26.578 | Info | '/api/user/login' | 
13:57:26.777 | Info | '/transaction/getuserpermissions' | 
13:57:26.806 | Info | '/transaction/myprofile' | 
13:57:26.808 | Info | '/transaction/getuserpermissions' | 
13:57:26.810 | Info | '/transaction/mycollections' | 
13:57:26.812 | Info | '/transaction/myrequests' | 
13:57:26.825 | Info | '/transaction/myrequests' | 
13:57:26.827 | Info | '/transaction/mycollections' | 
13:57:26.830 | Info | '/transaction/myprofile' | 
13:57:26.839 | Info | '/transaction/myprofile' | 
13:57:26.844 | Info | '/transaction/myprofile' | 
13:57:31.262 | Info | '/transaction/getcollection' | 
13:57:31.266 | Info | '/transaction/getcollection' | 
13:58:27.501 | Info | '/transaction/postcollection' | 
13:58:27.702 | Info | '/transaction/getcollection' | 
13:59:47.738 | Info | '/transaction/getalldonations' | 
13:59:47.761 | Info | '/transaction/getalldonations' | 
13:59:55.641 | Info | '/transaction/getdonationtypes' | 
13:59:55.743 | Info | '/transaction/getarea' | 
13:59:55.748 | Info | '/transaction/getdonationmethods' | 
13:59:55.822 | Info | '/transaction/getdonationtypes' | 
13:59:55.829 | Info | '/transaction/getarea' | 
13:59:55.831 | Info | '/transaction/getdonationmethods' | 
13:59:58.938 | Info | '/transaction/myprofile' | 
13:59:58.943 | Info | '/transaction/myrequests' | 
13:59:58.944 | Info | '/transaction/myprofile' | 
13:59:58.949 | Info | '/transaction/mycollections' | 
13:59:58.951 | Info | '/transaction/myrequests' | 
13:59:58.953 | Info | '/transaction/myprofile' | 
13:59:58.957 | Info | '/transaction/mycollections' | 
13:59:58.959 | Info | '/transaction/myprofile' | 
13:59:59.845 | Info | '/dashboard' | 
13:59:59.879 | Info | '/dashboard' | 
14:00:02.485 | Info | '/transaction/getchannel' | 
14:00:02.487 | Info | '/transaction/getcenters' | 
14:00:02.611 | Info | '/transaction/getuserroles' | 
14:00:02.613 | Info | '/transaction/getusers' | 
14:00:02.618 | Info | '/transaction/getchannel' | 
14:00:02.622 | Info | '/transaction/getcenters' | 
14:00:02.624 | Info | '/transaction/getuserroles' | 
14:00:02.630 | Info | '/transaction/getusers' | 
14:00:03.048 | Info | '/transaction/getuserroles' | 
14:00:03.050 | Info | '/transaction/getpermissions' | 
14:00:03.057 | Info | '/transaction/getuserroles' | 
14:00:03.059 | Info | '/transaction/getpermissions' | 
14:00:03.692 | Info | '/transaction/getcenters' | 
14:00:03.695 | Info | '/transaction/getcenters' | 
14:00:04.535 | Info | '/transaction/getarea' | 
14:00:04.538 | Info | '/transaction/getarea' | 
14:00:05.073 | Info | '/transaction/getdonationtypes' | 
14:00:05.077 | Info | '/transaction/getdonationtypes' | 
14:00:05.480 | Info | '/transaction/getdonationmethods' | 
14:00:05.483 | Info | '/transaction/getdonationmethods' | 
14:00:06.011 | Info | '/transaction/getarea' | 
14:00:06.015 | Info | '/transaction/getdonationpurpose' | 
14:00:06.065 | Info | '/transaction/getarea' | 
14:00:06.073 | Info | '/transaction/getdonationpurpose' | 
14:00:08.243 | Info | '/transaction/getcollection' | 
14:00:08.246 | Info | '/transaction/getcollection' | 
14:09:02.844 | Info | '/api/user/login' | 
14:09:07.184 | Info | '/api/user/login' | 
14:09:09.957 | Info | '/api/user/login' | 
14:09:10.070 | Info | '/transaction/getuserpermissions' | 
14:09:10.143 | Info | '/transaction/getuserpermissions' | 
14:09:10.146 | Info | '/transaction/myprofile' | 
14:09:10.148 | Info | '/transaction/myrequests' | 
14:09:10.150 | Info | '/transaction/mycollections' | 
14:09:10.155 | Info | '/transaction/myprofile' | 
14:09:10.157 | Info | '/transaction/myrequests' | 
14:09:10.161 | Info | '/transaction/mycollections' | 
14:09:10.164 | Info | '/transaction/myprofile' | 
14:09:10.171 | Info | '/transaction/myprofile' | 
14:09:15.646 | Info | '/transaction/getcollection' | 
14:09:15.651 | Info | '/transaction/getcollection' | 
14:10:12.038 | Info | '/api/user/login' | 
14:10:12.180 | Info | '/transaction/getuserpermissions' | 
14:10:12.182 | Info | '/transaction/myprofile' | 
14:10:12.185 | Info | '/transaction/myrequests' | 
14:10:12.190 | Info | '/transaction/getuserpermissions' | 
14:10:12.191 | Info | '/transaction/mycollections' | 
14:10:12.193 | Info | '/transaction/myprofile' | 
14:10:12.196 | Info | '/transaction/myrequests' | 
14:10:12.206 | Info | '/transaction/mycollections' | 
14:10:12.209 | Info | '/transaction/myprofile' | 
14:10:12.216 | Info | '/transaction/myprofile' | 
14:10:15.093 | Info | '/transaction/getcollection' | 
14:10:15.098 | Info | '/transaction/getcollection' | 
14:11:05.285 | Info | '/api/user/login' | 
14:11:05.424 | Info | '/transaction/getuserpermissions' | 
14:11:05.431 | Info | '/transaction/myprofile' | 
14:11:05.434 | Info | '/transaction/myrequests' | 
14:11:05.436 | Info | '/transaction/mycollections' | 
14:11:05.437 | Info | '/transaction/getuserpermissions' | 
14:11:05.444 | Info | '/transaction/myprofile' | 
14:11:05.447 | Info | '/transaction/myrequests' | 
14:11:05.449 | Info | '/transaction/mycollections' | 
14:11:05.453 | Info | '/transaction/myprofile' | 
14:11:05.468 | Info | '/transaction/myprofile' | 
14:11:09.708 | Info | '/transaction/getcollection' | 
14:11:09.712 | Info | '/transaction/getcollection' | 
14:11:16.096 | Info | '/transaction/postcollection' | 
14:11:16.717 | Info | '/transaction/getcollection' | 
14:11:24.049 | Info | '/transaction/postcollection' | 
14:11:24.223 | Info | '/transaction/getcollection' | 
14:11:35.621 | Info | '/transaction/postcollection' | 
14:11:35.897 | Info | '/transaction/getcollection' | 
14:11:42.851 | Info | '/transaction/postcollection' | 
14:11:43.137 | Info | '/transaction/getcollection' | 
