13:19:49.774 | Info | '/api/user/login' | 
13:19:50.840 | Info | '/transaction/getuserpermissions' | 
13:19:50.893 | Info | '/transaction/getuserpermissions' | 
13:19:55.710 | Info | '/transaction/getarea' | 
13:19:55.712 | Info | '/transaction/getdonationtypes' | 
13:19:55.715 | Info | '/transaction/getdonationmethods' | 
13:19:55.759 | Info | '/transaction/getarea' | 
13:19:55.763 | Info | '/transaction/getdonationtypes' | 
13:19:55.766 | Info | '/transaction/getdonationmethods' | 
13:24:18.444 | Info | '/transaction/getuserpermissions' | 
13:24:18.458 | Info | '/transaction/getuserpermissions' | 
13:24:18.476 | Info | '/transaction/getarea' | 
13:24:18.479 | Info | '/transaction/getdonationtypes' | 
13:24:18.590 | Info | '/transaction/getdonationmethods' | 
13:24:18.796 | Info | '/transaction/getarea' | 
13:24:18.800 | Info | '/transaction/getdonationmethods' | 
13:24:18.798 | Info | '/transaction/getdonationtypes' | 
13:28:52.324 | Info | '/transaction/getuserpermissions' | 
13:28:52.326 | Info | '/transaction/getdonationtypes' | 
13:28:52.328 | Info | '/transaction/getarea' | 
13:28:52.331 | Info | '/transaction/getdonationmethods' | 
13:28:52.337 | Info | '/transaction/getuserpermissions' | 
13:28:52.340 | Info | '/transaction/getdonationtypes' | 
13:28:52.344 | Info | '/transaction/getarea' | 
13:28:52.346 | Info | '/transaction/getdonationmethods' | 
13:29:04.708 | Info | '/transaction/getuserpermissions' | 
13:29:04.791 | Info | '/transaction/getarea' | 
13:29:04.793 | Info | '/transaction/getdonationtypes' | 
13:29:04.796 | Info | '/transaction/getdonationmethods' | 
13:29:04.804 | Info | '/transaction/getuserpermissions' | 
13:29:04.808 | Info | '/transaction/getarea' | 
13:29:04.810 | Info | '/transaction/getdonationtypes' | 
13:29:04.812 | Info | '/transaction/getdonationmethods' | 
13:29:36.803 | Info | '/transaction/getuserpermissions' | 
13:29:36.844 | Info | '/transaction/getuserpermissions' | 
13:29:36.847 | Info | '/transaction/getarea' | 
13:29:36.852 | Info | '/transaction/getdonationmethods' | 
13:29:36.849 | Info | '/transaction/getdonationtypes' | 
13:29:36.906 | Info | '/transaction/getarea' | 
13:29:36.908 | Info | '/transaction/getdonationtypes' | 
13:29:36.910 | Info | '/transaction/getdonationmethods' | 
13:30:14.152 | Info | '/transaction/getuserpermissions' | 
13:30:14.158 | Info | '/transaction/getarea' | 
13:30:14.161 | Info | '/transaction/getdonationtypes' | 
13:30:14.163 | Info | '/transaction/getdonationmethods' | 
13:30:14.166 | Info | '/transaction/getuserpermissions' | 
13:30:14.172 | Info | '/transaction/getarea' | 
13:30:14.179 | Info | '/transaction/getdonationtypes' | 
13:30:14.181 | Info | '/transaction/getdonationmethods' | 
13:30:30.148 | Info | '/transaction/getuserpermissions' | 
13:30:30.152 | Info | '/transaction/getarea' | 
13:30:30.183 | Info | '/transaction/getuserpermissions' | 
13:30:30.177 | Info | '/transaction/getdonationtypes' | 
13:30:30.181 | Info | '/transaction/getdonationmethods' | 
13:30:30.186 | Info | '/transaction/getarea' | 
13:30:30.191 | Info | '/transaction/getdonationtypes' | 
13:30:30.196 | Info | '/transaction/getdonationmethods' | 
13:31:02.292 | Info | '/transaction/getuserpermissions' | 
13:31:02.302 | Info | '/transaction/getarea' | 
13:31:02.304 | Info | '/transaction/getdonationtypes' | 
13:31:02.370 | Info | '/transaction/getuserpermissions' | 
13:31:02.372 | Info | '/transaction/getdonationmethods' | 
13:31:02.374 | Info | '/transaction/getarea' | 
13:31:02.377 | Info | '/transaction/getdonationtypes' | 
13:31:02.417 | Info | '/transaction/getdonationmethods' | 
13:31:57.878 | Info | '/transaction/getuserpermissions' | 
13:31:57.893 | Info | '/transaction/getarea' | 
13:31:57.895 | Info | '/transaction/getdonationtypes' | 
13:31:57.897 | Info | '/transaction/getuserpermissions' | 
13:31:57.900 | Info | '/transaction/getdonationmethods' | 
13:31:57.906 | Info | '/transaction/getarea' | 
13:31:57.908 | Info | '/transaction/getdonationtypes' | 
13:31:57.911 | Info | '/transaction/getdonationmethods' | 
13:33:24.735 | Info | '/transaction/getuserpermissions' | 
13:33:24.749 | Info | '/transaction/getarea' | 
13:33:24.751 | Info | '/transaction/getdonationtypes' | 
13:33:24.753 | Info | '/transaction/getdonationmethods' | 
13:33:24.754 | Info | '/transaction/getuserpermissions' | 
13:33:24.762 | Info | '/transaction/getarea' | 
13:33:24.769 | Info | '/transaction/getdonationtypes' | 
13:33:24.771 | Info | '/transaction/getdonationmethods' | 
13:35:21.979 | Info | '/transaction/getuserpermissions' | 
13:35:21.987 | Info | '/transaction/getarea' | 
13:35:21.994 | Info | '/transaction/getdonationtypes' | 
13:35:21.997 | Info | '/transaction/getdonationmethods' | 
13:35:22.000 | Info | '/transaction/getuserpermissions' | 
13:35:22.007 | Info | '/transaction/getarea' | 
13:35:22.013 | Info | '/transaction/getdonationtypes' | 
13:35:22.064 | Info | '/transaction/getdonationmethods' | 
13:36:09.091 | Info | '/transaction/getarea' | 
13:36:09.094 | Info | '/transaction/getdonationtypes' | 
13:36:09.098 | Info | '/transaction/getdonationmethods' | 
13:36:09.107 | Info | '/transaction/getarea' | 
13:36:09.109 | Info | '/transaction/getdonationtypes' | 
13:36:09.120 | Info | '/transaction/getdonationmethods' | 
13:44:28.497 | Info | '/transaction/getuserpermissions' | 
13:44:28.502 | Info | '/transaction/getarea' | 
13:44:28.504 | Info | '/transaction/getuserpermissions' | 
13:44:28.520 | Info | '/transaction/getdonationtypes' | 
13:44:28.523 | Info | '/transaction/getdonationmethods' | 
13:44:28.534 | Info | '/transaction/getarea' | 
13:44:28.538 | Info | '/transaction/getdonationtypes' | 
13:44:28.546 | Info | '/transaction/getdonationmethods' | 
13:45:39.326 | Info | '/transaction/getuserpermissions' | 
13:45:39.337 | Info | '/transaction/getuserpermissions' | 
13:45:39.342 | Info | '/transaction/getarea' | 
13:45:39.344 | Info | '/transaction/getdonationtypes' | 
13:45:39.346 | Info | '/transaction/getdonationmethods' | 
13:45:39.350 | Info | '/transaction/getarea' | 
13:45:39.353 | Info | '/transaction/getdonationtypes' | 
13:45:39.355 | Info | '/transaction/getdonationmethods' | 
13:47:12.294 | Info | '/transaction/getuserpermissions' | 
13:47:12.297 | Info | '/transaction/getarea' | 
13:47:12.301 | Info | '/transaction/getdonationtypes' | 
13:47:12.306 | Info | '/transaction/getdonationmethods' | 
13:47:12.308 | Info | '/transaction/getuserpermissions' | 
13:47:12.310 | Info | '/transaction/getarea' | 
13:47:12.342 | Info | '/transaction/getdonationtypes' | 
13:47:12.348 | Info | '/transaction/getdonationmethods' | 
13:48:09.874 | Info | '/transaction/getuserpermissions' | 
13:48:09.876 | Info | '/transaction/getarea' | 
13:48:09.878 | Info | '/transaction/getdonationtypes' | 
13:48:09.880 | Info | '/transaction/getdonationmethods' | 
13:48:09.892 | Info | '/transaction/getuserpermissions' | 
13:48:09.894 | Info | '/transaction/getarea' | 
13:48:09.901 | Info | '/transaction/getdonationtypes' | 
13:48:09.903 | Info | '/transaction/getdonationmethods' | 
