01:38:38.859 | Info | '/api/user/login' | 
01:38:38.938 | Info | '/transaction/getuserpermissions' | 
01:38:38.947 | Info | '/transaction/getuserpermissions' | 
01:38:45.094 | Info | '/transaction/getarea' | 
01:38:45.096 | Info | '/transaction/getdonationtypes' | 
01:38:45.102 | Info | '/transaction/getdonationmethods' | 
01:38:45.108 | Info | '/transaction/getarea' | 
01:38:45.111 | Info | '/transaction/getdonationpurpose' | 
01:38:45.112 | Info | '/transaction/getdonationtypes' | 
01:38:45.128 | Info | '/transaction/getdonationpurpose' | 
01:38:45.129 | Info | '/transaction/getdonationmethods' | 
01:40:04.449 | Info | '/api/user/login' | 
01:40:04.515 | Info | '/transaction/getuserpermissions' | 
01:40:04.519 | Info | '/transaction/getuserpermissions' | 
01:40:07.432 | Info | '/transaction/getarea' | 
01:40:07.434 | Info | '/transaction/getdonationtypes' | 
01:40:07.436 | Info | '/transaction/getdonationmethods' | 
01:40:07.438 | Info | '/transaction/getdonationpurpose' | 
01:40:07.442 | Info | '/transaction/getarea' | 
01:40:07.445 | Info | '/transaction/getdonationtypes' | 
01:40:07.448 | Info | '/transaction/getdonationmethods' | 
01:40:07.456 | Info | '/transaction/getdonationpurpose' | 
01:40:35.884 | Info | '/transaction/getarea' | 
01:40:35.886 | Info | '/transaction/getdonationtypes' | 
01:40:35.895 | Info | '/transaction/getarea' | 
01:40:35.897 | Info | '/transaction/getdonationmethods' | 
01:40:35.902 | Info | '/transaction/getdonationtypes' | 
01:40:35.904 | Info | '/transaction/getdonationpurpose' | 
01:40:35.914 | Info | '/transaction/getdonationmethods' | 
01:40:35.920 | Info | '/transaction/getdonationpurpose' | 
01:40:37.211 | Info | '/transaction/getarea' | 
01:40:37.216 | Info | '/transaction/getdonationtypes' | 
01:40:37.217 | Info | '/transaction/getuserpermissions' | 
01:40:37.222 | Info | '/transaction/getdonationmethods' | 
01:40:37.225 | Info | '/transaction/getdonationpurpose' | 
01:40:37.229 | Info | '/transaction/getarea' | 
01:40:37.232 | Info | '/transaction/getdonationtypes' | 
01:40:37.237 | Info | '/transaction/getuserpermissions' | 
01:40:37.243 | Info | '/transaction/getdonationmethods' | 
01:40:37.246 | Info | '/transaction/getdonationpurpose' | 
01:41:14.937 | Info | '/transaction/getdonordetails' | 
01:42:06.149 | Info | '/transaction/getuserpermissions' | 
01:42:06.151 | Info | '/transaction/getarea' | 
01:42:06.152 | Info | '/transaction/getdonationtypes' | 
01:42:06.154 | Info | '/transaction/getdonationmethods' | 
01:42:06.160 | Info | '/transaction/getdonationpurpose' | 
01:42:06.164 | Info | '/transaction/getuserpermissions' | 
01:42:06.167 | Info | '/transaction/getarea' | 
01:42:06.169 | Info | '/transaction/getdonationtypes' | 
01:42:06.171 | Info | '/transaction/getdonationmethods' | 
01:42:06.178 | Info | '/transaction/getdonationpurpose' | 
01:44:29.658 | Info | '/transaction/getarea' | 
01:44:30.045 | Info | '/transaction/getdonationtypes' | 
01:44:30.053 | Info | '/transaction/getdonationmethods' | 
01:44:30.058 | Info | '/transaction/getdonationpurpose' | 
01:44:30.134 | Info | '/transaction/getarea' | 
01:44:30.139 | Info | '/transaction/getdonationtypes' | 
01:44:30.175 | Info | '/transaction/getdonationpurpose' | 
01:44:30.178 | Info | '/transaction/getdonationmethods' | 
01:44:31.393 | Info | '/transaction/getuserpermissions' | 
01:44:31.400 | Info | '/transaction/getarea' | 
01:44:31.403 | Info | '/transaction/getdonationtypes' | 
01:44:31.405 | Info | '/transaction/getdonationmethods' | 
01:44:31.411 | Info | '/transaction/getdonationpurpose' | 
01:44:31.419 | Info | '/transaction/getarea' | 
01:44:31.421 | Info | '/transaction/getdonationtypes' | 
01:44:31.428 | Info | '/transaction/getdonationmethods' | 
01:44:31.437 | Info | '/transaction/getdonationpurpose' | 
01:44:31.443 | Info | '/transaction/getuserpermissions' | 
01:44:34.610 | Info | '/transaction/getdonordetails' | 
01:44:53.231 | Info | '/transaction/getdonordetails' | 
01:45:37.817 | Info | '/transaction/getarea' | 
01:45:37.821 | Info | '/transaction/getdonationtypes' | 
01:45:37.823 | Info | '/transaction/getdonationmethods' | 
01:45:37.825 | Info | '/transaction/getdonationpurpose' | 
01:45:37.827 | Info | '/transaction/getarea' | 
01:45:37.832 | Info | '/transaction/getdonationtypes' | 
01:45:37.834 | Info | '/transaction/getdonationmethods' | 
01:45:37.836 | Info | '/transaction/getdonationpurpose' | 
01:45:41.851 | Info | '/transaction/getarea' | 
01:45:41.853 | Info | '/transaction/getdonationtypes' | 
01:45:41.854 | Info | '/transaction/getdonationmethods' | 
01:45:41.856 | Info | '/transaction/getdonationpurpose' | 
01:45:41.861 | Info | '/transaction/getarea' | 
01:45:41.863 | Info | '/transaction/getdonationtypes' | 
01:45:41.869 | Info | '/transaction/getdonationpurpose' | 
01:45:41.866 | Info | '/transaction/getdonationmethods' | 
01:46:01.815 | Info | '/transaction/getarea' | 
01:46:01.904 | Info | '/transaction/getdonationtypes' | 
01:46:01.906 | Info | '/transaction/getdonationmethods' | 
01:46:01.916 | Info | '/transaction/getdonationpurpose' | 
01:46:01.918 | Info | '/transaction/getarea' | 
01:46:01.920 | Info | '/transaction/getdonationtypes' | 
01:46:01.925 | Info | '/transaction/getdonationmethods' | 
01:46:01.930 | Info | '/transaction/getdonationpurpose' | 
01:46:14.833 | Info | '/transaction/getarea' | 
01:46:14.838 | Info | '/transaction/getdonationtypes' | 
01:46:14.840 | Info | '/transaction/getdonationmethods' | 
01:46:14.843 | Info | '/transaction/getdonationpurpose' | 
01:46:14.845 | Info | '/transaction/getarea' | 
01:46:14.851 | Info | '/transaction/getdonationmethods' | 
01:46:14.849 | Info | '/transaction/getdonationtypes' | 
01:46:14.853 | Info | '/transaction/getdonationpurpose' | 
01:46:25.828 | Info | '/transaction/getarea' | 
01:46:25.834 | Info | '/transaction/getdonationtypes' | 
01:46:25.836 | Info | '/transaction/getdonationmethods' | 
01:46:25.838 | Info | '/transaction/getarea' | 
01:46:25.839 | Info | '/transaction/getdonationpurpose' | 
01:46:25.845 | Info | '/transaction/getdonationtypes' | 
01:46:25.850 | Info | '/transaction/getdonationpurpose' | 
01:46:25.847 | Info | '/transaction/getdonationmethods' | 
01:46:52.815 | Info | '/transaction/getarea' | 
01:46:52.817 | Info | '/transaction/getdonationtypes' | 
01:46:52.821 | Info | '/transaction/getdonationmethods' | 
01:46:52.825 | Info | '/transaction/getarea' | 
01:46:52.826 | Info | '/transaction/getdonationpurpose' | 
01:46:52.828 | Info | '/transaction/getdonationtypes' | 
01:46:52.831 | Info | '/transaction/getdonationmethods' | 
01:46:52.835 | Info | '/transaction/getdonationpurpose' | 
01:46:56.789 | Info | '/transaction/getarea' | 
01:46:56.791 | Info | '/transaction/getdonationtypes' | 
01:46:56.794 | Info | '/transaction/getdonationmethods' | 
01:46:56.807 | Info | '/transaction/getdonationpurpose' | 
01:46:56.809 | Info | '/transaction/getarea' | 
01:46:56.811 | Info | '/transaction/getdonationtypes' | 
01:46:56.815 | Info | '/transaction/getdonationmethods' | 
01:46:56.818 | Info | '/transaction/getdonationpurpose' | 
01:47:00.830 | Info | '/transaction/getarea' | 
01:47:00.833 | Info | '/transaction/getdonationtypes' | 
01:47:00.836 | Info | '/transaction/getdonationmethods' | 
01:47:00.852 | Info | '/transaction/getdonationpurpose' | 
01:47:00.853 | Info | '/transaction/getarea' | 
01:47:00.856 | Info | '/transaction/getdonationtypes' | 
01:47:00.859 | Info | '/transaction/getdonationmethods' | 
01:47:00.866 | Info | '/transaction/getdonationpurpose' | 
01:47:14.805 | Info | '/transaction/getarea' | 
01:47:14.809 | Info | '/transaction/getdonationtypes' | 
01:47:14.812 | Info | '/transaction/getdonationmethods' | 
01:47:14.815 | Info | '/transaction/getarea' | 
01:47:14.813 | Info | '/transaction/getdonationpurpose' | 
01:47:14.820 | Info | '/transaction/getdonationtypes' | 
01:47:14.824 | Info | '/transaction/getdonationmethods' | 
01:47:14.826 | Info | '/transaction/getdonationpurpose' | 
01:47:51.796 | Info | '/transaction/getarea' | 
01:47:51.798 | Info | '/transaction/getdonationtypes' | 
01:47:51.801 | Info | '/transaction/getdonationmethods' | 
01:47:51.803 | Info | '/transaction/getdonationpurpose' | 
01:47:51.811 | Info | '/transaction/getdonationtypes' | 
01:47:51.810 | Info | '/transaction/getarea' | 
01:47:51.816 | Info | '/transaction/getdonationmethods' | 
01:47:51.818 | Info | '/transaction/getdonationpurpose' | 
01:48:19.824 | Info | '/transaction/getarea' | 
01:48:19.829 | Info | '/transaction/getdonationtypes' | 
01:48:19.833 | Info | '/transaction/getdonationmethods' | 
01:48:19.835 | Info | '/transaction/getdonationpurpose' | 
01:48:19.842 | Info | '/transaction/getarea' | 
01:48:19.845 | Info | '/transaction/getdonationtypes' | 
01:48:19.846 | Info | '/transaction/getdonationmethods' | 
01:48:19.849 | Info | '/transaction/getdonationpurpose' | 
01:48:31.784 | Info | '/transaction/getarea' | 
01:48:31.793 | Info | '/transaction/getdonationtypes' | 
01:48:31.795 | Info | '/transaction/getdonationmethods' | 
01:48:31.800 | Info | '/transaction/getarea' | 
01:48:31.802 | Info | '/transaction/getdonationpurpose' | 
01:48:31.803 | Info | '/transaction/getdonationtypes' | 
01:48:31.817 | Info | '/transaction/getdonationmethods' | 
01:48:31.819 | Info | '/transaction/getdonationpurpose' | 
01:48:33.252 | Info | '/transaction/getarea' | 
01:48:33.254 | Info | '/transaction/getdonationtypes' | 
01:48:33.259 | Info | '/transaction/getdonationmethods' | 
01:48:33.260 | Info | '/transaction/getuserpermissions' | 
01:48:33.262 | Info | '/transaction/getdonationpurpose' | 
01:48:33.264 | Info | '/transaction/getarea' | 
01:48:33.268 | Info | '/transaction/getdonationtypes' | 
01:48:33.274 | Info | '/transaction/getdonationmethods' | 
01:48:33.277 | Info | '/transaction/getuserpermissions' | 
01:48:33.280 | Info | '/transaction/getdonationpurpose' | 
01:49:31.800 | Info | '/transaction/getarea' | 
01:49:31.802 | Info | '/transaction/getdonationtypes' | 
01:49:31.804 | Info | '/transaction/getdonationmethods' | 
01:49:31.806 | Info | '/transaction/getdonationpurpose' | 
01:49:31.812 | Info | '/transaction/getarea' | 
01:49:31.815 | Info | '/transaction/getdonationtypes' | 
01:49:31.820 | Info | '/transaction/getdonationmethods' | 
01:49:31.830 | Info | '/transaction/getdonationpurpose' | 
01:49:37.876 | Info | '/transaction/getarea' | 
01:49:37.880 | Info | '/transaction/getdonationtypes' | 
01:49:37.892 | Info | '/transaction/getdonationmethods' | 
01:49:37.895 | Info | '/transaction/getarea' | 
01:49:37.900 | Info | '/transaction/getdonationpurpose' | 
01:49:37.910 | Info | '/transaction/getdonationtypes' | 
01:49:37.912 | Info | '/transaction/getdonationmethods' | 
01:49:37.918 | Info | '/transaction/getdonationpurpose' | 
01:49:40.144 | Info | '/transaction/getarea' | 
01:49:40.147 | Info | '/transaction/getuserpermissions' | 
01:49:40.150 | Info | '/transaction/getdonationtypes' | 
01:49:40.153 | Info | '/transaction/getdonationmethods' | 
01:49:40.157 | Info | '/transaction/getarea' | 
01:49:40.155 | Info | '/transaction/getdonationpurpose' | 
01:49:40.161 | Info | '/transaction/getuserpermissions' | 
01:49:40.165 | Info | '/transaction/getdonationtypes' | 
01:49:40.167 | Info | '/transaction/getdonationmethods' | 
01:49:40.171 | Info | '/transaction/getdonationpurpose' | 
01:50:04.440 | Info | '/transaction/getarea' | 
01:50:04.449 | Info | '/transaction/getdonationtypes' | 
01:50:04.452 | Info | '/transaction/getdonationpurpose' | 
01:50:04.454 | Info | '/transaction/getdonationmethods' | 
01:50:04.458 | Info | '/transaction/getarea' | 
01:50:04.465 | Info | '/transaction/getdonationtypes' | 
01:50:04.469 | Info | '/transaction/getdonationpurpose' | 
01:50:04.470 | Info | '/transaction/getdonationmethods' | 
01:50:22.825 | Info | '/transaction/getarea' | 
01:50:22.830 | Info | '/transaction/getdonationtypes' | 
01:50:22.831 | Info | '/transaction/getdonationmethods' | 
01:50:22.833 | Info | '/transaction/getdonationpurpose' | 
01:50:22.835 | Info | '/transaction/getarea' | 
01:50:22.839 | Info | '/transaction/getdonationtypes' | 
01:50:22.841 | Info | '/transaction/getdonationmethods' | 
01:50:22.844 | Info | '/transaction/getdonationpurpose' | 
01:50:29.657 | Info | '/transaction/getarea' | 
01:50:29.659 | Info | '/transaction/getdonationtypes' | 
01:50:29.661 | Info | '/transaction/getdonationmethods' | 
01:50:29.664 | Info | '/transaction/getdonationpurpose' | 
01:50:29.682 | Info | '/transaction/getdonationpurpose' | 
01:50:29.685 | Info | '/transaction/getarea' | 
01:50:29.706 | Info | '/transaction/getdonationtypes' | 
01:50:29.710 | Info | '/transaction/getdonationmethods' | 
01:50:32.719 | Info | '/transaction/getarea' | 
01:50:32.722 | Info | '/transaction/getdonationtypes' | 
01:50:32.725 | Info | '/transaction/getuserpermissions' | 
01:50:32.727 | Info | '/transaction/getdonationmethods' | 
01:50:32.729 | Info | '/transaction/getdonationpurpose' | 
01:50:32.741 | Info | '/transaction/getarea' | 
01:50:32.743 | Info | '/transaction/getdonationtypes' | 
01:50:32.745 | Info | '/transaction/getdonationmethods' | 
01:50:32.747 | Info | '/transaction/getuserpermissions' | 
01:50:32.749 | Info | '/transaction/getdonationpurpose' | 
01:50:45.571 | Info | '/transaction/getarea' | 
01:50:45.573 | Info | '/transaction/getdonationtypes' | 
01:50:45.575 | Info | '/transaction/getdonationmethods' | 
01:50:45.577 | Info | '/transaction/getdonationpurpose' | 
01:50:45.586 | Info | '/transaction/getarea' | 
01:50:45.588 | Info | '/transaction/getdonationtypes' | 
01:50:45.590 | Info | '/transaction/getdonationmethods' | 
01:50:45.592 | Info | '/transaction/getdonationpurpose' | 
01:50:46.953 | Info | '/transaction/getarea' | 
01:50:46.955 | Info | '/transaction/getuserpermissions' | 
01:50:46.956 | Info | '/transaction/getdonationtypes' | 
01:50:46.959 | Info | '/transaction/getdonationmethods' | 
01:50:46.962 | Info | '/transaction/getdonationpurpose' | 
01:50:46.969 | Info | '/transaction/getarea' | 
01:50:46.972 | Info | '/transaction/getuserpermissions' | 
01:50:46.974 | Info | '/transaction/getdonationtypes' | 
01:50:46.976 | Info | '/transaction/getdonationmethods' | 
01:50:46.980 | Info | '/transaction/getdonationpurpose' | 
01:50:54.117 | Info | '/transaction/getarea' | 
01:50:54.122 | Info | '/transaction/getdonationtypes' | 
01:50:54.127 | Info | '/transaction/getdonationpurpose' | 
01:50:54.125 | Info | '/transaction/getdonationmethods' | 
01:50:54.136 | Info | '/transaction/getarea' | 
01:50:54.140 | Info | '/transaction/getdonationmethods' | 
01:50:54.139 | Info | '/transaction/getdonationtypes' | 
01:50:54.142 | Info | '/transaction/getdonationpurpose' | 
01:50:55.135 | Info | '/transaction/getarea' | 
01:50:55.137 | Info | '/transaction/getuserpermissions' | 
01:50:55.139 | Info | '/transaction/getdonationtypes' | 
01:50:55.143 | Info | '/transaction/getdonationmethods' | 
01:50:55.147 | Info | '/transaction/getdonationpurpose' | 
01:50:55.150 | Info | '/transaction/getarea' | 
01:50:55.153 | Info | '/transaction/getuserpermissions' | 
01:50:55.154 | Info | '/transaction/getdonationtypes' | 
01:50:55.157 | Info | '/transaction/getdonationmethods' | 
01:50:55.161 | Info | '/transaction/getdonationpurpose' | 
01:51:08.510 | Info | '/transaction/getarea' | 
01:51:08.512 | Info | '/transaction/getdonationtypes' | 
01:51:08.513 | Info | '/transaction/getdonationmethods' | 
01:51:08.515 | Info | '/transaction/getdonationpurpose' | 
01:51:08.532 | Info | '/transaction/getarea' | 
01:51:08.534 | Info | '/transaction/getdonationtypes' | 
01:51:08.536 | Info | '/transaction/getdonationmethods' | 
01:51:08.539 | Info | '/transaction/getdonationpurpose' | 
01:51:19.205 | Info | '/transaction/getarea' | 
01:51:19.208 | Info | '/transaction/getarea' | 
01:51:19.227 | Info | '/transaction/getdonationtypes' | 
01:51:19.229 | Info | '/transaction/getdonationmethods' | 
01:51:19.230 | Info | '/transaction/getdonationpurpose' | 
01:51:19.240 | Info | '/transaction/getdonationpurpose' | 
01:51:19.242 | Info | '/transaction/getdonationmethods' | 
01:51:19.246 | Info | '/transaction/getdonationtypes' | 
01:51:19.805 | Info | '/transaction/getuserpermissions' | 
01:51:19.807 | Info | '/transaction/getarea' | 
01:51:19.809 | Info | '/transaction/getdonationtypes' | 
01:51:19.813 | Info | '/transaction/getdonationmethods' | 
01:51:19.814 | Info | '/transaction/getdonationpurpose' | 
01:51:19.818 | Info | '/transaction/getuserpermissions' | 
01:51:19.821 | Info | '/transaction/getarea' | 
01:51:19.823 | Info | '/transaction/getdonationtypes' | 
01:51:19.827 | Info | '/transaction/getdonationmethods' | 
01:51:19.830 | Info | '/transaction/getdonationpurpose' | 
01:51:21.054 | Info | '/transaction/getuserpermissions' | 
01:51:21.058 | Info | '/transaction/getarea' | 
01:51:21.060 | Info | '/transaction/getdonationtypes' | 
01:51:21.062 | Info | '/transaction/getuserpermissions' | 
01:51:21.065 | Info | '/transaction/getdonationmethods' | 
01:51:21.068 | Info | '/transaction/getdonationpurpose' | 
01:51:21.072 | Info | '/transaction/getarea' | 
01:51:21.074 | Info | '/transaction/getdonationtypes' | 
01:51:21.080 | Info | '/transaction/getdonationmethods' | 
01:51:21.083 | Info | '/transaction/getdonationpurpose' | 
01:51:57.396 | Info | '/transaction/getuserpermissions' | 
01:51:57.403 | Info | '/transaction/getuserpermissions' | 
01:51:57.405 | Info | '/transaction/getarea' | 
01:51:57.408 | Info | '/transaction/getdonationtypes' | 
01:51:57.417 | Info | '/transaction/getdonationmethods' | 
01:51:57.419 | Info | '/transaction/getdonationpurpose' | 
01:51:57.421 | Info | '/transaction/getarea' | 
01:51:57.423 | Info | '/transaction/getdonationtypes' | 
01:51:57.433 | Info | '/transaction/getdonationmethods' | 
01:51:57.436 | Info | '/transaction/getdonationpurpose' | 
01:52:35.106 | Info | '/transaction/getdonationtypes' | 
01:52:35.109 | Info | '/transaction/getdonationtypes' | 
01:52:43.848 | Info | '/transaction/getdonationmethods' | 
01:52:43.851 | Info | '/transaction/getdonationmethods' | 
01:52:45.635 | Info | '/transaction/getdonationpurpose' | 
01:52:45.638 | Info | '/transaction/getdonationpurpose' | 
01:52:49.652 | Info | '/transaction/getdonationtypes' | 
01:52:49.656 | Info | '/transaction/getdonationtypes' | 
01:52:50.482 | Info | '/transaction/getarea' | 
01:52:50.485 | Info | '/transaction/getarea' | 
01:52:52.146 | Info | '/transaction/getdonationmethods' | 
01:52:52.149 | Info | '/transaction/getdonationmethods' | 
01:52:52.709 | Info | '/transaction/getdonationtypes' | 
01:52:52.713 | Info | '/transaction/getdonationtypes' | 
01:52:54.353 | Info | '/transaction/getarea' | 
01:52:54.356 | Info | '/transaction/getarea' | 
01:52:57.558 | Info | '/transaction/getarea' | 
01:52:57.562 | Info | '/transaction/getdonationtypes' | 
01:52:57.566 | Info | '/transaction/getarea' | 
01:52:57.567 | Info | '/transaction/getdonationmethods' | 
01:52:57.570 | Info | '/transaction/getdonationpurpose' | 
01:52:57.573 | Info | '/transaction/getdonationtypes' | 
01:52:57.578 | Info | '/transaction/getdonationmethods' | 
01:52:57.580 | Info | '/transaction/getdonationpurpose' | 
01:53:45.448 | Info | '/transaction/getdonordetails' | 
01:53:52.056 | Info | '/transaction/getdonordetails' | 
01:54:02.992 | Info | '/transaction/getdonordetails' | 
01:57:17.052 | Info | '/transaction/getarea' | 
01:57:17.058 | Info | '/transaction/getdonationtypes' | 
01:57:17.060 | Info | '/transaction/getdonationmethods' | 
01:57:17.062 | Info | '/transaction/getdonationpurpose' | 
01:57:17.064 | Info | '/transaction/getarea' | 
01:57:17.067 | Info | '/transaction/getdonationtypes' | 
01:57:17.076 | Info | '/transaction/getdonationmethods' | 
01:57:17.091 | Info | '/transaction/getdonationpurpose' | 
01:57:43.146 | Info | '/transaction/getuserpermissions' | 
01:57:43.154 | Info | '/transaction/getuserpermissions' | 
01:57:43.190 | Info | '/transaction/getarea' | 
01:57:43.205 | Info | '/transaction/getdonationtypes' | 
01:57:43.210 | Info | '/transaction/getdonationmethods' | 
01:57:43.221 | Info | '/transaction/getdonationpurpose' | 
01:57:43.223 | Info | '/transaction/getarea' | 
01:57:43.234 | Info | '/transaction/getdonationtypes' | 
01:57:43.242 | Info | '/transaction/getdonationmethods' | 
01:57:43.248 | Info | '/transaction/getdonationpurpose' | 
01:57:46.470 | Info | '/transaction/getuserpermissions' | 
01:57:46.473 | Info | '/transaction/getarea' | 
01:57:46.476 | Info | '/transaction/getdonationtypes' | 
01:57:46.479 | Info | '/transaction/getdonationmethods' | 
01:57:46.483 | Info | '/transaction/getuserpermissions' | 
01:57:46.487 | Info | '/transaction/getdonationpurpose' | 
01:57:46.492 | Info | '/transaction/getarea' | 
01:57:46.495 | Info | '/transaction/getdonationtypes' | 
01:57:46.500 | Info | '/transaction/getdonationmethods' | 
01:57:46.503 | Info | '/transaction/getdonationpurpose' | 
01:57:48.532 | Info | '/transaction/getdonationpurpose' | 
01:57:48.535 | Info | '/transaction/getdonationpurpose' | 
01:58:00.234 | Info | '/transaction/getarea' | 
01:58:00.237 | Info | '/transaction/getdonationtypes' | 
01:58:00.240 | Info | '/transaction/getdonationmethods' | 
01:58:00.241 | Info | '/transaction/getdonationpurpose' | 
01:58:00.245 | Info | '/transaction/getarea' | 
01:58:00.247 | Info | '/transaction/getdonationtypes' | 
01:58:00.250 | Info | '/transaction/getdonationmethods' | 
01:58:00.251 | Info | '/transaction/getdonationpurpose' | 
01:58:34.528 | Info | '/transaction/getarea' | 
01:58:34.538 | Info | '/transaction/getdonationtypes' | 
01:58:34.540 | Info | '/transaction/getdonationmethods' | 
01:58:34.542 | Info | '/transaction/getdonationpurpose' | 
01:58:34.556 | Info | '/transaction/getarea' | 
01:58:34.567 | Info | '/transaction/getdonationtypes' | 
01:58:34.571 | Info | '/transaction/getdonationmethods' | 
01:58:34.574 | Info | '/transaction/getdonationpurpose' | 
01:58:49.628 | Info | '/transaction/getdonationpurpose' | 
01:58:49.632 | Info | '/transaction/getdonationpurpose' | 
02:00:12.629 | Info | '/transaction/getarea' | 
02:00:12.634 | Info | '/transaction/getarea' | 
02:36:38.747 | Info | '/transaction/getuserpermissions' | 
02:36:38.749 | Info | '/transaction/getarea' | 
02:36:38.752 | Info | '/transaction/getuserpermissions' | 
02:36:38.754 | Info | '/transaction/getarea' | 
02:36:47.854 | Info | '/transaction/getdonationpurpose' | 
02:36:47.859 | Info | '/transaction/getarea' | 
02:36:47.860 | Info | '/transaction/getdonationpurpose' | 
02:36:47.867 | Info | '/transaction/getarea' | 
02:36:57.350 | Info | '/transaction/getdonationpurpose' | 
02:36:57.352 | Info | '/transaction/getarea' | 
02:36:57.358 | Info | '/transaction/getarea' | 
02:36:57.363 | Info | '/transaction/getdonationpurpose' | 
02:36:58.850 | Info | '/transaction/getuserpermissions' | 
02:36:58.856 | Info | '/transaction/getuserpermissions' | 
02:36:58.982 | Info | '/transaction/getdonationpurpose' | 
02:36:58.984 | Info | '/transaction/getarea' | 
02:36:58.988 | Info | '/transaction/getdonationpurpose' | 
02:36:58.990 | Info | '/transaction/getarea' | 
02:37:10.323 | Info | '/transaction/getdonationpurpose' | 
02:37:10.325 | Info | '/transaction/getarea' | 
02:37:10.333 | Info | '/transaction/getdonationpurpose' | 
02:37:10.341 | Info | '/transaction/getarea' | 
02:37:11.110 | Info | '/transaction/getuserpermissions' | 
02:37:11.116 | Info | '/transaction/getuserpermissions' | 
02:37:11.257 | Info | '/transaction/getdonationpurpose' | 
02:37:11.261 | Info | '/transaction/getarea' | 
02:37:11.263 | Info | '/transaction/getdonationpurpose' | 
02:37:11.268 | Info | '/transaction/getarea' | 
02:37:35.818 | Info | '/transaction/getdonationpurpose' | 
02:37:35.820 | Info | '/transaction/getarea' | 
02:37:35.825 | Info | '/transaction/getdonationpurpose' | 
02:37:35.827 | Info | '/transaction/getarea' | 
02:37:37.082 | Info | '/transaction/getuserpermissions' | 
02:37:37.087 | Info | '/transaction/getuserpermissions' | 
02:37:37.199 | Info | '/transaction/getdonationpurpose' | 
02:37:37.201 | Info | '/transaction/getarea' | 
02:37:37.204 | Info | '/transaction/getdonationpurpose' | 
02:37:37.208 | Info | '/transaction/getarea' | 
02:37:51.304 | Info | '/transaction/getdonationpurpose' | 
02:37:51.306 | Info | '/transaction/getarea' | 
02:37:51.313 | Info | '/transaction/getdonationpurpose' | 
02:37:51.315 | Info | '/transaction/getarea' | 
02:37:52.406 | Info | '/transaction/getuserpermissions' | 
02:37:52.410 | Info | '/transaction/getuserpermissions' | 
02:37:52.528 | Info | '/transaction/getdonationpurpose' | 
02:37:52.530 | Info | '/transaction/getarea' | 
02:37:52.534 | Info | '/transaction/getdonationpurpose' | 
02:37:52.537 | Info | '/transaction/getarea' | 
02:39:05.026 | Info | '/transaction/getuserpermissions' | 
02:39:05.030 | Info | '/transaction/getuserpermissions' | 
02:39:05.159 | Info | '/transaction/getdonationpurpose' | 
02:39:05.160 | Info | '/transaction/getarea' | 
02:39:05.165 | Info | '/transaction/getdonationpurpose' | 
02:39:05.166 | Info | '/transaction/getarea' | 
02:40:57.889 | Info | '/transaction/getdonationpurpose' | 
02:40:57.891 | Info | '/transaction/getarea' | 
02:40:57.895 | Info | '/transaction/getdonationpurpose' | 
02:40:57.897 | Info | '/transaction/getarea' | 
02:42:04.814 | Info | '/transaction/getdonationpurpose' | 
02:42:04.816 | Info | '/transaction/getarea' | 
02:42:04.822 | Info | '/transaction/getdonationpurpose' | 
02:42:04.824 | Info | '/transaction/getarea' | 
02:42:57.166 | Info | '/transaction/getuserpermissions' | 
02:42:57.170 | Info | '/transaction/getuserpermissions' | 
02:42:57.296 | Info | '/transaction/getdonationpurpose' | 
02:42:57.298 | Info | '/transaction/getarea' | 
02:42:57.303 | Info | '/transaction/getdonationpurpose' | 
02:42:57.305 | Info | '/transaction/getarea' | 
02:43:13.898 | Info | '/transaction/getdonationpurpose' | 
02:43:13.905 | Info | '/transaction/getdonationpurpose' | 
02:43:13.907 | Info | '/transaction/getarea' | 
02:43:13.912 | Info | '/transaction/getarea' | 
02:43:49.827 | Info | '/transaction/getdonationpurpose' | 
02:43:49.831 | Info | '/transaction/getarea' | 
02:43:49.834 | Info | '/transaction/getdonationpurpose' | 
02:43:49.836 | Info | '/transaction/getarea' | 
02:43:51.989 | Info | '/transaction/getuserpermissions' | 
02:43:51.993 | Info | '/transaction/getuserpermissions' | 
02:43:52.108 | Info | '/transaction/getdonationpurpose' | 
02:43:52.109 | Info | '/transaction/getarea' | 
02:43:52.114 | Info | '/transaction/getdonationpurpose' | 
02:43:52.116 | Info | '/transaction/getarea' | 
02:44:11.821 | Info | '/transaction/getdonationpurpose' | 
02:44:11.824 | Info | '/transaction/getarea' | 
02:44:11.826 | Info | '/transaction/getdonationpurpose' | 
02:44:11.829 | Info | '/transaction/getarea' | 
02:44:13.712 | Info | '/transaction/getdonationpurpose' | 
02:44:13.713 | Info | '/transaction/getarea' | 
02:44:13.733 | Info | '/transaction/getdonationpurpose' | 
02:44:13.734 | Info | '/transaction/getarea' | 
02:44:26.817 | Info | '/transaction/getdonationpurpose' | 
02:44:26.818 | Info | '/transaction/getarea' | 
02:44:26.822 | Info | '/transaction/getdonationpurpose' | 
02:44:26.824 | Info | '/transaction/getarea' | 
02:44:28.735 | Info | '/transaction/getuserpermissions' | 
02:44:28.738 | Info | '/transaction/getuserpermissions' | 
02:44:28.852 | Info | '/transaction/getdonationpurpose' | 
02:44:28.856 | Info | '/transaction/getarea' | 
02:44:28.859 | Info | '/transaction/getdonationpurpose' | 
02:44:28.864 | Info | '/transaction/getarea' | 
02:46:04.066 | Info | '/transaction/getuserpermissions' | 
02:46:04.070 | Info | '/transaction/getuserpermissions' | 
02:46:04.191 | Info | '/transaction/getdonationpurpose' | 
02:46:04.193 | Info | '/transaction/getarea' | 
02:46:04.198 | Info | '/transaction/getdonationpurpose' | 
02:46:04.200 | Info | '/transaction/getarea' | 
02:46:18.469 | Info | '/transaction/getdonationpurpose' | 
02:46:18.471 | Info | '/transaction/getarea' | 
02:46:18.476 | Info | '/transaction/getdonationpurpose' | 
02:46:18.478 | Info | '/transaction/getarea' | 
02:46:20.391 | Info | '/transaction/getuserpermissions' | 
02:46:20.394 | Info | '/transaction/getuserpermissions' | 
02:46:20.514 | Info | '/transaction/getdonationpurpose' | 
02:46:20.515 | Info | '/transaction/getarea' | 
02:46:20.520 | Info | '/transaction/getdonationpurpose' | 
02:46:20.521 | Info | '/transaction/getarea' | 
02:46:29.727 | Info | '/transaction/getdonationpurpose' | 
02:46:29.728 | Info | '/transaction/getarea' | 
02:46:29.751 | Info | '/transaction/getdonationpurpose' | 
02:46:29.754 | Info | '/transaction/getarea' | 
02:46:30.693 | Info | '/transaction/getuserpermissions' | 
02:46:30.697 | Info | '/transaction/getuserpermissions' | 
02:46:30.814 | Info | '/transaction/getdonationpurpose' | 
02:46:30.815 | Info | '/transaction/getarea' | 
02:46:30.819 | Info | '/transaction/getdonationpurpose' | 
02:46:30.821 | Info | '/transaction/getarea' | 
02:48:35.834 | Info | '/transaction/getdonationpurpose' | 
02:48:35.835 | Info | '/transaction/getarea' | 
02:48:35.840 | Info | '/transaction/getdonationpurpose' | 
02:48:35.841 | Info | '/transaction/getarea' | 
02:48:46.837 | Info | '/transaction/getdonationpurpose' | 
02:48:46.839 | Info | '/transaction/getarea' | 
02:48:46.841 | Info | '/transaction/getdonationpurpose' | 
02:48:46.845 | Info | '/transaction/getarea' | 
02:49:05.870 | Info | '/transaction/getdonationpurpose' | 
02:49:05.873 | Info | '/transaction/getarea' | 
02:49:05.879 | Info | '/transaction/getdonationpurpose' | 
02:49:05.880 | Info | '/transaction/getarea' | 
02:49:08.911 | Info | '/transaction/getuserpermissions' | 
02:49:08.914 | Info | '/transaction/getuserpermissions' | 
02:49:09.032 | Info | '/transaction/getdonationpurpose' | 
02:49:09.034 | Info | '/transaction/getarea' | 
02:49:09.039 | Info | '/transaction/getdonationpurpose' | 
02:49:09.041 | Info | '/transaction/getarea' | 
02:49:23.174 | Info | '/transaction/getdonationpurpose' | 
02:49:23.180 | Info | '/transaction/getarea' | 
02:49:23.198 | Info | '/transaction/getdonationpurpose' | 
02:49:23.199 | Info | '/transaction/getarea' | 
02:49:24.183 | Info | '/transaction/getuserpermissions' | 
02:49:24.186 | Info | '/transaction/getuserpermissions' | 
02:49:24.308 | Info | '/transaction/getdonationpurpose' | 
02:49:24.310 | Info | '/transaction/getarea' | 
02:49:24.315 | Info | '/transaction/getdonationpurpose' | 
02:49:24.317 | Info | '/transaction/getarea' | 
02:52:24.815 | Info | '/transaction/getdonationpurpose' | 
02:52:24.818 | Info | '/transaction/getarea' | 
02:52:24.819 | Info | '/transaction/getdonationpurpose' | 
02:52:24.823 | Info | '/transaction/getarea' | 
02:53:04.839 | Info | '/transaction/getdonationpurpose' | 
02:53:04.841 | Info | '/transaction/getarea' | 
02:53:04.843 | Info | '/transaction/getdonationpurpose' | 
02:53:04.847 | Info | '/transaction/getarea' | 
02:54:07.820 | Info | '/transaction/getdonationpurpose' | 
02:54:07.821 | Info | '/transaction/getarea' | 
02:54:07.823 | Info | '/transaction/getdonationpurpose' | 
02:54:07.826 | Info | '/transaction/getarea' | 
02:54:12.846 | Info | '/transaction/getdonationpurpose' | 
02:54:12.849 | Info | '/transaction/getarea' | 
02:54:12.851 | Info | '/transaction/getdonationpurpose' | 
02:54:12.854 | Info | '/transaction/getarea' | 
02:54:30.837 | Info | '/transaction/getdonationpurpose' | 
02:54:30.839 | Info | '/transaction/getarea' | 
02:54:30.843 | Info | '/transaction/getdonationpurpose' | 
02:54:30.846 | Info | '/transaction/getarea' | 
02:54:54.825 | Info | '/transaction/getdonationpurpose' | 
02:54:54.827 | Info | '/transaction/getarea' | 
02:54:54.833 | Info | '/transaction/getdonationpurpose' | 
02:54:54.834 | Info | '/transaction/getarea' | 
02:56:41.827 | Info | '/transaction/getdonationpurpose' | 
02:56:41.829 | Info | '/transaction/getarea' | 
02:56:41.834 | Info | '/transaction/getdonationpurpose' | 
02:56:41.835 | Info | '/transaction/getarea' | 
02:56:49.822 | Info | '/transaction/getdonationpurpose' | 
02:56:49.823 | Info | '/transaction/getarea' | 
02:56:49.826 | Info | '/transaction/getdonationpurpose' | 
02:56:49.827 | Info | '/transaction/getarea' | 
02:58:40.830 | Info | '/transaction/getdonationpurpose' | 
02:58:40.831 | Info | '/transaction/getarea' | 
02:58:40.835 | Info | '/transaction/getdonationpurpose' | 
02:58:40.841 | Info | '/transaction/getarea' | 
02:58:49.810 | Info | '/transaction/getdonationpurpose' | 
02:58:49.813 | Info | '/transaction/getarea' | 
02:58:49.815 | Info | '/transaction/getdonationpurpose' | 
02:58:49.818 | Info | '/transaction/getarea' | 
02:58:49.819 | Info | '/transaction/getdonationpurpose' | 
02:58:49.824 | Info | '/transaction/getdonationpurpose' | 
02:58:56.069 | Info | '/transaction/getuserpermissions' | 
02:58:56.073 | Info | '/transaction/getuserpermissions' | 
02:58:56.196 | Info | '/transaction/getdonationpurpose' | 
02:58:56.198 | Info | '/transaction/getarea' | 
02:58:56.202 | Info | '/transaction/getdonationpurpose' | 
02:58:56.205 | Info | '/transaction/getarea' | 
03:03:51.720 | Info | '/transaction/getuserpermissions' | 
03:03:51.970 | Info | '/transaction/getuserpermissions' | 
03:03:52.066 | Info | '/transaction/getdonationpurpose' | 
03:03:52.111 | Info | '/transaction/getarea' | 
03:03:52.123 | Info | '/transaction/getdonationpurpose' | 
03:03:52.129 | Info | '/transaction/getarea' | 
03:05:02.010 | Info | '/transaction/getdonationpurpose' | 
03:05:02.012 | Info | '/transaction/getarea' | 
03:05:02.066 | Info | '/transaction/getdonationpurpose' | 
03:05:02.069 | Info | '/transaction/getarea' | 
03:05:15.604 | Info | '/transaction/createdonationpurpose' | 
03:05:15.760 | Info | '/transaction/getdonationpurpose' | 
03:06:15.307 | Info | '/transaction/getuserpermissions' | 
03:06:15.560 | Info | '/transaction/getuserpermissions' | 
03:06:15.663 | Info | '/transaction/getdonationpurpose' | 
03:06:15.711 | Info | '/transaction/getarea' | 
03:06:15.729 | Info | '/transaction/getdonationpurpose' | 
03:06:15.733 | Info | '/transaction/getarea' | 
03:06:22.449 | Info | '/transaction/createdonationpurpose' | 
03:06:22.578 | Info | '/transaction/getdonationpurpose' | 
03:07:09.845 | Info | '/transaction/getdonationpurpose' | 
03:07:09.848 | Info | '/transaction/getarea' | 
03:07:09.852 | Info | '/transaction/getdonationpurpose' | 
03:07:09.854 | Info | '/transaction/getarea' | 
03:07:16.881 | Info | '/transaction/getdonationpurpose' | 
03:07:16.885 | Info | '/transaction/getarea' | 
03:07:16.887 | Info | '/transaction/getdonationpurpose' | 
03:07:16.892 | Info | '/transaction/getarea' | 
03:07:19.411 | Info | '/transaction/getuserpermissions' | 
03:07:19.416 | Info | '/transaction/getuserpermissions' | 
03:07:19.549 | Info | '/transaction/getdonationpurpose' | 
03:07:19.552 | Info | '/transaction/getarea' | 
03:07:19.557 | Info | '/transaction/getdonationpurpose' | 
03:07:19.559 | Info | '/transaction/getarea' | 
03:07:52.926 | Info | '/transaction/getdonationpurpose' | 
03:07:52.928 | Info | '/transaction/getarea' | 
03:07:52.944 | Info | '/transaction/getdonationpurpose' | 
03:07:52.961 | Info | '/transaction/getarea' | 
03:07:54.237 | Info | '/transaction/getuserpermissions' | 
03:07:54.243 | Info | '/transaction/getuserpermissions' | 
03:07:54.363 | Info | '/transaction/getdonationpurpose' | 
03:07:54.365 | Info | '/transaction/getarea' | 
03:07:54.370 | Info | '/transaction/getdonationpurpose' | 
03:07:54.372 | Info | '/transaction/getarea' | 
03:08:47.982 | Info | '/transaction/getuserpermissions' | 
03:08:47.989 | Info | '/transaction/getuserpermissions' | 
03:08:48.123 | Info | '/transaction/getdonationpurpose' | 
03:08:48.125 | Info | '/transaction/getarea' | 
03:08:48.129 | Info | '/transaction/getdonationpurpose' | 
03:08:48.131 | Info | '/transaction/getarea' | 
03:09:11.970 | Info | '/transaction/getuserpermissions' | 
03:09:12.218 | Info | '/transaction/getuserpermissions' | 
03:09:12.312 | Info | '/transaction/getdonationpurpose' | 
03:09:12.360 | Info | '/transaction/getarea' | 
03:09:12.375 | Info | '/transaction/getdonationpurpose' | 
03:09:12.381 | Info | '/transaction/getarea' | 
03:10:20.497 | Info | '/transaction/getuserpermissions' | 
03:10:20.740 | Info | '/transaction/getuserpermissions' | 
03:10:20.837 | Info | '/transaction/getdonationpurpose' | 
03:10:20.885 | Info | '/transaction/getarea' | 
03:10:20.907 | Info | '/transaction/getarea' | 
03:10:20.911 | Info | '/transaction/getdonationpurpose' | 
03:10:33.157 | Info | '/transaction/getdonationpurpose' | 
03:10:33.161 | Info | '/transaction/getarea' | 
03:10:33.186 | Info | '/transaction/getdonationpurpose' | 
03:10:33.189 | Info | '/transaction/getarea' | 
03:10:34.107 | Info | '/transaction/getuserpermissions' | 
03:10:34.111 | Info | '/transaction/getuserpermissions' | 
03:10:34.230 | Info | '/transaction/getdonationpurpose' | 
03:10:34.232 | Info | '/transaction/getarea' | 
03:10:34.236 | Info | '/transaction/getdonationpurpose' | 
03:10:34.241 | Info | '/transaction/getarea' | 
03:10:45.619 | Info | '/transaction/getarea' | 
03:10:45.622 | Info | '/transaction/getdonationtypes' | 
03:10:45.628 | Info | '/transaction/getdonationmethods' | 
03:10:45.633 | Info | '/transaction/getdonationpurpose' | 
03:10:45.635 | Info | '/transaction/getarea' | 
03:10:45.645 | Info | '/transaction/getdonationpurpose' | 
03:10:45.654 | Info | '/transaction/getdonationtypes' | 
03:10:45.656 | Info | '/transaction/getdonationmethods' | 
03:11:46.843 | Info | '/transaction/getarea' | 
03:11:46.845 | Info | '/transaction/getdonationtypes' | 
03:11:46.848 | Info | '/transaction/getdonationmethods' | 
03:11:46.851 | Info | '/transaction/getdonationpurpose' | 
03:11:46.854 | Info | '/transaction/getarea' | 
03:11:46.858 | Info | '/transaction/getdonationtypes' | 
03:11:46.861 | Info | '/transaction/getdonationmethods' | 
03:11:46.864 | Info | '/transaction/getdonationpurpose' | 
03:12:07.680 | Info | '/transaction/getarea' | 
03:12:07.683 | Info | '/transaction/getdonationtypes' | 
03:12:07.686 | Info | '/transaction/getdonationmethods' | 
03:12:07.690 | Info | '/transaction/getarea' | 
03:12:07.693 | Info | '/transaction/getdonationpurpose' | 
03:12:07.699 | Info | '/transaction/getdonationtypes' | 
03:12:07.703 | Info | '/transaction/getdonationpurpose' | 
03:12:07.706 | Info | '/transaction/getdonationmethods' | 
03:12:08.765 | Info | '/transaction/getarea' | 
03:12:08.767 | Info | '/transaction/getuserpermissions' | 
03:12:08.769 | Info | '/transaction/getdonationtypes' | 
03:12:08.772 | Info | '/transaction/getdonationmethods' | 
03:12:08.777 | Info | '/transaction/getdonationpurpose' | 
03:12:08.781 | Info | '/transaction/getarea' | 
03:12:08.785 | Info | '/transaction/getuserpermissions' | 
03:12:08.791 | Info | '/transaction/getdonationmethods' | 
03:12:08.788 | Info | '/transaction/getdonationtypes' | 
03:12:08.794 | Info | '/transaction/getdonationpurpose' | 
03:12:18.854 | Info | '/transaction/getarea' | 
03:12:18.857 | Info | '/transaction/getdonationtypes' | 
03:12:18.863 | Info | '/transaction/getdonationmethods' | 
03:12:18.865 | Info | '/transaction/getdonationpurpose' | 
03:12:18.868 | Info | '/transaction/getarea' | 
03:12:18.872 | Info | '/transaction/getdonationtypes' | 
03:12:18.887 | Info | '/transaction/getdonationpurpose' | 
03:12:18.889 | Info | '/transaction/getdonationmethods' | 
03:13:08.813 | Info | '/transaction/getarea' | 
03:13:08.819 | Info | '/transaction/getdonationtypes' | 
03:13:08.821 | Info | '/transaction/getdonationmethods' | 
03:13:08.823 | Info | '/transaction/getdonationpurpose' | 
03:13:08.826 | Info | '/transaction/getarea' | 
03:13:08.830 | Info | '/transaction/getdonationtypes' | 
03:13:08.832 | Info | '/transaction/getdonationmethods' | 
03:13:08.834 | Info | '/transaction/getdonationpurpose' | 
03:13:23.855 | Info | '/transaction/getarea' | 
03:13:23.857 | Info | '/transaction/getdonationtypes' | 
03:13:23.871 | Info | '/transaction/getdonationmethods' | 
03:13:23.874 | Info | '/transaction/getdonationpurpose' | 
03:13:23.882 | Info | '/transaction/getarea' | 
03:13:23.886 | Info | '/transaction/getdonationtypes' | 
03:13:23.906 | Info | '/transaction/getdonationmethods' | 
03:13:23.916 | Info | '/transaction/getdonationpurpose' | 
03:13:39.857 | Info | '/transaction/getarea' | 
03:13:39.869 | Info | '/transaction/getdonationtypes' | 
03:13:39.883 | Info | '/transaction/getdonationmethods' | 
03:13:39.891 | Info | '/transaction/getdonationpurpose' | 
03:13:40.030 | Info | '/transaction/getarea' | 
03:13:40.032 | Info | '/transaction/getdonationtypes' | 
03:13:40.033 | Info | '/transaction/getdonationmethods' | 
03:13:40.034 | Info | '/transaction/getdonationpurpose' | 
03:14:43.086 | Info | '/transaction/getarea' | 
03:14:43.089 | Info | '/transaction/getdonationtypes' | 
03:14:43.090 | Info | '/transaction/getdonationmethods' | 
03:14:43.093 | Info | '/transaction/getdonationpurpose' | 
03:14:43.100 | Info | '/transaction/getarea' | 
03:14:43.103 | Info | '/transaction/getdonationtypes' | 
03:14:43.119 | Info | '/transaction/getdonationmethods' | 
03:14:43.128 | Info | '/transaction/getdonationpurpose' | 
03:15:03.820 | Info | '/transaction/getarea' | 
03:15:03.822 | Info | '/transaction/getdonationtypes' | 
03:15:03.824 | Info | '/transaction/getdonationmethods' | 
03:15:03.826 | Info | '/transaction/getdonationpurpose' | 
03:15:03.830 | Info | '/transaction/getarea' | 
03:15:03.834 | Info | '/transaction/getdonationtypes' | 
03:15:03.837 | Info | '/transaction/getdonationmethods' | 
03:15:03.840 | Info | '/transaction/getdonationpurpose' | 
03:15:31.825 | Info | '/transaction/getarea' | 
03:15:31.831 | Info | '/transaction/getdonationtypes' | 
03:15:31.834 | Info | '/transaction/getdonationpurpose' | 
03:15:31.836 | Info | '/transaction/getdonationmethods' | 
03:15:31.838 | Info | '/transaction/getarea' | 
03:15:31.842 | Info | '/transaction/getdonationtypes' | 
03:15:31.847 | Info | '/transaction/getdonationmethods' | 
03:15:31.855 | Info | '/transaction/getdonationpurpose' | 
03:15:33.826 | Info | '/transaction/getarea' | 
03:15:33.827 | Info | '/transaction/getdonationtypes' | 
03:15:33.829 | Info | '/transaction/getdonationmethods' | 
03:15:33.831 | Info | '/transaction/getdonationpurpose' | 
03:15:33.836 | Info | '/transaction/getarea' | 
03:15:33.838 | Info | '/transaction/getdonationtypes' | 
03:15:33.841 | Info | '/transaction/getdonationmethods' | 
03:15:33.844 | Info | '/transaction/getdonationpurpose' | 
03:17:55.832 | Info | '/transaction/getarea' | 
03:17:55.835 | Info | '/transaction/getdonationtypes' | 
03:17:55.837 | Info | '/transaction/getdonationmethods' | 
03:17:55.839 | Info | '/transaction/getdonationpurpose' | 
03:17:55.842 | Info | '/transaction/getarea' | 
03:17:55.846 | Info | '/transaction/getdonationtypes' | 
03:17:55.849 | Info | '/transaction/getdonationmethods' | 
03:17:55.851 | Info | '/transaction/getdonationpurpose' | 
03:18:51.822 | Info | '/transaction/getarea' | 
03:18:51.826 | Info | '/transaction/getdonationtypes' | 
03:18:51.827 | Info | '/transaction/getdonationmethods' | 
03:18:51.829 | Info | '/transaction/getdonationpurpose' | 
03:18:51.832 | Info | '/transaction/getarea' | 
03:18:51.835 | Info | '/transaction/getdonationtypes' | 
03:18:51.841 | Info | '/transaction/getdonationmethods' | 
03:18:51.842 | Info | '/transaction/getdonationpurpose' | 
03:19:03.808 | Info | '/transaction/getarea' | 
03:19:03.811 | Info | '/transaction/getdonationtypes' | 
03:19:03.815 | Info | '/transaction/getdonationmethods' | 
03:19:03.818 | Info | '/transaction/getdonationpurpose' | 
03:19:03.823 | Info | '/transaction/getdonationtypes' | 
03:19:03.819 | Info | '/transaction/getarea' | 
03:19:03.826 | Info | '/transaction/getdonationmethods' | 
03:19:03.829 | Info | '/transaction/getdonationpurpose' | 
03:19:14.911 | Info | '/transaction/getarea' | 
03:19:14.918 | Info | '/transaction/getdonationtypes' | 
03:19:14.928 | Info | '/transaction/getdonationmethods' | 
03:19:14.938 | Info | '/transaction/getarea' | 
03:19:14.941 | Info | '/transaction/getdonationtypes' | 
03:19:14.943 | Info | '/transaction/getdonationmethods' | 
03:19:14.944 | Info | '/transaction/getdonationpurpose' | 
03:19:14.951 | Info | '/transaction/getdonationpurpose' | 
03:19:22.112 | Info | '/transaction/getuserpermissions' | 
03:19:22.115 | Info | '/transaction/getarea' | 
03:19:22.117 | Info | '/transaction/getdonationtypes' | 
03:19:22.119 | Info | '/transaction/getdonationmethods' | 
03:19:22.125 | Info | '/transaction/getdonationpurpose' | 
03:19:22.127 | Info | '/transaction/getarea' | 
03:19:22.129 | Info | '/transaction/getuserpermissions' | 
03:19:22.133 | Info | '/transaction/getdonationtypes' | 
03:19:22.136 | Info | '/transaction/getdonationmethods' | 
03:19:22.140 | Info | '/transaction/getdonationpurpose' | 
03:19:37.853 | Info | '/transaction/getdonationmethods' | 
03:19:37.856 | Info | '/transaction/getdonationmethods' | 
03:19:39.941 | Info | '/transaction/getdonationpurpose' | 
03:19:39.943 | Info | '/transaction/getarea' | 
03:19:39.947 | Info | '/transaction/getdonationpurpose' | 
03:19:39.949 | Info | '/transaction/getarea' | 
03:20:36.477 | Info | '/transaction/getuserpermissions' | 
03:20:36.543 | Info | '/transaction/getuserpermissions' | 
03:20:36.646 | Info | '/transaction/getdonationpurpose' | 
03:20:36.649 | Info | '/transaction/getarea' | 
03:20:36.654 | Info | '/transaction/getdonationpurpose' | 
03:20:36.656 | Info | '/transaction/getarea' | 
03:20:40.961 | Info | '/transaction/getarea' | 
03:20:40.969 | Info | '/transaction/getdonationtypes' | 
03:20:40.971 | Info | '/transaction/getdonationpurpose' | 
03:20:40.972 | Info | '/transaction/getdonationmethods' | 
03:20:40.975 | Info | '/transaction/getarea' | 
03:20:40.979 | Info | '/transaction/getdonationtypes' | 
03:20:40.982 | Info | '/transaction/getdonationpurpose' | 
03:20:40.985 | Info | '/transaction/getdonationmethods' | 
03:22:21.446 | Info | '/transaction/getarea' | 
03:22:21.448 | Info | '/transaction/getdonationtypes' | 
03:22:21.450 | Info | '/transaction/getdonationmethods' | 
03:22:21.452 | Info | '/transaction/getdonationpurpose' | 
03:22:21.471 | Info | '/transaction/getarea' | 
03:22:21.474 | Info | '/transaction/getdonationtypes' | 
03:22:21.478 | Info | '/transaction/getdonationpurpose' | 
03:22:21.475 | Info | '/transaction/getdonationmethods' | 
03:22:22.738 | Info | '/transaction/getuserpermissions' | 
03:22:22.740 | Info | '/transaction/getarea' | 
03:22:22.743 | Info | '/transaction/getdonationtypes' | 
03:22:22.751 | Info | '/transaction/getdonationmethods' | 
03:22:22.753 | Info | '/transaction/getdonationpurpose' | 
03:22:22.757 | Info | '/transaction/getarea' | 
03:22:22.755 | Info | '/transaction/getuserpermissions' | 
03:22:22.764 | Info | '/transaction/getdonationtypes' | 
03:22:22.767 | Info | '/transaction/getdonationmethods' | 
03:22:22.769 | Info | '/transaction/getdonationpurpose' | 
03:22:38.418 | Info | '/transaction/getarea' | 
03:22:38.420 | Info | '/transaction/getdonationtypes' | 
03:22:38.422 | Info | '/transaction/getdonationmethods' | 
03:22:38.424 | Info | '/transaction/getdonationpurpose' | 
03:22:38.446 | Info | '/transaction/getarea' | 
03:22:38.448 | Info | '/transaction/getdonationtypes' | 
03:22:38.450 | Info | '/transaction/getdonationmethods' | 
03:22:38.466 | Info | '/transaction/getdonationpurpose' | 
03:22:40.062 | Info | '/transaction/getarea' | 
03:22:40.065 | Info | '/transaction/getdonationtypes' | 
03:22:40.069 | Info | '/transaction/getdonationmethods' | 
03:22:40.071 | Info | '/transaction/getuserpermissions' | 
03:22:40.073 | Info | '/transaction/getdonationpurpose' | 
03:22:40.075 | Info | '/transaction/getarea' | 
03:22:40.079 | Info | '/transaction/getdonationtypes' | 
03:22:40.083 | Info | '/transaction/getdonationmethods' | 
03:22:40.085 | Info | '/transaction/getuserpermissions' | 
03:22:40.089 | Info | '/transaction/getdonationpurpose' | 
03:26:29.527 | Info | '/transaction/getdonordetails' | 
03:26:53.942 | Info | '/transaction/getdonationpurpose' | 
03:26:53.943 | Info | '/transaction/getarea' | 
03:26:53.949 | Info | '/transaction/getdonationpurpose' | 
03:26:53.957 | Info | '/transaction/getarea' | 
03:26:54.680 | Info | '/transaction/getdonationmethods' | 
03:26:54.683 | Info | '/transaction/getdonationmethods' | 
03:26:55.130 | Info | '/transaction/getdonationtypes' | 
03:26:55.134 | Info | '/transaction/getdonationtypes' | 
03:26:57.264 | Info | '/transaction/getarea' | 
03:26:57.268 | Info | '/transaction/getarea' | 
03:26:57.737 | Info | '/transaction/getchannel' | 
03:26:57.760 | Info | '/transaction/getchannel' | 
03:26:57.994 | Info | '/transaction/getcenters' | 
03:26:58.037 | Info | '/transaction/getcenters' | 
03:26:58.932 | Info | '/transaction/getpermissions' | 
03:26:58.936 | Info | '/transaction/getuserroles' | 
03:26:58.945 | Info | '/transaction/getpermissions' | 
03:26:58.954 | Info | '/transaction/getuserroles' | 
03:26:59.765 | Info | '/transaction/getchannel' | 
03:26:59.768 | Info | '/transaction/getcenters' | 
03:26:59.773 | Info | '/transaction/getuserroles' | 
03:26:59.780 | Info | '/transaction/getusers' | 
03:26:59.785 | Info | '/transaction/getcenters' | 
03:26:59.787 | Info | '/transaction/getuserroles' | 
03:26:59.789 | Info | '/transaction/getchannel' | 
03:26:59.801 | Info | '/transaction/getusers' | 
03:27:02.606 | Info | '/transaction/getarea' | 
03:27:02.611 | Info | '/transaction/getdonationtypes' | 
03:27:02.614 | Info | '/transaction/getarea' | 
03:27:02.616 | Info | '/transaction/getdonationmethods' | 
03:27:02.617 | Info | '/transaction/getdonationpurpose' | 
03:27:02.619 | Info | '/transaction/getdonationtypes' | 
03:27:02.625 | Info | '/transaction/getdonationmethods' | 
03:27:02.627 | Info | '/transaction/getdonationpurpose' | 
03:28:36.624 | Info | '/transaction/getdonordetails' | 
03:30:35.202 | Info | '/transaction/getdonordetails' | 
03:33:42.166 | Info | '/transaction/getuserpermissions' | 
03:33:42.173 | Info | '/transaction/getarea' | 
03:33:42.175 | Info | '/transaction/getdonationtypes' | 
03:33:42.179 | Info | '/transaction/getuserpermissions' | 
03:33:42.184 | Info | '/transaction/getdonationmethods' | 
03:33:42.186 | Info | '/transaction/getdonationpurpose' | 
03:33:42.187 | Info | '/transaction/getarea' | 
03:33:42.189 | Info | '/transaction/getdonationtypes' | 
03:33:42.195 | Info | '/transaction/getdonationmethods' | 
03:33:42.197 | Info | '/transaction/getdonationpurpose' | 
03:34:13.857 | Info | '/transaction/getarea' | 
03:34:13.861 | Info | '/transaction/getdonationtypes' | 
03:34:13.865 | Info | '/transaction/getdonationmethods' | 
03:34:13.863 | Info | '/transaction/getarea' | 
03:34:13.866 | Info | '/transaction/getdonationpurpose' | 
03:34:13.871 | Info | '/transaction/getdonationtypes' | 
03:34:13.873 | Info | '/transaction/getarea' | 
03:34:13.876 | Info | '/transaction/getdonationmethods' | 
03:34:13.877 | Info | '/transaction/getdonationpurpose' | 
03:34:13.905 | Info | '/transaction/getarea' | 
03:41:36.806 | Info | '/transaction/getarea' | 
03:41:36.810 | Info | '/transaction/getarea' | 
03:41:36.812 | Info | '/transaction/getdonationtypes' | 
03:41:36.818 | Info | '/transaction/getdonationmethods' | 
03:41:36.820 | Info | '/transaction/getdonationpurpose' | 
03:41:36.824 | Info | '/transaction/getdonationtypes' | 
03:41:36.822 | Info | '/transaction/getarea' | 
03:41:36.826 | Info | '/transaction/getdonationmethods' | 
03:41:36.831 | Info | '/transaction/getdonationpurpose' | 
03:41:36.836 | Info | '/transaction/getarea' | 
03:41:36.839 | Info | '/transaction/getarea' | 
03:41:36.842 | Info | '/transaction/getarea' | 
03:41:44.832 | Info | '/transaction/getarea' | 
03:41:44.838 | Info | '/transaction/getarea' | 
03:41:44.839 | Info | '/transaction/getarea' | 
03:41:44.841 | Info | '/transaction/getdonationtypes' | 
03:41:44.844 | Info | '/transaction/getdonationmethods' | 
03:41:44.851 | Info | '/transaction/getdonationpurpose' | 
03:41:44.852 | Info | '/transaction/getarea' | 
03:41:44.854 | Info | '/transaction/getdonationtypes' | 
03:41:44.856 | Info | '/transaction/getdonationmethods' | 
03:41:44.863 | Info | '/transaction/getdonationpurpose' | 
03:41:44.865 | Info | '/transaction/getarea' | 
03:41:44.870 | Info | '/transaction/getarea' | 
03:41:44.874 | Info | '/transaction/getarea' | 
03:41:44.877 | Info | '/transaction/getarea' | 
03:42:08.937 | Info | '/transaction/getuserpermissions' | 
03:42:08.939 | Info | '/transaction/getarea' | 
03:42:08.941 | Info | '/transaction/getdonationtypes' | 
03:42:08.943 | Info | '/transaction/getdonationmethods' | 
03:42:08.950 | Info | '/transaction/getdonationpurpose' | 
03:42:08.954 | Info | '/transaction/getarea' | 
03:42:08.965 | Info | '/transaction/getdonationtypes' | 
03:42:08.967 | Info | '/transaction/getuserpermissions' | 
03:42:08.974 | Info | '/transaction/getdonationmethods' | 
03:42:08.979 | Info | '/transaction/getdonationpurpose' | 
03:43:02.020 | Info | '/transaction/getuserpermissions' | 
03:43:02.258 | Info | '/transaction/getarea' | 
03:43:02.297 | Info | '/transaction/getdonationtypes' | 
03:43:02.303 | Info | '/transaction/getdonationmethods' | 
03:43:02.308 | Info | '/transaction/getdonationpurpose' | 
03:43:02.364 | Info | '/transaction/getuserpermissions' | 
03:43:02.372 | Info | '/transaction/getarea' | 
03:43:02.375 | Info | '/transaction/getdonationtypes' | 
03:43:02.377 | Info | '/transaction/getdonationmethods' | 
03:43:02.382 | Info | '/transaction/getdonationpurpose' | 
03:43:14.900 | Info | '/transaction/getdonationpurpose' | 
03:43:14.906 | Info | '/transaction/getdonationpurpose' | 
03:43:14.902 | Info | '/transaction/getarea' | 
03:43:14.909 | Info | '/transaction/getarea' | 
03:49:12.423 | Info | '/transaction/getuserpermissions' | 
03:49:12.429 | Info | '/transaction/getuserpermissions' | 
03:49:12.569 | Info | '/transaction/getdonationpurpose' | 
03:49:12.573 | Info | '/transaction/getarea' | 
03:49:12.576 | Info | '/transaction/getdonationpurpose' | 
03:49:12.581 | Info | '/transaction/getarea' | 
03:49:14.657 | Info | '/transaction/getarea' | 
03:49:14.664 | Info | '/transaction/getarea' | 
03:49:14.670 | Info | '/transaction/getdonationtypes' | 
03:49:14.671 | Info | '/transaction/getdonationmethods' | 
03:49:14.675 | Info | '/transaction/getdonationtypes' | 
03:49:14.677 | Info | '/transaction/getdonationmethods' | 
03:49:25.550 | Info | '/transaction/getuserpermissions' | 
03:49:25.555 | Info | '/transaction/getarea' | 
03:49:25.557 | Info | '/transaction/getdonationtypes' | 
03:49:25.559 | Info | '/transaction/getdonationmethods' | 
03:49:25.563 | Info | '/transaction/getuserpermissions' | 
03:49:25.567 | Info | '/transaction/getarea' | 
03:49:25.570 | Info | '/transaction/getdonationtypes' | 
03:49:25.572 | Info | '/transaction/getdonationmethods' | 
03:50:59.856 | Info | '/transaction/getarea' | 
03:50:59.858 | Info | '/transaction/getarea' | 
03:50:59.860 | Info | '/transaction/getdonationtypes' | 
03:50:59.862 | Info | '/transaction/getdonationmethods' | 
03:50:59.867 | Info | '/transaction/getarea' | 
03:50:59.869 | Info | '/transaction/getdonationtypes' | 
03:50:59.874 | Info | '/transaction/getdonationmethods' | 
03:50:59.876 | Info | '/transaction/getarea' | 
03:51:10.820 | Info | '/transaction/getarea' | 
03:51:10.822 | Info | '/transaction/getarea' | 
03:51:10.826 | Info | '/transaction/getdonationtypes' | 
03:51:10.829 | Info | '/transaction/getdonationmethods' | 
03:51:10.831 | Info | '/transaction/getarea' | 
03:51:10.834 | Info | '/transaction/getarea' | 
03:51:10.837 | Info | '/transaction/getdonationtypes' | 
03:51:10.840 | Info | '/transaction/getdonationmethods' | 
03:51:44.815 | Info | '/transaction/getarea' | 
03:51:44.817 | Info | '/transaction/getarea' | 
03:51:44.819 | Info | '/transaction/getdonationtypes' | 
03:51:44.832 | Info | '/transaction/getdonationmethods' | 
03:51:44.841 | Info | '/transaction/getarea' | 
03:51:44.843 | Info | '/transaction/getarea' | 
03:51:44.845 | Info | '/transaction/getdonationtypes' | 
03:51:44.850 | Info | '/transaction/getdonationmethods' | 
03:52:12.825 | Info | '/transaction/getarea' | 
03:52:12.828 | Info | '/transaction/getarea' | 
03:52:12.829 | Info | '/transaction/getdonationtypes' | 
03:52:12.831 | Info | '/transaction/getdonationmethods' | 
03:52:12.833 | Info | '/transaction/getarea' | 
03:52:12.837 | Info | '/transaction/getarea' | 
03:52:12.840 | Info | '/transaction/getdonationtypes' | 
03:52:12.843 | Info | '/transaction/getdonationmethods' | 
03:52:20.825 | Info | '/transaction/getarea' | 
03:52:20.827 | Info | '/transaction/getarea' | 
03:52:20.829 | Info | '/transaction/getdonationtypes' | 
03:52:20.832 | Info | '/transaction/getdonationmethods' | 
03:52:20.834 | Info | '/transaction/getarea' | 
03:52:20.837 | Info | '/transaction/getarea' | 
03:52:20.841 | Info | '/transaction/getdonationtypes' | 
03:52:20.844 | Info | '/transaction/getdonationmethods' | 
03:54:24.831 | Info | '/transaction/getarea' | 
03:54:24.833 | Info | '/transaction/getarea' | 
03:54:24.834 | Info | '/transaction/getdonationtypes' | 
03:54:24.835 | Info | '/transaction/getdonationmethods' | 
03:54:24.839 | Info | '/transaction/getarea' | 
03:54:24.842 | Info | '/transaction/getarea' | 
03:54:24.844 | Info | '/transaction/getdonationtypes' | 
03:54:24.847 | Info | '/transaction/getdonationmethods' | 
03:54:34.824 | Info | '/transaction/getarea' | 
03:54:34.828 | Info | '/transaction/getarea' | 
03:54:34.830 | Info | '/transaction/getdonationtypes' | 
03:54:34.833 | Info | '/transaction/getdonationmethods' | 
03:54:34.836 | Info | '/transaction/getarea' | 
03:54:34.839 | Info | '/transaction/getarea' | 
03:54:34.841 | Info | '/transaction/getdonationtypes' | 
03:54:34.843 | Info | '/transaction/getdonationmethods' | 
03:54:40.416 | Info | '/transaction/getarea' | 
03:54:40.425 | Info | '/transaction/getarea' | 
03:54:40.430 | Info | '/transaction/getdonationtypes' | 
03:54:40.431 | Info | '/transaction/getdonationmethods' | 
03:54:40.435 | Info | '/transaction/getarea' | 
03:54:40.464 | Info | '/transaction/getarea' | 
03:54:40.466 | Info | '/transaction/getdonationtypes' | 
03:54:40.468 | Info | '/transaction/getdonationmethods' | 
03:54:41.638 | Info | '/transaction/getarea' | 
03:54:41.640 | Info | '/transaction/getdonationtypes' | 
03:54:41.642 | Info | '/transaction/getdonationmethods' | 
03:54:41.644 | Info | '/transaction/getuserpermissions' | 
03:54:41.650 | Info | '/transaction/getarea' | 
03:54:41.651 | Info | '/transaction/getdonationtypes' | 
03:54:41.657 | Info | '/transaction/getdonationmethods' | 
03:54:41.660 | Info | '/transaction/getuserpermissions' | 
03:55:29.873 | Info | '/transaction/getarea' | 
03:55:29.875 | Info | '/transaction/getdonationtypes' | 
03:55:29.877 | Info | '/transaction/getdonationmethods' | 
03:55:29.888 | Info | '/transaction/getarea' | 
03:55:29.893 | Info | '/transaction/getdonationtypes' | 
03:55:29.902 | Info | '/transaction/getdonationmethods' | 
03:55:31.388 | Info | '/transaction/getarea' | 
03:55:31.392 | Info | '/transaction/getuserpermissions' | 
03:55:31.394 | Info | '/transaction/getdonationtypes' | 
03:55:31.396 | Info | '/transaction/getdonationmethods' | 
03:55:31.401 | Info | '/transaction/getarea' | 
03:55:31.405 | Info | '/transaction/getuserpermissions' | 
03:55:31.407 | Info | '/transaction/getdonationtypes' | 
03:55:31.410 | Info | '/transaction/getdonationmethods' | 
03:55:34.652 | Info | '/transaction/getdonationpurpose' | 
03:55:35.459 | Info | '/transaction/getdonationpurpose' | 
03:55:37.779 | Info | '/transaction/getdonationpurpose' | 
03:55:38.152 | Info | '/transaction/getdonationpurpose' | 
03:55:44.240 | Info | '/transaction/getdonationpurpose' | 
03:55:44.981 | Info | '/transaction/getdonationpurpose' | 
03:55:46.223 | Info | '/transaction/getdonationpurpose' | 
03:55:46.758 | Info | '/transaction/getdonationpurpose' | 
03:56:01.950 | Info | '/transaction/getuserpermissions' | 
03:56:01.965 | Info | '/transaction/getarea' | 
03:56:01.968 | Info | '/transaction/getdonationtypes' | 
03:56:01.974 | Info | '/transaction/getuserpermissions' | 
03:56:01.971 | Info | '/transaction/getdonationmethods' | 
03:56:01.981 | Info | '/transaction/getarea' | 
03:56:01.983 | Info | '/transaction/getdonationtypes' | 
03:56:01.988 | Info | '/transaction/getdonationmethods' | 
03:56:04.765 | Info | '/transaction/getdonationpurpose' | 
03:56:26.783 | Info | '/transaction/getdonordetails' | 
03:57:28.467 | Info | '/transaction/getdonationpurpose' | 
03:57:28.469 | Info | '/transaction/getarea' | 
03:57:28.473 | Info | '/transaction/getdonationpurpose' | 
03:57:28.475 | Info | '/transaction/getarea' | 
03:57:29.472 | Info | '/transaction/getdonationtypes' | 
03:57:29.476 | Info | '/transaction/getdonationtypes' | 
03:57:31.498 | Info | '/transaction/getcenters' | 
03:57:31.509 | Info | '/transaction/getcenters' | 
03:57:32.578 | Info | '/transaction/getchannel' | 
03:57:32.588 | Info | '/transaction/getchannel' | 
03:57:34.342 | Info | '/transaction/getarea' | 
03:57:34.345 | Info | '/transaction/getarea' | 
03:57:43.640 | Info | '/transaction/getdonationmethods' | 
03:57:43.645 | Info | '/transaction/getdonationmethods' | 
03:57:44.065 | Info | '/transaction/getdonationpurpose' | 
03:57:44.068 | Info | '/transaction/getarea' | 
03:57:44.071 | Info | '/transaction/getdonationpurpose' | 
03:57:44.074 | Info | '/transaction/getarea' | 
03:57:44.988 | Info | '/transaction/getdonationmethods' | 
03:57:44.993 | Info | '/transaction/getdonationmethods' | 
03:57:45.479 | Info | '/transaction/getdonationtypes' | 
03:57:45.483 | Info | '/transaction/getdonationtypes' | 
03:57:45.801 | Info | '/transaction/getarea' | 
03:57:45.805 | Info | '/transaction/getarea' | 
03:57:46.170 | Info | '/transaction/getchannel' | 
03:57:46.174 | Info | '/transaction/getchannel' | 
03:57:46.525 | Info | '/transaction/getcenters' | 
03:57:46.529 | Info | '/transaction/getcenters' | 
03:57:46.930 | Info | '/transaction/getpermissions' | 
03:57:46.933 | Info | '/transaction/getuserroles' | 
03:57:46.945 | Info | '/transaction/getpermissions' | 
03:57:46.950 | Info | '/transaction/getuserroles' | 
03:57:47.280 | Info | '/transaction/getchannel' | 
03:57:47.282 | Info | '/transaction/getcenters' | 
03:57:47.285 | Info | '/transaction/getuserroles' | 
03:57:47.288 | Info | '/transaction/getchannel' | 
03:57:47.293 | Info | '/transaction/getusers' | 
03:57:47.298 | Info | '/transaction/getcenters' | 
03:57:47.300 | Info | '/transaction/getuserroles' | 
03:57:47.312 | Info | '/transaction/getusers' | 
03:57:47.593 | Info | '/transaction/getpermissions' | 
03:57:47.596 | Info | '/transaction/getuserroles' | 
03:57:47.598 | Info | '/transaction/getpermissions' | 
03:57:47.603 | Info | '/transaction/getuserroles' | 
03:57:48.018 | Info | '/transaction/getcenters' | 
03:57:48.021 | Info | '/transaction/getcenters' | 
03:57:48.548 | Info | '/transaction/getchannel' | 
03:57:48.551 | Info | '/transaction/getchannel' | 
03:57:49.139 | Info | '/transaction/getdonationtypes' | 
03:57:49.143 | Info | '/transaction/getdonationtypes' | 
03:57:49.489 | Info | '/transaction/getdonationmethods' | 
03:57:49.492 | Info | '/transaction/getdonationmethods' | 
03:57:49.781 | Info | '/transaction/getdonationpurpose' | 
03:57:49.783 | Info | '/transaction/getarea' | 
03:57:49.787 | Info | '/transaction/getdonationpurpose' | 
03:57:49.790 | Info | '/transaction/getarea' | 
04:45:53.401 | Info | '/api/user/login' | 
04:45:53.817 | Info | '/transaction/getuserpermissions' | 
04:45:53.859 | Info | '/transaction/getuserpermissions' | 
04:45:58.358 | Info | '/transaction/getarea' | 
04:45:58.411 | Info | '/transaction/getdonationtypes' | 
04:45:58.417 | Info | '/transaction/getdonationmethods' | 
04:45:58.432 | Info | '/transaction/getarea' | 
04:45:58.434 | Info | '/transaction/getdonationtypes' | 
04:45:58.437 | Info | '/transaction/getdonationmethods' | 
04:51:33.834 | Info | '/transaction/getarea' | 
04:51:33.839 | Info | '/transaction/getdonationtypes' | 
04:51:33.843 | Info | '/transaction/getarea' | 
04:51:33.846 | Info | '/transaction/getdonationmethods' | 
04:51:33.850 | Info | '/transaction/getdonationtypes' | 
04:51:33.863 | Info | '/transaction/getdonationmethods' | 
04:52:13.814 | Info | '/transaction/getarea' | 
04:52:13.819 | Info | '/transaction/getdonationtypes' | 
04:52:13.821 | Info | '/transaction/getdonationmethods' | 
04:52:13.823 | Info | '/transaction/getarea' | 
04:52:13.828 | Info | '/transaction/getdonationtypes' | 
04:52:13.862 | Info | '/transaction/getdonationmethods' | 
04:52:22.837 | Info | '/transaction/getarea' | 
04:52:22.840 | Info | '/transaction/getdonationtypes' | 
04:52:22.842 | Info | '/transaction/getdonationmethods' | 
04:52:22.844 | Info | '/transaction/getarea' | 
04:52:22.849 | Info | '/transaction/getdonationtypes' | 
04:52:22.852 | Info | '/transaction/getdonationmethods' | 
04:52:30.792 | Info | '/transaction/getarea' | 
04:52:30.798 | Info | '/transaction/getarea' | 
04:52:30.801 | Info | '/transaction/getdonationtypes' | 
04:52:30.805 | Info | '/transaction/getdonationmethods' | 
04:52:30.807 | Info | '/transaction/getdonationtypes' | 
04:52:30.810 | Info | '/transaction/getdonationmethods' | 
04:52:33.846 | Info | '/transaction/getarea' | 
04:52:33.858 | Info | '/transaction/getdonationtypes' | 
04:52:33.864 | Info | '/transaction/getdonationmethods' | 
04:52:33.874 | Info | '/transaction/getarea' | 
04:52:33.880 | Info | '/transaction/getdonationtypes' | 
04:52:33.892 | Info | '/transaction/getdonationmethods' | 
13:33:22.960 | Info | '/api/user/login' | 
13:33:31.161 | Info | '/api/user/login' | 
13:41:14.890 | Info | '/api/user/login' | 
13:41:25.220 | Info | '/api/user/login' | 
13:43:06.313 | Info | '/api/user/login' | 
13:43:06.851 | Info | '/transaction/getuserpermissions' | 
13:43:07.091 | Info | '/transaction/getuserpermissions' | 
13:43:12.718 | Info | '/transaction/getarea' | 
13:43:12.885 | Info | '/transaction/getdonationtypes' | 
13:43:12.974 | Info | '/transaction/getdonationmethods' | 
13:43:12.982 | Info | '/transaction/getarea' | 
13:43:12.986 | Info | '/transaction/getdonationtypes' | 
13:43:13.023 | Info | '/transaction/getdonationmethods' | 
13:43:41.797 | Info | '/transaction/getdonordetails' | 
13:44:02.069 | Info | '/transaction/getdonordetails' | 
14:15:41.901 | Info | '/transaction/getuserpermissions' | 
14:15:41.908 | Info | '/transaction/getdonationtypes' | 
14:15:41.912 | Info | '/transaction/getdonationmethods' | 
14:15:41.910 | Info | '/transaction/getarea' | 
14:15:41.917 | Info | '/transaction/getuserpermissions' | 
14:15:41.921 | Info | '/transaction/getdonationtypes' | 
14:15:41.924 | Info | '/transaction/getarea' | 
14:15:41.926 | Info | '/transaction/getdonationmethods' | 
14:16:20.389 | Info | '/transaction/getuserpermissions' | 
14:16:20.395 | Info | '/transaction/getarea' | 
14:16:20.398 | Info | '/transaction/getdonationtypes' | 
14:16:20.402 | Info | '/transaction/getuserpermissions' | 
14:16:20.400 | Info | '/transaction/getdonationmethods' | 
14:16:20.408 | Info | '/transaction/getarea' | 
14:16:20.410 | Info | '/transaction/getdonationtypes' | 
14:16:20.412 | Info | '/transaction/getdonationmethods' | 
15:00:59.766 | Info | '/transaction/getuserpermissions' | 
15:00:59.770 | Info | '/transaction/getarea' | 
15:00:59.791 | Info | '/transaction/getdonationmethods' | 
15:00:59.772 | Info | '/transaction/getdonationtypes' | 
15:00:59.803 | Info | '/transaction/getarea' | 
15:00:59.801 | Info | '/transaction/getuserpermissions' | 
15:00:59.805 | Info | '/transaction/getdonationtypes' | 
15:00:59.808 | Info | '/transaction/getdonationmethods' | 
15:03:56.301 | Info | '/transaction/getuserpermissions' | 
15:03:56.303 | Info | '/transaction/getarea' | 
15:03:56.305 | Info | '/transaction/getdonationtypes' | 
15:03:56.308 | Info | '/transaction/getdonationmethods' | 
15:03:56.316 | Info | '/transaction/getuserpermissions' | 
15:03:56.320 | Info | '/transaction/getarea' | 
15:03:56.322 | Info | '/transaction/getdonationtypes' | 
15:03:56.331 | Info | '/transaction/getdonationmethods' | 
