<<<<<<< HEAD
00:22:20.061 | Info | '/api/user/login' | 
00:22:21.013 | Info | '/transaction/gettourbyuserid' | 
00:22:25.772 | Info | '/transaction/getlastannouncement' | 
00:22:29.999 | Info | '/transaction/getcustomer' | 
00:27:33.372 | Info | '/transaction/getEvents' | 
00:29:25.459 | Info | '/transaction/getEvents' | 
00:53:22.965 | Info | '/api/user/login' | 
00:53:24.309 | Info | '/transaction/gettourbyuserid' | 
00:53:27.242 | Info | '/transaction/getlastannouncement' | 
00:53:29.773 | Info | '/transaction/getcustomer' | 
00:53:31.376 | Info | '/transaction/getEvents' | 
00:56:30.014 | Info | '/api/user/login' | 
00:56:30.900 | Info | '/transaction/gettourbyuserid' | 
00:56:32.709 | Info | '/transaction/getlastannouncement' | 
00:56:34.827 | Info | '/transaction/getcustomer' | 
00:56:36.528 | Info | '/transaction/getEvents' | 
01:02:35.241 | Info | '/api/user/login' | 
01:02:36.267 | Info | '/transaction/gettourbyuserid' | 
01:02:40.956 | Info | '/transaction/getlastannouncement' | 
01:02:43.009 | Info | '/transaction/getcustomer' | 
01:02:45.230 | Info | '/transaction/getEvents' | 
01:21:34.717 | Info | '/api/user/login' | 
01:21:35.572 | Info | '/transaction/gettourbyuserid' | 
01:21:37.641 | Info | '/transaction/getlastannouncement' | 
01:21:40.176 | Info | '/transaction/getcustomer' | 
01:21:42.308 | Info | '/transaction/getEvents' | 
01:29:56.305 | Info | '/transaction/getEvents' | 
01:38:39.715 | Info | '/api/user/login' | 
01:38:40.725 | Info | '/transaction/gettourbyuserid' | 
01:38:43.092 | Info | '/transaction/getlastannouncement' | 
01:38:45.169 | Info | '/transaction/getcustomer' | 
01:43:34.321 | Info | '/api/user/login' | 
01:43:35.240 | Info | '/transaction/gettourbyuserid' | 
01:43:37.606 | Info | '/transaction/getlastannouncement' | 
01:43:39.908 | Info | '/transaction/getcustomer' | 
01:43:52.724 | Info | '/transaction/getEvents' | 
01:50:27.447 | Info | '/api/user/login' | 
01:50:28.347 | Info | '/transaction/gettourbyuserid' | 
01:50:30.987 | Info | '/transaction/getlastannouncement' | 
01:50:34.198 | Info | '/transaction/getcustomer' | 
01:50:35.932 | Info | '/transaction/getEvents' | 
01:51:02.674 | Info | '/transaction/getEvents' | 
01:52:25.473 | Info | '/transaction/getEvents' | 
01:54:12.484 | Info | '/transaction/getEvents' | 
01:54:17.081 | Info | '/transaction/getlastannouncement' | 
01:54:21.940 | Info | '/transaction/getcustomer' | 
01:54:23.978 | Info | '/transaction/getEvents' | 
01:54:47.029 | Info | '/api/user/login' | 
01:54:47.944 | Info | '/transaction/gettourbyuserid' | 
01:54:50.039 | Info | '/transaction/getlastannouncement' | 
01:54:51.639 | Info | '/transaction/getcustomer' | 
01:54:53.269 | Info | '/transaction/getEvents' | 
01:55:47.345 | Info | '/transaction/getEvents' | 
01:58:50.761 | Info | '/transaction/getlastannouncement' | 
01:58:55.319 | Info | '/transaction/getcustomer' | 
01:58:57.316 | Info | '/transaction/getEvents' | 
01:59:19.121 | Info | '/api/user/login' | 
01:59:19.419 | Info | '/transaction/gettourbyuserid' | 
01:59:21.169 | Info | '/transaction/getlastannouncement' | 
01:59:23.578 | Info | '/transaction/getcustomer' | 
02:05:39.961 | Info | '/api/user/login' | 
02:05:40.758 | Info | '/transaction/gettourbyuserid' | 
02:05:42.752 | Info | '/transaction/getlastannouncement' | 
02:05:45.845 | Info | '/transaction/getcustomer' | 
02:06:13.192 | Info | '/transaction/getEvents' | 
02:07:40.989 | Info | '/transaction/getEvents' | 
02:15:23.202 | Info | '/api/user/login' | 
02:15:24.210 | Info | '/transaction/gettourbyuserid' | 
02:15:25.928 | Info | '/transaction/getlastannouncement' | 
02:15:28.377 | Info | '/transaction/getcustomer' | 
02:15:59.414 | Info | '/transaction/getEvents' | 
02:34:23.450 | Info | '/api/user/login' | 
02:34:24.468 | Info | '/transaction/gettourbyuserid' | 
02:34:26.731 | Info | '/transaction/getlastannouncement' | 
02:34:29.604 | Info | '/transaction/getcustomer' | 
02:34:43.932 | Info | '/transaction/getEvents' | 
02:36:38.538 | Info | '/transaction/getEvents' | 
=======
00:00:41.698 | Info | '/transaction/gettourdetails' | 
00:00:44.024 | Info | '/transaction/myprofile' | 
00:00:44.062 | Info | '/transaction/gettourdetails' | 
00:06:06.449 | Info | '/transaction/myprofile' | 
00:06:06.546 | Info | '/transaction/gettourdetails' | 
00:10:03.330 | Info | '/transaction/myprofile' | 
00:10:03.380 | Info | '/transaction/gettourdetails' | 
00:10:08.523 | Info | '/transaction/createcustomer' | 
00:10:47.115 | Info | '/transaction/myprofile' | 
00:10:47.122 | Info | '/transaction/gettourdetails' | 
00:10:49.640 | Info | '/transaction/myprofile' | 
00:10:49.662 | Info | '/transaction/gettourdetails' | 
00:11:17.401 | Info | '/transaction/gettourdetails' | 
00:11:19.292 | Info | '/transaction/gettourdetails' | 
00:11:37.278 | Info | '/transaction/gettourdetails' | 
00:11:39.277 | Info | '/transaction/gettourdetails' | 
00:11:41.272 | Info | '/transaction/gettourdetails' | 
00:12:46.795 | Info | '/transaction/myprofile' | 
00:12:46.821 | Info | '/transaction/gettourdetails' | 
00:19:18.499 | Info | '/transaction/myprofile' | 
00:19:22.490 | Info | '/transaction/gettourbyuserid' | 
00:19:23.747 | Info | '/transaction/myprofile' | 
00:19:34.380 | Info | '/transaction/gethotelshistory' | 
00:19:35.464 | Info | '/transaction/gettransportbyuserid' | 
00:19:37.230 | Info | '/transaction/gethotelshistory' | 
00:19:52.309 | Info | '/transaction/gethotelshistory' | 
00:19:59.421 | Info | '/transaction/gethotelshistory' | 
00:20:01.074 | Info | '/transaction/gettourbyuserid' | 
00:20:04.284 | Info | '/transaction/gettourdetails' | 
00:20:04.287 | Info | '/transaction/getcustomer' | 
00:20:18.527 | Info | '/transaction/myprofile' | 
00:20:23.147 | Info | '/transaction/myprofile' | 
00:20:23.174 | Info | '/transaction/gettour' | 
00:20:26.271 | Info | '/transaction/myprofile' | 
00:20:26.279 | Info | '/transaction/gettourdetails' | 
00:20:30.910 | Info | '/transaction/myprofile' | 
00:20:30.931 | Info | '/transaction/gettourdetails' | 
00:20:32.502 | Info | '/transaction/myprofile' | 
00:20:32.512 | Info | '/transaction/gettourdetails' | 
00:20:55.183 | Info | '/transaction/myprofile' | 
00:20:55.210 | Info | '/transaction/gettourdetails' | 
00:23:48.780 | Info | '/transaction/createcustomer' | 
00:24:12.309 | Info | '/transaction/gettourdetails' | 
00:24:25.299 | Info | '/transaction/gettourdetails' | 
00:24:41.980 | Info | '/transaction/myprofile' | 
00:24:42.396 | Info | '/transaction/gettourdetails' | 
00:24:47.040 | Info | '/transaction/createcustomer' | 
00:25:37.335 | Info | '/transaction/gettourdetails' | 
00:26:47.295 | Info | '/transaction/myprofile' | 
00:26:47.858 | Info | '/transaction/gettourdetails' | 
00:26:52.483 | Info | '/transaction/createcustomer' | 
00:28:32.796 | Info | '/transaction/myprofile' | 
00:28:33.363 | Info | '/transaction/gettourdetails' | 
00:28:37.849 | Info | '/transaction/createcustomer' | 
00:29:23.032 | Info | '/transaction/myprofile' | 
00:29:25.144 | Info | '/transaction/gettourbyuserid' | 
00:29:27.539 | Info | '/transaction/gettourdetails' | 
00:29:27.543 | Info | '/transaction/getcustomer' | 
00:31:19.283 | Info | '/transaction/gettourdetails' | 
00:31:19.300 | Info | '/transaction/getcustomer' | 
00:31:23.276 | Info | '/transaction/gettourdetails' | 
00:31:23.282 | Info | '/transaction/getcustomer' | 
00:31:33.300 | Info | '/transaction/gettourdetails' | 
00:31:33.305 | Info | '/transaction/getcustomer' | 
00:31:37.076 | Info | '/transaction/gettourdetails' | 
00:31:37.080 | Info | '/transaction/getcustomer' | 
00:32:04.338 | Info | '/transaction/gettourdetails' | 
00:32:04.354 | Info | '/transaction/getcustomer' | 
00:32:07.264 | Info | '/transaction/gettourdetails' | 
00:32:07.268 | Info | '/transaction/getcustomer' | 
00:32:11.273 | Info | '/transaction/gettourdetails' | 
00:32:11.276 | Info | '/transaction/getcustomer' | 
00:32:19.287 | Info | '/transaction/gettourdetails' | 
00:32:19.290 | Info | '/transaction/getcustomer' | 
00:33:03.270 | Info | '/transaction/gettourdetails' | 
00:33:03.273 | Info | '/transaction/getcustomer' | 
00:33:05.271 | Info | '/transaction/gettourdetails' | 
00:33:05.274 | Info | '/transaction/getcustomer' | 
00:33:11.379 | Info | '/transaction/gettourdetails' | 
00:33:11.382 | Info | '/transaction/getcustomer' | 
00:36:16.890 | Info | '/transaction/gettourdetails' | 
00:36:16.908 | Info | '/transaction/getcustomer' | 
00:49:45.376 | Info | '/transaction/gettourdetails' | 
00:49:45.379 | Info | '/transaction/getcustomer' | 
00:50:04.592 | Info | '/transaction/getcustomer' | 
00:50:04.596 | Info | '/transaction/gettourdetails' | 
00:50:09.836 | Info | '/transaction/gettourdetails' | 
00:50:09.838 | Info | '/transaction/getcustomer' | 
00:50:40.301 | Info | '/transaction/gettourdetails' | 
00:50:40.317 | Info | '/transaction/getcustomer' | 
00:51:35.367 | Info | '/transaction/gettourdetails' | 
00:51:35.405 | Info | '/transaction/getcustomer' | 
00:51:37.864 | Info | '/transaction/gettourdetails' | 
00:51:37.877 | Info | '/transaction/getcustomer' | 
00:51:39.926 | Info | '/transaction/gettourdetails' | 
00:51:39.943 | Info | '/transaction/getcustomer' | 
00:52:24.439 | Info | '/transaction/gettourdetails' | 
00:52:24.441 | Info | '/transaction/getcustomer' | 
00:55:05.921 | Info | '/transaction/getcustomer' | 
00:55:05.919 | Info | '/transaction/gettourdetails' | 
00:55:14.173 | Info | '/transaction/gettourdetails' | 
00:55:14.175 | Info | '/transaction/getcustomer' | 
00:55:29.389 | Info | '/transaction/gettourbyuserid' | 
00:55:31.935 | Info | '/transaction/gettourbyuserid' | 
00:55:33.650 | Info | '/transaction/gettourbyuserid' | 
00:55:35.154 | Info | '/transaction/gettourbyuserid' | 
00:55:38.601 | Info | '/transaction/gettourbyuserid' | 
00:55:40.896 | Info | '/transaction/gettourdetails' | 
00:55:40.914 | Info | '/transaction/getcustomer' | 
00:58:13.338 | Info | '/transaction/gettourdetails' | 
00:58:13.341 | Info | '/transaction/getcustomer' | 
00:58:26.311 | Info | '/transaction/gettourdetails' | 
00:58:26.314 | Info | '/transaction/getcustomer' | 
01:00:07.326 | Info | '/transaction/gettourdetails' | 
01:00:07.330 | Info | '/transaction/getcustomer' | 
01:00:08.395 | Info | '/transaction/gettourdetails' | 
01:00:08.413 | Info | '/transaction/getcustomer' | 
01:00:19.686 | Info | '/transaction/gettourdetails' | 
01:00:19.695 | Info | '/transaction/getcustomer' | 
01:00:31.250 | Info | '/transaction/gettourdetails' | 
01:00:31.252 | Info | '/transaction/getcustomer' | 
01:00:37.488 | Info | '/transaction/getcustomer' | 
01:00:37.490 | Info | '/transaction/gettourdetails' | 
01:00:38.687 | Info | '/transaction/gettourdetails' | 
01:00:38.702 | Info | '/transaction/getcustomer' | 
01:00:43.019 | Info | '/transaction/gettourdetails' | 
01:00:43.022 | Info | '/transaction/getcustomer' | 
01:00:56.193 | Info | '/transaction/gettourdetails' | 
01:00:56.195 | Info | '/transaction/getcustomer' | 
01:15:25.250 | Info | '/transaction/gettourdetails' | 
01:15:25.642 | Info | '/transaction/getcustomer' | 
01:15:28.127 | Info | '/transaction/updatebookingstatus' | 
01:15:30.196 | Info | '/transaction/gettourdetails' | 
01:15:30.208 | Info | '/transaction/getcustomer' | 
01:15:41.545 | Info | '/transaction/gettourdetails' | 
01:15:41.548 | Info | '/transaction/getcustomer' | 
01:15:56.460 | Info | '/transaction/gettourdetails' | 
01:15:56.464 | Info | '/transaction/getcustomer' | 
01:16:23.403 | Info | '/transaction/gettourdetails' | 
01:16:23.425 | Info | '/transaction/getcustomer' | 
01:16:25.678 | Info | '/transaction/updatebookingstatus' | 
01:16:37.054 | Info | '/transaction/gettourdetails' | 
01:16:37.059 | Info | '/transaction/getcustomer' | 
01:16:39.343 | Info | '/transaction/gettourdetails' | 
01:16:39.347 | Info | '/transaction/getcustomer' | 
01:17:10.734 | Info | '/transaction/gettourdetails' | 
01:17:10.751 | Info | '/transaction/getcustomer' | 
01:17:18.562 | Info | '/transaction/gettourbyuserid' | 
01:17:19.157 | Info | '/transaction/gettourbyuserid' | 
01:17:19.756 | Info | '/transaction/gettourbyuserid' | 
01:17:20.190 | Info | '/transaction/gettourbyuserid' | 
01:17:20.600 | Info | '/transaction/gettourbyuserid' | 
01:17:20.970 | Info | '/transaction/gettourdetails' | 
01:17:21.010 | Info | '/transaction/getcustomer' | 
01:17:21.342 | Info | '/transaction/gettourbyuserid' | 
01:17:21.743 | Info | '/transaction/myprofile' | 
01:17:22.184 | Info | '/transaction/myprofile' | 
01:17:22.198 | Info | '/transaction/gettourdetails' | 
01:17:24.591 | Info | '/transaction/myprofile' | 
01:17:26.252 | Info | '/transaction/myprofile' | 
01:17:27.777 | Info | '/transaction/myprofile' | 
01:17:38.709 | Info | '/transaction/myprofile' | 
01:17:41.254 | Info | '/transaction/myprofile' | 
01:18:49.268 | Info | '/transaction/myprofile' | 
01:18:53.284 | Info | '/transaction/myprofile' | 
01:19:20.035 | Info | '/transaction/myprofile' | 
01:19:23.899 | Info | '/transaction/myprofile' | 
01:19:39.539 | Info | '/transaction/myprofile' | 
01:19:42.651 | Info | '/transaction/myprofile' | 
01:19:46.016 | Info | '/transaction/myprofile' | 
01:19:52.485 | Info | '/transaction/myprofile' | 
01:19:54.421 | Info | '/transaction/gettour' | 
01:19:57.689 | Info | '/transaction/myprofile' | 
01:19:59.145 | Info | '/transaction/gettour' | 
01:20:36.510 | Info | '/transaction/myprofile' | 
01:20:37.841 | Info | '/transaction/myprofile' | 
01:20:40.749 | Info | '/transaction/myprofile' | 
01:20:42.655 | Info | '/transaction/gettour' | 
01:21:07.697 | Info | '/transaction/myprofile' | 
01:21:08.704 | Info | '/transaction/myprofile' | 
01:21:08.734 | Info | '/transaction/gettour' | 
01:21:09.908 | Info | '/transaction/gettourdetails' | 
01:21:53.484 | Info | '/transaction/myprofile' | 
01:21:53.493 | Info | '/transaction/gettourdetails' | 
01:21:58.649 | Info | '/transaction/myprofile' | 
01:21:58.677 | Info | '/transaction/gettour' | 
01:21:59.680 | Info | '/transaction/myprofile' | 
01:21:59.689 | Info | '/transaction/gettourdetails' | 
01:22:01.508 | Info | '/transaction/myprofile' | 
01:22:01.534 | Info | '/transaction/gettourdetails' | 
01:22:09.562 | Info | '/transaction/createcustomer' | 
01:22:38.798 | Info | '/transaction/createcustomer' | 
01:22:50.348 | Info | '/transaction/myprofile' | 
01:22:50.391 | Info | '/transaction/gettourdetails' | 
01:27:01.818 | Info | '/transaction/myprofile' | 
01:29:32.781 | Info | '/api/user/login' | 
01:29:32.861 | Info | '/transaction/myprofile' | 
01:29:53.362 | Info | '/transaction/myprofile' | 
01:29:56.185 | Info | '/transaction/myprofile' | 
01:29:57.538 | Info | '/transaction/myprofile' | 
01:29:57.569 | Info | '/transaction/gettour' | 
01:30:03.033 | Info | '/transaction/myprofile' | 
01:30:03.036 | Info | '/transaction/gettourdetails' | 
01:30:09.050 | Info | '/transaction/myprofile' | 
01:30:09.077 | Info | '/transaction/gettourdetails' | 
01:30:17.216 | Info | '/transaction/createcustomer' | 
01:30:54.904 | Info | '/api/user/login' | 
01:30:54.956 | Info | '/transaction/myprofile' | 
01:31:04.393 | Info | '/transaction/myprofile' | 
01:31:05.852 | Info | '/transaction/myprofile' | 
01:31:05.880 | Info | '/transaction/gettour' | 
01:31:06.826 | Info | '/transaction/myprofile' | 
01:31:06.835 | Info | '/transaction/gettourdetails' | 
01:31:08.763 | Info | '/transaction/myprofile' | 
01:31:08.786 | Info | '/transaction/gettourdetails' | 
01:31:16.953 | Info | '/transaction/createcustomer' | 
01:31:50.099 | Info | '/api/user/login' | 
01:31:50.155 | Info | '/transaction/myprofile' | 
01:32:38.126 | Info | '/transaction/myprofile' | 
01:32:40.757 | Info | '/transaction/myprofile' | 
01:32:45.518 | Info | '/transaction/myprofile' | 
01:32:46.723 | Info | '/transaction/myprofile' | 
01:32:46.765 | Info | '/transaction/gettour' | 
01:32:47.775 | Info | '/transaction/myprofile' | 
01:32:47.791 | Info | '/transaction/gettourdetails' | 
01:32:49.193 | Info | '/transaction/myprofile' | 
01:32:49.223 | Info | '/transaction/gettourdetails' | 
01:32:55.452 | Info | '/transaction/createcustomer' | 
01:32:57.881 | Info | '/transaction/myprofile' | 
01:33:04.181 | Info | '/transaction/myprofile' | 
01:33:04.210 | Info | '/transaction/gettour' | 
01:33:06.093 | Info | '/transaction/myprofile' | 
01:33:06.104 | Info | '/transaction/gettourdetails' | 
01:33:07.785 | Info | '/transaction/myprofile' | 
01:33:07.812 | Info | '/transaction/gettourdetails' | 
01:33:14.482 | Info | '/transaction/createcustomer' | 
01:35:14.921 | Info | '/transaction/myprofile' | 
01:35:17.953 | Info | '/transaction/myprofile' | 
01:35:17.976 | Info | '/transaction/gettour' | 
01:35:21.712 | Info | '/transaction/myprofile' | 
01:35:21.737 | Info | '/transaction/gettourdetails' | 
01:35:26.789 | Info | '/transaction/myprofile' | 
01:35:26.815 | Info | '/transaction/gettourdetails' | 
01:35:35.735 | Info | '/transaction/createcustomer' | 
01:35:52.466 | Info | '/transaction/createcustomer' | 
01:36:03.440 | Info | '/transaction/createcustomer' | 
01:36:25.874 | Info | '/transaction/gettourdetails' | 
01:37:24.363 | Info | '/transaction/myprofile' | 
01:37:24.413 | Info | '/transaction/gettourdetails' | 
01:37:30.260 | Info | '/transaction/createcustomer' | 
01:37:49.788 | Info | '/transaction/myprofile' | 
01:37:49.817 | Info | '/transaction/gettourdetails' | 
01:37:51.592 | Info | '/transaction/myprofile' | 
01:37:51.632 | Info | '/transaction/gettourdetails' | 
01:37:58.091 | Info | '/transaction/createcustomer' | 
01:38:36.332 | Info | '/transaction/gettourdetails' | 
01:38:55.541 | Info | '/transaction/myprofile' | 
01:38:55.595 | Info | '/transaction/gettourdetails' | 
01:39:03.409 | Info | '/transaction/createcustomer' | 
01:39:20.071 | Info | '/transaction/myprofile' | 
<<<<<<< HEAD
01:57:49.570 | Info | '/api/user/login' | 
01:57:49.653 | Info | '/transaction/myprofile' | 
01:57:54.073 | Info | '/transaction/gettourbyuserid' | 
01:57:57.492 | Info | '/transaction/gettourbyuserid' | 
01:57:58.882 | Info | '/transaction/gethotelshistory' | 
01:58:00.005 | Info | '/transaction/gettransportbyuserid' | 
01:58:01.875 | Info | '/transaction/gethotelshistory' | 
01:58:03.271 | Info | '/transaction/gettransportbyuserid' | 
01:58:05.546 | Info | '/transaction/gettourbyuserid' | 
01:58:08.901 | Info | '/transaction/gethotelshistory' | 
01:58:14.234 | Info | '/transaction/gethotelshistory' | 
01:58:16.052 | Info | '/transaction/gettransportbyuserid' | 
01:58:17.889 | Info | '/transaction/gettransportbyuserid' | 
01:58:30.228 | Info | '/transaction/gettransportbyuserid' | 
01:58:46.453 | Info | '/transaction/gethotelshistory' | 
01:58:47.371 | Info | '/transaction/myprofile' | 
02:45:19.825 | Info | '/transaction/myprofile' | 
02:45:30.196 | Info | '/api/user/login' | 
02:45:30.245 | Info | '/transaction/myprofile' | 
02:45:31.512 | Info | '/transaction/gettransportbyuserid' | 
02:45:32.791 | Info | '/transaction/gethotelshistory' | 
02:45:33.948 | Info | '/transaction/gethotelshistory' | 
02:45:44.521 | Info | '/transaction/gettourbyuserid' | 
=======
>>>>>>> 86a57a9822ebcdf1d85e2343ce5ef1b3e75bc428
>>>>>>> a05f12e0c8d055df6fc94406fcd0c3a29bc4ef3f
