13:45:11.478 | Info | '/transaction/myprofile' | 
13:45:16.715 | Info | '/transaction/myprofile' | 
13:45:18.574 | Info | '/transaction/gettourcollaborate' | 
13:45:18.598 | Info | '/transaction/getmytourcollaborate' | 
13:45:20.193 | Info | '/transaction/updatecollaboratestatus' | 
13:45:22.878 | Info | '/transaction/gettourcollaborate' | 
13:45:22.882 | Info | '/transaction/getmytourcollaborate' | 
13:46:16.115 | Info | '/transaction/updatecollaboratestatus' | 
13:46:48.963 | Info | '/transaction/gettourcollaborate' | 
13:46:49.440 | Info | '/transaction/getmytourcollaborate' | 
13:46:50.000 | Info | '/transaction/updatecollaboratestatus' | 
13:53:40.887 | Info | '/transaction/gettourcollaborate' | 
13:53:41.343 | Info | '/transaction/getmytourcollaborate' | 
13:53:42.286 | Info | '/transaction/updatecollaboratestatus' | 
13:56:26.111 | Info | '/transaction/gettourcollaborate' | 
13:56:26.397 | Info | '/transaction/getmytourcollaborate' | 
13:57:52.607 | Info | '/transaction/gettourcollaborate' | 
13:57:52.645 | Info | '/transaction/getmytourcollaborate' | 
13:57:55.444 | Info | '/transaction/gettourcollaborate' | 
13:57:55.499 | Info | '/transaction/getmytourcollaborate' | 
13:57:56.726 | Info | '/transaction/updatecollaboratestatus' | 
14:01:05.792 | Info | '/transaction/updatecollaboratestatus' | 
14:02:46.098 | Info | '/transaction/updatecollaboratestatus' | 
14:02:49.374 | Info | '/transaction/updatecollaboratestatus' | 
14:02:50.858 | Info | '/transaction/updatecollaboratestatus' | 
14:02:51.808 | Info | '/transaction/updatecollaboratestatus' | 
14:02:52.651 | Info | '/transaction/updatecollaboratestatus' | 
14:02:53.501 | Info | '/transaction/updatecollaboratestatus' | 
14:02:54.343 | Info | '/transaction/updatecollaboratestatus' | 
14:02:56.684 | Info | '/transaction/updatecollaboratestatus' | 
14:06:49.688 | Info | '/transaction/gettourcollaborate' | 
14:06:49.693 | Info | '/transaction/getmytourcollaborate' | 
14:06:50.307 | Info | '/transaction/gettourcollaborate' | 
14:06:50.322 | Info | '/transaction/getmytourcollaborate' | 
14:06:50.449 | Info | '/transaction/getmytourcollaborate' | 
14:06:50.476 | Info | '/transaction/gettourcollaborate' | 
14:07:01.301 | Info | '/transaction/gettourcollaborate' | 
14:07:01.305 | Info | '/transaction/getmytourcollaborate' | 
14:07:03.027 | Info | '/transaction/updatecollaboratestatus' | 
14:07:07.461 | Info | '/transaction/gettourcollaborate' | 
14:07:07.495 | Info | '/transaction/getmytourcollaborate' | 
14:07:24.779 | Info | '/transaction/updatecollaboratestatus' | 
14:09:19.822 | Info | '/transaction/gettourcollaborate' | 
14:09:20.300 | Info | '/transaction/getmytourcollaborate' | 
14:09:21.121 | Info | '/transaction/updatecollaboratestatus' | 
14:09:42.834 | Info | '/transaction/gettourcollaborate' | 
14:09:42.853 | Info | '/transaction/getmytourcollaborate' | 
16:05:24.386 | Info | '/transaction/getmytourcollaborate' | 
16:05:24.401 | Info | '/transaction/gettourcollaborate' | 
16:07:52.158 | Info | '/transaction/gettourcollaborate' | 
16:07:52.170 | Info | '/transaction/getmytourcollaborate' | 
16:07:56.254 | Info | '/transaction/gettourcollaborate' | 
16:07:56.270 | Info | '/transaction/getmytourcollaborate' | 
16:08:00.627 | Info | '/transaction/gettourcollaborate' | 
16:08:00.632 | Info | '/transaction/getmytourcollaborate' | 
16:14:19.264 | Info | '/transaction/getmytourcollaborate' | 
16:14:19.282 | Info | '/transaction/gettourcollaborate' | 
16:15:03.394 | Info | '/transaction/gettourcollaborate' | 
16:15:03.999 | Info | '/transaction/getmytourcollaborate' | 
16:15:05.268 | Info | '/transaction/declinecollaboratestatus' | 
16:15:05.295 | Info | ({'code':'MODULE_NOT_FOUND','requireStack':['C:\\Users\\Hp\\Desktop\\BeeTrev\\backend\\app.js','C:\\Users\\Hp\\Desktop\\BeeTrev\\backend\\bin\\www']}) | 
16:15:13.124 | Info | '/transaction/declinecollaboratestatus' | 
16:15:13.135 | Info | ({'code':'MODULE_NOT_FOUND','requireStack':['C:\\Users\\Hp\\Desktop\\BeeTrev\\backend\\app.js','C:\\Users\\Hp\\Desktop\\BeeTrev\\backend\\bin\\www']}) | 
16:15:18.567 | Info | '/transaction/gettourcollaborate' | 
16:15:18.627 | Info | '/transaction/getmytourcollaborate' | 
16:16:41.036 | Info | '/transaction/gettourcollaborate' | 
16:16:41.499 | Info | '/transaction/getmytourcollaborate' | 
16:16:42.728 | Info | '/transaction/declinecollaboratestatus' | 
16:16:46.275 | Info | '/transaction/gettourcollaborate' | 
16:16:46.285 | Info | '/transaction/getmytourcollaborate' | 
16:17:50.012 | Info | '/transaction/gettourcollaborate' | 
16:17:50.036 | Info | '/transaction/getmytourcollaborate' | 
16:17:51.038 | Info | '/transaction/gettourcollaborate' | 
16:17:51.049 | Info | '/transaction/getmytourcollaborate' | 
16:18:00.152 | Info | '/transaction/gettourcollaborate' | 
16:18:00.165 | Info | '/transaction/getmytourcollaborate' | 
16:18:49.594 | Info | '/transaction/gettourcollaborate' | 
16:18:49.618 | Info | '/transaction/getmytourcollaborate' | 
16:19:06.113 | Info | '/transaction/gettourcollaborate' | 
16:19:06.116 | Info | '/transaction/getmytourcollaborate' | 
16:19:38.960 | Info | '/transaction/gettourcollaborate' | 
16:19:38.969 | Info | '/transaction/getmytourcollaborate' | 
16:19:58.198 | Info | '/transaction/gettourcollaborate' | 
16:19:58.235 | Info | '/transaction/getmytourcollaborate' | 
16:20:55.051 | Info | '/transaction/gettourcollaborate' | 
16:20:55.058 | Info | '/transaction/getmytourcollaborate' | 
16:21:25.047 | Info | '/transaction/gettourcollaborate' | 
16:21:25.060 | Info | '/transaction/getmytourcollaborate' | 
16:21:34.805 | Info | '/transaction/gettourcollaborate' | 
16:21:34.829 | Info | '/transaction/getmytourcollaborate' | 
16:21:44.681 | Info | '/transaction/gettourcollaborate' | 
16:21:44.695 | Info | '/transaction/getmytourcollaborate' | 
16:21:52.134 | Info | '/transaction/gettourcollaborate' | 
16:21:52.160 | Info | '/transaction/getmytourcollaborate' | 
16:22:33.229 | Info | '/transaction/gettourcollaborate' | 
16:22:33.232 | Info | '/transaction/getmytourcollaborate' | 
16:22:41.651 | Info | '/transaction/gettourcollaborate' | 
16:22:41.654 | Info | '/transaction/getmytourcollaborate' | 
16:23:07.692 | Info | '/transaction/gettourcollaborate' | 
16:23:07.714 | Info | '/transaction/getmytourcollaborate' | 
16:24:23.038 | Info | '/transaction/gettourcollaborate' | 
16:24:23.058 | Info | '/transaction/getmytourcollaborate' | 
16:24:36.314 | Info | '/transaction/gettourcollaborate' | 
16:24:36.349 | Info | '/transaction/getmytourcollaborate' | 
16:24:39.064 | Info | '/transaction/gettourcollaborate' | 
16:24:39.084 | Info | '/transaction/getmytourcollaborate' | 
16:24:40.008 | Info | '/transaction/gettourcollaborate' | 
16:24:40.033 | Info | '/transaction/getmytourcollaborate' | 
16:27:11.186 | Info | '/transaction/gettourcollaborate' | 
16:27:11.216 | Info | '/transaction/getmytourcollaborate' | 
16:28:11.055 | Info | '/transaction/gettourcollaborate' | 
16:28:11.072 | Info | '/transaction/getmytourcollaborate' | 
16:28:20.308 | Info | '/transaction/gettourcollaborate' | 
16:28:20.329 | Info | '/transaction/getmytourcollaborate' | 
16:28:27.009 | Info | '/transaction/gettourcollaborate' | 
16:28:27.012 | Info | '/transaction/getmytourcollaborate' | 
16:28:30.269 | Info | '/transaction/gettourcollaborate' | 
16:28:30.273 | Info | '/transaction/getmytourcollaborate' | 
16:28:41.813 | Info | '/transaction/getmytourcollaborate' | 
16:28:41.816 | Info | '/transaction/gettourcollaborate' | 
16:29:12.263 | Info | '/transaction/gettourcollaborate' | 
16:29:12.278 | Info | '/transaction/getmytourcollaborate' | 
16:29:14.219 | Info | '/transaction/gettourcollaborate' | 
16:29:14.248 | Info | '/transaction/getmytourcollaborate' | 
16:30:44.109 | Info | '/transaction/gettourcollaborate' | 
16:30:44.115 | Info | '/transaction/getmytourcollaborate' | 
16:31:08.187 | Info | '/transaction/gettourcollaborate' | 
16:31:08.191 | Info | '/transaction/getmytourcollaborate' | 
16:31:11.244 | Info | '/transaction/gettourcollaborate' | 
16:31:11.247 | Info | '/transaction/getmytourcollaborate' | 
16:31:35.696 | Info | '/transaction/gettourcollaborate' | 
16:31:35.699 | Info | '/transaction/getmytourcollaborate' | 
16:31:38.628 | Info | '/transaction/gettourcollaborate' | 
16:31:38.638 | Info | '/transaction/getmytourcollaborate' | 
16:31:46.786 | Info | '/transaction/gettourcollaborate' | 
16:31:46.794 | Info | '/transaction/getmytourcollaborate' | 
16:31:46.958 | Info | '/transaction/gettourcollaborate' | 
16:31:46.964 | Info | '/transaction/getmytourcollaborate' | 
16:31:56.977 | Info | '/transaction/gettourcollaborate' | 
16:31:56.992 | Info | '/transaction/getmytourcollaborate' | 
16:31:57.129 | Info | '/transaction/gettourcollaborate' | 
16:31:57.141 | Info | '/transaction/getmytourcollaborate' | 
16:31:59.132 | Info | '/transaction/gettourcollaborate' | 
16:31:59.156 | Info | '/transaction/getmytourcollaborate' | 
16:34:54.054 | Info | '/transaction/gettourcollaborate' | 
16:34:54.058 | Info | '/transaction/getmytourcollaborate' | 
16:36:05.829 | Info | '/transaction/gettourcollaborate' | 
16:36:05.903 | Info | '/transaction/getmytourcollaborate' | 
16:36:07.039 | Info | '/transaction/gettourcollaborate' | 
16:36:07.063 | Info | '/transaction/getmytourcollaborate' | 
16:36:11.457 | Info | '/transaction/gettourcollaborate' | 
16:36:11.510 | Info | '/transaction/getmytourcollaborate' | 
16:36:47.124 | Info | '/transaction/gettourcollaborate' | 
16:36:47.132 | Info | '/transaction/getmytourcollaborate' | 
16:36:50.020 | Info | '/transaction/gettourcollaborate' | 
16:36:50.031 | Info | '/transaction/getmytourcollaborate' | 
16:36:51.972 | Info | '/transaction/gettourcollaborate' | 
16:36:51.993 | Info | '/transaction/getmytourcollaborate' | 
16:36:57.006 | Info | '/transaction/gettourcollaborate' | 
16:36:57.019 | Info | '/transaction/getmytourcollaborate' | 
16:37:02.108 | Info | '/transaction/gettourcollaborate' | 
16:37:02.152 | Info | '/transaction/getmytourcollaborate' | 
16:37:07.009 | Info | '/transaction/gettourcollaborate' | 
16:37:07.025 | Info | '/transaction/getmytourcollaborate' | 
16:37:10.993 | Info | '/transaction/gettourcollaborate' | 
16:37:11.011 | Info | '/transaction/getmytourcollaborate' | 
16:37:13.973 | Info | '/transaction/gettourcollaborate' | 
16:37:13.987 | Info | '/transaction/getmytourcollaborate' | 
16:37:17.125 | Info | '/transaction/gettourcollaborate' | 
16:37:17.137 | Info | '/transaction/getmytourcollaborate' | 
16:37:19.117 | Info | '/transaction/gettourcollaborate' | 
16:37:19.132 | Info | '/transaction/getmytourcollaborate' | 
16:38:00.055 | Info | '/transaction/gettourcollaborate' | 
16:38:00.085 | Info | '/transaction/getmytourcollaborate' | 
16:38:07.471 | Info | '/transaction/gettourcollaborate' | 
16:38:07.494 | Info | '/transaction/getmytourcollaborate' | 
16:38:18.493 | Info | '/transaction/gettourcollaborate' | 
16:38:18.511 | Info | '/transaction/getmytourcollaborate' | 
16:38:35.868 | Info | '/transaction/gettourcollaborate' | 
16:38:35.875 | Info | '/transaction/getmytourcollaborate' | 
16:39:08.109 | Info | '/transaction/gettourcollaborate' | 
16:39:08.647 | Info | '/transaction/getmytourcollaborate' | 
16:39:09.102 | Info | '/transaction/gettourcollaborate' | 
16:39:09.132 | Info | '/transaction/getmytourcollaborate' | 
16:39:11.998 | Info | '/transaction/gettourcollaborate' | 
16:39:12.020 | Info | '/transaction/getmytourcollaborate' | 
16:39:25.909 | Info | '/transaction/gettourcollaborate' | 
16:39:25.924 | Info | '/transaction/getmytourcollaborate' | 
