10:41:21.542 | Info | '/api/user/login' | 
10:41:22.418 | Info | '/transaction/getuserpermissions' | 
10:41:22.420 | Info | '/dashboard' | 
10:41:22.423 | Info | '/transaction/getuserpermissions' | 
10:41:22.495 | Info | '/dashboard' | 
10:43:37.443 | Info | '/transaction/getdonationpurpose' | 
10:43:37.468 | Info | '/transaction/getarea' | 
10:43:37.473 | Info | '/transaction/getdonationpurpose' | 
10:43:37.478 | Info | '/transaction/getarea' | 
10:43:42.531 | Info | '/transaction/getchannel' | 
10:43:42.579 | Info | '/transaction/getchannel' | 
10:43:48.743 | Info | '/dashboard' | 
10:43:48.749 | Info | '/dashboard' | 
10:53:32.993 | Info | '/api/user/login' | 
10:53:33.620 | Info | '/dashboard' | 
10:53:33.599 | Info | '/transaction/getuserpermissions' | 
10:53:33.880 | Info | '/transaction/getuserpermissions' | 
10:53:33.896 | Info | '/dashboard' | 
10:53:51.883 | Info | '/transaction/getarea' | 
10:53:51.888 | Info | '/transaction/getdonationtypes' | 
10:53:51.892 | Info | '/transaction/getdonationmethods' | 
10:53:51.899 | Info | '/transaction/getarea' | 
10:53:51.902 | Info | '/transaction/getdonationtypes' | 
10:53:51.908 | Info | '/transaction/getdonationmethods' | 
10:53:58.268 | Info | '/transaction/getdonordetails' | 
10:54:06.904 | Info | '/transaction/getdonationpurpose' | 
10:54:08.170 | Info | '/transaction/getdonationpurpose' | 
10:54:24.100 | Info | '/transaction/getdonordetails' | 
10:54:32.529 | Info | '/transaction/newdonation' | 
10:55:21.658 | Info | '/transaction/getdonordetails' | 
10:55:33.187 | Info | '/transaction/getdonationpurpose' | 
10:55:33.918 | Info | '/transaction/getdonationpurpose' | 
10:55:39.209 | Info | '/transaction/getdonationpurpose' | 
10:55:40.060 | Info | '/transaction/getdonationpurpose' | 
10:55:46.253 | Info | '/transaction/newdonation' | 
11:40:51.179 | Info | '/transaction/getuserpermissions' | 
11:40:51.203 | Info | '/transaction/getuserpermissions' | 
11:40:55.334 | Info | '/api/user/login' | 
11:40:55.712 | Info | '/transaction/getuserpermissions' | 
11:40:55.728 | Info | '/dashboard' | 
11:40:55.798 | Info | '/transaction/getuserpermissions' | 
11:40:55.820 | Info | '/dashboard' | 
11:41:00.057 | Info | '/transaction/getarea' | 
11:41:00.068 | Info | '/transaction/getdonationmethods' | 
11:41:00.063 | Info | '/transaction/getdonationtypes' | 
11:41:00.084 | Info | '/transaction/getarea' | 
11:41:00.087 | Info | '/transaction/getdonationtypes' | 
11:41:00.097 | Info | '/transaction/getdonationmethods' | 
11:41:08.029 | Info | '/transaction/getdonordetails' | 
11:41:17.665 | Info | '/transaction/getdonordetails' | 
11:41:30.810 | Info | '/transaction/getdonationpurpose' | 
11:41:32.230 | Info | '/transaction/getdonationpurpose' | 
11:47:48.926 | Info | '/transaction/getuserpermissions' | 
11:47:48.930 | Info | '/transaction/getuserpermissions' | 
11:47:54.788 | Info | '/api/user/login' | 
11:47:54.885 | Info | '/transaction/getuserpermissions' | 
11:47:54.887 | Info | '/dashboard' | 
11:47:54.892 | Info | '/transaction/getuserpermissions' | 
11:47:54.898 | Info | '/dashboard' | 
11:47:57.997 | Info | '/transaction/getarea' | 
11:47:57.999 | Info | '/transaction/getdonationtypes' | 
11:47:58.003 | Info | '/transaction/getdonationmethods' | 
11:47:58.006 | Info | '/transaction/getarea' | 
11:47:58.009 | Info | '/transaction/getdonationtypes' | 
11:47:58.012 | Info | '/transaction/getdonationmethods' | 
11:48:04.373 | Info | '/transaction/getdonationpurpose' | 
11:48:05.128 | Info | '/transaction/getdonationpurpose' | 
11:49:29.600 | Info | '/transaction/getuserpermissions' | 
11:49:29.603 | Info | '/transaction/getuserpermissions' | 
11:49:33.217 | Info | '/api/user/login' | 
11:49:33.303 | Info | '/transaction/getuserpermissions' | 
11:49:33.310 | Info | '/transaction/getuserpermissions' | 
11:49:33.312 | Info | '/dashboard' | 
11:49:33.319 | Info | '/dashboard' | 
11:49:36.246 | Info | '/transaction/getarea' | 
11:49:36.248 | Info | '/transaction/getdonationtypes' | 
11:49:36.249 | Info | '/transaction/getdonationmethods' | 
11:49:36.255 | Info | '/transaction/getarea' | 
11:49:36.257 | Info | '/transaction/getdonationtypes' | 
11:49:36.261 | Info | '/transaction/getdonationmethods' | 
11:49:42.869 | Info | '/transaction/getdonationpurpose' | 
11:49:43.512 | Info | '/transaction/getdonationpurpose' | 
11:49:44.062 | Info | '/transaction/getdonationpurpose' | 
11:49:44.536 | Info | '/transaction/getdonationpurpose' | 
11:54:50.670 | Info | '/transaction/getuserpermissions' | 
11:54:50.674 | Info | '/transaction/getuserpermissions' | 
11:54:55.467 | Info | '/api/user/login' | 
11:54:55.565 | Info | '/transaction/getuserpermissions' | 
11:54:55.572 | Info | '/transaction/getuserpermissions' | 
11:54:55.574 | Info | '/dashboard' | 
11:54:55.581 | Info | '/dashboard' | 
11:54:58.670 | Info | '/transaction/getarea' | 
11:54:58.674 | Info | '/transaction/getdonationtypes' | 
11:54:58.676 | Info | '/transaction/getdonationmethods' | 
11:54:58.678 | Info | '/transaction/getarea' | 
11:54:58.683 | Info | '/transaction/getdonationtypes' | 
11:54:58.685 | Info | '/transaction/getdonationmethods' | 
12:02:44.121 | Info | '/transaction/getuserpermissions' | 
12:02:44.124 | Info | '/transaction/getuserpermissions' | 
12:02:50.782 | Info | '/api/user/login' | 
12:02:50.884 | Info | '/transaction/getuserpermissions' | 
12:02:50.887 | Info | '/dashboard' | 
12:02:50.890 | Info | '/transaction/getuserpermissions' | 
12:02:50.896 | Info | '/dashboard' | 
12:02:54.830 | Info | '/transaction/getarea' | 
12:02:54.835 | Info | '/transaction/getdonationtypes' | 
12:02:54.836 | Info | '/transaction/getdonationmethods' | 
12:02:54.838 | Info | '/transaction/getarea' | 
12:02:54.842 | Info | '/transaction/getdonationtypes' | 
12:02:54.846 | Info | '/transaction/getdonationmethods' | 
12:03:04.123 | Info | '/transaction/getdonationpurpose' | 
12:03:04.700 | Info | '/transaction/getdonationpurpose' | 
12:03:41.127 | Info | '/transaction/getuserpermissions' | 
12:03:41.131 | Info | '/transaction/getuserpermissions' | 
12:03:45.088 | Info | '/api/user/login' | 
12:03:45.190 | Info | '/transaction/getuserpermissions' | 
12:03:45.192 | Info | '/dashboard' | 
12:03:45.195 | Info | '/transaction/getuserpermissions' | 
12:03:45.201 | Info | '/dashboard' | 
12:03:48.423 | Info | '/transaction/getarea' | 
12:03:48.425 | Info | '/transaction/getdonationtypes' | 
12:03:48.428 | Info | '/transaction/getdonationmethods' | 
12:03:48.431 | Info | '/transaction/getarea' | 
12:03:48.434 | Info | '/transaction/getdonationtypes' | 
12:03:48.438 | Info | '/transaction/getdonationmethods' | 
12:03:58.630 | Info | '/transaction/getdonordetails' | 
12:04:01.171 | Info | '/transaction/getdonationpurpose' | 
12:04:01.789 | Info | '/transaction/getdonationpurpose' | 
12:06:02.940 | Info | '/transaction/getuserpermissions' | 
12:06:02.944 | Info | '/transaction/getuserpermissions' | 
12:06:07.458 | Info | '/api/user/login' | 
12:06:13.554 | Info | '/api/user/login' | 
12:06:13.689 | Info | '/transaction/getuserpermissions' | 
12:06:13.691 | Info | '/dashboard' | 
12:06:13.697 | Info | '/transaction/getuserpermissions' | 
12:06:13.701 | Info | '/dashboard' | 
12:06:20.551 | Info | '/transaction/getarea' | 
12:06:20.552 | Info | '/transaction/getdonationtypes' | 
12:06:20.555 | Info | '/transaction/getdonationmethods' | 
12:06:20.558 | Info | '/transaction/getarea' | 
12:06:20.561 | Info | '/transaction/getdonationtypes' | 
12:06:20.564 | Info | '/transaction/getdonationmethods' | 
12:06:28.724 | Info | '/transaction/getdonordetails' | 
12:06:42.795 | Info | '/transaction/getdonationpurpose' | 
12:06:43.618 | Info | '/transaction/getdonationpurpose' | 
12:09:32.911 | Info | '/transaction/getuserpermissions' | 
12:09:32.914 | Info | '/transaction/getuserpermissions' | 
12:09:36.907 | Info | '/api/user/login' | 
12:09:37.007 | Info | '/transaction/getuserpermissions' | 
12:09:37.013 | Info | '/transaction/getuserpermissions' | 
12:09:37.015 | Info | '/dashboard' | 
12:09:37.023 | Info | '/dashboard' | 
12:09:43.191 | Info | '/transaction/getarea' | 
12:09:43.194 | Info | '/transaction/getdonationtypes' | 
12:09:43.198 | Info | '/transaction/getdonationmethods' | 
12:09:43.200 | Info | '/transaction/getarea' | 
12:09:43.204 | Info | '/transaction/getdonationtypes' | 
12:09:43.207 | Info | '/transaction/getdonationmethods' | 
12:09:56.534 | Info | '/transaction/getdonationpurpose' | 
12:09:57.354 | Info | '/transaction/getdonationpurpose' | 
12:18:12.594 | Info | '/transaction/getuserpermissions' | 
12:18:12.598 | Info | '/transaction/getuserpermissions' | 
12:18:16.053 | Info | '/api/user/login' | 
12:18:16.146 | Info | '/transaction/getuserpermissions' | 
12:18:16.152 | Info | '/transaction/getuserpermissions' | 
12:18:16.155 | Info | '/dashboard' | 
12:18:16.167 | Info | '/dashboard' | 
12:18:19.506 | Info | '/transaction/getarea' | 
12:18:19.507 | Info | '/transaction/getdonationtypes' | 
12:18:19.510 | Info | '/transaction/getdonationmethods' | 
12:18:19.512 | Info | '/transaction/getarea' | 
12:18:19.515 | Info | '/transaction/getdonationtypes' | 
12:18:19.519 | Info | '/transaction/getdonationmethods' | 
12:18:23.259 | Info | '/transaction/getdonordetails' | 
12:18:34.739 | Info | '/transaction/getdonationpurpose' | 
12:18:35.697 | Info | '/transaction/getdonationpurpose' | 
12:21:08.687 | Info | '/transaction/getuserpermissions' | 
12:21:08.691 | Info | '/transaction/getuserpermissions' | 
12:21:13.217 | Info | '/api/user/login' | 
12:21:13.309 | Info | '/transaction/getuserpermissions' | 
12:21:13.317 | Info | '/transaction/getuserpermissions' | 
12:21:13.321 | Info | '/dashboard' | 
12:21:13.329 | Info | '/dashboard' | 
12:21:16.499 | Info | '/transaction/getarea' | 
12:21:16.501 | Info | '/transaction/getdonationtypes' | 
12:21:16.503 | Info | '/transaction/getdonationmethods' | 
12:21:16.508 | Info | '/transaction/getarea' | 
12:21:16.511 | Info | '/transaction/getdonationtypes' | 
12:21:16.513 | Info | '/transaction/getdonationmethods' | 
12:21:41.911 | Info | '/transaction/getdonationpurpose' | 
12:21:42.659 | Info | '/transaction/getdonationpurpose' | 
12:21:50.801 | Info | '/transaction/getdonordetails' | 
12:21:59.820 | Info | '/transaction/getdonordetails' | 
12:25:06.669 | Info | '/transaction/newdonation' | 
12:29:18.776 | Info | '/transaction/getuserpermissions' | 
12:29:18.780 | Info | '/transaction/getuserpermissions' | 
12:29:59.564 | Info | '/api/user/login' | 
12:29:59.683 | Info | '/transaction/getuserpermissions' | 
12:29:59.689 | Info | '/dashboard' | 
12:29:59.699 | Info | '/transaction/getuserpermissions' | 
12:29:59.708 | Info | '/dashboard' | 
12:30:38.404 | Info | '/transaction/getuserpermissions' | 
12:30:38.408 | Info | '/transaction/getuserpermissions' | 
12:31:03.828 | Info | '/api/user/login' | 
12:31:03.938 | Info | '/transaction/getuserpermissions' | 
12:31:03.940 | Info | '/dashboard' | 
12:31:03.945 | Info | '/transaction/getuserpermissions' | 
12:31:03.951 | Info | '/dashboard' | 
12:31:07.458 | Info | '/transaction/getarea' | 
12:31:07.466 | Info | '/transaction/getdonationmethods' | 
12:31:07.463 | Info | '/transaction/getdonationtypes' | 
12:31:07.475 | Info | '/transaction/getarea' | 
12:31:07.479 | Info | '/transaction/getdonationtypes' | 
12:31:07.489 | Info | '/transaction/getdonationmethods' | 
12:31:30.139 | Info | '/transaction/getdonordetails' | 
12:31:41.260 | Info | '/transaction/getdonationpurpose' | 
12:31:42.249 | Info | '/transaction/getdonationpurpose' | 
12:32:02.853 | Info | '/transaction/newdonation' | 
12:33:06.965 | Info | '/transaction/getuserpermissions' | 
12:33:06.968 | Info | '/transaction/getuserpermissions' | 
12:33:11.367 | Info | '/api/user/login' | 
12:33:11.473 | Info | '/transaction/getuserpermissions' | 
12:33:11.481 | Info | '/dashboard' | 
12:33:11.484 | Info | '/transaction/getuserpermissions' | 
12:33:11.492 | Info | '/dashboard' | 
12:33:14.378 | Info | '/transaction/getarea' | 
12:33:14.383 | Info | '/transaction/getdonationtypes' | 
12:33:14.385 | Info | '/transaction/getdonationmethods' | 
12:33:14.387 | Info | '/transaction/getarea' | 
12:33:14.393 | Info | '/transaction/getdonationtypes' | 
12:33:14.395 | Info | '/transaction/getdonationmethods' | 
12:33:17.778 | Info | '/transaction/getdonordetails' | 
12:33:26.350 | Info | '/transaction/getdonordetails' | 
12:33:30.367 | Info | '/transaction/getdonationpurpose' | 
12:33:30.984 | Info | '/transaction/getdonationpurpose' | 
12:33:34.450 | Info | '/transaction/getdonationpurpose' | 
12:33:35.552 | Info | '/transaction/getdonationpurpose' | 
12:33:47.218 | Info | '/transaction/newdonation' | 
12:39:52.841 | Info | '/transaction/getarea' | 
12:39:52.843 | Info | '/transaction/getdonationtypes' | 
12:39:52.845 | Info | '/transaction/getdonationmethods' | 
12:39:52.850 | Info | '/transaction/getarea' | 
12:39:52.854 | Info | '/transaction/getdonationtypes' | 
12:39:52.856 | Info | '/transaction/getdonationmethods' | 
13:08:13.975 | Info | '/api/user/login' | 
13:08:14.391 | Info | '/transaction/getuserpermissions' | 
13:08:14.393 | Info | '/dashboard' | 
13:08:14.403 | Info | '/transaction/getuserpermissions' | 
13:08:14.412 | Info | '/dashboard' | 
13:09:43.472 | Info | '/api/user/login' | 
13:09:43.799 | Info | '/transaction/getuserpermissions' | 
13:09:43.811 | Info | '/dashboard' | 
13:09:43.870 | Info | '/transaction/getuserpermissions' | 
13:09:43.890 | Info | '/dashboard' | 
13:09:47.150 | Info | '/transaction/getalldonations' | 
13:10:07.152 | Info | '/transaction/getalldonations' | 
13:10:52.477 | Info | '/transaction/getalldonations' | 
13:10:52.657 | Info | '/transaction/getalldonations' | 
13:11:57.040 | Info | '/transaction/getuserpermissions' | 
13:11:57.061 | Info | '/transaction/getuserpermissions' | 
13:12:00.912 | Info | '/api/user/login' | 
13:12:01.278 | Info | '/transaction/getuserpermissions' | 
13:12:01.295 | Info | '/dashboard' | 
13:12:01.360 | Info | '/transaction/getuserpermissions' | 
13:12:01.381 | Info | '/dashboard' | 
13:12:04.687 | Info | '/transaction/getalldonations' | 
13:12:24.692 | Info | '/transaction/getalldonations' | 
13:13:47.011 | Info | '/transaction/getalldonations' | 
13:14:42.038 | Info | '/transaction/getuserpermissions' | 
13:14:42.057 | Info | '/transaction/getuserpermissions' | 
13:14:46.492 | Info | '/api/user/login' | 
13:14:46.796 | Info | '/transaction/getuserpermissions' | 
13:14:46.809 | Info | '/dashboard' | 
13:14:46.867 | Info | '/transaction/getuserpermissions' | 
13:14:46.880 | Info | '/dashboard' | 
13:14:51.584 | Info | '/transaction/getalldonations' | 
13:15:11.585 | Info | '/transaction/getalldonations' | 
13:15:31.027 | Info | '/transaction/getalldonations' | 
13:17:55.040 | Info | '/api/user/login' | 
13:17:55.229 | Info | '/transaction/getuserpermissions' | 
13:17:55.238 | Info | '/dashboard' | 
13:17:55.307 | Info | '/transaction/getuserpermissions' | 
13:17:55.320 | Info | '/dashboard' | 
13:17:58.141 | Info | '/transaction/getarea' | 
13:17:58.146 | Info | '/transaction/getdonationtypes' | 
13:17:58.151 | Info | '/transaction/getdonationmethods' | 
13:17:58.161 | Info | '/transaction/getarea' | 
13:17:58.165 | Info | '/transaction/getdonationtypes' | 
13:17:58.173 | Info | '/transaction/getdonationmethods' | 
13:18:00.085 | Info | '/transaction/getpermissions' | 
13:18:00.091 | Info | '/transaction/getpermissions' | 
13:18:00.174 | Info | '/transaction/getuserroles' | 
13:18:00.181 | Info | '/transaction/getuserroles' | 
13:18:12.507 | Info | '/dashboard' | 
13:18:12.517 | Info | '/dashboard' | 
13:18:15.667 | Info | '/transaction/getalldonations' | 
13:18:15.684 | Info | '/transaction/getalldonations' | 
13:18:45.211 | Info | '/transaction/getarea' | 
13:18:45.216 | Info | '/transaction/getdonationtypes' | 
13:18:45.218 | Info | '/transaction/getdonationmethods' | 
13:18:45.220 | Info | '/transaction/getarea' | 
13:18:45.226 | Info | '/transaction/getdonationtypes' | 
13:18:45.228 | Info | '/transaction/getdonationmethods' | 
13:18:50.341 | Info | '/dashboard' | 
13:18:50.348 | Info | '/dashboard' | 
13:18:59.644 | Info | '/transaction/getchannel' | 
13:18:59.651 | Info | '/transaction/getcenters' | 
13:18:59.656 | Info | '/transaction/getusers' | 
13:18:59.660 | Info | '/transaction/getuserroles' | 
13:18:59.670 | Info | '/transaction/getchannel' | 
13:18:59.672 | Info | '/transaction/getcenters' | 
13:18:59.678 | Info | '/transaction/getusers' | 
13:18:59.692 | Info | '/transaction/getuserroles' | 
13:19:06.928 | Info | '/transaction/getcenters' | 
13:19:06.931 | Info | '/transaction/getcenters' | 
13:19:10.577 | Info | '/transaction/getarea' | 
13:19:10.583 | Info | '/transaction/getarea' | 
13:19:12.262 | Info | '/transaction/getdonationtypes' | 
13:19:12.266 | Info | '/transaction/getdonationtypes' | 
13:19:12.948 | Info | '/transaction/getdonationmethods' | 
13:19:12.952 | Info | '/transaction/getdonationmethods' | 
13:19:14.237 | Info | '/transaction/getarea' | 
13:19:14.240 | Info | '/transaction/getdonationpurpose' | 
13:19:14.247 | Info | '/transaction/getarea' | 
13:19:14.251 | Info | '/transaction/getdonationpurpose' | 
13:19:15.305 | Info | '/transaction/getchannel' | 
13:19:15.309 | Info | '/transaction/getchannel' | 
13:19:23.714 | Info | '/transaction/getdonationpurpose' | 
13:19:23.716 | Info | '/transaction/getarea' | 
13:19:23.721 | Info | '/transaction/getdonationpurpose' | 
13:19:23.723 | Info | '/transaction/getarea' | 
13:19:27.098 | Info | '/transaction/getarea' | 
13:19:27.107 | Info | '/transaction/getarea' | 
13:19:27.109 | Info | '/transaction/getdonationtypes' | 
13:19:27.111 | Info | '/transaction/getdonationmethods' | 
13:19:27.117 | Info | '/transaction/getdonationtypes' | 
13:19:27.119 | Info | '/transaction/getdonationmethods' | 
13:21:31.928 | Info | '/transaction/getdonationpurpose' | 
13:21:33.458 | Info | '/transaction/getdonationpurpose' | 
13:21:34.447 | Info | '/transaction/getdonationpurpose' | 
13:21:35.239 | Info | '/transaction/getdonationpurpose' | 
13:24:08.122 | Info | '/transaction/getuserpermissions' | 
13:24:08.128 | Info | '/transaction/getuserpermissions' | 
13:24:12.247 | Info | '/api/user/login' | 
13:24:12.351 | Info | '/transaction/getuserpermissions' | 
13:24:12.354 | Info | '/dashboard' | 
13:24:12.360 | Info | '/transaction/getuserpermissions' | 
13:24:12.367 | Info | '/dashboard' | 
13:24:17.467 | Info | '/transaction/getalldonations' | 
13:24:17.501 | Info | '/transaction/getalldonations' | 
13:24:19.064 | Info | '/transaction/getarea' | 
13:24:19.066 | Info | '/transaction/getdonationtypes' | 
13:24:19.083 | Info | '/transaction/getdonationmethods' | 
13:24:19.086 | Info | '/transaction/getarea' | 
13:24:19.089 | Info | '/transaction/getdonationtypes' | 
13:24:19.107 | Info | '/transaction/getdonationmethods' | 
13:24:21.964 | Info | '/transaction/getdonationpurpose' | 
13:24:24.827 | Info | '/transaction/getdonationpurpose' | 
13:25:07.119 | Info | '/transaction/getuserpermissions' | 
13:25:07.123 | Info | '/transaction/getuserpermissions' | 
13:25:11.010 | Info | '/api/user/login' | 
13:25:11.099 | Info | '/transaction/getuserpermissions' | 
13:25:11.103 | Info | '/transaction/getuserpermissions' | 
13:25:11.107 | Info | '/dashboard' | 
13:25:11.114 | Info | '/dashboard' | 
13:25:15.656 | Info | '/transaction/getarea' | 
13:25:15.658 | Info | '/transaction/getdonationtypes' | 
13:25:15.661 | Info | '/transaction/getdonationmethods' | 
13:25:15.664 | Info | '/transaction/getarea' | 
13:25:15.667 | Info | '/transaction/getdonationtypes' | 
13:25:15.670 | Info | '/transaction/getdonationmethods' | 
13:28:33.599 | Info | '/transaction/getuserpermissions' | 
13:28:33.602 | Info | '/transaction/getuserpermissions' | 
13:28:37.592 | Info | '/api/user/login' | 
13:28:37.688 | Info | '/transaction/getuserpermissions' | 
13:28:37.694 | Info | '/transaction/getuserpermissions' | 
13:28:37.696 | Info | '/dashboard' | 
13:28:37.703 | Info | '/dashboard' | 
13:28:40.512 | Info | '/transaction/getarea' | 
13:28:40.514 | Info | '/transaction/getdonationtypes' | 
13:28:40.516 | Info | '/transaction/getdonationmethods' | 
13:28:40.521 | Info | '/transaction/getarea' | 
13:28:40.524 | Info | '/transaction/getdonationtypes' | 
13:28:40.526 | Info | '/transaction/getdonationmethods' | 
13:28:52.190 | Info | '/transaction/getuserpermissions' | 
13:28:52.194 | Info | '/transaction/getuserpermissions' | 
13:28:56.088 | Info | '/api/user/login' | 
13:28:56.174 | Info | '/transaction/getuserpermissions' | 
13:28:56.182 | Info | '/transaction/getuserpermissions' | 
13:28:56.184 | Info | '/dashboard' | 
13:28:56.191 | Info | '/dashboard' | 
13:29:00.337 | Info | '/transaction/getarea' | 
13:29:00.339 | Info | '/transaction/getdonationtypes' | 
13:29:00.342 | Info | '/transaction/getdonationmethods' | 
13:29:00.345 | Info | '/transaction/getarea' | 
13:29:00.349 | Info | '/transaction/getdonationtypes' | 
13:29:00.352 | Info | '/transaction/getdonationmethods' | 
13:29:28.847 | Info | '/transaction/getuserpermissions' | 
13:29:28.850 | Info | '/transaction/getuserpermissions' | 
13:29:32.472 | Info | '/api/user/login' | 
13:29:32.567 | Info | '/transaction/getuserpermissions' | 
13:29:32.571 | Info | '/transaction/getuserpermissions' | 
13:29:32.576 | Info | '/dashboard' | 
13:29:32.582 | Info | '/dashboard' | 
13:29:35.165 | Info | '/transaction/getarea' | 
13:29:35.167 | Info | '/transaction/getdonationtypes' | 
13:29:35.171 | Info | '/transaction/getdonationmethods' | 
13:29:35.175 | Info | '/transaction/getarea' | 
13:29:35.178 | Info | '/transaction/getdonationtypes' | 
13:29:35.180 | Info | '/transaction/getdonationmethods' | 
13:34:40.774 | Info | '/transaction/getalldonations' | 
13:34:40.786 | Info | '/transaction/getalldonations' | 
13:43:49.929 | Info | '/transaction/getuserpermissions' | 
13:43:49.949 | Info | '/transaction/getuserpermissions' | 
13:43:53.448 | Info | '/api/user/login' | 
13:43:53.743 | Info | '/transaction/getuserpermissions' | 
13:43:53.756 | Info | '/dashboard' | 
13:43:53.816 | Info | '/transaction/getuserpermissions' | 
13:43:53.830 | Info | '/dashboard' | 
13:43:57.051 | Info | '/transaction/getarea' | 
13:43:57.055 | Info | '/transaction/getdonationtypes' | 
13:43:57.059 | Info | '/transaction/getdonationmethods' | 
13:43:57.071 | Info | '/transaction/getarea' | 
13:43:57.080 | Info | '/transaction/getdonationtypes' | 
13:43:57.084 | Info | '/transaction/getdonationmethods' | 
13:44:28.650 | Info | '/transaction/getuserpermissions' | 
13:44:28.654 | Info | '/transaction/getuserpermissions' | 
13:44:32.045 | Info | '/api/user/login' | 
13:44:32.125 | Info | '/transaction/getuserpermissions' | 
13:44:32.132 | Info | '/transaction/getuserpermissions' | 
13:44:32.134 | Info | '/dashboard' | 
13:44:32.143 | Info | '/dashboard' | 
13:44:35.243 | Info | '/transaction/getarea' | 
13:44:35.245 | Info | '/transaction/getdonationtypes' | 
13:44:35.247 | Info | '/transaction/getdonationmethods' | 
13:44:35.254 | Info | '/transaction/getarea' | 
13:44:35.257 | Info | '/transaction/getdonationtypes' | 
13:44:35.259 | Info | '/transaction/getdonationmethods' | 
13:44:50.788 | Info | '/transaction/getdonationpurpose' | 
13:44:51.955 | Info | '/transaction/getdonationpurpose' | 
13:44:55.987 | Info | '/transaction/getdonationpurpose' | 
13:44:56.587 | Info | '/transaction/getdonationpurpose' | 
13:45:25.015 | Info | '/transaction/getdonordetails' | 
13:45:33.688 | Info | '/transaction/getdonordetails' | 
13:46:04.849 | Info | '/transaction/newdonation' | 
13:47:40.148 | Info | '/transaction/getuserpermissions' | 
13:47:40.153 | Info | '/transaction/getuserpermissions' | 
13:47:44.082 | Info | '/api/user/login' | 
13:47:44.182 | Info | '/transaction/getuserpermissions' | 
13:47:44.194 | Info | '/dashboard' | 
13:47:44.199 | Info | '/transaction/getuserpermissions' | 
13:47:44.209 | Info | '/dashboard' | 
13:47:47.357 | Info | '/transaction/getalldonations' | 
13:47:47.373 | Info | '/transaction/getalldonations' | 
13:47:51.770 | Info | '/transaction/getarea' | 
13:47:51.778 | Info | '/transaction/getdonationmethods' | 
13:47:51.775 | Info | '/transaction/getdonationtypes' | 
13:47:51.787 | Info | '/transaction/getarea' | 
13:47:51.793 | Info | '/transaction/getdonationtypes' | 
13:47:51.801 | Info | '/transaction/getdonationmethods' | 
13:48:02.652 | Info | '/transaction/getdonordetails' | 
13:48:11.039 | Info | '/transaction/getdonordetails' | 
13:48:19.697 | Info | '/transaction/getdonationpurpose' | 
13:48:21.090 | Info | '/transaction/getdonationpurpose' | 
13:48:38.680 | Info | '/transaction/newdonation' | 
13:51:12.881 | Info | '/transaction/getalldonations' | 
13:51:12.895 | Info | '/transaction/getalldonations' | 
13:51:35.705 | Info | '/dashboard' | 
13:51:35.713 | Info | '/dashboard' | 
13:52:09.706 | Info | '/transaction/getalldonations' | 
13:52:09.748 | Info | '/transaction/getalldonations' | 
13:52:10.136 | Info | '/transaction/getarea' | 
13:52:10.138 | Info | '/transaction/getdonationtypes' | 
13:52:10.140 | Info | '/transaction/getdonationmethods' | 
13:52:10.145 | Info | '/transaction/getarea' | 
13:52:10.148 | Info | '/transaction/getdonationtypes' | 
13:52:10.151 | Info | '/transaction/getdonationmethods' | 
13:52:12.753 | Info | '/transaction/getalldonations' | 
13:52:12.762 | Info | '/transaction/getalldonations' | 
13:58:52.450 | Info | '/transaction/getarea' | 
13:58:52.641 | Info | '/transaction/getdonationtypes' | 
13:58:52.646 | Info | '/transaction/getdonationmethods' | 
13:58:52.694 | Info | '/transaction/getarea' | 
13:58:52.704 | Info | '/transaction/getdonationtypes' | 
13:58:52.708 | Info | '/transaction/getdonationmethods' | 
13:58:59.640 | Info | '/transaction/getdonordetails' | 
13:59:04.455 | Info | '/transaction/getdonationpurpose' | 
13:59:05.496 | Info | '/transaction/getdonationpurpose' | 
13:59:08.269 | Info | '/transaction/getdonationpurpose' | 
13:59:39.049 | Info | '/transaction/newdonation' | 
14:00:16.987 | Info | '/transaction/getdonordetails' | 
14:00:27.502 | Info | '/transaction/getdonationpurpose' | 
14:00:28.558 | Info | '/transaction/getdonationpurpose' | 
14:00:36.433 | Info | '/transaction/newdonation' | 
14:02:22.227 | Info | '/transaction/getdonordetails' | 
14:02:30.645 | Info | '/transaction/getdonationpurpose' | 
14:02:31.252 | Info | '/transaction/getdonationpurpose' | 
14:02:35.469 | Info | '/transaction/newdonation' | 
17:12:30.144 | Info | '/api/user/login' | 
17:12:30.564 | Info | '/transaction/getuserpermissions' | 
17:12:30.574 | Info | '/dashboard' | 
17:12:30.659 | Info | '/transaction/getuserpermissions' | 
17:12:30.678 | Info | '/dashboard' | 
17:12:33.791 | Info | '/transaction/getalldonations' | 
17:12:33.804 | Info | '/transaction/getalldonations' | 
17:12:34.343 | Info | '/transaction/getarea' | 
17:12:34.348 | Info | '/transaction/getdonationtypes' | 
17:12:34.354 | Info | '/transaction/getdonationmethods' | 
17:12:34.361 | Info | '/transaction/getarea' | 
17:12:34.364 | Info | '/transaction/getdonationtypes' | 
17:12:34.375 | Info | '/transaction/getdonationmethods' | 
17:12:57.590 | Info | '/transaction/getdonordetails' | 
17:13:02.294 | Info | '/transaction/getdonationpurpose' | 
17:13:02.949 | Info | '/transaction/getdonationpurpose' | 
17:13:10.837 | Info | '/transaction/newdonation' | 
17:14:35.440 | Info | '/transaction/getdonordetails' | 
17:14:45.319 | Info | '/transaction/getdonationpurpose' | 
17:14:45.881 | Info | '/transaction/getdonationpurpose' | 
17:14:52.167 | Info | '/transaction/newdonation' | 
17:18:42.847 | Info | '/transaction/getdonordetails' | 
17:18:56.908 | Info | '/transaction/getdonationpurpose' | 
17:18:57.505 | Info | '/transaction/getdonationpurpose' | 
17:19:05.304 | Info | '/transaction/newdonation' | 
17:20:17.533 | Info | '/transaction/getuserpermissions' | 
17:20:17.556 | Info | '/transaction/getuserpermissions' | 
17:20:20.898 | Info | '/api/user/login' | 
17:20:21.193 | Info | '/transaction/getuserpermissions' | 
17:20:21.209 | Info | '/dashboard' | 
17:20:21.256 | Info | '/transaction/getuserpermissions' | 
17:20:21.271 | Info | '/dashboard' | 
17:20:24.462 | Info | '/transaction/getalldonations' | 
17:20:24.483 | Info | '/transaction/getalldonations' | 
17:20:25.014 | Info | '/transaction/getarea' | 
17:20:25.018 | Info | '/transaction/getdonationtypes' | 
17:20:25.022 | Info | '/transaction/getdonationmethods' | 
17:20:25.032 | Info | '/transaction/getarea' | 
17:20:25.036 | Info | '/transaction/getdonationtypes' | 
17:20:25.048 | Info | '/transaction/getdonationmethods' | 
17:20:28.577 | Info | '/transaction/getdonordetails' | 
17:20:47.003 | Info | '/transaction/getdonationpurpose' | 
17:20:47.767 | Info | '/transaction/getdonationpurpose' | 
17:20:52.737 | Info | '/transaction/newdonation' | 
17:23:06.381 | Info | '/transaction/getuserpermissions' | 
17:23:06.399 | Info | '/transaction/getuserpermissions' | 
17:23:10.413 | Info | '/api/user/login' | 
17:23:23.233 | Info | '/api/user/login' | 
17:23:30.360 | Info | '/api/user/login' | 
17:23:30.486 | Info | '/transaction/getuserpermissions' | 
17:23:30.494 | Info | '/dashboard' | 
17:23:30.597 | Info | '/transaction/getuserpermissions' | 
17:23:30.614 | Info | '/dashboard' | 
17:23:33.673 | Info | '/transaction/getarea' | 
17:23:33.678 | Info | '/transaction/getdonationtypes' | 
17:23:33.682 | Info | '/transaction/getdonationmethods' | 
17:23:33.695 | Info | '/transaction/getarea' | 
17:23:33.699 | Info | '/transaction/getdonationtypes' | 
17:23:33.707 | Info | '/transaction/getdonationmethods' | 
17:23:36.732 | Info | '/transaction/getdonordetails' | 
17:23:36.867 | Info | '/transaction/getalldonations' | 
17:23:36.891 | Info | '/transaction/getalldonations' | 
17:23:38.146 | Info | '/transaction/getarea' | 
17:23:38.148 | Info | '/transaction/getdonationtypes' | 
17:23:38.150 | Info | '/transaction/getdonationmethods' | 
17:23:38.156 | Info | '/transaction/getarea' | 
17:23:38.158 | Info | '/transaction/getdonationtypes' | 
17:23:38.160 | Info | '/transaction/getdonationmethods' | 
17:30:11.512 | Info | '/transaction/getuserpermissions' | 
17:30:11.516 | Info | '/transaction/getuserpermissions' | 
17:30:15.391 | Info | '/api/user/login' | 
17:30:15.483 | Info | '/transaction/getuserpermissions' | 
17:30:15.490 | Info | '/transaction/getuserpermissions' | 
17:30:15.491 | Info | '/dashboard' | 
17:30:15.498 | Info | '/dashboard' | 
17:30:19.168 | Info | '/transaction/getarea' | 
17:30:19.170 | Info | '/transaction/getdonationtypes' | 
17:30:19.172 | Info | '/transaction/getdonationmethods' | 
17:30:19.179 | Info | '/transaction/getarea' | 
17:30:19.181 | Info | '/transaction/getdonationtypes' | 
17:30:19.184 | Info | '/transaction/getdonationmethods' | 
17:30:23.015 | Info | '/transaction/getdonordetails' | 
17:32:55.787 | Info | '/transaction/getuserpermissions' | 
17:32:55.791 | Info | '/transaction/getuserpermissions' | 
17:32:59.420 | Info | '/api/user/login' | 
17:32:59.512 | Info | '/transaction/getuserpermissions' | 
17:32:59.517 | Info | '/dashboard' | 
17:32:59.519 | Info | '/transaction/getuserpermissions' | 
17:32:59.526 | Info | '/dashboard' | 
17:33:02.709 | Info | '/transaction/getalldonations' | 
17:33:02.723 | Info | '/transaction/getalldonations' | 
17:33:03.198 | Info | '/transaction/getarea' | 
17:33:03.203 | Info | '/transaction/getdonationtypes' | 
17:33:03.206 | Info | '/transaction/getdonationmethods' | 
17:33:03.210 | Info | '/transaction/getarea' | 
17:33:03.214 | Info | '/transaction/getdonationtypes' | 
17:33:03.217 | Info | '/transaction/getdonationmethods' | 
17:33:43.359 | Info | '/transaction/getarea' | 
17:33:43.361 | Info | '/transaction/getdonationtypes' | 
17:33:43.363 | Info | '/transaction/getdonationmethods' | 
17:33:43.366 | Info | '/transaction/getarea' | 
17:33:43.369 | Info | '/transaction/getdonationtypes' | 
17:33:43.372 | Info | '/transaction/getdonationmethods' | 
17:35:46.100 | Info | '/transaction/getuserpermissions' | 
17:35:46.106 | Info | '/transaction/getuserpermissions' | 
17:35:50.907 | Info | '/api/user/login' | 
17:35:50.997 | Info | '/transaction/getuserpermissions' | 
17:35:51.003 | Info | '/transaction/getuserpermissions' | 
17:35:51.005 | Info | '/dashboard' | 
17:35:51.013 | Info | '/dashboard' | 
17:35:56.736 | Info | '/transaction/getarea' | 
17:35:56.738 | Info | '/transaction/getdonationtypes' | 
17:35:56.739 | Info | '/transaction/getdonationmethods' | 
17:35:56.745 | Info | '/transaction/getarea' | 
17:35:56.748 | Info | '/transaction/getdonationtypes' | 
17:35:56.753 | Info | '/transaction/getdonationmethods' | 
17:36:01.714 | Info | '/transaction/getdonordetails' | 
17:36:07.269 | Info | '/transaction/getdonordetails' | 
17:37:43.946 | Info | '/transaction/getuserpermissions' | 
17:37:43.949 | Info | '/transaction/getuserpermissions' | 
17:37:48.075 | Info | '/api/user/login' | 
17:37:48.162 | Info | '/transaction/getuserpermissions' | 
17:37:48.167 | Info | '/transaction/getuserpermissions' | 
17:37:48.172 | Info | '/dashboard' | 
17:37:48.178 | Info | '/dashboard' | 
17:37:51.518 | Info | '/transaction/getdonationtypes' | 
17:37:51.520 | Info | '/transaction/getarea' | 
17:37:51.521 | Info | '/transaction/getdonationmethods' | 
17:37:51.527 | Info | '/transaction/getdonationtypes' | 
17:37:51.529 | Info | '/transaction/getarea' | 
17:37:51.532 | Info | '/transaction/getdonationmethods' | 
17:37:57.894 | Info | '/transaction/getdonordetails' | 
17:38:31.621 | Info | '/transaction/getalldonations' | 
17:38:31.638 | Info | '/transaction/getalldonations' | 
22:59:56.094 | Info | '/api/user/login' | 
22:59:56.593 | Info | '/transaction/getuserpermissions' | 
22:59:56.618 | Info | '/dashboard' | 
22:59:56.713 | Info | '/transaction/getuserpermissions' | 
22:59:56.732 | Info | '/dashboard' | 
23:00:27.795 | Info | '/transaction/getuserpermissions' | 
23:00:27.799 | Info | '/transaction/getuserpermissions' | 
23:00:32.330 | Info | '/api/user/login' | 
23:00:32.425 | Info | '/transaction/getuserpermissions' | 
23:00:32.430 | Info | '/dashboard' | 
23:00:32.433 | Info | '/transaction/getuserpermissions' | 
23:00:32.441 | Info | '/dashboard' | 
23:00:48.021 | Info | '/transaction/getuserpermissions' | 
23:00:48.025 | Info | '/transaction/getuserpermissions' | 
23:00:52.153 | Info | '/api/user/login' | 
23:00:52.259 | Info | '/transaction/getuserpermissions' | 
23:00:52.267 | Info | '/dashboard' | 
23:00:52.270 | Info | '/transaction/getuserpermissions' | 
23:00:52.277 | Info | '/dashboard' | 
23:01:19.673 | Info | '/transaction/getuserpermissions' | 
23:01:19.677 | Info | '/transaction/getuserpermissions' | 
23:01:23.562 | Info | '/api/user/login' | 
23:01:23.665 | Info | '/transaction/getuserpermissions' | 
23:01:23.671 | Info | '/dashboard' | 
23:01:23.673 | Info | '/transaction/getuserpermissions' | 
23:01:23.681 | Info | '/dashboard' | 
23:02:05.395 | Info | '/transaction/getuserpermissions' | 
23:02:05.398 | Info | '/dashboard' | 
23:02:05.402 | Info | '/transaction/getuserpermissions' | 
23:02:05.407 | Info | '/dashboard' | 
23:05:51.112 | Info | '/transaction/getuserpermissions' | 
23:05:51.116 | Info | '/transaction/getuserpermissions' | 
23:05:55.620 | Info | '/api/user/login' | 
23:05:55.727 | Info | '/transaction/getuserpermissions' | 
23:05:55.734 | Info | '/dashboard' | 
23:05:55.736 | Info | '/transaction/getuserpermissions' | 
23:05:55.746 | Info | '/dashboard' | 
23:10:33.809 | Info | '/transaction/getuserpermissions' | 
23:10:33.812 | Info | '/transaction/getuserpermissions' | 
23:15:19.978 | Info | '/api/user/login' | 
23:15:20.162 | Info | '/transaction/getuserpermissions' | 
23:15:20.164 | Info | '/dashboard' | 
23:15:20.201 | Info | '/transaction/getuserpermissions' | 
23:15:20.259 | Info | '/dashboard' | 
23:15:23.583 | Info | '/transaction/getcenters' | 
23:15:23.594 | Info | '/transaction/getcenters' | 
23:17:17.506 | Info | '/transaction/getuserpermissions' | 
23:17:17.509 | Info | '/transaction/getuserpermissions' | 
23:17:21.275 | Info | '/api/user/login' | 
23:17:21.388 | Info | '/transaction/getuserpermissions' | 
23:17:21.394 | Info | '/transaction/getuserpermissions' | 
23:17:21.397 | Info | '/dashboard' | 
23:17:21.405 | Info | '/dashboard' | 
23:17:25.709 | Info | '/transaction/getcenters' | 
23:17:25.715 | Info | '/transaction/getcenters' | 
23:18:16.900 | Info | '/transaction/getuserpermissions' | 
23:18:16.904 | Info | '/transaction/getuserpermissions' | 
23:18:20.768 | Info | '/api/user/login' | 
23:18:20.872 | Info | '/transaction/getuserpermissions' | 
23:18:20.875 | Info | '/dashboard' | 
23:18:20.878 | Info | '/transaction/getuserpermissions' | 
23:18:20.886 | Info | '/dashboard' | 
23:18:24.409 | Info | '/transaction/getcenters' | 
23:18:24.417 | Info | '/transaction/getcenters' | 
23:18:30.555 | Info | '/transaction/createrequest' | 
23:18:30.691 | Info | '/transaction/getcenters' | 
23:18:35.229 | Info | '/transaction/getarea' | 
23:18:35.233 | Info | '/transaction/getdonationtypes' | 
23:18:35.238 | Info | '/transaction/getdonationmethods' | 
23:18:35.247 | Info | '/transaction/getarea' | 
23:18:35.249 | Info | '/transaction/getdonationtypes' | 
23:18:35.258 | Info | '/transaction/getdonationmethods' | 
23:18:36.060 | Info | '/transaction/getcenters' | 
23:18:36.064 | Info | '/transaction/getcenters' | 
23:19:16.840 | Info | '/transaction/createrequest' | 
23:19:17.341 | Info | '/transaction/getcenters' | 
23:19:29.745 | Info | '/transaction/getuserpermissions' | 
23:19:29.751 | Info | '/transaction/getuserpermissions' | 
23:19:33.124 | Info | '/api/user/login' | 
23:19:33.236 | Info | '/transaction/getuserpermissions' | 
23:19:33.248 | Info | '/dashboard' | 
23:19:33.311 | Info | '/transaction/getuserpermissions' | 
23:19:33.324 | Info | '/dashboard' | 
23:19:36.679 | Info | '/transaction/getcenters' | 
23:19:36.685 | Info | '/transaction/getcenters' | 
23:20:50.719 | Info | '/transaction/getchannel' | 
23:20:50.725 | Info | '/transaction/getcenters' | 
23:20:50.727 | Info | '/transaction/getuserroles' | 
23:20:50.733 | Info | '/transaction/getusers' | 
23:20:50.782 | Info | '/transaction/getcenters' | 
23:20:50.784 | Info | '/transaction/getchannel' | 
23:20:50.797 | Info | '/transaction/getuserroles' | 
23:20:50.800 | Info | '/transaction/getusers' | 
23:20:53.513 | Info | '/transaction/getcenters' | 
23:20:53.517 | Info | '/transaction/getcenters' | 
23:20:55.984 | Info | '/transaction/getuserpermissions' | 
23:20:55.987 | Info | '/transaction/getuserpermissions' | 
23:20:59.177 | Info | '/api/user/login' | 
23:20:59.288 | Info | '/transaction/getuserpermissions' | 
23:20:59.295 | Info | '/transaction/getuserpermissions' | 
23:20:59.297 | Info | '/dashboard' | 
23:20:59.304 | Info | '/dashboard' | 
23:21:02.538 | Info | '/transaction/getrequests' | 
23:21:02.546 | Info | '/transaction/getrequests' | 
23:21:50.313 | Info | '/transaction/getuserpermissions' | 
23:21:50.317 | Info | '/transaction/getuserpermissions' | 
23:21:54.165 | Info | '/api/user/login' | 
23:21:54.269 | Info | '/transaction/getuserpermissions' | 
23:21:54.276 | Info | '/transaction/getuserpermissions' | 
23:21:54.279 | Info | '/dashboard' | 
23:21:54.286 | Info | '/dashboard' | 
23:21:57.387 | Info | '/transaction/getrequests' | 
23:21:57.394 | Info | '/transaction/getrequests' | 
23:23:00.563 | Info | '/transaction/getuserpermissions' | 
23:23:00.566 | Info | '/transaction/getuserpermissions' | 
23:23:04.249 | Info | '/api/user/login' | 
23:23:04.356 | Info | '/transaction/getuserpermissions' | 
23:23:04.361 | Info | '/transaction/getuserpermissions' | 
23:23:04.365 | Info | '/dashboard' | 
23:23:04.372 | Info | '/dashboard' | 
23:23:11.272 | Info | '/transaction/getrequests' | 
23:23:11.280 | Info | '/transaction/getrequests' | 
23:23:35.411 | Info | '/transaction/getrequests' | 
23:23:35.415 | Info | '/transaction/getrequests' | 
23:24:20.444 | Info | '/transaction/getuserpermissions' | 
23:24:20.450 | Info | '/transaction/getuserpermissions' | 
23:24:23.863 | Info | '/api/user/login' | 
23:24:23.970 | Info | '/transaction/getuserpermissions' | 
23:24:23.972 | Info | '/dashboard' | 
23:24:23.976 | Info | '/transaction/getuserpermissions' | 
23:24:23.983 | Info | '/dashboard' | 
23:24:26.715 | Info | '/transaction/getrequests' | 
23:24:26.721 | Info | '/transaction/getrequests' | 
23:24:41.947 | Info | '/transaction/getuserpermissions' | 
23:24:41.951 | Info | '/transaction/getuserpermissions' | 
23:24:45.637 | Info | '/api/user/login' | 
23:24:45.742 | Info | '/transaction/getuserpermissions' | 
23:24:45.745 | Info | '/dashboard' | 
23:24:45.750 | Info | '/transaction/getuserpermissions' | 
23:24:45.756 | Info | '/dashboard' | 
23:24:48.591 | Info | '/transaction/getrequests' | 
23:24:48.598 | Info | '/transaction/getrequests' | 
23:26:33.224 | Info | '/transaction/getuserpermissions' | 
23:26:33.228 | Info | '/transaction/getuserpermissions' | 
23:26:36.777 | Info | '/api/user/login' | 
23:26:36.885 | Info | '/transaction/getuserpermissions' | 
23:26:36.890 | Info | '/transaction/getuserpermissions' | 
23:26:36.892 | Info | '/dashboard' | 
23:26:36.901 | Info | '/dashboard' | 
23:26:39.651 | Info | '/transaction/getrequests' | 
23:26:39.657 | Info | '/transaction/getrequests' | 
23:26:43.620 | Info | '/transaction/getuserpermissions' | 
23:26:43.623 | Info | '/transaction/getuserpermissions' | 
23:26:47.192 | Info | '/api/user/login' | 
23:26:47.294 | Info | '/transaction/getuserpermissions' | 
23:26:47.302 | Info | '/dashboard' | 
23:26:47.304 | Info | '/transaction/getuserpermissions' | 
23:26:47.311 | Info | '/dashboard' | 
23:26:49.827 | Info | '/transaction/getrequests' | 
23:26:49.834 | Info | '/transaction/getrequests' | 
23:27:05.342 | Info | '/transaction/createrequest' | 
23:27:05.530 | Info | '/transaction/getrequests' | 
23:27:25.631 | Info | '/transaction/getuserpermissions' | 
23:27:25.633 | Info | '/transaction/getuserpermissions' | 
23:27:29.231 | Info | '/api/user/login' | 
23:27:29.338 | Info | '/transaction/getuserpermissions' | 
23:27:29.343 | Info | '/transaction/getuserpermissions' | 
23:27:29.346 | Info | '/dashboard' | 
23:27:29.354 | Info | '/dashboard' | 
23:27:32.205 | Info | '/transaction/getrequests' | 
23:27:32.210 | Info | '/transaction/getrequests' | 
23:28:04.673 | Info | '/transaction/getrequests' | 
23:28:04.677 | Info | '/transaction/getrequests' | 
23:28:07.407 | Info | '/transaction/getuserpermissions' | 
23:28:07.411 | Info | '/transaction/getuserpermissions' | 
23:28:10.696 | Info | '/api/user/login' | 
23:28:10.803 | Info | '/transaction/getuserpermissions' | 
23:28:10.809 | Info | '/transaction/getuserpermissions' | 
23:28:10.811 | Info | '/dashboard' | 
23:28:10.818 | Info | '/dashboard' | 
23:28:13.778 | Info | '/transaction/getrequests' | 
23:28:13.784 | Info | '/transaction/getrequests' | 
23:28:56.973 | Info | '/transaction/getuserpermissions' | 
23:28:56.991 | Info | '/transaction/getuserpermissions' | 
23:29:00.830 | Info | '/api/user/login' | 
23:29:01.172 | Info | '/transaction/getuserpermissions' | 
23:29:01.184 | Info | '/dashboard' | 
23:29:01.247 | Info | '/transaction/getuserpermissions' | 
23:29:01.285 | Info | '/dashboard' | 
23:29:04.265 | Info | '/transaction/getrequests' | 
23:29:04.272 | Info | '/transaction/getrequests' | 
23:29:35.448 | Info | '/transaction/getrequests' | 
23:29:35.454 | Info | '/transaction/getrequests' | 
23:29:41.146 | Info | '/transaction/getuserpermissions' | 
23:29:41.149 | Info | '/transaction/getuserpermissions' | 
23:30:01.847 | Info | '/api/user/login' | 
23:30:01.980 | Info | '/transaction/getuserpermissions' | 
23:30:01.983 | Info | '/dashboard' | 
23:30:01.986 | Info | '/transaction/getuserpermissions' | 
23:30:01.993 | Info | '/dashboard' | 
23:30:04.934 | Info | '/transaction/getrequests' | 
23:30:04.941 | Info | '/transaction/getrequests' | 
23:30:37.307 | Info | '/transaction/getrequests' | 
23:30:37.312 | Info | '/transaction/getrequests' | 
23:31:20.142 | Info | '/transaction/getuserpermissions' | 
23:31:20.143 | Info | '/transaction/getuserpermissions' | 
23:31:24.211 | Info | '/api/user/login' | 
23:31:24.324 | Info | '/transaction/getuserpermissions' | 
23:31:24.330 | Info | '/transaction/getuserpermissions' | 
23:31:24.333 | Info | '/dashboard' | 
23:31:24.380 | Info | '/dashboard' | 
23:31:27.333 | Info | '/transaction/getrequests' | 
23:31:27.337 | Info | '/transaction/getrequests' | 
23:31:32.450 | Info | '/transaction/getpermissions' | 
23:31:32.457 | Info | '/transaction/getuserroles' | 
23:31:32.462 | Info | '/transaction/getpermissions' | 
23:31:32.473 | Info | '/transaction/getuserroles' | 
23:31:33.826 | Info | '/transaction/getcenters' | 
23:31:33.834 | Info | '/transaction/getcenters' | 
23:31:35.724 | Info | '/transaction/getarea' | 
23:31:35.734 | Info | '/transaction/getarea' | 
23:31:35.747 | Info | '/transaction/getdonationpurpose' | 
23:31:35.801 | Info | '/transaction/getdonationpurpose' | 
23:31:37.552 | Info | '/transaction/getrequests' | 
23:31:37.559 | Info | '/transaction/getrequests' | 
23:33:14.611 | Info | '/transaction/getuserpermissions' | 
23:33:14.614 | Info | '/transaction/getuserpermissions' | 
23:33:18.227 | Info | '/api/user/login' | 
23:33:18.337 | Info | '/transaction/getuserpermissions' | 
23:33:18.345 | Info | '/dashboard' | 
23:33:18.346 | Info | '/transaction/getuserpermissions' | 
23:33:18.354 | Info | '/dashboard' | 
23:33:21.464 | Info | '/transaction/getrequests' | 
23:33:21.469 | Info | '/transaction/getrequests' | 
23:34:01.953 | Info | '/api/user/login' | 
23:34:02.071 | Info | '/transaction/getuserpermissions' | 
23:34:02.074 | Info | '/dashboard' | 
23:34:02.080 | Info | '/transaction/getuserpermissions' | 
23:34:02.084 | Info | '/dashboard' | 
23:34:23.451 | Info | '/transaction/getuserpermissions' | 
23:34:23.458 | Info | '/transaction/getuserpermissions' | 
23:34:39.838 | Info | '/api/user/login' | 
23:34:40.029 | Info | '/transaction/getuserpermissions' | 
23:34:40.030 | Info | '/dashboard' | 
23:34:40.038 | Info | '/transaction/getuserpermissions' | 
23:34:40.048 | Info | '/dashboard' | 
23:34:48.643 | Info | '/transaction/getrequests' | 
23:34:48.648 | Info | '/transaction/getrequests' | 
23:35:57.897 | Info | '/transaction/getuserpermissions' | 
23:35:57.900 | Info | '/transaction/getuserpermissions' | 
23:36:01.672 | Info | '/api/user/login' | 
23:36:01.787 | Info | '/transaction/getuserpermissions' | 
23:36:01.794 | Info | '/dashboard' | 
23:36:01.796 | Info | '/transaction/getuserpermissions' | 
23:36:01.803 | Info | '/dashboard' | 
23:36:04.762 | Info | '/transaction/getrequests' | 
23:36:04.768 | Info | '/transaction/getrequests' | 
23:36:35.442 | Info | '/transaction/getalldonations' | 
23:36:35.460 | Info | '/transaction/getalldonations' | 
23:36:37.618 | Info | '/transaction/getrequests' | 
23:36:37.622 | Info | '/transaction/getrequests' | 
23:37:12.188 | Info | '/transaction/getuserpermissions' | 
23:37:12.206 | Info | '/transaction/getuserpermissions' | 
23:37:16.200 | Info | '/api/user/login' | 
23:37:16.503 | Info | '/transaction/getuserpermissions' | 
23:37:16.519 | Info | '/dashboard' | 
23:37:16.575 | Info | '/transaction/getuserpermissions' | 
23:37:16.587 | Info | '/dashboard' | 
23:37:19.638 | Info | '/transaction/getrequests' | 
23:37:19.647 | Info | '/transaction/getrequests' | 
23:37:37.618 | Info | '/transaction/getuserpermissions' | 
23:37:37.624 | Info | '/transaction/getuserpermissions' | 
23:37:41.333 | Info | '/api/user/login' | 
23:37:41.445 | Info | '/transaction/getuserpermissions' | 
23:37:41.454 | Info | '/transaction/getuserpermissions' | 
23:37:41.456 | Info | '/dashboard' | 
23:37:41.465 | Info | '/dashboard' | 
23:37:43.815 | Info | '/transaction/getrequests' | 
23:37:43.822 | Info | '/transaction/getrequests' | 
23:38:35.457 | Info | '/transaction/getrequests' | 
23:38:35.462 | Info | '/transaction/getrequests' | 
23:38:39.320 | Info | '/transaction/getuserpermissions' | 
23:38:39.323 | Info | '/transaction/getuserpermissions' | 
23:38:43.454 | Info | '/api/user/login' | 
23:38:43.556 | Info | '/transaction/getuserpermissions' | 
23:38:43.563 | Info | '/transaction/getuserpermissions' | 
23:38:43.564 | Info | '/dashboard' | 
23:38:43.572 | Info | '/dashboard' | 
23:38:46.438 | Info | '/transaction/getrequests' | 
23:38:46.443 | Info | '/transaction/getrequests' | 
23:38:59.650 | Info | '/transaction/getuserpermissions' | 
23:38:59.653 | Info | '/transaction/getuserpermissions' | 
23:39:03.734 | Info | '/api/user/login' | 
23:39:03.841 | Info | '/transaction/getuserpermissions' | 
23:39:03.849 | Info | '/transaction/getuserpermissions' | 
23:39:03.851 | Info | '/dashboard' | 
23:39:03.859 | Info | '/dashboard' | 
23:39:06.866 | Info | '/transaction/getrequests' | 
23:39:06.872 | Info | '/transaction/getrequests' | 
23:39:39.143 | Info | '/transaction/getuserpermissions' | 
23:39:52.160 | Info | '/transaction/getuserpermissions' | 
23:39:52.164 | Info | '/transaction/getuserpermissions' | 
23:40:05.454 | Info | '/api/user/login' | 
23:40:05.600 | Info | '/transaction/getuserpermissions' | 
23:40:05.609 | Info | '/dashboard' | 
23:40:05.612 | Info | '/transaction/getuserpermissions' | 
23:40:05.623 | Info | '/dashboard' | 
23:40:21.185 | Info | '/transaction/getrequests' | 
23:40:21.189 | Info | '/transaction/getrequests' | 
23:41:21.689 | Info | '/transaction/getuserpermissions' | 
23:41:21.693 | Info | '/transaction/getuserpermissions' | 
23:41:27.609 | Info | '/api/user/login' | 
23:41:27.730 | Info | '/transaction/getuserpermissions' | 
23:41:27.739 | Info | '/dashboard' | 
23:41:27.743 | Info | '/transaction/getuserpermissions' | 
23:41:27.753 | Info | '/dashboard' | 
23:41:30.848 | Info | '/transaction/getrequests' | 
23:41:30.855 | Info | '/transaction/getrequests' | 
23:41:59.313 | Info | '/transaction/getuserpermissions' | 
23:41:59.316 | Info | '/transaction/getuserpermissions' | 
23:42:03.014 | Info | '/api/user/login' | 
23:42:03.129 | Info | '/transaction/getuserpermissions' | 
23:42:03.135 | Info | '/transaction/getuserpermissions' | 
23:42:03.137 | Info | '/dashboard' | 
23:42:03.147 | Info | '/dashboard' | 
23:42:05.880 | Info | '/transaction/getrequests' | 
23:42:05.886 | Info | '/transaction/getrequests' | 
23:42:32.826 | Info | '/transaction/getuserpermissions' | 
23:42:32.829 | Info | '/transaction/getuserpermissions' | 
23:42:36.772 | Info | '/api/user/login' | 
23:42:36.866 | Info | '/transaction/getuserpermissions' | 
23:42:36.872 | Info | '/dashboard' | 
23:42:36.874 | Info | '/transaction/getuserpermissions' | 
23:42:36.880 | Info | '/dashboard' | 
23:42:40.453 | Info | '/transaction/getrequests' | 
23:42:40.457 | Info | '/transaction/getrequests' | 
23:43:05.539 | Info | '/transaction/getrequests' | 
23:43:05.545 | Info | '/transaction/getrequests' | 
23:43:27.708 | Info | '/transaction/getuserpermissions' | 
23:43:27.713 | Info | '/transaction/getuserpermissions' | 
23:43:31.234 | Info | '/api/user/login' | 
23:43:31.325 | Info | '/transaction/getuserpermissions' | 
23:43:31.330 | Info | '/transaction/getuserpermissions' | 
23:43:31.332 | Info | '/dashboard' | 
23:43:31.341 | Info | '/dashboard' | 
23:43:47.494 | Info | '/transaction/getrequests' | 
23:43:47.500 | Info | '/transaction/getrequests' | 
