22:37:09.768 | Info | '/transaction/myprofile' | 
22:59:58.540 | Info | '/transaction/myprofile' | 
22:59:59.733 | Info | '/transaction/myprofile' | 
22:59:59.824 | Info | '/transaction/gettour' | 
23:00:23.945 | Info | '/transaction/myprofile' | 
23:00:23.966 | Info | '/transaction/gettourdetails' | 
23:00:25.592 | Info | '/transaction/myprofile' | 
23:00:25.653 | Info | '/transaction/gettourdetails' | 
23:00:31.884 | Info | '/transaction/createcustomer' | 
23:12:53.703 | Info | '/transaction/myprofile' | 
23:12:56.049 | Info | '/transaction/myprofile' | 
23:12:56.062 | Info | '/transaction/getusertype' | 
23:12:56.104 | Info | '/transaction/myprofile' | 
23:12:58.644 | Info | '/transaction/gettourcollaborate' | 
23:12:58.657 | Info | '/transaction/getmytourcollaborate' | 
23:13:16.136 | Info | '/transaction/gettourcollaborate' | 
23:13:16.148 | Info | '/transaction/getmytourcollaborate' | 
23:13:16.159 | Info | '/transaction/getusertype' | 
23:13:16.237 | Info | '/transaction/gettourcollaborate' | 
23:13:16.247 | Info | '/transaction/getmytourcollaborate' | 
23:14:13.006 | Info | '/transaction/gettourbyuserid' | 
23:14:13.039 | Info | '/transaction/getusertype' | 
23:14:13.094 | Info | '/transaction/gettourbyuserid' | 
23:14:31.670 | Info | '/transaction/gettourbyuserid' | 
23:14:31.687 | Info | '/transaction/getusertype' | 
23:14:31.802 | Info | '/transaction/gettourbyuserid' | 
23:14:32.463 | Info | '/transaction/gettourbyuserid' | 
23:14:41.674 | Info | '/api/user/login' | 
23:14:41.786 | Info | '/transaction/myprofile' | 
23:14:41.802 | Info | '/transaction/getusertype' | 
23:14:41.834 | Info | '/transaction/myprofile' | 
23:14:44.913 | Info | '/transaction/gettourbyuserid' | 
23:14:49.034 | Info | '/transaction/deletetour' | 
23:15:53.642 | Info | '/transaction/gethotelshistory' | 
23:15:53.652 | Info | '/transaction/getusertype' | 
23:15:53.798 | Info | '/transaction/gethotelshistory' | 
23:17:01.075 | Info | '/transaction/gettourbyuserid' | 
23:17:01.801 | Info | '/transaction/myprofile' | 
23:17:02.390 | Info | '/transaction/myprofile' | 
23:17:02.399 | Info | '/transaction/getusertype' | 
23:17:02.429 | Info | '/transaction/myprofile' | 
23:17:03.677 | Info | '/transaction/gettourbyuserid' | 
23:17:07.752 | Info | '/transaction/myprofile' | 
23:17:14.432 | Info | '/transaction/myprofile' | 
23:17:14.481 | Info | '/transaction/gettour' | 
23:17:29.162 | Info | '/transaction/myprofile' | 
23:17:29.210 | Info | '/transaction/gettour' | 
23:18:07.568 | Info | '/transaction/gettour' | 
23:18:09.855 | Info | '/transaction/myprofile' | 
23:18:09.899 | Info | '/transaction/gettour' | 
23:18:31.995 | Info | '/transaction/myprofile' | 
23:18:32.044 | Info | '/transaction/gethotels' | 
23:22:18.434 | Info | '/transaction/myprofile' | 
23:22:18.466 | Info | '/transaction/gettour' | 
23:23:47.017 | Info | '/transaction/myprofile' | 
23:49:36.510 | Info | '/transaction/myprofile' | 
23:49:36.572 | Info | '/transaction/gettour' | 
