02:18:50.374 | Info | '/transaction/myprofile' | 
02:43:43.327 | Info | '/transaction/myprofile' | 
02:43:48.232 | Info | '/transaction/myprofile' | 
02:46:11.529 | Info | '/transaction/myprofile' | 
02:46:13.797 | Info | '/transaction/myprofile' | 
02:46:13.848 | Info | '/transaction/gettour' | 
02:49:22.727 | Info | '/transaction/myprofile' | 
02:49:24.219 | Info | '/transaction/myprofile' | 
02:49:24.249 | Info | '/transaction/gethotelshistory' | 
02:49:39.217 | Info | '/transaction/myprofile' | 
02:49:39.263 | Info | '/transaction/gethotelshistory' | 
02:49:58.586 | Info | '/transaction/myprofile' | 
02:49:58.649 | Info | '/transaction/gettour' | 
02:50:09.053 | Info | '/transaction/myprofile' | 
02:50:09.128 | Info | '/transaction/gethotelshistory' | 
03:27:32.244 | Info | '/transaction/gethotelshistory' | 
03:27:46.207 | Info | '/transaction/gethotelshistory' | 
03:27:54.548 | Info | '/transaction/gethotelshistory' | 
03:28:47.207 | Info | '/transaction/gethotelshistory' | 
03:29:15.188 | Info | '/transaction/gethotelshistory' | 
03:29:21.182 | Info | '/transaction/gethotelshistory' | 
03:29:26.343 | Info | '/transaction/gethotelshistory' | 
03:29:53.541 | Info | '/transaction/gethotelshistory' | 
03:30:04.086 | Info | '/transaction/gethotelshistory' | 
03:30:21.186 | Info | '/transaction/gethotelshistory' | 
03:30:25.079 | Info | '/transaction/gethotelshistory' | 
03:31:16.980 | Info | '/transaction/gethotelshistory' | 
03:31:48.194 | Info | '/transaction/gethotelshistory' | 
03:31:55.202 | Info | '/transaction/gethotelshistory' | 
03:31:58.174 | Info | '/transaction/gethotelshistory' | 
03:32:07.258 | Info | '/transaction/gethotelshistory' | 
03:32:08.796 | Info | '/transaction/gethotelshistory' | 
03:32:16.379 | Info | '/transaction/gethotelshistory' | 
03:32:32.172 | Info | '/transaction/gethotelshistory' | 
03:32:34.438 | Info | '/transaction/gethotelshistory' | 
03:32:41.436 | Info | '/transaction/myprofile' | 
03:32:41.462 | Info | '/transaction/gethotelshistory' | 
03:32:42.494 | Info | '/transaction/myprofile' | 
03:32:42.515 | Info | '/transaction/gettourdetails' | 
03:32:50.049 | Info | '/transaction/myprofile' | 
03:32:50.066 | Info | '/transaction/gettourdetails' | 
03:33:08.726 | Info | '/transaction/myprofile' | 
03:33:08.733 | Info | '/transaction/gettourdetails' | 
03:35:10.242 | Info | '/transaction/myprofile' | 
03:35:10.267 | Info | '/transaction/gethotelshistory' | 
03:35:11.157 | Info | '/transaction/myprofile' | 
03:35:11.164 | Info | '/transaction/gettourdetails' | 
03:35:29.254 | Info | '/transaction/gethotelshistory' | 
03:35:35.016 | Info | '/transaction/myprofile' | 
03:35:35.044 | Info | '/transaction/gethotelshistory' | 
03:35:36.109 | Info | '/transaction/myprofile' | 
03:35:36.132 | Info | '/transaction/gettourdetails' | 
03:52:52.919 | Info | '/transaction/myprofile' | 
03:52:53.436 | Info | '/transaction/gethoteldetails' | 
03:53:07.195 | Info | '/transaction/gethoteldetails' | 
03:53:11.180 | Info | '/transaction/gethoteldetails' | 
03:53:14.196 | Info | '/transaction/gethoteldetails' | 
03:53:18.054 | Info | '/transaction/gethoteldetails' | 
03:54:47.177 | Info | '/transaction/gethoteldetails' | 
03:54:49.978 | Info | '/transaction/gethoteldetails' | 
03:55:46.454 | Info | '/transaction/gethoteldetails' | 
03:56:18.275 | Info | '/transaction/gethoteldetails' | 
03:56:19.993 | Info | '/transaction/gethoteldetails' | 
03:56:23.895 | Info | '/transaction/gethoteldetails' | 
03:56:27.820 | Info | '/transaction/gethoteldetails' | 
03:56:30.055 | Info | '/transaction/gethoteldetails' | 
03:56:41.726 | Info | '/transaction/gethoteldetails' | 
03:56:47.155 | Info | '/transaction/gethoteldetails' | 
03:56:49.614 | Info | '/transaction/gethoteldetails' | 
03:56:51.014 | Info | '/transaction/gethoteldetails' | 
03:56:52.627 | Info | '/transaction/gethoteldetails' | 
03:57:02.432 | Info | '/transaction/gethoteldetails' | 
03:57:23.219 | Info | '/transaction/gethoteldetails' | 
03:57:25.171 | Info | '/transaction/gethoteldetails' | 
03:57:31.733 | Info | '/transaction/gethoteldetails' | 
03:57:33.763 | Info | '/transaction/myprofile' | 
03:57:33.770 | Info | '/transaction/gethoteldetails' | 
03:57:37.219 | Info | '/transaction/myprofile' | 
03:57:37.253 | Info | '/transaction/gethotelshistory' | 
03:57:38.892 | Info | '/transaction/myprofile' | 
03:57:38.901 | Info | '/transaction/gethoteldetails' | 
03:57:43.599 | Info | '/transaction/myprofile' | 
03:57:43.607 | Info | '/transaction/gethoteldetails' | 
03:57:45.948 | Info | '/transaction/myprofile' | 
03:57:45.977 | Info | '/transaction/gettourdetails' | 
03:58:18.868 | Info | '/transaction/gethoteldetails' | 
03:58:20.627 | Info | '/transaction/gethoteldetails' | 
03:58:21.196 | Info | '/transaction/gethoteldetails' | 
03:58:26.784 | Info | '/transaction/myprofile' | 
03:58:26.798 | Info | '/transaction/gethoteldetails' | 
04:00:42.263 | Info | '/transaction/myprofile' | 
04:00:42.274 | Info | '/transaction/gethoteldetails' | 
04:00:43.700 | Info | '/transaction/myprofile' | 
04:00:43.733 | Info | '/transaction/gettourdetails' | 
04:05:08.877 | Info | '/transaction/myprofile' | 
04:05:10.786 | Info | '/transaction/myprofile' | 
04:05:10.827 | Info | '/transaction/gethotelshistory' | 
04:05:13.116 | Info | '/transaction/myprofile' | 
04:05:13.136 | Info | '/transaction/gethoteldetails' | 
04:05:19.579 | Info | '/transaction/myprofile' | 
04:05:19.601 | Info | '/transaction/gethotelshistory' | 
04:05:20.782 | Info | '/transaction/myprofile' | 
04:05:20.794 | Info | '/transaction/gethoteldetails' | 
04:05:22.068 | Info | '/transaction/myprofile' | 
04:05:22.091 | Info | '/transaction/gettourdetails' | 
04:05:26.088 | Info | '/transaction/myprofile' | 
04:50:11.673 | Info | '/transaction/myprofile' | 
04:50:13.788 | Info | '/transaction/myprofile' | 
04:50:13.818 | Info | '/transaction/gethotelshistory' | 
04:50:15.592 | Info | '/transaction/myprofile' | 
04:50:15.602 | Info | '/transaction/gethoteldetails' | 
04:50:17.235 | Info | '/transaction/myprofile' | 
04:50:17.257 | Info | '/transaction/gettourdetails' | 
04:50:47.362 | Info | '/transaction/gettourdetails' | 
04:51:13.179 | Info | '/transaction/gettourdetails' | 
04:51:46.207 | Info | '/transaction/gettourdetails' | 
04:52:11.178 | Info | '/transaction/gethoteldetails' | 
04:52:18.221 | Info | '/transaction/gethoteldetails' | 
04:52:23.192 | Info | '/transaction/gethoteldetails' | 
04:52:24.197 | Info | '/transaction/gethoteldetails' | 
04:52:39.155 | Info | '/transaction/myprofile' | 
04:52:39.167 | Info | '/transaction/gethoteldetails' | 
04:53:25.411 | Info | '/transaction/gethoteldetails' | 
04:53:26.143 | Info | '/transaction/myprofile' | 
04:53:26.175 | Info | '/transaction/gethoteldetails' | 
04:53:39.033 | Info | '/transaction/myprofile' | 
04:53:39.044 | Info | '/transaction/gettourdetails' | 
04:53:53.237 | Info | '/transaction/gethoteldetails' | 
04:53:58.327 | Info | '/transaction/gethoteldetails' | 
04:53:59.505 | Info | '/transaction/gethoteldetails' | 
04:54:00.449 | Info | '/transaction/myprofile' | 
04:54:00.479 | Info | '/transaction/gethoteldetails' | 
04:54:01.807 | Info | '/transaction/myprofile' | 
04:54:01.814 | Info | '/transaction/gethoteldetails' | 
04:54:04.774 | Info | '/transaction/myprofile' | 
04:54:04.807 | Info | '/transaction/gethoteldetails' | 
04:54:35.823 | Info | '/transaction/myprofile' | 
04:54:36.360 | Info | '/transaction/gethoteldetails' | 
04:55:00.331 | Info | '/transaction/gethoteldetails' | 
04:55:00.534 | Info | '/transaction/gethoteldetails' | 
04:55:02.773 | Info | '/transaction/myprofile' | 
04:55:02.799 | Info | '/transaction/gethoteldetails' | 
04:55:08.762 | Info | '/transaction/createhotelcustomer' | 
04:55:18.529 | Info | '/transaction/createhotelcustomer' | 
04:55:50.233 | Info | '/transaction/createhotelcustomer' | 
04:56:08.040 | Info | '/transaction/myprofile' | 
04:56:18.258 | Info | '/transaction/myprofile' | 
04:56:24.774 | Info | '/transaction/gettourbyuserid' | 
04:56:27.771 | Info | '/transaction/gettourbyuserid' | 
04:56:33.224 | Info | '/transaction/gethotelshistory' | 
04:56:36.678 | Info | '/transaction/gettourbyuserid' | 
04:56:38.336 | Info | '/transaction/gethotelshistory' | 
04:56:40.303 | Info | '/transaction/gettourbyuserid' | 
04:56:41.343 | Info | '/transaction/gethotelshistory' | 
04:57:49.357 | Info | '/transaction/createhotels' | 
04:59:32.845 | Info | '/transaction/gethotelshistory' | 
04:59:36.446 | Info | '/transaction/gethotelshistory' | 
06:23:36.018 | Info | '/transaction/gettourbyuserid' | 
06:23:38.309 | Info | '/transaction/gettourdetails' | 
06:23:38.338 | Info | '/transaction/getcustomer' | 
06:23:55.650 | Info | '/transaction/gettourbyuserid' | 
06:23:57.556 | Info | '/transaction/gettourbyuserid' | 
06:23:59.471 | Info | '/transaction/gettourbyuserid' | 
06:24:05.274 | Info | '/transaction/gethotelshistory' | 
06:24:22.420 | Info | '/transaction/gethotelshistory' | 
06:24:24.108 | Info | '/transaction/gettransportbyuserid' | 
06:24:27.549 | Info | '/transaction/gettransportbyuserid' | 
06:24:31.129 | Info | '/transaction/gethotelshistory' | 
06:24:32.139 | Info | '/transaction/gettransportbyuserid' | 
06:24:34.572 | Info | '/transaction/gethotelshistory' | 
06:24:35.640 | Info | '/transaction/gettourbyuserid' | 
06:30:40.949 | Info | '/transaction/gethotelshistory' | 
06:30:58.017 | Info | '/transaction/gethotelshistory' | 
06:31:01.539 | Info | '/transaction/gethotelshistory' | 
06:31:02.339 | Info | '/transaction/getcustomer' | 
06:31:02.344 | Info | '/transaction/gettourdetails' | 
06:31:37.279 | Info | '/transaction/gethotelshistory' | 
06:32:16.448 | Info | '/transaction/gethotelshistory' | 
06:34:01.688 | Info | '/transaction/gethoteldetails' | 
06:34:01.715 | Info | '/transaction/getcustomer' | 
06:35:05.206 | Info | '/transaction/gethoteldetails' | 
06:35:05.218 | Info | '/transaction/getcustomer' | 
06:35:20.202 | Info | '/transaction/gethoteldetails' | 
06:35:20.233 | Info | '/transaction/getcustomer' | 
06:35:22.327 | Info | '/transaction/gethoteldetails' | 
06:35:22.349 | Info | '/transaction/getcustomer' | 
06:35:25.165 | Info | '/transaction/gethoteldetails' | 
06:35:25.183 | Info | '/transaction/getcustomer' | 
06:35:32.202 | Info | '/transaction/gethoteldetails' | 
06:35:32.236 | Info | '/transaction/getcustomer' | 
06:35:37.205 | Info | '/transaction/gethoteldetails' | 
06:35:37.224 | Info | '/transaction/getcustomer' | 
06:35:59.202 | Info | '/transaction/gethoteldetails' | 
06:35:59.223 | Info | '/transaction/getcustomer' | 
06:36:05.174 | Info | '/transaction/gethoteldetails' | 
06:36:05.199 | Info | '/transaction/getcustomer' | 
06:36:10.215 | Info | '/transaction/gethoteldetails' | 
06:36:10.248 | Info | '/transaction/getcustomer' | 
06:36:12.162 | Info | '/transaction/gethoteldetails' | 
06:36:12.185 | Info | '/transaction/getcustomer' | 
06:36:17.182 | Info | '/transaction/gethoteldetails' | 
06:36:17.204 | Info | '/transaction/getcustomer' | 
06:36:24.006 | Info | '/transaction/gethoteldetails' | 
06:36:24.010 | Info | '/transaction/getcustomer' | 
06:36:32.462 | Info | '/transaction/gethoteldetails' | 
06:36:32.482 | Info | '/transaction/getcustomer' | 
06:37:30.210 | Info | '/transaction/gethoteldetails' | 
06:37:30.230 | Info | '/transaction/getcustomer' | 
11:31:18.548 | Info | '/transaction/getcustomer' | 
11:31:18.532 | Info | '/transaction/gethoteldetails' | 
12:26:14.768 | Info | '/transaction/gettourbyuserid' | 
12:26:18.208 | Info | '/transaction/gethotelshistory' | 
12:26:20.635 | Info | '/transaction/gethoteldetails' | 
12:26:20.638 | Info | '/transaction/getcustomer' | 
12:39:11.888 | Info | '/transaction/myprofile' | 
12:39:17.931 | Info | '/transaction/myprofile' | 
12:39:20.243 | Info | '/transaction/gettourbyuserid' | 
12:39:21.294 | Info | '/transaction/gethotelshistory' | 
12:42:51.457 | Info | '/transaction/gethotelshistory' | 
12:45:33.108 | Info | '/transaction/gethoteldetails' | 
12:45:33.118 | Info | '/transaction/gethotelcustomer' | 
12:45:51.785 | Info | '/transaction/gethoteldetails' | 
12:45:51.800 | Info | '/transaction/gethotelcustomer' | 
12:46:24.296 | Info | '/transaction/gethoteldetails' | 
12:46:24.312 | Info | '/transaction/gethotelcustomer' | 
12:46:27.277 | Info | '/transaction/gethoteldetails' | 
12:46:27.300 | Info | '/transaction/gethotelcustomer' | 
12:46:33.262 | Info | '/transaction/gethoteldetails' | 
12:46:33.318 | Info | '/transaction/gethotelcustomer' | 
12:46:35.403 | Info | '/transaction/gethoteldetails' | 
12:46:35.449 | Info | '/transaction/gethotelcustomer' | 
12:46:37.053 | Info | '/transaction/gethoteldetails' | 
12:46:37.085 | Info | '/transaction/gethotelcustomer' | 
12:46:38.679 | Info | '/transaction/gethoteldetails' | 
12:46:38.696 | Info | '/transaction/gethotelcustomer' | 
12:46:42.522 | Info | '/transaction/gethoteldetails' | 
12:46:42.548 | Info | '/transaction/gethotelcustomer' | 
12:46:44.726 | Info | '/transaction/gethotelshistory' | 
12:46:46.844 | Info | '/transaction/gethoteldetails' | 
12:46:46.852 | Info | '/transaction/gethotelcustomer' | 
12:48:14.648 | Info | '/transaction/gethoteldetails' | 
12:48:14.670 | Info | '/transaction/gethotelcustomer' | 
12:48:42.717 | Info | '/transaction/gethoteldetails' | 
12:48:42.733 | Info | '/transaction/gethotelcustomer' | 
12:48:43.397 | Info | '/transaction/gethoteldetails' | 
12:48:43.412 | Info | '/transaction/gethotelcustomer' | 
12:48:56.073 | Info | '/transaction/gethoteldetails' | 
12:48:56.077 | Info | '/transaction/gethotelcustomer' | 
12:57:20.138 | Info | '/transaction/gethotelshistory' | 
12:57:21.539 | Info | '/transaction/gethoteldetails' | 
12:57:21.548 | Info | '/transaction/gethotelcustomer' | 
12:57:34.990 | Info | '/transaction/updatehotelbookingstatus' | 
12:57:40.041 | Info | '/transaction/gethoteldetails' | 
12:57:40.069 | Info | '/transaction/gethotelcustomer' | 
12:58:29.823 | Info | '/transaction/gethotelshistory' | 
12:58:51.885 | Info | '/transaction/gethotelshistory' | 
12:59:13.433 | Info | '/transaction/gethoteldetails' | 
12:59:13.456 | Info | '/transaction/gethotelcustomer' | 
12:59:28.712 | Info | '/transaction/gethotelshistory' | 
12:59:38.424 | Info | '/transaction/gethoteldetails' | 
12:59:38.480 | Info | '/transaction/gethotelcustomer' | 
12:59:52.242 | Info | '/transaction/gethoteldetails' | 
12:59:52.267 | Info | '/transaction/gethotelcustomer' | 
13:00:06.866 | Info | '/transaction/gethotelshistory' | 
13:01:32.127 | Info | '/transaction/gethotelshistory' | 
13:01:54.386 | Info | '/transaction/gethotelshistory' | 
13:03:34.696 | Info | '/transaction/gethotelshistory' | 
13:06:16.479 | Info | '/transaction/gethoteldetails' | 
13:06:16.482 | Info | '/transaction/gethotelcustomer' | 
13:06:18.228 | Info | '/transaction/gethoteldetails' | 
13:06:18.258 | Info | '/transaction/gethotelcustomer' | 
13:06:38.328 | Info | '/transaction/gethoteldetails' | 
13:06:38.352 | Info | '/transaction/gethotelcustomer' | 
13:06:55.295 | Info | '/transaction/gethoteldetails' | 
13:06:55.316 | Info | '/transaction/gethotelcustomer' | 
13:07:29.722 | Info | '/transaction/gethoteldetails' | 
13:07:29.762 | Info | '/transaction/gethotelcustomer' | 
13:07:31.265 | Info | '/transaction/gethoteldetails' | 
13:07:31.290 | Info | '/transaction/gethotelcustomer' | 
13:08:06.753 | Info | '/transaction/gethoteldetails' | 
13:08:06.772 | Info | '/transaction/gethotelcustomer' | 
13:08:27.564 | Info | '/transaction/gettourbyuserid' | 
13:08:49.502 | Info | '/transaction/gettourbyuserid' | 
