13:23:55.434 | Info | '/api/user/login' | 
13:24:02.570 | Info | '/api/user/login' | 
13:28:17.181 | Info | '/api/user/login' | 
13:28:57.976 | Info | '/api/user/login' | 
13:28:58.447 | Info | '/transaction/getuserpermissions' | 
13:28:58.525 | Info | '/dashboard' | 
13:28:59.279 | Info | '/transaction/getuserpermissions' | 
13:28:59.445 | Info | '/dashboard' | 
13:32:36.921 | Info | '/transaction/getuserpermissions' | 
13:32:36.925 | Info | '/transaction/getuserpermissions' | 
13:32:41.378 | Info | '/api/user/login' | 
13:32:41.500 | Info | '/transaction/getuserpermissions' | 
13:32:41.506 | Info | '/transaction/getuserpermissions' | 
13:32:41.508 | Info | '/dashboard' | 
13:32:41.515 | Info | '/dashboard' | 
13:34:26.998 | Info | '/transaction/getuserpermissions' | 
13:34:27.004 | Info | '/transaction/getuserpermissions' | 
13:34:33.045 | Info | '/api/user/login' | 
13:34:33.192 | Info | '/transaction/getuserpermissions' | 
13:34:33.195 | Info | '/dashboard' | 
13:34:33.200 | Info | '/transaction/getuserpermissions' | 
13:34:33.205 | Info | '/dashboard' | 
13:35:45.426 | Info | '/transaction/getuserpermissions' | 
13:35:45.430 | Info | '/transaction/getuserpermissions' | 
13:35:49.967 | Info | '/api/user/login' | 
13:35:50.087 | Info | '/transaction/getuserpermissions' | 
13:35:50.095 | Info | '/dashboard' | 
13:35:50.096 | Info | '/transaction/getuserpermissions' | 
13:35:50.103 | Info | '/dashboard' | 
13:36:02.087 | Info | '/transaction/getpermissions' | 
13:36:02.091 | Info | '/transaction/getuserroles' | 
13:36:02.119 | Info | '/transaction/getuserroles' | 
13:36:02.200 | Info | '/transaction/getpermissions' | 
13:36:02.527 | Info | '/transaction/getcenters' | 
13:36:02.554 | Info | '/transaction/getcenters' | 
13:36:27.050 | Info | '/transaction/getarea' | 
13:36:27.056 | Info | '/transaction/getdonationtypes' | 
13:36:27.121 | Info | '/transaction/getdonationmethods' | 
13:36:27.162 | Info | '/transaction/getarea' | 
13:36:27.163 | Info | '/transaction/getdonationmethods' | 
13:36:27.224 | Info | '/transaction/getdonationtypes' | 
13:37:26.005 | Info | '/dashboard' | 
13:37:26.011 | Info | '/dashboard' | 
13:38:18.938 | Info | '/transaction/getuserpermissions' | 
13:38:18.945 | Info | '/transaction/getuserpermissions' | 
13:38:48.656 | Info | '/api/user/login' | 
13:38:48.772 | Info | '/transaction/getuserpermissions' | 
13:38:48.774 | Info | '/dashboard' | 
13:38:48.782 | Info | '/transaction/getuserpermissions' | 
13:38:48.784 | Info | '/dashboard' | 
13:38:54.394 | Info | '/transaction/getdonationpurpose' | 
13:38:54.426 | Info | '/transaction/getarea' | 
13:38:54.429 | Info | '/transaction/getarea' | 
13:38:54.514 | Info | '/transaction/getdonationpurpose' | 
13:39:01.258 | Info | '/transaction/getarea' | 
13:39:01.261 | Info | '/transaction/getdonationtypes' | 
13:39:01.263 | Info | '/transaction/getdonationmethods' | 
13:39:01.265 | Info | '/transaction/getarea' | 
13:39:01.270 | Info | '/transaction/getdonationtypes' | 
13:39:01.275 | Info | '/transaction/getdonationmethods' | 
14:21:18.924 | Info | '/api/user/login' | 
14:22:11.151 | Info | '/api/user/login' | 
14:22:11.893 | Info | '/transaction/getuserpermissions' | 
14:22:11.953 | Info | '/dashboard' | 
14:22:12.969 | Info | '/transaction/getuserpermissions' | 
14:22:13.078 | Info | '/dashboard' | 
14:25:24.228 | Info | '/transaction/getuserpermissions' | 
14:25:24.491 | Info | '/dashboard' | 
14:25:24.582 | Info | '/transaction/getuserpermissions' | 
14:25:24.598 | Info | '/dashboard' | 
14:25:43.960 | Info | '/api/user/login' | 
14:25:44.076 | Info | '/transaction/getuserpermissions' | 
14:25:44.079 | Info | '/dashboard' | 
14:25:44.083 | Info | '/transaction/getuserpermissions' | 
14:25:44.089 | Info | '/dashboard' | 
14:25:47.812 | Info | '/transaction/getarea' | 
14:25:47.815 | Info | '/transaction/getdonationtypes' | 
14:25:47.819 | Info | '/transaction/getdonationmethods' | 
14:25:47.827 | Info | '/transaction/getarea' | 
14:25:47.833 | Info | '/transaction/getdonationmethods' | 
14:25:47.867 | Info | '/transaction/getdonationtypes' | 
14:26:15.010 | Info | '/transaction/getdonationpurpose' | 
14:26:17.170 | Info | '/transaction/getdonationpurpose' | 
14:26:18.200 | Info | '/transaction/getdonationpurpose' | 
14:26:19.410 | Info | '/transaction/getdonationpurpose' | 
14:26:41.178 | Info | '/transaction/newdonation' | 
14:28:25.002 | Info | '/transaction/getdonationpurpose' | 
14:28:26.040 | Info | '/transaction/getdonationpurpose' | 
14:28:35.483 | Info | '/transaction/newdonation' | 
14:30:39.139 | Info | '/api/user/login' | 
14:30:39.462 | Info | '/transaction/getuserpermissions' | 
14:30:39.471 | Info | '/dashboard' | 
14:30:39.539 | Info | '/transaction/getuserpermissions' | 
14:30:39.554 | Info | '/dashboard' | 
14:33:12.680 | Info | '/transaction/getarea' | 
14:33:12.883 | Info | '/transaction/getdonationtypes' | 
14:33:12.905 | Info | '/transaction/getdonationmethods' | 
14:33:12.930 | Info | '/transaction/getarea' | 
14:33:12.939 | Info | '/transaction/getdonationtypes' | 
14:33:12.942 | Info | '/transaction/getdonationmethods' | 
14:33:20.308 | Info | '/transaction/getdonationpurpose' | 
14:33:21.045 | Info | '/transaction/getdonationpurpose' | 
14:33:29.431 | Info | '/transaction/newdonation' | 
14:35:44.699 | Info | '/transaction/getuserpermissions' | 
14:35:44.704 | Info | '/transaction/getarea' | 
14:35:44.706 | Info | '/transaction/getdonationmethods' | 
14:35:44.711 | Info | '/transaction/getdonationtypes' | 
14:35:44.716 | Info | '/transaction/getuserpermissions' | 
14:35:44.720 | Info | '/transaction/getarea' | 
14:35:44.722 | Info | '/transaction/getdonationmethods' | 
14:35:44.726 | Info | '/transaction/getdonationtypes' | 
14:35:50.408 | Info | '/transaction/getdonationpurpose' | 
14:35:52.908 | Info | '/transaction/getdonationpurpose' | 
14:35:58.892 | Info | '/transaction/newdonation' | 
14:36:41.202 | Info | '/transaction/getuserpermissions' | 
14:36:41.465 | Info | '/transaction/getdonationtypes' | 
14:36:41.504 | Info | '/transaction/getarea' | 
14:36:41.508 | Info | '/transaction/getdonationmethods' | 
14:36:41.574 | Info | '/transaction/getuserpermissions' | 
14:36:41.578 | Info | '/transaction/getdonationtypes' | 
14:36:41.581 | Info | '/transaction/getarea' | 
14:36:41.584 | Info | '/transaction/getdonationmethods' | 
14:36:47.693 | Info | '/transaction/getdonationpurpose' | 
14:36:49.079 | Info | '/transaction/getdonationpurpose' | 
14:36:54.268 | Info | '/transaction/newdonation' | 
14:37:38.874 | Info | '/transaction/newdonation' | 
14:39:14.699 | Info | '/transaction/getdonationpurpose' | 
14:39:15.307 | Info | '/transaction/getdonationpurpose' | 
14:39:19.545 | Info | '/transaction/newdonation' | 
14:44:45.591 | Info | '/transaction/newdonation' | 
14:50:44.396 | Info | '/transaction/getuserpermissions' | 
14:50:44.671 | Info | '/transaction/getdonationtypes' | 
14:50:44.715 | Info | '/transaction/getarea' | 
14:50:44.719 | Info | '/transaction/getdonationmethods' | 
14:50:44.775 | Info | '/transaction/getuserpermissions' | 
14:50:44.778 | Info | '/transaction/getdonationtypes' | 
14:50:44.780 | Info | '/transaction/getarea' | 
14:50:44.782 | Info | '/transaction/getdonationmethods' | 
14:50:53.184 | Info | '/transaction/getdonationpurpose' | 
14:50:53.756 | Info | '/transaction/getdonationpurpose' | 
14:51:01.367 | Info | '/transaction/newdonation' | 
14:52:33.453 | Info | '/transaction/getuserpermissions' | 
14:52:33.654 | Info | '/transaction/getdonationtypes' | 
14:52:33.702 | Info | '/transaction/getarea' | 
14:52:33.707 | Info | '/transaction/getdonationmethods' | 
14:52:33.759 | Info | '/transaction/getuserpermissions' | 
14:52:33.764 | Info | '/transaction/getdonationtypes' | 
14:52:33.767 | Info | '/transaction/getarea' | 
14:52:33.773 | Info | '/transaction/getdonationmethods' | 
14:52:43.882 | Info | '/transaction/getdonationpurpose' | 
14:52:44.489 | Info | '/transaction/getdonationpurpose' | 
14:52:50.545 | Info | '/transaction/newdonation' | 
14:53:11.152 | Info | '/api/user/login' | 
14:53:11.271 | Info | '/transaction/getuserpermissions' | 
14:53:11.273 | Info | '/dashboard' | 
14:53:11.280 | Info | '/transaction/getuserpermissions' | 
14:53:11.289 | Info | '/dashboard' | 
14:54:26.483 | Info | '/transaction/getarea' | 
14:54:26.494 | Info | '/transaction/getdonationtypes' | 
14:54:26.506 | Info | '/transaction/getdonationmethods' | 
14:54:26.522 | Info | '/transaction/getdonationmethods' | 
14:54:26.524 | Info | '/transaction/getarea' | 
14:54:26.530 | Info | '/transaction/getdonationtypes' | 
14:54:29.223 | Info | '/dashboard' | 
14:54:29.331 | Info | '/dashboard' | 
16:05:01.900 | Info | '/api/user/login' | 
16:05:06.145 | Info | '/dashboard' | 
16:05:07.106 | Info | '/transaction/getuserpermissions' | 
16:05:07.580 | Info | '/transaction/getuserpermissions' | 
16:05:07.722 | Info | '/dashboard' | 
16:05:30.626 | Info | '/transaction/getcenters' | 
16:05:30.650 | Info | '/transaction/getcenters' | 
16:06:01.857 | Info | '/transaction/getdonationtypes' | 
16:06:01.885 | Info | '/transaction/getdonationmethods' | 
16:06:01.889 | Info | '/transaction/getarea' | 
16:06:01.898 | Info | '/transaction/getdonationtypes' | 
16:06:01.901 | Info | '/transaction/getdonationmethods' | 
16:06:01.918 | Info | '/transaction/getarea' | 
16:08:53.510 | Info | '/transaction/getdonationpurpose' | 
16:08:55.308 | Info | '/transaction/getdonationpurpose' | 
16:09:03.189 | Info | '/transaction/newdonation' | 
16:11:02.234 | Info | '/transaction/getuserpermissions' | 
16:11:02.249 | Info | '/transaction/getdonationtypes' | 
16:11:02.241 | Info | '/transaction/getarea' | 
16:11:02.255 | Info | '/transaction/getdonationmethods' | 
16:11:02.271 | Info | '/transaction/getuserpermissions' | 
16:11:02.275 | Info | '/transaction/getarea' | 
16:11:02.532 | Info | '/transaction/getdonationmethods' | 
16:11:02.538 | Info | '/transaction/getdonationtypes' | 
16:14:57.489 | Info | '/transaction/getdonationpurpose' | 
16:14:58.417 | Info | '/transaction/getdonationpurpose' | 
16:15:03.542 | Info | '/transaction/newdonation' | 
16:15:53.378 | Info | '/transaction/getdonationtypes' | 
16:15:53.133 | Info | '/transaction/getuserpermissions' | 
16:15:53.415 | Info | '/transaction/getarea' | 
16:15:53.419 | Info | '/transaction/getdonationmethods' | 
16:15:53.470 | Info | '/transaction/getdonationtypes' | 
16:15:53.472 | Info | '/transaction/getarea' | 
16:15:53.477 | Info | '/transaction/getdonationmethods' | 
16:15:53.484 | Info | '/transaction/getuserpermissions' | 
16:16:03.371 | Info | '/transaction/getdonationpurpose' | 
16:16:04.002 | Info | '/transaction/getdonationpurpose' | 
16:16:08.770 | Info | '/transaction/newdonation' | 
16:16:58.339 | Info | '/transaction/getuserpermissions' | 
16:16:58.343 | Info | '/transaction/getarea' | 
16:16:58.346 | Info | '/transaction/getdonationtypes' | 
16:16:58.348 | Info | '/transaction/getdonationmethods' | 
16:16:58.351 | Info | '/transaction/getuserpermissions' | 
16:16:58.356 | Info | '/transaction/getarea' | 
16:16:58.360 | Info | '/transaction/getdonationtypes' | 
16:16:58.363 | Info | '/transaction/getdonationmethods' | 
16:18:52.974 | Info | '/transaction/getuserpermissions' | 
16:18:52.977 | Info | '/transaction/getarea' | 
16:18:52.981 | Info | '/transaction/getdonationtypes' | 
16:18:52.985 | Info | '/transaction/getdonationmethods' | 
16:18:52.988 | Info | '/transaction/getuserpermissions' | 
16:18:52.991 | Info | '/transaction/getarea' | 
16:18:52.995 | Info | '/transaction/getdonationtypes' | 
16:18:52.999 | Info | '/transaction/getdonationmethods' | 
16:19:03.443 | Info | '/transaction/getdonationpurpose' | 
16:19:04.320 | Info | '/transaction/getdonationpurpose' | 
16:19:09.823 | Info | '/transaction/newdonation' | 
16:23:42.670 | Info | '/transaction/getuserpermissions' | 
16:23:42.672 | Info | '/transaction/getarea' | 
16:23:42.677 | Info | '/transaction/getdonationtypes' | 
16:23:42.680 | Info | '/transaction/getdonationmethods' | 
16:23:42.685 | Info | '/transaction/getuserpermissions' | 
16:23:42.690 | Info | '/transaction/getarea' | 
16:23:42.692 | Info | '/transaction/getdonationtypes' | 
16:23:42.694 | Info | '/transaction/getdonationmethods' | 
16:24:00.693 | Info | '/transaction/newdonation' | 
16:36:34.581 | Info | '/transaction/getuserpermissions' | 
16:36:34.587 | Info | '/transaction/getarea' | 
16:36:34.589 | Info | '/transaction/getdonationtypes' | 
16:36:34.593 | Info | '/transaction/getuserpermissions' | 
16:36:34.591 | Info | '/transaction/getdonationmethods' | 
16:36:34.600 | Info | '/transaction/getarea' | 
16:36:34.605 | Info | '/transaction/getdonationtypes' | 
16:36:34.607 | Info | '/transaction/getdonationmethods' | 
16:36:44.664 | Info | '/transaction/getdonationpurpose' | 
16:36:45.341 | Info | '/transaction/getdonationpurpose' | 
16:36:51.127 | Info | '/transaction/newdonation' | 
16:38:04.283 | Info | '/transaction/getdonationpurpose' | 
16:38:04.752 | Info | '/transaction/getdonationpurpose' | 
16:38:10.244 | Info | '/transaction/newdonation' | 
16:41:27.837 | Info | '/transaction/getdonationpurpose' | 
16:41:28.272 | Info | '/transaction/getdonationpurpose' | 
16:41:28.877 | Info | '/transaction/getdonationpurpose' | 
16:41:29.577 | Info | '/transaction/getdonationpurpose' | 
16:41:35.095 | Info | '/transaction/newdonation' | 
16:43:39.919 | Info | '/transaction/getuserpermissions' | 
16:43:39.926 | Info | '/transaction/getarea' | 
16:43:39.931 | Info | '/transaction/getdonationtypes' | 
16:43:39.933 | Info | '/transaction/getdonationmethods' | 
16:43:39.935 | Info | '/transaction/getuserpermissions' | 
16:43:39.948 | Info | '/transaction/getarea' | 
16:43:39.950 | Info | '/transaction/getdonationtypes' | 
16:43:39.952 | Info | '/transaction/getdonationmethods' | 
16:44:17.743 | Info | '/transaction/getarea' | 
16:44:17.750 | Info | '/transaction/getdonationtypes' | 
16:44:17.757 | Info | '/transaction/getarea' | 
16:44:17.759 | Info | '/transaction/getdonationtypes' | 
16:44:17.761 | Info | '/transaction/getdonationmethods' | 
16:44:17.768 | Info | '/transaction/getdonationmethods' | 
16:44:18.306 | Info | '/transaction/getarea' | 
16:44:18.310 | Info | '/transaction/getuserpermissions' | 
16:44:18.312 | Info | '/transaction/getdonationtypes' | 
16:44:18.313 | Info | '/transaction/getdonationmethods' | 
16:44:18.316 | Info | '/transaction/getarea' | 
16:44:18.322 | Info | '/transaction/getuserpermissions' | 
16:44:18.326 | Info | '/transaction/getdonationtypes' | 
16:44:18.328 | Info | '/transaction/getdonationmethods' | 
16:45:18.134 | Info | '/transaction/getarea' | 
16:45:18.136 | Info | '/transaction/getdonationtypes' | 
16:45:18.161 | Info | '/transaction/getdonationmethods' | 
16:45:18.165 | Info | '/transaction/getarea' | 
16:45:18.178 | Info | '/transaction/getdonationtypes' | 
16:45:18.181 | Info | '/transaction/getdonationmethods' | 
16:46:33.553 | Info | '/transaction/getuserpermissions' | 
16:46:33.558 | Info | '/transaction/getarea' | 
16:46:33.560 | Info | '/transaction/getdonationtypes' | 
16:46:33.565 | Info | '/transaction/getuserpermissions' | 
16:46:33.562 | Info | '/transaction/getdonationmethods' | 
16:46:33.569 | Info | '/transaction/getarea' | 
16:46:33.572 | Info | '/transaction/getdonationtypes' | 
16:46:33.575 | Info | '/transaction/getdonationmethods' | 
16:46:48.879 | Info | '/transaction/getdonationpurpose' | 
16:46:50.631 | Info | '/transaction/getdonationpurpose' | 
16:48:08.916 | Info | '/transaction/getuserpermissions' | 
16:48:08.923 | Info | '/transaction/getuserpermissions' | 
16:48:08.929 | Info | '/transaction/getarea' | 
16:48:08.931 | Info | '/transaction/getdonationtypes' | 
16:48:08.934 | Info | '/transaction/getdonationmethods' | 
16:48:08.937 | Info | '/transaction/getarea' | 
16:48:08.939 | Info | '/transaction/getdonationtypes' | 
16:48:08.942 | Info | '/transaction/getdonationmethods' | 
16:48:18.904 | Info | '/transaction/getuserpermissions' | 
16:48:18.909 | Info | '/transaction/getdonationmethods' | 
16:48:18.906 | Info | '/transaction/getarea' | 
16:48:18.907 | Info | '/transaction/getdonationtypes' | 
16:48:18.916 | Info | '/transaction/getuserpermissions' | 
16:48:18.919 | Info | '/transaction/getarea' | 
16:48:18.923 | Info | '/transaction/getdonationtypes' | 
16:48:18.927 | Info | '/transaction/getdonationmethods' | 
16:49:38.738 | Info | '/transaction/getuserpermissions' | 
16:49:38.750 | Info | '/transaction/getarea' | 
16:49:38.752 | Info | '/transaction/getuserpermissions' | 
16:49:38.755 | Info | '/transaction/getdonationtypes' | 
16:49:38.757 | Info | '/transaction/getdonationmethods' | 
16:49:38.759 | Info | '/transaction/getarea' | 
16:49:38.767 | Info | '/transaction/getdonationtypes' | 
16:49:38.769 | Info | '/transaction/getdonationmethods' | 
16:49:43.410 | Info | '/transaction/getdonationpurpose' | 
16:49:44.403 | Info | '/transaction/getdonationpurpose' | 
16:49:45.201 | Info | '/transaction/getdonationpurpose' | 
16:49:45.855 | Info | '/transaction/getdonationpurpose' | 
16:56:02.932 | Info | '/transaction/getuserpermissions' | 
16:56:02.934 | Info | '/transaction/getarea' | 
16:56:02.937 | Info | '/transaction/getdonationtypes' | 
16:56:02.940 | Info | '/transaction/getdonationmethods' | 
16:56:02.942 | Info | '/transaction/getuserpermissions' | 
16:56:02.946 | Info | '/transaction/getarea' | 
16:56:02.949 | Info | '/transaction/getdonationtypes' | 
16:56:02.953 | Info | '/transaction/getdonationmethods' | 
16:56:08.964 | Info | '/transaction/getdonationpurpose' | 
16:56:11.449 | Info | '/transaction/getdonationpurpose' | 
16:58:12.362 | Info | '/transaction/getuserpermissions' | 
16:58:12.374 | Info | '/transaction/getarea' | 
16:58:12.376 | Info | '/transaction/getdonationtypes' | 
16:58:12.377 | Info | '/transaction/getuserpermissions' | 
16:58:12.379 | Info | '/transaction/getdonationmethods' | 
16:58:12.384 | Info | '/transaction/getarea' | 
16:58:12.386 | Info | '/transaction/getdonationtypes' | 
16:58:12.392 | Info | '/transaction/getdonationmethods' | 
16:58:15.053 | Info | '/transaction/getdonationpurpose' | 
16:58:16.414 | Info | '/transaction/getdonationpurpose' | 
16:59:36.178 | Info | '/transaction/getuserpermissions' | 
16:59:36.191 | Info | '/transaction/getarea' | 
16:59:36.193 | Info | '/transaction/getdonationtypes' | 
16:59:36.196 | Info | '/transaction/getuserpermissions' | 
16:59:36.194 | Info | '/transaction/getdonationmethods' | 
16:59:36.202 | Info | '/transaction/getarea' | 
16:59:36.207 | Info | '/transaction/getdonationtypes' | 
16:59:36.209 | Info | '/transaction/getdonationmethods' | 
16:59:43.169 | Info | '/transaction/getdonationpurpose' | 
16:59:43.677 | Info | '/transaction/getdonationpurpose' | 
17:00:09.708 | Info | '/transaction/getuserpermissions' | 
17:00:09.718 | Info | '/transaction/getarea' | 
17:00:09.721 | Info | '/transaction/getdonationtypes' | 
17:00:09.723 | Info | '/transaction/getdonationmethods' | 
17:00:09.724 | Info | '/transaction/getuserpermissions' | 
17:00:09.727 | Info | '/transaction/getarea' | 
17:00:09.733 | Info | '/transaction/getdonationtypes' | 
17:00:09.736 | Info | '/transaction/getdonationmethods' | 
17:01:42.088 | Info | '/transaction/getuserpermissions' | 
17:01:42.094 | Info | '/transaction/getarea' | 
17:01:42.099 | Info | '/transaction/getdonationtypes' | 
17:01:42.101 | Info | '/transaction/getdonationmethods' | 
17:01:42.102 | Info | '/transaction/getuserpermissions' | 
17:01:42.103 | Info | '/transaction/getarea' | 
17:01:42.107 | Info | '/transaction/getdonationtypes' | 
17:01:42.109 | Info | '/transaction/getdonationmethods' | 
17:01:45.702 | Info | '/transaction/getdonationpurpose' | 
17:01:46.259 | Info | '/transaction/getdonationpurpose' | 
17:01:47.889 | Info | '/transaction/getdonationpurpose' | 
17:01:48.791 | Info | '/transaction/getdonationpurpose' | 
17:01:50.394 | Info | '/transaction/getdonationpurpose' | 
17:01:51.243 | Info | '/transaction/getdonationpurpose' | 
17:01:51.978 | Info | '/transaction/getdonationpurpose' | 
17:02:30.322 | Info | '/transaction/getuserpermissions' | 
17:02:30.329 | Info | '/transaction/getarea' | 
17:02:30.333 | Info | '/transaction/getdonationmethods' | 
17:02:30.331 | Info | '/transaction/getdonationtypes' | 
17:02:30.335 | Info | '/transaction/getuserpermissions' | 
17:02:30.344 | Info | '/transaction/getdonationtypes' | 
17:02:30.346 | Info | '/transaction/getdonationmethods' | 
17:02:30.348 | Info | '/transaction/getarea' | 
17:02:51.197 | Info | '/transaction/getuserpermissions' | 
17:02:51.205 | Info | '/transaction/getarea' | 
17:02:51.208 | Info | '/transaction/getdonationtypes' | 
17:02:51.209 | Info | '/transaction/getdonationmethods' | 
17:02:51.211 | Info | '/transaction/getuserpermissions' | 
17:02:51.216 | Info | '/transaction/getarea' | 
17:02:51.218 | Info | '/transaction/getdonationtypes' | 
17:02:51.222 | Info | '/transaction/getdonationmethods' | 
17:03:12.082 | Info | '/transaction/getuserpermissions' | 
17:03:12.094 | Info | '/transaction/getarea' | 
17:03:12.095 | Info | '/transaction/getdonationtypes' | 
17:03:12.098 | Info | '/transaction/getdonationmethods' | 
17:03:12.097 | Info | '/transaction/getuserpermissions' | 
17:03:12.104 | Info | '/transaction/getarea' | 
17:03:12.106 | Info | '/transaction/getdonationtypes' | 
17:03:12.113 | Info | '/transaction/getdonationmethods' | 
17:03:15.033 | Info | '/transaction/getdonationpurpose' | 
17:03:15.842 | Info | '/transaction/getdonationpurpose' | 
17:03:22.464 | Info | '/transaction/getdonationpurpose' | 
17:03:23.649 | Info | '/transaction/getdonationpurpose' | 
17:06:07.230 | Info | '/transaction/getuserpermissions' | 
17:06:07.235 | Info | '/transaction/getarea' | 
17:06:07.237 | Info | '/transaction/getdonationtypes' | 
17:06:07.238 | Info | '/transaction/getdonationmethods' | 
17:06:07.240 | Info | '/transaction/getuserpermissions' | 
17:06:07.245 | Info | '/transaction/getarea' | 
17:06:07.247 | Info | '/transaction/getdonationtypes' | 
17:06:07.250 | Info | '/transaction/getdonationmethods' | 
17:06:09.489 | Info | '/transaction/getdonationpurpose' | 
17:06:10.045 | Info | '/transaction/getdonationpurpose' | 
17:06:15.348 | Info | '/transaction/getdonationpurpose' | 
17:06:15.931 | Info | '/transaction/getdonationpurpose' | 
17:06:18.273 | Info | '/transaction/getdonationpurpose' | 
17:06:19.552 | Info | '/transaction/getdonationpurpose' | 
17:06:20.669 | Info | '/transaction/getdonationpurpose' | 
17:06:21.320 | Info | '/transaction/getdonationpurpose' | 
17:07:30.955 | Info | '/transaction/getuserpermissions' | 
17:07:30.960 | Info | '/transaction/getarea' | 
17:07:30.965 | Info | '/transaction/getuserpermissions' | 
17:07:30.968 | Info | '/transaction/getdonationtypes' | 
17:07:30.970 | Info | '/transaction/getdonationmethods' | 
17:07:30.973 | Info | '/transaction/getarea' | 
17:07:30.977 | Info | '/transaction/getdonationtypes' | 
17:07:30.981 | Info | '/transaction/getdonationmethods' | 
17:07:34.028 | Info | '/transaction/getdonationpurpose' | 
17:07:34.576 | Info | '/transaction/getdonationpurpose' | 
17:08:01.059 | Info | '/transaction/getdonationpurpose' | 
17:08:06.457 | Info | '/transaction/getdonationpurpose' | 
17:08:07.216 | Info | '/transaction/getdonationpurpose' | 
17:08:08.149 | Info | '/transaction/getdonationpurpose' | 
17:08:08.662 | Info | '/transaction/getdonationpurpose' | 
17:08:09.394 | Info | '/transaction/getdonationpurpose' | 
17:08:10.096 | Info | '/transaction/getdonationpurpose' | 
17:08:11.815 | Info | '/transaction/getdonationpurpose' | 
17:08:12.309 | Info | '/transaction/getdonationpurpose' | 
17:08:13.096 | Info | '/transaction/getdonationpurpose' | 
17:08:14.029 | Info | '/transaction/getdonationpurpose' | 
17:08:18.121 | Info | '/transaction/getarea' | 
17:08:18.125 | Info | '/transaction/getdonationtypes' | 
17:08:18.127 | Info | '/transaction/getdonationmethods' | 
17:08:18.129 | Info | '/transaction/getarea' | 
17:08:18.132 | Info | '/transaction/getdonationtypes' | 
17:08:18.138 | Info | '/transaction/getdonationmethods' | 
17:08:20.392 | Info | '/transaction/getdonationpurpose' | 
17:08:21.014 | Info | '/transaction/getdonationpurpose' | 
17:08:31.823 | Info | '/transaction/getuserpermissions' | 
17:08:31.830 | Info | '/transaction/getarea' | 
17:08:31.833 | Info | '/transaction/getuserpermissions' | 
17:08:31.835 | Info | '/transaction/getdonationtypes' | 
17:08:31.838 | Info | '/transaction/getarea' | 
17:08:31.836 | Info | '/transaction/getdonationmethods' | 
17:08:31.846 | Info | '/transaction/getdonationtypes' | 
17:08:31.848 | Info | '/transaction/getdonationmethods' | 
17:08:38.238 | Info | '/transaction/getdonationpurpose' | 
17:08:38.904 | Info | '/transaction/getdonationpurpose' | 
17:08:39.678 | Info | '/transaction/getdonationpurpose' | 
17:08:40.373 | Info | '/transaction/getdonationpurpose' | 
17:08:41.078 | Info | '/transaction/getdonationpurpose' | 
17:08:42.277 | Info | '/transaction/getdonationpurpose' | 
17:08:42.973 | Info | '/transaction/getdonationpurpose' | 
17:08:43.446 | Info | '/transaction/getdonationpurpose' | 
17:08:47.776 | Info | '/transaction/getdonationpurpose' | 
17:08:48.520 | Info | '/transaction/getdonationpurpose' | 
17:09:08.479 | Info | '/transaction/getuserpermissions' | 
17:09:08.484 | Info | '/transaction/getarea' | 
17:09:08.487 | Info | '/transaction/getdonationmethods' | 
17:09:08.489 | Info | '/transaction/getdonationtypes' | 
17:09:08.491 | Info | '/transaction/getuserpermissions' | 
17:09:08.495 | Info | '/transaction/getarea' | 
17:09:08.498 | Info | '/transaction/getdonationmethods' | 
17:09:08.500 | Info | '/transaction/getdonationtypes' | 
17:11:08.003 | Info | '/transaction/getuserpermissions' | 
17:11:08.007 | Info | '/transaction/getarea' | 
17:11:08.008 | Info | '/transaction/getdonationtypes' | 
17:11:08.012 | Info | '/transaction/getdonationmethods' | 
17:11:08.014 | Info | '/transaction/getuserpermissions' | 
17:11:08.017 | Info | '/transaction/getarea' | 
17:11:08.019 | Info | '/transaction/getdonationtypes' | 
17:11:08.023 | Info | '/transaction/getdonationmethods' | 
17:11:47.309 | Info | '/transaction/getuserpermissions' | 
17:11:47.319 | Info | '/transaction/getarea' | 
17:11:47.322 | Info | '/transaction/getuserpermissions' | 
17:11:47.323 | Info | '/transaction/getdonationtypes' | 
17:11:47.324 | Info | '/transaction/getdonationmethods' | 
17:11:47.333 | Info | '/transaction/getarea' | 
17:11:47.335 | Info | '/transaction/getdonationtypes' | 
17:11:47.339 | Info | '/transaction/getdonationmethods' | 
17:11:50.643 | Info | '/transaction/getdonationpurpose' | 
17:11:51.487 | Info | '/transaction/getdonationpurpose' | 
17:11:52.731 | Info | '/transaction/getdonationpurpose' | 
17:11:53.310 | Info | '/transaction/getdonationpurpose' | 
17:11:54.583 | Info | '/transaction/getdonationpurpose' | 
17:11:55.614 | Info | '/transaction/getdonationpurpose' | 
17:11:56.430 | Info | '/transaction/getdonationpurpose' | 
17:11:57.271 | Info | '/transaction/getdonationpurpose' | 
17:12:02.264 | Info | '/transaction/getdonationpurpose' | 
17:12:02.834 | Info | '/transaction/getdonationpurpose' | 
17:12:05.007 | Info | '/transaction/getdonationpurpose' | 
17:12:05.627 | Info | '/transaction/getdonationpurpose' | 
17:13:09.269 | Info | '/transaction/getdonationpurpose' | 
17:13:10.955 | Info | '/transaction/getdonationpurpose' | 
17:16:08.543 | Info | '/transaction/getuserpermissions' | 
17:16:08.790 | Info | '/transaction/getarea' | 
17:16:08.832 | Info | '/transaction/getdonationtypes' | 
17:16:08.837 | Info | '/transaction/getdonationmethods' | 
17:16:08.894 | Info | '/transaction/getuserpermissions' | 
17:16:08.899 | Info | '/transaction/getarea' | 
17:16:08.902 | Info | '/transaction/getdonationmethods' | 
17:16:08.905 | Info | '/transaction/getdonationtypes' | 
17:16:16.676 | Info | '/transaction/getdonationpurpose' | 
17:16:18.467 | Info | '/transaction/getdonationpurpose' | 
17:16:23.344 | Info | '/transaction/newdonation' | 
17:17:33.133 | Info | '/transaction/getuserpermissions' | 
17:17:33.342 | Info | '/transaction/getdonationtypes' | 
17:17:33.376 | Info | '/transaction/getarea' | 
17:17:33.381 | Info | '/transaction/getdonationmethods' | 
17:17:33.427 | Info | '/transaction/getuserpermissions' | 
17:17:33.431 | Info | '/transaction/getdonationtypes' | 
17:17:33.435 | Info | '/transaction/getarea' | 
17:17:33.437 | Info | '/transaction/getdonationmethods' | 
17:17:43.330 | Info | '/transaction/getdonationpurpose' | 
17:17:44.314 | Info | '/transaction/getdonationpurpose' | 
17:17:52.288 | Info | '/transaction/newdonation' | 
17:18:10.724 | Info | '/transaction/getdonationpurpose' | 
17:18:11.789 | Info | '/transaction/getdonationpurpose' | 
17:18:13.329 | Info | '/transaction/getdonationpurpose' | 
17:18:14.078 | Info | '/transaction/getdonationpurpose' | 
17:18:24.710 | Info | '/transaction/newdonation' | 
17:18:46.236 | Info | '/transaction/getdonationpurpose' | 
17:18:46.817 | Info | '/transaction/getdonationpurpose' | 
17:18:51.860 | Info | '/transaction/newdonation' | 
17:19:12.078 | Info | '/transaction/getuserpermissions' | 
17:19:12.082 | Info | '/transaction/getarea' | 
17:19:12.085 | Info | '/transaction/getdonationtypes' | 
17:19:12.089 | Info | '/transaction/getdonationmethods' | 
17:19:12.091 | Info | '/transaction/getarea' | 
17:19:12.148 | Info | '/transaction/getdonationmethods' | 
17:19:12.156 | Info | '/transaction/getdonationtypes' | 
17:19:12.201 | Info | '/transaction/getuserpermissions' | 
17:19:31.676 | Info | '/transaction/getdonationpurpose' | 
17:19:32.346 | Info | '/transaction/getdonationpurpose' | 
17:19:40.340 | Info | '/transaction/newdonation' | 
17:20:29.113 | Info | '/transaction/getuserpermissions' | 
17:20:29.118 | Info | '/transaction/getarea' | 
17:20:29.120 | Info | '/transaction/getdonationtypes' | 
17:20:29.123 | Info | '/transaction/getdonationmethods' | 
17:20:29.127 | Info | '/transaction/getuserpermissions' | 
17:20:29.133 | Info | '/transaction/getarea' | 
17:20:29.136 | Info | '/transaction/getdonationtypes' | 
17:20:29.139 | Info | '/transaction/getdonationmethods' | 
17:20:36.755 | Info | '/transaction/getdonationpurpose' | 
17:20:38.505 | Info | '/transaction/getdonationpurpose' | 
17:20:42.757 | Info | '/transaction/newdonation' | 
17:22:45.964 | Info | '/transaction/getuserpermissions' | 
17:22:45.967 | Info | '/transaction/getarea' | 
17:22:45.970 | Info | '/transaction/getdonationtypes' | 
17:22:45.973 | Info | '/transaction/getdonationmethods' | 
17:22:45.976 | Info | '/transaction/getuserpermissions' | 
17:22:45.980 | Info | '/transaction/getarea' | 
17:22:45.984 | Info | '/transaction/getdonationtypes' | 
17:22:45.987 | Info | '/transaction/getdonationmethods' | 
17:22:53.697 | Info | '/transaction/getdonationpurpose' | 
17:22:54.485 | Info | '/transaction/getdonationpurpose' | 
17:23:01.719 | Info | '/transaction/newdonation' | 
17:28:51.062 | Info | '/transaction/getuserpermissions' | 
17:28:51.068 | Info | '/transaction/getarea' | 
17:28:51.070 | Info | '/transaction/getdonationtypes' | 
17:28:51.072 | Info | '/transaction/getdonationmethods' | 
17:28:51.074 | Info | '/transaction/getuserpermissions' | 
17:28:51.083 | Info | '/transaction/getarea' | 
17:28:51.086 | Info | '/transaction/getdonationtypes' | 
17:28:51.089 | Info | '/transaction/getdonationmethods' | 
17:30:23.058 | Info | '/transaction/getuserpermissions' | 
17:30:23.062 | Info | '/transaction/getarea' | 
17:30:23.065 | Info | '/transaction/getdonationtypes' | 
17:30:23.066 | Info | '/transaction/getdonationmethods' | 
17:30:23.072 | Info | '/transaction/getuserpermissions' | 
17:30:23.074 | Info | '/transaction/getarea' | 
17:30:23.080 | Info | '/transaction/getdonationtypes' | 
17:30:23.082 | Info | '/transaction/getdonationmethods' | 
17:30:32.147 | Info | '/transaction/getdonationpurpose' | 
17:30:32.692 | Info | '/transaction/getdonationpurpose' | 
17:30:37.805 | Info | '/transaction/newdonation' | 
17:33:10.611 | Info | '/transaction/getuserpermissions' | 
17:33:10.612 | Info | '/transaction/getarea' | 
17:33:10.614 | Info | '/transaction/getdonationtypes' | 
17:33:10.616 | Info | '/transaction/getdonationmethods' | 
17:33:10.623 | Info | '/transaction/getuserpermissions' | 
17:33:10.628 | Info | '/transaction/getarea' | 
17:33:10.630 | Info | '/transaction/getdonationtypes' | 
17:33:10.634 | Info | '/transaction/getdonationmethods' | 
17:33:18.066 | Info | '/transaction/getdonationpurpose' | 
17:33:18.712 | Info | '/transaction/getdonationpurpose' | 
17:33:25.691 | Info | '/transaction/getdonationpurpose' | 
17:33:26.263 | Info | '/transaction/getdonationpurpose' | 
17:33:26.921 | Info | '/transaction/getdonationpurpose' | 
17:33:27.750 | Info | '/transaction/getdonationpurpose' | 
17:33:31.742 | Info | '/transaction/newdonation' | 
17:36:58.497 | Info | '/transaction/getuserpermissions' | 
17:36:58.505 | Info | '/transaction/getarea' | 
17:36:58.507 | Info | '/transaction/getdonationtypes' | 
17:36:58.509 | Info | '/transaction/getuserpermissions' | 
17:36:58.514 | Info | '/transaction/getdonationmethods' | 
17:36:58.517 | Info | '/transaction/getarea' | 
17:36:58.521 | Info | '/transaction/getdonationtypes' | 
17:36:58.526 | Info | '/transaction/getdonationmethods' | 
17:37:06.801 | Info | '/transaction/getdonationpurpose' | 
17:37:07.406 | Info | '/transaction/getdonationpurpose' | 
17:37:14.816 | Info | '/transaction/newdonation' | 
17:38:43.407 | Info | '/transaction/getuserpermissions' | 
17:38:43.414 | Info | '/transaction/getarea' | 
17:38:43.416 | Info | '/transaction/getdonationtypes' | 
17:38:43.421 | Info | '/transaction/getuserpermissions' | 
17:38:43.419 | Info | '/transaction/getdonationmethods' | 
17:38:43.426 | Info | '/transaction/getarea' | 
17:38:43.427 | Info | '/transaction/getdonationtypes' | 
17:38:43.430 | Info | '/transaction/getdonationmethods' | 
17:38:46.398 | Info | '/transaction/getdonationpurpose' | 
17:38:46.989 | Info | '/transaction/getdonationpurpose' | 
17:38:56.849 | Info | '/transaction/newdonation' | 
17:40:10.686 | Info | '/transaction/getuserpermissions' | 
17:40:10.695 | Info | '/transaction/getarea' | 
17:40:10.698 | Info | '/transaction/getdonationtypes' | 
17:40:10.702 | Info | '/transaction/getuserpermissions' | 
17:40:10.701 | Info | '/transaction/getdonationmethods' | 
17:40:10.709 | Info | '/transaction/getarea' | 
17:40:10.714 | Info | '/transaction/getdonationtypes' | 
17:40:10.716 | Info | '/transaction/getdonationmethods' | 
17:40:16.799 | Info | '/transaction/getdonationpurpose' | 
17:40:17.521 | Info | '/transaction/getdonationpurpose' | 
17:40:22.023 | Info | '/transaction/newdonation' | 
17:42:45.031 | Info | '/transaction/getuserpermissions' | 
17:42:45.040 | Info | '/transaction/getarea' | 
17:42:45.041 | Info | '/transaction/getdonationtypes' | 
17:42:45.044 | Info | '/transaction/getdonationmethods' | 
17:42:45.045 | Info | '/transaction/getuserpermissions' | 
17:42:45.050 | Info | '/transaction/getarea' | 
17:42:45.052 | Info | '/transaction/getdonationtypes' | 
17:42:45.055 | Info | '/transaction/getdonationmethods' | 
17:42:56.964 | Info | '/transaction/getdonationpurpose' | 
17:42:57.994 | Info | '/transaction/getdonationpurpose' | 
17:43:03.012 | Info | '/transaction/newdonation' | 
17:43:16.068 | Info | '/transaction/getuserpermissions' | 
17:43:16.069 | Info | '/transaction/getarea' | 
17:43:16.073 | Info | '/transaction/getdonationtypes' | 
17:43:16.075 | Info | '/transaction/getdonationmethods' | 
17:43:16.078 | Info | '/transaction/getuserpermissions' | 
17:43:16.082 | Info | '/transaction/getarea' | 
17:43:16.085 | Info | '/transaction/getdonationtypes' | 
17:43:16.088 | Info | '/transaction/getdonationmethods' | 
17:43:23.199 | Info | '/transaction/getdonationpurpose' | 
17:43:24.256 | Info | '/transaction/getdonationpurpose' | 
17:43:30.406 | Info | '/transaction/newdonation' | 
17:43:59.945 | Info | '/transaction/getuserpermissions' | 
17:43:59.954 | Info | '/transaction/getarea' | 
17:43:59.955 | Info | '/transaction/getdonationtypes' | 
17:43:59.957 | Info | '/transaction/getuserpermissions' | 
17:43:59.961 | Info | '/transaction/getdonationmethods' | 
17:43:59.962 | Info | '/transaction/getarea' | 
17:43:59.966 | Info | '/transaction/getdonationtypes' | 
17:43:59.972 | Info | '/transaction/getdonationmethods' | 
17:44:08.870 | Info | '/transaction/getdonationpurpose' | 
17:44:09.581 | Info | '/transaction/getdonationpurpose' | 
17:44:14.998 | Info | '/transaction/newdonation' | 
17:46:21.019 | Info | '/dashboard' | 
17:46:21.031 | Info | '/dashboard' | 
17:46:35.977 | Info | '/transaction/getchannel' | 
17:46:36.027 | Info | '/transaction/getcenters' | 
17:46:36.032 | Info | '/transaction/getusers' | 
17:46:36.035 | Info | '/transaction/getchannel' | 
17:46:36.040 | Info | '/transaction/getuserroles' | 
17:46:36.068 | Info | '/transaction/getcenters' | 
17:46:36.069 | Info | '/transaction/getusers' | 
17:46:36.075 | Info | '/transaction/getuserroles' | 
17:46:36.650 | Info | '/transaction/getuserroles' | 
17:46:36.654 | Info | '/transaction/getpermissions' | 
17:46:36.658 | Info | '/transaction/getuserroles' | 
17:46:36.688 | Info | '/transaction/getpermissions' | 
17:46:37.207 | Info | '/transaction/getcenters' | 
17:46:37.210 | Info | '/transaction/getcenters' | 
17:46:38.142 | Info | '/transaction/getchannel' | 
17:46:38.146 | Info | '/transaction/getchannel' | 
17:46:43.734 | Info | '/dashboard' | 
17:46:43.742 | Info | '/dashboard' | 
17:48:09.391 | Info | '/transaction/getuserpermissions' | 
17:48:09.393 | Info | '/dashboard' | 
17:48:09.399 | Info | '/transaction/getuserpermissions' | 
17:48:09.405 | Info | '/dashboard' | 
17:48:31.284 | Info | '/transaction/getarea' | 
17:48:31.287 | Info | '/transaction/getdonationtypes' | 
17:48:31.289 | Info | '/transaction/getdonationmethods' | 
17:48:31.291 | Info | '/transaction/getarea' | 
17:48:31.294 | Info | '/transaction/getdonationtypes' | 
17:48:31.297 | Info | '/transaction/getdonationmethods' | 
17:55:08.310 | Info | '/transaction/getuserpermissions' | 
17:55:08.312 | Info | '/transaction/getarea' | 
17:55:08.313 | Info | '/transaction/getdonationtypes' | 
17:55:08.315 | Info | '/transaction/getdonationmethods' | 
17:55:08.317 | Info | '/transaction/getuserpermissions' | 
17:55:08.319 | Info | '/transaction/getarea' | 
17:55:08.325 | Info | '/transaction/getdonationtypes' | 
17:55:08.330 | Info | '/transaction/getdonationmethods' | 
17:55:11.625 | Info | '/transaction/getuserpermissions' | 
17:55:11.629 | Info | '/transaction/getarea' | 
17:55:11.631 | Info | '/transaction/getdonationtypes' | 
17:55:11.633 | Info | '/transaction/getuserpermissions' | 
17:55:11.637 | Info | '/transaction/getdonationmethods' | 
17:55:11.641 | Info | '/transaction/getarea' | 
17:55:11.648 | Info | '/transaction/getdonationtypes' | 
17:55:11.650 | Info | '/transaction/getdonationmethods' | 
17:55:22.211 | Info | '/api/user/login' | 
17:55:22.336 | Info | '/transaction/getuserpermissions' | 
17:55:22.341 | Info | '/dashboard' | 
17:55:22.345 | Info | '/transaction/getuserpermissions' | 
17:55:22.351 | Info | '/dashboard' | 
17:56:21.300 | Info | '/transaction/getuserpermissions' | 
17:56:21.303 | Info | '/dashboard' | 
17:56:21.307 | Info | '/transaction/getuserpermissions' | 
17:56:21.313 | Info | '/dashboard' | 
17:56:34.292 | Info | '/transaction/getchannel' | 
17:56:34.296 | Info | '/transaction/getcenters' | 
17:56:34.299 | Info | '/transaction/getuserroles' | 
17:56:34.301 | Info | '/transaction/getusers' | 
17:56:34.303 | Info | '/transaction/getchannel' | 
17:56:34.306 | Info | '/transaction/getcenters' | 
17:56:34.310 | Info | '/transaction/getuserroles' | 
17:56:34.312 | Info | '/transaction/getusers' | 
17:56:37.890 | Info | '/dashboard' | 
17:56:37.915 | Info | '/dashboard' | 
17:57:15.143 | Info | '/transaction/getarea' | 
17:57:15.144 | Info | '/transaction/getdonationtypes' | 
17:57:15.146 | Info | '/transaction/getdonationmethods' | 
17:57:15.152 | Info | '/transaction/getarea' | 
17:57:15.156 | Info | '/transaction/getdonationtypes' | 
17:57:15.157 | Info | '/transaction/getdonationmethods' | 
17:58:19.858 | Info | '/transaction/getuserpermissions' | 
17:58:19.870 | Info | '/transaction/getarea' | 
17:58:19.872 | Info | '/transaction/getdonationtypes' | 
17:58:19.874 | Info | '/transaction/getdonationmethods' | 
17:58:19.876 | Info | '/transaction/getuserpermissions' | 
17:58:19.881 | Info | '/transaction/getarea' | 
17:58:19.885 | Info | '/transaction/getdonationtypes' | 
17:58:19.887 | Info | '/transaction/getdonationmethods' | 
17:58:33.561 | Info | '/transaction/getuserpermissions' | 
17:58:33.566 | Info | '/transaction/getuserpermissions' | 
17:58:33.580 | Info | '/transaction/getarea' | 
17:58:33.588 | Info | '/transaction/getdonationtypes' | 
17:58:33.639 | Info | '/transaction/getarea' | 
17:58:33.641 | Info | '/transaction/getdonationmethods' | 
17:58:33.643 | Info | '/transaction/getdonationmethods' | 
17:58:33.645 | Info | '/transaction/getdonationtypes' | 
17:58:50.166 | Info | '/api/user/login' | 
17:58:50.298 | Info | '/transaction/getuserpermissions' | 
17:58:50.303 | Info | '/transaction/getuserpermissions' | 
17:58:50.309 | Info | '/dashboard' | 
17:58:50.315 | Info | '/dashboard' | 
17:59:15.239 | Info | '/transaction/getuserpermissions' | 
17:59:15.241 | Info | '/dashboard' | 
17:59:15.243 | Info | '/transaction/getuserpermissions' | 
17:59:15.246 | Info | '/dashboard' | 
17:59:25.176 | Info | '/api/user/login' | 
17:59:25.318 | Info | '/transaction/getuserpermissions' | 
17:59:25.324 | Info | '/transaction/getuserpermissions' | 
17:59:25.334 | Info | '/dashboard' | 
17:59:25.341 | Info | '/dashboard' | 
18:02:59.348 | Info | '/transaction/getuserpermissions' | 
18:02:59.355 | Info | '/dashboard' | 
18:02:59.359 | Info | '/transaction/getuserpermissions' | 
18:02:59.376 | Info | '/dashboard' | 
18:03:13.239 | Info | '/transaction/getuserpermissions' | 
18:03:13.246 | Info | '/dashboard' | 
18:03:13.248 | Info | '/transaction/getuserpermissions' | 
18:03:13.255 | Info | '/dashboard' | 
18:04:21.521 | Info | '/transaction/getuserpermissions' | 
18:04:21.540 | Info | '/dashboard' | 
18:04:21.542 | Info | '/transaction/getuserpermissions' | 
18:04:21.555 | Info | '/dashboard' | 
18:06:36.245 | Info | '/transaction/getuserpermissions' | 
18:06:36.247 | Info | '/dashboard' | 
18:06:36.252 | Info | '/transaction/getuserpermissions' | 
18:06:36.257 | Info | '/dashboard' | 
18:07:01.246 | Info | '/transaction/getuserpermissions' | 
18:07:01.251 | Info | '/dashboard' | 
18:07:01.267 | Info | '/transaction/getuserpermissions' | 
18:07:01.307 | Info | '/dashboard' | 
18:07:30.400 | Info | '/transaction/getchannel' | 
18:07:30.405 | Info | '/transaction/getcenters' | 
18:07:30.407 | Info | '/transaction/getuserroles' | 
18:07:30.411 | Info | '/transaction/getusers' | 
18:07:30.414 | Info | '/transaction/getchannel' | 
18:07:30.418 | Info | '/transaction/getcenters' | 
18:07:30.421 | Info | '/transaction/getuserroles' | 
18:07:30.424 | Info | '/transaction/getusers' | 
18:09:50.902 | Info | '/transaction/getuserpermissions' | 
18:09:50.907 | Info | '/transaction/getchannel' | 
18:09:50.913 | Info | '/transaction/getcenters' | 
18:09:50.915 | Info | '/transaction/getuserroles' | 
18:09:50.918 | Info | '/transaction/getusers' | 
18:09:50.921 | Info | '/transaction/getuserpermissions' | 
18:09:50.933 | Info | '/transaction/getchannel' | 
18:09:50.935 | Info | '/transaction/getcenters' | 
18:09:50.937 | Info | '/transaction/getuserroles' | 
18:09:50.938 | Info | '/transaction/getusers' | 
18:10:05.485 | Info | '/transaction/getuserpermissions' | 
18:10:05.491 | Info | '/transaction/getchannel' | 
18:10:05.497 | Info | '/transaction/getcenters' | 
18:10:05.499 | Info | '/transaction/getuserpermissions' | 
18:10:05.513 | Info | '/transaction/getchannel' | 
18:10:05.521 | Info | '/transaction/getcenters' | 
18:10:05.531 | Info | '/transaction/getuserroles' | 
18:10:05.534 | Info | '/transaction/getusers' | 
18:10:05.539 | Info | '/transaction/getuserroles' | 
18:10:05.543 | Info | '/transaction/getusers' | 
18:10:10.526 | Info | '/transaction/getuserpermissions' | 
18:10:10.536 | Info | '/transaction/getuserpermissions' | 
18:10:10.538 | Info | '/transaction/getchannel' | 
18:10:10.544 | Info | '/transaction/getusers' | 
18:10:10.540 | Info | '/transaction/getcenters' | 
18:10:10.542 | Info | '/transaction/getuserroles' | 
18:10:10.565 | Info | '/transaction/getchannel' | 
18:10:10.568 | Info | '/transaction/getuserroles' | 
18:10:10.567 | Info | '/transaction/getcenters' | 
18:10:10.570 | Info | '/transaction/getusers' | 
18:10:16.440 | Info | '/transaction/getuserpermissions' | 
18:10:16.442 | Info | '/transaction/getchannel' | 
18:10:16.443 | Info | '/transaction/getcenters' | 
18:10:16.450 | Info | '/transaction/getuserroles' | 
18:10:16.452 | Info | '/transaction/getusers' | 
18:10:16.457 | Info | '/transaction/getuserpermissions' | 
18:10:16.463 | Info | '/transaction/getcenters' | 
18:10:16.465 | Info | '/transaction/getusers' | 
18:10:16.473 | Info | '/transaction/getchannel' | 
18:10:16.475 | Info | '/transaction/getuserroles' | 
18:10:30.692 | Info | '/api/user/login' | 
18:10:38.060 | Info | '/api/user/login' | 
18:10:38.206 | Info | '/transaction/getuserpermissions' | 
18:10:38.213 | Info | '/transaction/getuserpermissions' | 
18:10:38.216 | Info | '/dashboard' | 
18:10:38.227 | Info | '/dashboard' | 
18:12:33.153 | Info | '/transaction/getuserpermissions' | 
18:12:33.155 | Info | '/dashboard' | 
18:12:33.161 | Info | '/transaction/getuserpermissions' | 
18:12:33.166 | Info | '/dashboard' | 
18:12:45.165 | Info | '/api/user/login' | 
18:12:45.289 | Info | '/transaction/getuserpermissions' | 
18:12:45.291 | Info | '/dashboard' | 
18:12:45.295 | Info | '/transaction/getuserpermissions' | 
18:12:45.300 | Info | '/dashboard' | 
18:13:07.368 | Info | '/transaction/getcenters' | 
18:13:07.371 | Info | '/transaction/getcenters' | 
18:17:43.764 | Info | '/transaction/getuserpermissions' | 
18:17:43.766 | Info | '/transaction/getcenters' | 
18:17:43.771 | Info | '/transaction/getuserpermissions' | 
18:17:43.776 | Info | '/transaction/getcenters' | 
18:17:50.334 | Info | '/transaction/getuserpermissions' | 
18:17:50.335 | Info | '/transaction/getcenters' | 
18:17:50.341 | Info | '/transaction/getcenters' | 
18:17:50.345 | Info | '/transaction/getuserpermissions' | 
18:18:00.706 | Info | '/dashboard' | 
18:18:00.718 | Info | '/dashboard' | 
18:18:38.167 | Info | '/transaction/getuserpermissions' | 
18:18:38.169 | Info | '/dashboard' | 
18:18:38.175 | Info | '/transaction/getuserpermissions' | 
18:18:38.180 | Info | '/dashboard' | 
18:19:08.099 | Info | '/transaction/getuserpermissions' | 
18:19:08.101 | Info | '/dashboard' | 
18:19:08.105 | Info | '/transaction/getuserpermissions' | 
18:19:08.114 | Info | '/dashboard' | 
18:19:16.032 | Info | '/transaction/getarea' | 
18:19:16.033 | Info | '/transaction/getdonationtypes' | 
18:19:16.034 | Info | '/transaction/getdonationmethods' | 
18:19:16.038 | Info | '/transaction/getarea' | 
18:19:16.040 | Info | '/transaction/getdonationtypes' | 
18:19:16.043 | Info | '/transaction/getdonationmethods' | 
18:19:20.964 | Info | '/dashboard' | 
18:19:20.975 | Info | '/dashboard' | 
18:19:34.853 | Info | '/transaction/getarea' | 
18:19:34.854 | Info | '/transaction/getdonationtypes' | 
18:19:34.857 | Info | '/transaction/getdonationmethods' | 
18:19:34.859 | Info | '/transaction/getarea' | 
18:19:34.863 | Info | '/transaction/getdonationtypes' | 
18:19:34.868 | Info | '/transaction/getdonationmethods' | 
18:19:59.099 | Info | '/transaction/getuserpermissions' | 
18:19:59.104 | Info | '/transaction/getarea' | 
18:19:59.107 | Info | '/transaction/getuserpermissions' | 
18:19:59.109 | Info | '/transaction/getdonationtypes' | 
18:19:59.115 | Info | '/transaction/getdonationmethods' | 
18:19:59.117 | Info | '/transaction/getarea' | 
18:19:59.120 | Info | '/transaction/getdonationtypes' | 
18:19:59.122 | Info | '/transaction/getdonationmethods' | 
18:20:28.612 | Info | '/transaction/getuserpermissions' | 
18:20:28.617 | Info | '/transaction/getarea' | 
18:20:28.619 | Info | '/transaction/getdonationtypes' | 
18:20:28.620 | Info | '/transaction/getdonationmethods' | 
18:20:28.621 | Info | '/transaction/getuserpermissions' | 
18:20:28.628 | Info | '/transaction/getarea' | 
18:20:28.631 | Info | '/transaction/getdonationtypes' | 
18:20:28.633 | Info | '/transaction/getdonationmethods' | 
18:22:28.211 | Info | '/transaction/getdonationpurpose' | 
18:22:28.213 | Info | '/transaction/getarea' | 
18:22:28.217 | Info | '/transaction/getdonationpurpose' | 
18:22:28.219 | Info | '/transaction/getarea' | 
18:22:28.669 | Info | '/transaction/getdonationmethods' | 
18:22:28.672 | Info | '/transaction/getdonationmethods' | 
18:22:29.069 | Info | '/transaction/getdonationtypes' | 
18:22:29.072 | Info | '/transaction/getdonationtypes' | 
18:22:29.461 | Info | '/transaction/getarea' | 
18:22:29.465 | Info | '/transaction/getarea' | 
18:22:29.839 | Info | '/transaction/getchannel' | 
18:22:29.842 | Info | '/transaction/getchannel' | 
18:22:30.282 | Info | '/transaction/getcenters' | 
18:22:30.285 | Info | '/transaction/getcenters' | 
18:22:31.002 | Info | '/transaction/getpermissions' | 
18:22:31.004 | Info | '/transaction/getuserroles' | 
18:22:31.008 | Info | '/transaction/getpermissions' | 
18:22:31.010 | Info | '/transaction/getuserroles' | 
18:22:31.365 | Info | '/transaction/getchannel' | 
18:22:31.366 | Info | '/transaction/getcenters' | 
18:22:31.368 | Info | '/transaction/getuserroles' | 
18:22:31.374 | Info | '/transaction/getchannel' | 
18:22:31.376 | Info | '/transaction/getcenters' | 
18:22:31.380 | Info | '/transaction/getuserroles' | 
18:22:31.382 | Info | '/transaction/getusers' | 
18:22:31.386 | Info | '/transaction/getusers' | 
18:23:44.107 | Info | '/dashboard' | 
18:23:44.114 | Info | '/dashboard' | 
18:25:32.973 | Info | '/api/user/login' | 
18:25:37.992 | Info | '/api/user/login' | 
18:25:42.837 | Info | '/api/user/login' | 
18:25:50.622 | Info | '/api/user/login' | 
18:25:54.356 | Info | '/api/user/login' | 
18:28:19.116 | Info | '/api/user/login' | 
18:28:19.246 | Info | '/transaction/getuserpermissions' | 
18:28:19.248 | Info | '/dashboard' | 
18:28:19.252 | Info | '/transaction/getuserpermissions' | 
18:28:19.257 | Info | '/dashboard' | 
18:28:49.172 | Info | '/transaction/getuserpermissions' | 
18:28:49.182 | Info | '/transaction/getuserpermissions' | 
18:28:49.194 | Info | '/transaction/getuserpermissions' | 
18:28:49.198 | Info | '/transaction/getuserpermissions' | 
18:28:49.209 | Info | '/dashboard' | 
18:28:49.214 | Info | '/dashboard' | 
18:35:52.760 | Info | '/transaction/getuserpermissions' | 
18:35:52.766 | Info | '/transaction/getuserpermissions' | 
18:35:52.767 | Info | '/dashboard' | 
18:35:52.772 | Info | '/dashboard' | 
18:35:55.303 | Info | '/transaction/getuserpermissions' | 
18:35:55.305 | Info | '/dashboard' | 
18:35:55.307 | Info | '/transaction/getuserpermissions' | 
18:35:55.310 | Info | '/dashboard' | 
18:36:11.341 | Info | '/api/user/login' | 
18:36:11.433 | Info | '/transaction/getuserpermissions' | 
18:36:11.438 | Info | '/dashboard' | 
18:36:11.440 | Info | '/transaction/getuserpermissions' | 
18:36:11.447 | Info | '/dashboard' | 
18:36:15.734 | Info | '/transaction/getpermissions' | 
18:36:15.738 | Info | '/transaction/getuserroles' | 
18:36:15.739 | Info | '/transaction/getpermissions' | 
18:36:15.743 | Info | '/transaction/getuserroles' | 
18:36:17.107 | Info | '/transaction/getdonationtypes' | 
18:36:17.111 | Info | '/transaction/getdonationtypes' | 
18:36:19.070 | Info | '/transaction/getuserpermissions' | 
18:36:19.074 | Info | '/transaction/getuserpermissions' | 
18:37:00.598 | Info | '/transaction/getuserpermissions' | 
18:37:00.603 | Info | '/transaction/getuserpermissions' | 
18:37:06.483 | Info | '/api/user/login' | 
18:37:16.191 | Info | '/api/user/login' | 
18:37:16.271 | Info | '/transaction/getuserpermissions' | 
18:37:16.273 | Info | '/dashboard' | 
18:37:16.277 | Info | '/transaction/getuserpermissions' | 
18:37:16.284 | Info | '/dashboard' | 
18:37:29.224 | Info | '/transaction/getarea' | 
18:37:29.226 | Info | '/transaction/getdonationtypes' | 
18:37:29.228 | Info | '/transaction/getdonationmethods' | 
18:37:29.231 | Info | '/transaction/getarea' | 
18:37:29.233 | Info | '/transaction/getdonationtypes' | 
18:37:29.236 | Info | '/transaction/getdonationmethods' | 
18:38:33.579 | Info | '/transaction/getuserpermissions' | 
18:38:33.584 | Info | '/transaction/getuserpermissions' | 
18:38:38.218 | Info | '/api/user/login' | 
18:38:38.302 | Info | '/transaction/getuserpermissions' | 
18:38:38.310 | Info | '/dashboard' | 
18:38:38.312 | Info | '/transaction/getuserpermissions' | 
18:38:38.318 | Info | '/dashboard' | 
18:38:41.304 | Info | '/transaction/getarea' | 
18:38:41.307 | Info | '/transaction/getdonationtypes' | 
18:38:41.309 | Info | '/transaction/getdonationmethods' | 
18:38:41.311 | Info | '/transaction/getarea' | 
18:38:41.314 | Info | '/transaction/getdonationmethods' | 
18:38:41.317 | Info | '/transaction/getdonationtypes' | 
18:39:20.063 | Info | '/transaction/getarea' | 
18:39:20.067 | Info | '/transaction/getdonationtypes' | 
18:39:20.068 | Info | '/transaction/getdonationmethods' | 
18:39:20.074 | Info | '/transaction/getarea' | 
18:39:20.076 | Info | '/transaction/getdonationtypes' | 
18:39:20.078 | Info | '/transaction/getdonationmethods' | 
18:39:24.108 | Info | '/transaction/getuserpermissions' | 
18:39:24.111 | Info | '/transaction/getuserpermissions' | 
18:39:28.745 | Info | '/api/user/login' | 
18:39:28.811 | Info | '/transaction/getuserpermissions' | 
18:39:28.819 | Info | '/transaction/getuserpermissions' | 
18:39:28.820 | Info | '/dashboard' | 
18:39:28.829 | Info | '/dashboard' | 
18:39:33.150 | Info | '/transaction/getarea' | 
18:39:33.151 | Info | '/transaction/getdonationtypes' | 
18:39:33.154 | Info | '/transaction/getdonationmethods' | 
18:39:33.157 | Info | '/transaction/getarea' | 
18:39:33.160 | Info | '/transaction/getdonationtypes' | 
18:39:33.168 | Info | '/transaction/getdonationmethods' | 
18:40:20.068 | Info | '/transaction/getarea' | 
18:40:20.069 | Info | '/transaction/getdonationtypes' | 
18:40:20.071 | Info | '/transaction/getdonationmethods' | 
18:40:20.075 | Info | '/transaction/getarea' | 
18:40:20.078 | Info | '/transaction/getdonationtypes' | 
18:40:20.082 | Info | '/transaction/getdonationmethods' | 
18:40:39.884 | Info | '/transaction/getuserpermissions' | 
18:40:39.887 | Info | '/transaction/getuserpermissions' | 
18:40:44.584 | Info | '/api/user/login' | 
18:40:44.657 | Info | '/transaction/getuserpermissions' | 
18:40:44.665 | Info | '/transaction/getuserpermissions' | 
18:40:44.667 | Info | '/dashboard' | 
18:40:44.674 | Info | '/dashboard' | 
18:40:48.549 | Info | '/transaction/getarea' | 
18:40:48.550 | Info | '/transaction/getdonationtypes' | 
18:40:48.552 | Info | '/transaction/getdonationmethods' | 
18:40:48.566 | Info | '/transaction/getdonationmethods' | 
18:40:48.568 | Info | '/transaction/getarea' | 
18:40:48.569 | Info | '/transaction/getdonationtypes' | 
18:40:57.589 | Info | '/transaction/getdonationpurpose' | 
18:40:58.649 | Info | '/transaction/getdonationpurpose' | 
18:41:55.292 | Info | '/transaction/getcenters' | 
18:41:55.297 | Info | '/transaction/getcenters' | 
18:41:55.744 | Info | '/transaction/getpermissions' | 
18:41:55.745 | Info | '/transaction/getuserroles' | 
18:41:55.751 | Info | '/transaction/getpermissions' | 
18:41:55.753 | Info | '/transaction/getuserroles' | 
18:41:56.252 | Info | '/transaction/getcenters' | 
18:41:56.255 | Info | '/transaction/getuserroles' | 
18:41:56.260 | Info | '/transaction/getchannel' | 
18:41:56.261 | Info | '/transaction/getcenters' | 
18:41:56.264 | Info | '/transaction/getuserroles' | 
18:41:56.267 | Info | '/transaction/getusers' | 
18:41:56.269 | Info | '/transaction/getchannel' | 
18:41:56.273 | Info | '/transaction/getusers' | 
18:41:56.639 | Info | '/transaction/getpermissions' | 
18:41:56.642 | Info | '/transaction/getuserroles' | 
18:41:56.644 | Info | '/transaction/getpermissions' | 
18:41:56.647 | Info | '/transaction/getuserroles' | 
18:41:56.968 | Info | '/transaction/getcenters' | 
18:41:56.973 | Info | '/transaction/getcenters' | 
18:41:57.237 | Info | '/transaction/getarea' | 
18:41:57.240 | Info | '/transaction/getarea' | 
18:41:57.492 | Info | '/transaction/getdonationtypes' | 
18:41:57.496 | Info | '/transaction/getdonationtypes' | 
18:41:58.015 | Info | '/transaction/getdonationmethods' | 
18:41:58.018 | Info | '/transaction/getdonationmethods' | 
18:41:58.332 | Info | '/transaction/getarea' | 
18:41:58.333 | Info | '/transaction/getdonationpurpose' | 
18:41:58.336 | Info | '/transaction/getarea' | 
18:41:58.339 | Info | '/transaction/getdonationpurpose' | 
18:42:00.758 | Info | '/transaction/getchannel' | 
18:42:00.765 | Info | '/transaction/getusers' | 
18:42:00.766 | Info | '/transaction/getchannel' | 
18:42:00.769 | Info | '/transaction/getcenters' | 
18:42:00.772 | Info | '/transaction/getuserroles' | 
18:42:00.777 | Info | '/transaction/getusers' | 
18:42:00.781 | Info | '/transaction/getcenters' | 
18:42:00.782 | Info | '/transaction/getuserroles' | 
18:42:01.050 | Info | '/transaction/getuserroles' | 
18:42:01.054 | Info | '/transaction/getpermissions' | 
18:42:01.064 | Info | '/transaction/getuserroles' | 
18:42:01.066 | Info | '/transaction/getpermissions' | 
18:42:01.304 | Info | '/transaction/getchannel' | 
18:42:01.308 | Info | '/transaction/getchannel' | 
18:42:01.534 | Info | '/transaction/getdonationtypes' | 
18:42:01.537 | Info | '/transaction/getdonationtypes' | 
18:42:01.748 | Info | '/transaction/getdonationmethods' | 
18:42:01.751 | Info | '/transaction/getdonationmethods' | 
18:42:02.002 | Info | '/transaction/getdonationpurpose' | 
18:42:02.004 | Info | '/transaction/getarea' | 
18:42:02.009 | Info | '/transaction/getdonationpurpose' | 
18:42:02.011 | Info | '/transaction/getarea' | 
18:42:05.480 | Info | '/dashboard' | 
18:42:05.487 | Info | '/dashboard' | 
18:42:17.632 | Info | '/transaction/getarea' | 
18:42:17.634 | Info | '/transaction/getdonationtypes' | 
18:42:17.636 | Info | '/transaction/getdonationmethods' | 
18:42:17.641 | Info | '/transaction/getarea' | 
18:42:17.643 | Info | '/transaction/getdonationtypes' | 
18:42:17.645 | Info | '/transaction/getdonationmethods' | 
18:42:23.751 | Info | '/transaction/getdonationpurpose' | 
18:42:24.670 | Info | '/transaction/getdonationpurpose' | 
18:42:43.881 | Info | '/dashboard' | 
18:42:43.892 | Info | '/dashboard' | 
18:42:44.810 | Info | '/transaction/getchannel' | 
18:42:44.813 | Info | '/transaction/getcenters' | 
18:42:44.816 | Info | '/transaction/getuserroles' | 
18:42:44.819 | Info | '/transaction/getusers' | 
18:42:44.821 | Info | '/transaction/getchannel' | 
18:42:44.824 | Info | '/transaction/getcenters' | 
18:42:44.826 | Info | '/transaction/getuserroles' | 
18:42:44.831 | Info | '/transaction/getusers' | 
18:42:47.704 | Info | '/transaction/getarea' | 
18:42:47.705 | Info | '/transaction/getdonationtypes' | 
18:42:47.707 | Info | '/transaction/getdonationmethods' | 
18:42:47.712 | Info | '/transaction/getarea' | 
18:42:47.714 | Info | '/transaction/getdonationtypes' | 
18:42:47.716 | Info | '/transaction/getdonationmethods' | 
18:42:49.752 | Info | '/dashboard' | 
18:42:49.764 | Info | '/dashboard' | 
18:43:45.555 | Info | '/transaction/getchannel' | 
18:43:45.560 | Info | '/transaction/getcenters' | 
18:43:45.562 | Info | '/transaction/getuserroles' | 
18:43:45.565 | Info | '/transaction/getchannel' | 
18:43:45.566 | Info | '/transaction/getusers' | 
18:43:45.569 | Info | '/transaction/getcenters' | 
18:43:45.573 | Info | '/transaction/getuserroles' | 
18:43:45.575 | Info | '/transaction/getusers' | 
18:43:45.920 | Info | '/transaction/getuserroles' | 
18:43:45.922 | Info | '/transaction/getpermissions' | 
18:43:45.927 | Info | '/transaction/getuserroles' | 
18:43:45.928 | Info | '/transaction/getpermissions' | 
18:43:46.388 | Info | '/transaction/getchannel' | 
18:43:46.391 | Info | '/transaction/getchannel' | 
18:43:46.712 | Info | '/transaction/getdonationtypes' | 
18:43:46.717 | Info | '/transaction/getdonationtypes' | 
18:43:47.041 | Info | '/transaction/getdonationmethods' | 
18:43:47.045 | Info | '/transaction/getdonationmethods' | 
18:43:47.884 | Info | '/transaction/getdonationpurpose' | 
18:43:47.888 | Info | '/transaction/getarea' | 
18:43:47.895 | Info | '/transaction/getdonationpurpose' | 
18:43:47.899 | Info | '/transaction/getarea' | 
18:43:49.561 | Info | '/dashboard' | 
18:43:49.575 | Info | '/dashboard' | 
18:44:52.968 | Info | '/api/user/login' | 
18:45:01.413 | Info | '/api/user/login' | 
18:45:01.521 | Info | '/transaction/getuserpermissions' | 
18:45:01.529 | Info | '/dashboard' | 
18:45:01.601 | Info | '/transaction/getuserpermissions' | 
18:45:01.618 | Info | '/dashboard' | 
18:45:05.269 | Info | '/transaction/getarea' | 
18:45:05.273 | Info | '/transaction/getdonationtypes' | 
18:45:05.278 | Info | '/transaction/getdonationmethods' | 
18:45:05.289 | Info | '/transaction/getarea' | 
18:45:05.293 | Info | '/transaction/getdonationtypes' | 
18:45:05.304 | Info | '/transaction/getdonationmethods' | 
18:49:48.046 | Info | '/api/user/login' | 
18:49:57.584 | Info | '/api/user/login' | 
18:49:58.004 | Info | '/transaction/getuserpermissions' | 
18:49:58.006 | Info | '/dashboard' | 
18:49:58.010 | Info | '/transaction/getuserpermissions' | 
18:49:58.019 | Info | '/dashboard' | 
18:50:08.168 | Info | '/transaction/getarea' | 
18:50:08.170 | Info | '/transaction/getdonationtypes' | 
18:50:08.172 | Info | '/transaction/getdonationmethods' | 
18:50:08.175 | Info | '/transaction/getarea' | 
18:50:08.179 | Info | '/transaction/getdonationtypes' | 
18:50:08.182 | Info | '/transaction/getdonationmethods' | 
18:52:48.366 | Info | '/transaction/getuserpermissions' | 
18:52:48.370 | Info | '/transaction/getuserpermissions' | 
18:52:53.489 | Info | '/api/user/login' | 
18:53:02.300 | Info | '/api/user/login' | 
18:53:02.455 | Info | '/transaction/getuserpermissions' | 
18:53:02.458 | Info | '/dashboard' | 
18:53:02.464 | Info | '/transaction/getuserpermissions' | 
18:53:02.470 | Info | '/dashboard' | 
18:53:14.516 | Info | '/transaction/getarea' | 
18:53:14.518 | Info | '/transaction/getdonationtypes' | 
18:53:14.520 | Info | '/transaction/getdonationmethods' | 
18:53:14.525 | Info | '/transaction/getarea' | 
18:53:14.529 | Info | '/transaction/getdonationtypes' | 
18:53:14.531 | Info | '/transaction/getdonationmethods' | 
18:53:24.620 | Info | '/transaction/getdonationpurpose' | 
18:53:25.465 | Info | '/transaction/getdonationpurpose' | 
18:55:47.235 | Info | '/transaction/getuserpermissions' | 
18:55:47.252 | Info | '/transaction/getuserpermissions' | 
18:55:55.888 | Info | '/api/user/login' | 
18:55:56.315 | Info | '/transaction/getuserpermissions' | 
18:55:56.327 | Info | '/dashboard' | 
18:55:56.427 | Info | '/transaction/getuserpermissions' | 
18:55:56.444 | Info | '/dashboard' | 
18:56:00.814 | Info | '/transaction/getarea' | 
18:56:00.819 | Info | '/transaction/getdonationtypes' | 
18:56:00.824 | Info | '/transaction/getdonationmethods' | 
18:56:00.841 | Info | '/transaction/getarea' | 
18:56:00.843 | Info | '/transaction/getdonationtypes' | 
18:56:00.847 | Info | '/transaction/getdonationmethods' | 
18:56:12.067 | Info | '/transaction/getdonationpurpose' | 
18:56:13.099 | Info | '/transaction/getdonationpurpose' | 
18:56:31.871 | Info | '/transaction/newdonation' | 
18:58:44.781 | Info | '/transaction/getuserpermissions' | 
18:58:44.785 | Info | '/transaction/getuserpermissions' | 
18:58:50.531 | Info | '/api/user/login' | 
18:58:50.636 | Info | '/transaction/getuserpermissions' | 
18:58:50.638 | Info | '/dashboard' | 
18:58:50.644 | Info | '/transaction/getuserpermissions' | 
18:58:50.648 | Info | '/dashboard' | 
18:58:54.079 | Info | '/transaction/getarea' | 
18:58:54.081 | Info | '/transaction/getdonationtypes' | 
18:58:54.083 | Info | '/transaction/getdonationmethods' | 
18:58:54.087 | Info | '/transaction/getarea' | 
18:58:54.090 | Info | '/transaction/getdonationtypes' | 
18:58:54.092 | Info | '/transaction/getdonationmethods' | 
18:59:02.903 | Info | '/transaction/getdonationpurpose' | 
18:59:03.473 | Info | '/transaction/getdonationpurpose' | 
18:59:14.056 | Info | '/transaction/getdonationpurpose' | 
18:59:14.908 | Info | '/transaction/getdonationpurpose' | 
18:59:19.299 | Info | '/transaction/newdonation' | 
19:01:59.145 | Info | '/dashboard' | 
19:01:59.154 | Info | '/dashboard' | 
19:02:33.131 | Info | '/transaction/getuserpermissions' | 
19:02:33.138 | Info | '/transaction/getuserpermissions' | 
19:02:54.754 | Info | '/api/user/login' | 
19:02:54.884 | Info | '/transaction/getuserpermissions' | 
19:02:54.893 | Info | '/transaction/getuserpermissions' | 
19:02:54.895 | Info | '/dashboard' | 
19:02:54.903 | Info | '/dashboard' | 
19:03:19.406 | Info | '/api/user/login' | 
19:03:19.489 | Info | '/transaction/getuserpermissions' | 
19:03:19.491 | Info | '/dashboard' | 
19:03:19.496 | Info | '/transaction/getuserpermissions' | 
19:03:19.502 | Info | '/dashboard' | 
