00:00:18.996 | Info | '/transaction/getchannel' | 
00:00:19.000 | Info | '/transaction/getchannel' | 
00:01:07.255 | Info | '/transaction/getchannel' | 
00:01:07.260 | Info | '/transaction/getchannel' | 
00:01:16.227 | Info | '/api/user/login' | 
00:01:26.266 | Info | '/transaction/getchannel' | 
00:01:26.270 | Info | '/transaction/getchannel' | 
00:01:31.256 | Info | '/transaction/getchannel' | 
00:01:31.263 | Info | '/transaction/getchannel' | 
00:18:34.904 | Info | '/api/user/login' | 
00:22:09.983 | Info | '/transaction/getchannel' | 
00:22:09.988 | Info | '/transaction/getchannel' | 
00:30:43.144 | Info | '/transaction/createarea' | 
00:31:17.643 | Info | '/transaction/getarea' | 
00:32:22.257 | Info | '/transaction/getarea' | 
00:39:07.245 | Info | '/transaction/getarea' | 
00:39:07.253 | Info | '/transaction/getarea' | 
00:39:17.639 | Info | '/transaction/getarea' | 
00:39:17.649 | Info | '/transaction/getarea' | 
00:39:34.302 | Info | '/transaction/getarea' | 
00:39:34.308 | Info | '/transaction/getarea' | 
00:39:58.862 | Info | '/transaction/getarea' | 
00:39:58.867 | Info | '/transaction/getarea' | 
00:40:09.665 | Info | '/transaction/createarea' | 
00:40:09.783 | Info | '/transaction/getarea' | 
00:40:31.794 | Info | '/transaction/getchannel' | 
00:40:31.805 | Info | '/transaction/getchannel' | 
00:40:32.379 | Info | '/transaction/getarea' | 
00:40:32.383 | Info | '/transaction/getarea' | 
00:46:05.716 | Info | '/transaction/getchannel' | 
00:46:05.723 | Info | '/transaction/getchannel' | 
00:46:06.321 | Info | '/transaction/getarea' | 
00:46:06.325 | Info | '/transaction/getarea' | 
00:46:07.041 | Info | '/transaction/getchannel' | 
00:46:07.045 | Info | '/transaction/getchannel' | 
00:46:12.491 | Info | '/transaction/getarea' | 
00:46:12.495 | Info | '/transaction/getarea' | 
00:46:13.854 | Info | '/transaction/getchannel' | 
00:46:13.858 | Info | '/transaction/getchannel' | 
00:46:22.340 | Info | '/transaction/getarea' | 
00:46:22.343 | Info | '/transaction/getarea' | 
00:47:20.384 | Info | '/transaction/getchannel' | 
00:47:20.389 | Info | '/transaction/getchannel' | 
00:47:20.899 | Info | '/transaction/getarea' | 
00:47:20.903 | Info | '/transaction/getarea' | 
00:47:21.383 | Info | '/transaction/getchannel' | 
00:47:21.387 | Info | '/transaction/getchannel' | 
00:47:22.094 | Info | '/transaction/getarea' | 
00:47:22.099 | Info | '/transaction/getarea' | 
00:47:22.587 | Info | '/transaction/getchannel' | 
00:47:22.592 | Info | '/transaction/getchannel' | 
00:47:23.213 | Info | '/transaction/getarea' | 
00:47:23.216 | Info | '/transaction/getarea' | 
00:47:23.658 | Info | '/transaction/getchannel' | 
00:47:23.662 | Info | '/transaction/getchannel' | 
00:47:24.151 | Info | '/transaction/getarea' | 
00:47:24.154 | Info | '/transaction/getarea' | 
00:47:24.813 | Info | '/transaction/getchannel' | 
00:47:24.817 | Info | '/transaction/getchannel' | 
00:47:25.314 | Info | '/transaction/getarea' | 
00:47:25.319 | Info | '/transaction/getarea' | 
00:47:26.600 | Info | '/transaction/getchannel' | 
00:47:26.604 | Info | '/transaction/getchannel' | 
00:47:28.701 | Info | '/transaction/getarea' | 
00:47:28.705 | Info | '/transaction/getarea' | 
00:47:33.705 | Info | '/transaction/getchannel' | 
00:47:33.708 | Info | '/transaction/getchannel' | 
00:48:05.570 | Info | '/transaction/getarea' | 
00:48:05.575 | Info | '/transaction/getarea' | 
00:49:00.773 | Info | '/transaction/getchannel' | 
00:49:00.777 | Info | '/transaction/getchannel' | 
00:49:01.278 | Info | '/transaction/getarea' | 
00:49:01.284 | Info | '/transaction/getarea' | 
04:46:08.984 | Info | '/transaction/getarea' | 
04:46:09.020 | Info | '/transaction/getarea' | 
04:46:48.738 | Info | '/transaction/getarea' | 
04:46:48.742 | Info | '/transaction/getarea' | 
04:46:48.746 | Info | '/transaction/getarea' | 
04:46:48.751 | Info | '/transaction/getarea' | 
04:46:48.755 | Info | '/transaction/getarea' | 
04:46:48.759 | Info | '/transaction/getarea' | 
04:49:14.155 | Info | '/transaction/getarea' | 
04:49:15.339 | Info | '/transaction/getarea' | 
04:49:38.588 | Info | '/transaction/getarea' | 
04:49:38.593 | Info | '/transaction/getarea' | 
04:49:47.030 | Info | '/transaction/createarea' | 
04:49:47.207 | Info | '/transaction/getarea' | 
04:49:50.960 | Info | '/transaction/getarea' | 
04:49:50.966 | Info | '/transaction/getarea' | 
04:50:20.299 | Info | '/transaction/getchannel' | 
04:50:20.310 | Info | '/transaction/getchannel' | 
04:53:05.685 | Info | '/transaction/getarea' | 
04:53:05.691 | Info | '/transaction/getarea' | 
04:53:06.465 | Info | '/transaction/getchannel' | 
04:53:06.469 | Info | '/transaction/getchannel' | 
04:53:07.176 | Info | '/transaction/getarea' | 
04:53:07.181 | Info | '/transaction/getarea' | 
04:56:02.174 | Info | '/transaction/getarea' | 
04:56:02.180 | Info | '/transaction/getarea' | 
04:58:27.450 | Info | '/transaction/getchannel' | 
04:58:27.454 | Info | '/transaction/getchannel' | 
04:58:28.125 | Info | '/transaction/getarea' | 
04:58:28.129 | Info | '/transaction/getarea' | 
04:58:28.528 | Info | '/transaction/getchannel' | 
04:58:28.532 | Info | '/transaction/getchannel' | 
04:58:29.950 | Info | '/transaction/getchannel' | 
04:58:29.954 | Info | '/transaction/getchannel' | 
04:58:30.359 | Info | '/transaction/getarea' | 
04:58:30.363 | Info | '/transaction/getarea' | 
04:58:30.832 | Info | '/transaction/getchannel' | 
04:58:30.838 | Info | '/transaction/getchannel' | 
04:58:32.083 | Info | '/transaction/getchannel' | 
04:58:32.087 | Info | '/transaction/getchannel' | 
04:58:32.422 | Info | '/transaction/getarea' | 
04:58:32.427 | Info | '/transaction/getarea' | 
05:01:03.399 | Info | '/transaction/getarea' | 
05:01:03.408 | Info | '/transaction/getarea' | 
05:04:18.375 | Info | '/transaction/getarea' | 
05:04:18.386 | Info | '/transaction/getarea' | 
05:04:31.662 | Info | '/transaction/getarea' | 
05:04:31.666 | Info | '/transaction/getarea' | 
05:05:25.530 | Info | '/transaction/getarea' | 
05:05:25.535 | Info | '/transaction/getarea' | 
05:17:27.384 | Info | '/transaction/getarea' | 
05:17:27.660 | Info | '/transaction/getarea' | 
05:17:59.513 | Info | '/transaction/getarea' | 
05:17:59.517 | Info | '/transaction/getarea' | 
05:19:35.699 | Info | '/transaction/getarea' | 
05:19:35.706 | Info | '/transaction/getarea' | 
05:21:05.415 | Info | '/transaction/getchannel' | 
05:21:05.427 | Info | '/transaction/getchannel' | 
05:21:44.257 | Info | '/transaction/getarea' | 
05:21:44.260 | Info | '/transaction/getarea' | 
05:21:44.799 | Info | '/transaction/getchannel' | 
05:21:44.803 | Info | '/transaction/getchannel' | 
05:21:45.333 | Info | '/transaction/getarea' | 
05:21:45.340 | Info | '/transaction/getarea' | 
05:21:45.786 | Info | '/transaction/getchannel' | 
05:21:45.790 | Info | '/transaction/getchannel' | 
05:21:46.675 | Info | '/transaction/getarea' | 
05:21:46.681 | Info | '/transaction/getarea' | 
05:21:47.767 | Info | '/transaction/getchannel' | 
05:21:47.771 | Info | '/transaction/getchannel' | 
05:21:48.245 | Info | '/transaction/getarea' | 
05:21:48.251 | Info | '/transaction/getarea' | 
05:22:48.736 | Info | '/transaction/getchannel' | 
05:22:48.740 | Info | '/transaction/getchannel' | 
05:23:03.482 | Info | '/transaction/getarea' | 
05:23:03.486 | Info | '/transaction/getarea' | 
05:24:32.639 | Info | '/transaction/getarea' | 
05:24:32.643 | Info | '/transaction/getarea' | 
05:24:33.280 | Info | '/transaction/getchannel' | 
05:24:33.284 | Info | '/transaction/getchannel' | 
05:24:33.710 | Info | '/transaction/getarea' | 
05:24:33.715 | Info | '/transaction/getarea' | 
05:24:36.208 | Info | '/transaction/getarea' | 
05:24:36.213 | Info | '/transaction/getarea' | 
05:24:36.647 | Info | '/transaction/getchannel' | 
05:24:36.651 | Info | '/transaction/getchannel' | 
05:24:39.063 | Info | '/transaction/getarea' | 
05:24:39.066 | Info | '/transaction/getarea' | 
05:24:39.509 | Info | '/transaction/getchannel' | 
05:24:39.512 | Info | '/transaction/getchannel' | 
05:24:39.967 | Info | '/transaction/getarea' | 
05:24:39.971 | Info | '/transaction/getarea' | 
05:25:44.292 | Info | '/transaction/getchannel' | 
05:25:44.297 | Info | '/transaction/getchannel' | 
05:25:45.801 | Info | '/transaction/getarea' | 
05:25:45.805 | Info | '/transaction/getarea' | 
05:25:47.046 | Info | '/transaction/getarea' | 
05:25:47.051 | Info | '/transaction/getarea' | 
05:25:48.611 | Info | '/transaction/getarea' | 
05:25:48.614 | Info | '/transaction/getarea' | 
05:25:49.257 | Info | '/transaction/getchannel' | 
05:25:49.260 | Info | '/transaction/getchannel' | 
05:25:51.136 | Info | '/transaction/getarea' | 
05:25:51.140 | Info | '/transaction/getarea' | 
05:25:51.532 | Info | '/transaction/getchannel' | 
05:25:51.535 | Info | '/transaction/getchannel' | 
05:25:52.011 | Info | '/transaction/getarea' | 
05:25:52.014 | Info | '/transaction/getarea' | 
05:25:53.508 | Info | '/transaction/getchannel' | 
05:25:53.513 | Info | '/transaction/getchannel' | 
05:25:53.891 | Info | '/transaction/getarea' | 
05:25:53.895 | Info | '/transaction/getarea' | 
05:25:54.932 | Info | '/transaction/getarea' | 
05:25:54.936 | Info | '/transaction/getarea' | 
05:25:55.273 | Info | '/transaction/getchannel' | 
05:25:55.277 | Info | '/transaction/getchannel' | 
05:25:55.765 | Info | '/transaction/getarea' | 
05:25:55.769 | Info | '/transaction/getarea' | 
05:25:56.908 | Info | '/transaction/getarea' | 
05:25:56.911 | Info | '/transaction/getarea' | 
05:25:57.809 | Info | '/transaction/getchannel' | 
05:25:57.812 | Info | '/transaction/getchannel' | 
05:25:58.639 | Info | '/transaction/getarea' | 
05:25:58.642 | Info | '/transaction/getarea' | 
05:25:59.122 | Info | '/transaction/getchannel' | 
05:25:59.126 | Info | '/transaction/getchannel' | 
05:26:14.470 | Info | '/transaction/getchannel' | 
05:26:14.477 | Info | '/transaction/getchannel' | 
05:27:30.330 | Info | '/transaction/getarea' | 
05:27:30.334 | Info | '/transaction/getarea' | 
05:27:31.717 | Info | '/transaction/getchannel' | 
05:27:31.721 | Info | '/transaction/getchannel' | 
05:27:32.196 | Info | '/transaction/getarea' | 
05:27:32.285 | Info | '/transaction/getarea' | 
05:28:14.362 | Info | '/transaction/getarea' | 
05:28:14.369 | Info | '/transaction/getarea' | 
05:36:50.859 | Info | '/transaction/getarea' | 
05:36:50.863 | Info | '/transaction/getarea' | 
05:37:38.543 | Info | '/transaction/getarea' | 
05:37:38.547 | Info | '/transaction/getarea' | 
05:47:41.768 | Info | '/transaction/getarea' | 
05:47:41.774 | Info | '/transaction/getarea' | 
05:49:30.157 | Info | '/transaction/getarea' | 
05:49:30.164 | Info | '/transaction/getarea' | 
05:49:56.897 | Info | '/transaction/getarea' | 
05:49:56.904 | Info | '/transaction/getarea' | 
05:50:35.612 | Info | '/transaction/getarea' | 
05:50:35.616 | Info | '/transaction/getarea' | 
05:50:51.944 | Info | '/transaction/getarea' | 
05:50:51.950 | Info | '/transaction/getarea' | 
05:50:56.763 | Info | '/transaction/getarea' | 
05:50:56.767 | Info | '/transaction/getarea' | 
05:51:12.296 | Info | '/transaction/getarea' | 
05:51:12.301 | Info | '/transaction/getarea' | 
05:51:18.229 | Info | '/transaction/getchannel' | 
05:51:18.244 | Info | '/transaction/getchannel' | 
05:51:19.053 | Info | '/transaction/getarea' | 
05:51:19.057 | Info | '/transaction/getarea' | 
05:52:29.725 | Info | '/transaction/getarea' | 
05:52:29.729 | Info | '/transaction/getarea' | 
05:52:48.616 | Info | '/transaction/getarea' | 
05:52:48.619 | Info | '/transaction/getarea' | 
05:55:50.605 | Info | '/transaction/getarea' | 
05:55:50.610 | Info | '/transaction/getarea' | 
05:55:54.397 | Info | '/transaction/getarea' | 
05:55:54.400 | Info | '/transaction/getarea' | 
05:56:16.708 | Info | '/transaction/getarea' | 
05:56:16.713 | Info | '/transaction/getarea' | 
05:56:48.720 | Info | '/transaction/getarea' | 
05:56:48.727 | Info | '/transaction/getarea' | 
06:00:56.972 | Info | '/transaction/getcenters' | 
06:00:57.205 | Info | '/transaction/getcenters' | 
06:01:15.859 | Info | '/transaction/createcenter' | 
06:01:15.927 | Info | '/transaction/getcenters' | 
06:02:21.167 | Info | '/transaction/createcenter' | 
06:02:21.502 | Info | '/transaction/getcenters' | 
06:02:39.113 | Info | '/transaction/getcenters' | 
06:02:39.119 | Info | '/transaction/getcenters' | 
06:03:29.137 | Info | '/transaction/getcenters' | 
06:03:29.144 | Info | '/transaction/getcenters' | 
06:03:49.705 | Info | '/transaction/getcenters' | 
06:03:49.710 | Info | '/transaction/getcenters' | 
06:04:48.717 | Info | '/transaction/getcenters' | 
06:04:48.723 | Info | '/transaction/getcenters' | 
06:05:30.347 | Info | '/transaction/getcenters' | 
06:06:03.623 | Info | '/transaction/getcenters' | 
06:06:03.628 | Info | '/transaction/getcenters' | 
06:06:27.238 | Info | '/transaction/getcenters' | 
06:06:27.245 | Info | '/transaction/getcenters' | 
06:07:18.749 | Info | '/transaction/getcenters' | 
06:07:18.753 | Info | '/transaction/getcenters' | 
06:07:18.757 | Info | '/transaction/getcenters' | 
06:07:18.761 | Info | '/transaction/getcenters' | 
06:07:50.029 | Info | '/transaction/getcenters' | 
06:07:50.034 | Info | '/transaction/getcenters' | 
06:07:52.292 | Info | '/transaction/getcenters' | 
06:07:52.297 | Info | '/transaction/getcenters' | 
06:12:19.327 | Info | '/transaction/createcenter' | 
06:12:19.476 | Info | '/transaction/getcenters' | 
06:14:13.799 | Info | '/transaction/getcenters' | 
06:14:13.804 | Info | '/transaction/getcenters' | 
06:14:38.288 | Info | '/transaction/getchannel' | 
06:14:38.336 | Info | '/transaction/getchannel' | 
06:14:39.241 | Info | '/transaction/getarea' | 
06:14:39.253 | Info | '/transaction/getarea' | 
06:14:39.939 | Info | '/transaction/getchannel' | 
06:14:39.943 | Info | '/transaction/getchannel' | 
06:14:40.883 | Info | '/transaction/getcenters' | 
06:14:40.890 | Info | '/transaction/getcenters' | 
06:14:44.281 | Info | '/transaction/getcenters' | 
06:14:44.286 | Info | '/transaction/getcenters' | 
06:17:14.475 | Info | '/transaction/getchannel' | 
06:17:14.481 | Info | '/transaction/getchannel' | 
06:17:15.677 | Info | '/transaction/getcenters' | 
06:17:15.682 | Info | '/transaction/getcenters' | 
06:17:17.541 | Info | '/transaction/getcenters' | 
06:17:17.545 | Info | '/transaction/getcenters' | 
06:17:17.983 | Info | '/transaction/getchannel' | 
06:17:17.987 | Info | '/transaction/getchannel' | 
06:17:18.857 | Info | '/transaction/getarea' | 
06:17:18.864 | Info | '/transaction/getarea' | 
06:17:19.281 | Info | '/transaction/getchannel' | 
06:17:19.286 | Info | '/transaction/getchannel' | 
06:18:27.533 | Info | '/transaction/getcenters' | 
06:18:27.537 | Info | '/transaction/getcenters' | 
06:18:27.886 | Info | '/transaction/getchannel' | 
06:18:27.890 | Info | '/transaction/getchannel' | 
06:18:28.294 | Info | '/transaction/getarea' | 
06:18:28.297 | Info | '/transaction/getarea' | 
06:18:28.627 | Info | '/transaction/getchannel' | 
06:18:28.633 | Info | '/transaction/getchannel' | 
06:18:28.882 | Info | '/transaction/getcenters' | 
06:18:28.888 | Info | '/transaction/getcenters' | 
06:18:30.120 | Info | '/transaction/getcenters' | 
06:18:30.124 | Info | '/transaction/getcenters' | 
06:18:30.433 | Info | '/transaction/getchannel' | 
06:18:30.436 | Info | '/transaction/getchannel' | 
06:18:30.775 | Info | '/transaction/getarea' | 
06:18:30.778 | Info | '/transaction/getarea' | 
06:18:31.901 | Info | '/transaction/getchannel' | 
06:18:31.904 | Info | '/transaction/getchannel' | 
06:18:32.314 | Info | '/transaction/getcenters' | 
06:18:32.320 | Info | '/transaction/getcenters' | 
06:18:33.351 | Info | '/transaction/getcenters' | 
06:18:33.358 | Info | '/transaction/getcenters' | 
06:18:33.938 | Info | '/transaction/getchannel' | 
06:18:33.944 | Info | '/transaction/getchannel' | 
06:18:34.325 | Info | '/transaction/getarea' | 
06:18:34.329 | Info | '/transaction/getarea' | 
06:18:35.089 | Info | '/transaction/getarea' | 
06:18:35.092 | Info | '/transaction/getarea' | 
06:18:35.394 | Info | '/transaction/getchannel' | 
06:18:35.399 | Info | '/transaction/getchannel' | 
06:18:37.686 | Info | '/transaction/getcenters' | 
06:18:37.691 | Info | '/transaction/getcenters' | 
06:18:38.217 | Info | '/transaction/getchannel' | 
06:18:38.220 | Info | '/transaction/getchannel' | 
06:18:38.600 | Info | '/transaction/getarea' | 
06:18:38.604 | Info | '/transaction/getarea' | 
06:18:39.422 | Info | '/transaction/getchannel' | 
06:18:39.425 | Info | '/transaction/getchannel' | 
06:18:39.984 | Info | '/transaction/getcenters' | 
06:18:39.988 | Info | '/transaction/getcenters' | 
06:18:41.449 | Info | '/transaction/getcenters' | 
06:18:41.454 | Info | '/transaction/getcenters' | 
06:18:41.798 | Info | '/transaction/getchannel' | 
06:18:41.803 | Info | '/transaction/getchannel' | 
06:18:42.161 | Info | '/transaction/getarea' | 
06:18:42.166 | Info | '/transaction/getarea' | 
06:18:42.839 | Info | '/transaction/getchannel' | 
06:18:42.843 | Info | '/transaction/getchannel' | 
06:18:58.325 | Info | '/transaction/createchannel' | 
06:18:58.522 | Info | '/transaction/getchannel' | 
06:19:20.261 | Info | '/transaction/getchannel' | 
06:19:20.265 | Info | '/transaction/getchannel' | 
06:19:38.391 | Info | '/transaction/getcenters' | 
06:19:38.400 | Info | '/transaction/getcenters' | 
06:19:40.527 | Info | '/transaction/getchannel' | 
06:19:40.531 | Info | '/transaction/getchannel' | 
06:19:41.236 | Info | '/transaction/getarea' | 
06:19:41.242 | Info | '/transaction/getarea' | 
06:19:58.771 | Info | '/transaction/getarea' | 
06:19:58.777 | Info | '/transaction/getarea' | 
06:20:24.193 | Info | '/transaction/getcenters' | 
06:20:24.196 | Info | '/transaction/getcenters' | 
06:34:42.246 | Info | '/transaction/getcenters' | 
06:34:42.252 | Info | '/transaction/getcenters' | 
06:34:42.564 | Info | '/transaction/getchannel' | 
06:34:42.568 | Info | '/transaction/getchannel' | 
06:34:43.315 | Info | '/transaction/getarea' | 
06:34:43.319 | Info | '/transaction/getarea' | 
06:34:43.628 | Info | '/transaction/getchannel' | 
06:34:43.633 | Info | '/transaction/getchannel' | 
06:34:43.988 | Info | '/transaction/getcenters' | 
06:34:43.992 | Info | '/transaction/getcenters' | 
06:34:57.566 | Info | '/transaction/getchannel' | 
06:34:57.574 | Info | '/transaction/getchannel' | 
06:34:58.302 | Info | '/transaction/getarea' | 
06:34:58.308 | Info | '/transaction/getarea' | 
06:35:34.322 | Info | '/transaction/getcenters' | 
06:35:34.326 | Info | '/transaction/getcenters' | 
06:35:34.711 | Info | '/transaction/getchannel' | 
06:35:34.715 | Info | '/transaction/getchannel' | 
06:35:36.617 | Info | '/transaction/getcenters' | 
06:35:36.620 | Info | '/transaction/getcenters' | 
06:35:37.607 | Info | '/transaction/getarea' | 
06:35:37.612 | Info | '/transaction/getarea' | 
06:35:37.955 | Info | '/transaction/getchannel' | 
06:35:37.960 | Info | '/transaction/getchannel' | 
06:35:38.801 | Info | '/transaction/getcenters' | 
06:35:38.805 | Info | '/transaction/getcenters' | 
06:35:39.212 | Info | '/transaction/getchannel' | 
06:35:39.217 | Info | '/transaction/getchannel' | 
06:35:39.558 | Info | '/transaction/getarea' | 
06:35:39.565 | Info | '/transaction/getarea' | 
06:35:39.894 | Info | '/transaction/getchannel' | 
06:35:39.897 | Info | '/transaction/getchannel' | 
06:35:41.300 | Info | '/transaction/getcenters' | 
06:35:41.303 | Info | '/transaction/getcenters' | 
06:35:41.973 | Info | '/transaction/getarea' | 
06:35:41.978 | Info | '/transaction/getarea' | 
06:35:42.337 | Info | '/transaction/getchannel' | 
06:35:42.348 | Info | '/transaction/getchannel' | 
06:35:43.157 | Info | '/transaction/getcenters' | 
06:35:43.161 | Info | '/transaction/getcenters' | 
06:35:43.735 | Info | '/transaction/getarea' | 
06:35:43.738 | Info | '/transaction/getarea' | 
06:35:44.030 | Info | '/transaction/getchannel' | 
06:35:44.034 | Info | '/transaction/getchannel' | 
06:35:44.317 | Info | '/transaction/getcenters' | 
06:35:44.321 | Info | '/transaction/getcenters' | 
06:35:45.726 | Info | '/transaction/getcenters' | 
06:35:45.730 | Info | '/transaction/getcenters' | 
06:35:46.052 | Info | '/transaction/getchannel' | 
06:35:46.055 | Info | '/transaction/getchannel' | 
06:35:46.434 | Info | '/transaction/getarea' | 
06:35:46.438 | Info | '/transaction/getarea' | 
06:35:46.875 | Info | '/transaction/getchannel' | 
06:35:46.878 | Info | '/transaction/getchannel' | 
06:35:47.253 | Info | '/transaction/getcenters' | 
06:35:47.257 | Info | '/transaction/getcenters' | 
06:35:48.879 | Info | '/transaction/getchannel' | 
06:35:48.882 | Info | '/transaction/getchannel' | 
06:35:49.320 | Info | '/transaction/getarea' | 
06:35:49.325 | Info | '/transaction/getarea' | 
06:35:50.221 | Info | '/transaction/getarea' | 
06:35:50.225 | Info | '/transaction/getarea' | 
06:35:50.571 | Info | '/transaction/getchannel' | 
06:35:50.574 | Info | '/transaction/getchannel' | 
06:35:50.935 | Info | '/transaction/getcenters' | 
06:35:50.938 | Info | '/transaction/getcenters' | 
06:35:52.428 | Info | '/transaction/getcenters' | 
06:35:52.431 | Info | '/transaction/getcenters' | 
06:35:52.725 | Info | '/transaction/getarea' | 
06:35:52.728 | Info | '/transaction/getarea' | 
06:35:53.290 | Info | '/transaction/getchannel' | 
06:35:53.295 | Info | '/transaction/getchannel' | 
06:35:53.733 | Info | '/transaction/getcenters' | 
06:35:53.737 | Info | '/transaction/getcenters' | 
06:35:56.087 | Info | '/transaction/getcenters' | 
06:35:56.091 | Info | '/transaction/getcenters' | 
06:35:57.533 | Info | '/transaction/getarea' | 
06:35:57.536 | Info | '/transaction/getarea' | 
06:35:57.869 | Info | '/transaction/getchannel' | 
06:35:57.874 | Info | '/transaction/getchannel' | 
06:36:02.682 | Info | '/transaction/getcenters' | 
06:36:02.685 | Info | '/transaction/getcenters' | 
06:36:04.420 | Info | '/transaction/getchannel' | 
06:36:04.424 | Info | '/transaction/getchannel' | 
06:36:10.152 | Info | '/transaction/getcenters' | 
06:36:10.157 | Info | '/transaction/getcenters' | 
06:36:10.542 | Info | '/transaction/getchannel' | 
06:36:10.546 | Info | '/transaction/getchannel' | 
06:36:10.943 | Info | '/transaction/getarea' | 
06:36:10.946 | Info | '/transaction/getarea' | 
06:36:12.080 | Info | '/transaction/getchannel' | 
06:36:12.084 | Info | '/transaction/getchannel' | 
06:36:12.890 | Info | '/transaction/getcenters' | 
06:36:12.893 | Info | '/transaction/getcenters' | 
06:36:13.632 | Info | '/transaction/getchannel' | 
06:36:13.640 | Info | '/transaction/getchannel' | 
06:36:14.009 | Info | '/transaction/getarea' | 
06:36:14.013 | Info | '/transaction/getarea' | 
06:36:14.555 | Info | '/transaction/getchannel' | 
06:36:14.560 | Info | '/transaction/getchannel' | 
06:36:14.898 | Info | '/transaction/getcenters' | 
06:36:14.905 | Info | '/transaction/getcenters' | 
06:36:15.193 | Info | '/transaction/getchannel' | 
06:36:15.199 | Info | '/transaction/getchannel' | 
06:36:15.486 | Info | '/transaction/getarea' | 
06:36:15.491 | Info | '/transaction/getarea' | 
06:36:15.819 | Info | '/transaction/getchannel' | 
06:36:15.822 | Info | '/transaction/getchannel' | 
06:36:16.139 | Info | '/transaction/getcenters' | 
06:36:16.142 | Info | '/transaction/getcenters' | 
06:36:16.481 | Info | '/transaction/getchannel' | 
06:36:16.488 | Info | '/transaction/getchannel' | 
06:36:16.767 | Info | '/transaction/getarea' | 
06:36:16.773 | Info | '/transaction/getarea' | 
06:36:17.056 | Info | '/transaction/getchannel' | 
06:36:17.061 | Info | '/transaction/getchannel' | 
06:36:17.424 | Info | '/transaction/getcenters' | 
06:36:17.428 | Info | '/transaction/getcenters' | 
06:36:17.723 | Info | '/transaction/getchannel' | 
06:36:17.727 | Info | '/transaction/getchannel' | 
06:36:18.079 | Info | '/transaction/getarea' | 
06:36:18.086 | Info | '/transaction/getarea' | 
06:36:18.422 | Info | '/transaction/getchannel' | 
06:36:18.426 | Info | '/transaction/getchannel' | 
06:36:18.852 | Info | '/transaction/getcenters' | 
06:36:18.859 | Info | '/transaction/getcenters' | 
06:36:19.183 | Info | '/transaction/getchannel' | 
06:36:19.191 | Info | '/transaction/getchannel' | 
06:36:19.607 | Info | '/transaction/getarea' | 
06:36:19.612 | Info | '/transaction/getarea' | 
06:36:19.878 | Info | '/transaction/getchannel' | 
06:36:19.882 | Info | '/transaction/getchannel' | 
06:36:20.201 | Info | '/transaction/getcenters' | 
06:36:20.205 | Info | '/transaction/getcenters' | 
06:36:20.503 | Info | '/transaction/getchannel' | 
06:36:20.507 | Info | '/transaction/getchannel' | 
06:36:20.869 | Info | '/transaction/getarea' | 
06:36:20.873 | Info | '/transaction/getarea' | 
06:36:21.649 | Info | '/transaction/getchannel' | 
06:36:21.654 | Info | '/transaction/getchannel' | 
06:36:21.987 | Info | '/transaction/getcenters' | 
06:36:21.991 | Info | '/transaction/getcenters' | 
06:36:22.277 | Info | '/transaction/getchannel' | 
06:36:22.281 | Info | '/transaction/getchannel' | 
06:36:22.613 | Info | '/transaction/getarea' | 
06:36:22.616 | Info | '/transaction/getarea' | 
06:36:22.916 | Info | '/transaction/getchannel' | 
06:36:22.920 | Info | '/transaction/getchannel' | 
06:36:23.214 | Info | '/transaction/getcenters' | 
06:36:23.219 | Info | '/transaction/getcenters' | 
06:36:23.555 | Info | '/transaction/getchannel' | 
06:36:23.559 | Info | '/transaction/getchannel' | 
06:36:23.852 | Info | '/transaction/getarea' | 
06:36:23.857 | Info | '/transaction/getarea' | 
06:36:24.193 | Info | '/transaction/getchannel' | 
06:36:24.197 | Info | '/transaction/getchannel' | 
06:36:24.519 | Info | '/transaction/getcenters' | 
06:36:24.523 | Info | '/transaction/getcenters' | 
06:36:24.860 | Info | '/transaction/getchannel' | 
06:36:24.866 | Info | '/transaction/getchannel' | 
06:36:25.171 | Info | '/transaction/getarea' | 
06:36:25.175 | Info | '/transaction/getarea' | 
06:36:25.594 | Info | '/transaction/getchannel' | 
06:36:25.599 | Info | '/transaction/getchannel' | 
06:36:25.890 | Info | '/transaction/getcenters' | 
06:36:25.893 | Info | '/transaction/getcenters' | 
06:36:26.177 | Info | '/transaction/getchannel' | 
06:36:26.181 | Info | '/transaction/getchannel' | 
06:36:26.482 | Info | '/transaction/getarea' | 
06:36:26.490 | Info | '/transaction/getarea' | 
06:36:26.883 | Info | '/transaction/getchannel' | 
06:36:26.888 | Info | '/transaction/getchannel' | 
06:36:27.248 | Info | '/transaction/getcenters' | 
06:36:27.256 | Info | '/transaction/getcenters' | 
06:36:27.554 | Info | '/transaction/getchannel' | 
06:36:27.561 | Info | '/transaction/getchannel' | 
06:36:27.858 | Info | '/transaction/getarea' | 
06:36:27.862 | Info | '/transaction/getarea' | 
06:36:28.168 | Info | '/transaction/getchannel' | 
06:36:28.173 | Info | '/transaction/getchannel' | 
06:37:02.029 | Info | '/transaction/getcenters' | 
06:37:02.033 | Info | '/transaction/getcenters' | 
06:37:04.620 | Info | '/transaction/getcenters' | 
06:37:04.624 | Info | '/transaction/getcenters' | 
06:37:05.254 | Info | '/transaction/getchannel' | 
06:37:05.262 | Info | '/transaction/getchannel' | 
06:37:05.699 | Info | '/transaction/getarea' | 
06:37:05.702 | Info | '/transaction/getarea' | 
06:37:06.001 | Info | '/transaction/getchannel' | 
06:37:06.006 | Info | '/transaction/getchannel' | 
06:37:06.360 | Info | '/transaction/getcenters' | 
06:37:06.364 | Info | '/transaction/getcenters' | 
06:37:06.729 | Info | '/transaction/getchannel' | 
06:37:06.732 | Info | '/transaction/getchannel' | 
06:37:07.199 | Info | '/transaction/getarea' | 
06:37:07.202 | Info | '/transaction/getarea' | 
06:37:08.192 | Info | '/transaction/getcenters' | 
06:37:08.195 | Info | '/transaction/getcenters' | 
06:37:09.254 | Info | '/transaction/getarea' | 
06:37:09.258 | Info | '/transaction/getarea' | 
06:37:09.741 | Info | '/transaction/getchannel' | 
06:37:09.745 | Info | '/transaction/getchannel' | 
06:37:10.060 | Info | '/transaction/getcenters' | 
06:37:10.064 | Info | '/transaction/getcenters' | 
06:37:10.750 | Info | '/transaction/getcenters' | 
06:37:10.753 | Info | '/transaction/getcenters' | 
06:37:11.072 | Info | '/transaction/getarea' | 
06:37:11.077 | Info | '/transaction/getarea' | 
06:37:20.398 | Info | '/transaction/getchannel' | 
06:37:20.401 | Info | '/transaction/getchannel' | 
06:37:23.933 | Info | '/transaction/getcenters' | 
06:37:23.936 | Info | '/transaction/getcenters' | 
06:37:32.809 | Info | '/transaction/getchannel' | 
06:37:32.813 | Info | '/transaction/getchannel' | 
06:37:34.420 | Info | '/transaction/getcenters' | 
06:37:34.424 | Info | '/transaction/getcenters' | 
06:37:34.773 | Info | '/transaction/getarea' | 
06:37:34.776 | Info | '/transaction/getarea' | 
06:37:35.933 | Info | '/transaction/getchannel' | 
06:37:35.937 | Info | '/transaction/getchannel' | 
06:37:36.402 | Info | '/transaction/getcenters' | 
06:37:36.406 | Info | '/transaction/getcenters' | 
06:37:37.525 | Info | '/transaction/getchannel' | 
06:37:37.529 | Info | '/transaction/getchannel' | 
06:37:37.986 | Info | '/transaction/getarea' | 
06:37:37.989 | Info | '/transaction/getarea' | 
06:37:38.626 | Info | '/transaction/getchannel' | 
06:37:38.629 | Info | '/transaction/getchannel' | 
06:37:39.113 | Info | '/transaction/getcenters' | 
06:37:39.120 | Info | '/transaction/getcenters' | 
06:37:39.854 | Info | '/transaction/getcenters' | 
06:37:39.871 | Info | '/transaction/getcenters' | 
06:37:40.185 | Info | '/transaction/getchannel' | 
06:37:40.188 | Info | '/transaction/getchannel' | 
06:37:40.465 | Info | '/transaction/getarea' | 
06:37:40.469 | Info | '/transaction/getarea' | 
06:37:40.951 | Info | '/transaction/getchannel' | 
06:37:40.955 | Info | '/transaction/getchannel' | 
06:37:41.399 | Info | '/transaction/getcenters' | 
06:37:41.403 | Info | '/transaction/getcenters' | 
06:37:41.907 | Info | '/transaction/getarea' | 
06:37:41.910 | Info | '/transaction/getarea' | 
06:37:42.362 | Info | '/transaction/getchannel' | 
06:37:42.368 | Info | '/transaction/getchannel' | 
06:37:42.688 | Info | '/transaction/getcenters' | 
06:37:42.691 | Info | '/transaction/getcenters' | 
06:37:43.385 | Info | '/transaction/getcenters' | 
06:37:43.388 | Info | '/transaction/getcenters' | 
06:37:43.679 | Info | '/transaction/getchannel' | 
06:37:43.682 | Info | '/transaction/getchannel' | 
06:37:43.984 | Info | '/transaction/getarea' | 
06:37:43.987 | Info | '/transaction/getarea' | 
06:37:44.299 | Info | '/transaction/getchannel' | 
06:37:44.303 | Info | '/transaction/getchannel' | 
06:37:44.606 | Info | '/transaction/getcenters' | 
06:37:44.611 | Info | '/transaction/getcenters' | 
06:37:45.427 | Info | '/transaction/getarea' | 
06:37:45.432 | Info | '/transaction/getarea' | 
06:37:46.005 | Info | '/transaction/getchannel' | 
06:37:46.009 | Info | '/transaction/getchannel' | 
06:37:46.279 | Info | '/transaction/getcenters' | 
06:37:46.284 | Info | '/transaction/getcenters' | 
06:37:47.117 | Info | '/transaction/getcenters' | 
06:37:47.121 | Info | '/transaction/getcenters' | 
06:37:47.427 | Info | '/transaction/getchannel' | 
06:37:47.431 | Info | '/transaction/getchannel' | 
06:37:47.861 | Info | '/transaction/getarea' | 
06:37:47.864 | Info | '/transaction/getarea' | 
06:37:48.138 | Info | '/transaction/getcenters' | 
06:37:48.143 | Info | '/transaction/getcenters' | 
06:37:48.826 | Info | '/transaction/getcenters' | 
06:37:48.829 | Info | '/transaction/getcenters' | 
06:37:49.141 | Info | '/transaction/getchannel' | 
06:37:49.145 | Info | '/transaction/getchannel' | 
06:37:49.489 | Info | '/transaction/getarea' | 
06:37:49.493 | Info | '/transaction/getarea' | 
06:37:49.754 | Info | '/transaction/getchannel' | 
06:37:49.757 | Info | '/transaction/getchannel' | 
06:37:50.042 | Info | '/transaction/getcenters' | 
06:37:50.047 | Info | '/transaction/getcenters' | 
06:37:50.690 | Info | '/transaction/getcenters' | 
06:37:50.693 | Info | '/transaction/getcenters' | 
06:37:50.987 | Info | '/transaction/getchannel' | 
06:37:50.990 | Info | '/transaction/getchannel' | 
06:40:34.608 | Info | '/transaction/getcenters' | 
06:40:34.619 | Info | '/transaction/getcenters' | 
06:40:35.132 | Info | '/transaction/getchannel' | 
06:40:35.135 | Info | '/transaction/getchannel' | 
06:40:35.496 | Info | '/transaction/getarea' | 
06:40:35.500 | Info | '/transaction/getarea' | 
06:41:53.522 | Info | '/transaction/getcenters' | 
06:41:53.528 | Info | '/transaction/getcenters' | 
06:41:53.829 | Info | '/transaction/getchannel' | 
06:41:53.832 | Info | '/transaction/getchannel' | 
06:41:54.313 | Info | '/transaction/getcenters' | 
06:41:54.316 | Info | '/transaction/getcenters' | 
06:41:54.663 | Info | '/transaction/getchannel' | 
06:41:54.667 | Info | '/transaction/getchannel' | 
06:43:32.330 | Info | '/transaction/getarea' | 
06:43:32.335 | Info | '/transaction/getarea' | 
06:43:32.643 | Info | '/transaction/getchannel' | 
06:43:32.646 | Info | '/transaction/getchannel' | 
06:43:32.999 | Info | '/transaction/getcenters' | 
06:43:33.004 | Info | '/transaction/getcenters' | 
06:43:34.397 | Info | '/transaction/getcenters' | 
06:43:34.400 | Info | '/transaction/getcenters' | 
06:43:34.785 | Info | '/transaction/getchannel' | 
06:43:34.790 | Info | '/transaction/getchannel' | 
06:43:35.465 | Info | '/transaction/getarea' | 
06:43:35.468 | Info | '/transaction/getarea' | 
06:43:36.128 | Info | '/transaction/getcenters' | 
06:43:36.133 | Info | '/transaction/getcenters' | 
06:43:36.692 | Info | '/transaction/getchannel' | 
06:43:36.695 | Info | '/transaction/getchannel' | 
06:43:37.613 | Info | '/transaction/getcenters' | 
06:43:37.616 | Info | '/transaction/getcenters' | 
06:43:38.399 | Info | '/transaction/getcenters' | 
06:43:38.402 | Info | '/transaction/getcenters' | 
06:43:38.762 | Info | '/transaction/getchannel' | 
06:43:38.766 | Info | '/transaction/getchannel' | 
06:43:39.417 | Info | '/transaction/getchannel' | 
06:43:39.421 | Info | '/transaction/getchannel' | 
06:43:40.114 | Info | '/transaction/getcenters' | 
06:43:40.117 | Info | '/transaction/getcenters' | 
06:43:40.422 | Info | '/transaction/getchannel' | 
06:43:40.427 | Info | '/transaction/getchannel' | 
06:43:40.711 | Info | '/transaction/getarea' | 
06:43:40.716 | Info | '/transaction/getarea' | 
06:43:41.991 | Info | '/transaction/getchannel' | 
06:43:41.995 | Info | '/transaction/getchannel' | 
06:43:42.270 | Info | '/transaction/getcenters' | 
06:43:42.274 | Info | '/transaction/getcenters' | 
06:43:42.914 | Info | '/transaction/getcenters' | 
06:43:42.917 | Info | '/transaction/getcenters' | 
06:47:51.641 | Info | '/transaction/getchannel' | 
06:47:51.644 | Info | '/transaction/getchannel' | 
06:47:52.117 | Info | '/transaction/getarea' | 
06:47:52.120 | Info | '/transaction/getarea' | 
06:47:53.815 | Info | '/transaction/getchannel' | 
06:47:53.818 | Info | '/transaction/getchannel' | 
06:47:55.885 | Info | '/transaction/getcenters' | 
06:47:55.889 | Info | '/transaction/getcenters' | 
06:47:56.278 | Info | '/transaction/getchannel' | 
06:47:56.281 | Info | '/transaction/getchannel' | 
06:47:56.763 | Info | '/transaction/getarea' | 
06:47:56.767 | Info | '/transaction/getarea' | 
06:47:57.731 | Info | '/transaction/getchannel' | 
06:47:57.734 | Info | '/transaction/getchannel' | 
06:47:58.082 | Info | '/transaction/getcenters' | 
06:47:58.085 | Info | '/transaction/getcenters' | 
06:47:58.600 | Info | '/transaction/getarea' | 
06:47:58.603 | Info | '/transaction/getarea' | 
06:47:58.998 | Info | '/transaction/getchannel' | 
06:47:59.002 | Info | '/transaction/getchannel' | 
06:47:59.450 | Info | '/transaction/getcenters' | 
06:47:59.455 | Info | '/transaction/getcenters' | 
06:48:00.203 | Info | '/transaction/getchannel' | 
06:48:00.206 | Info | '/transaction/getchannel' | 
07:01:24.060 | Info | '/transaction/getcenters' | 
07:01:24.064 | Info | '/transaction/getcenters' | 
07:01:34.376 | Info | '/transaction/getcenters' | 
07:01:34.379 | Info | '/transaction/getcenters' | 
07:01:34.925 | Info | '/transaction/getchannel' | 
07:01:34.929 | Info | '/transaction/getchannel' | 
07:01:35.980 | Info | '/transaction/getcenters' | 
07:01:35.984 | Info | '/transaction/getcenters' | 
07:02:44.662 | Info | '/transaction/getcenters' | 
07:02:44.666 | Info | '/transaction/getcenters' | 
07:02:45.148 | Info | '/transaction/getcenters' | 
07:02:45.151 | Info | '/transaction/getcenters' | 
07:02:47.345 | Info | '/transaction/getcenters' | 
07:02:47.348 | Info | '/transaction/getcenters' | 
07:02:47.860 | Info | '/transaction/getchannel' | 
07:02:47.863 | Info | '/transaction/getchannel' | 
07:02:48.571 | Info | '/transaction/getcenters' | 
07:02:48.577 | Info | '/transaction/getcenters' | 
07:02:49.032 | Info | '/transaction/getchannel' | 
07:02:49.034 | Info | '/transaction/getchannel' | 
07:02:49.387 | Info | '/transaction/getcenters' | 
07:02:49.391 | Info | '/transaction/getcenters' | 
07:02:50.309 | Info | '/transaction/getcenters' | 
07:02:50.313 | Info | '/transaction/getcenters' | 
07:10:47.889 | Info | '/transaction/getcenters' | 
07:10:47.895 | Info | '/transaction/getcenters' | 
07:17:09.391 | Info | '/transaction/getcenters' | 
07:17:09.394 | Info | '/transaction/getcenters' | 
07:18:02.098 | Info | '/transaction/getcenters' | 
07:18:02.101 | Info | '/transaction/getcenters' | 
07:18:16.101 | Info | '/transaction/getcenters' | 
07:18:16.105 | Info | '/transaction/getcenters' | 
07:23:22.063 | Info | '/transaction/getarea' | 
07:23:22.135 | Info | '/transaction/getarea' | 
07:23:23.356 | Info | '/transaction/getchannel' | 
07:23:23.404 | Info | '/transaction/getchannel' | 
07:23:23.845 | Info | '/transaction/getcenters' | 
07:23:23.868 | Info | '/transaction/getcenters' | 
07:23:24.224 | Info | '/transaction/getcenters' | 
07:23:24.228 | Info | '/transaction/getcenters' | 
07:25:14.407 | Info | '/transaction/getcenters' | 
07:25:14.411 | Info | '/transaction/getcenters' | 
07:25:15.688 | Info | '/transaction/getchannel' | 
07:25:15.692 | Info | '/transaction/getchannel' | 
07:25:16.336 | Info | '/transaction/getcenters' | 
07:25:16.341 | Info | '/transaction/getcenters' | 
07:25:35.184 | Info | '/transaction/getcenters' | 
07:25:35.190 | Info | '/transaction/getcenters' | 
07:25:35.829 | Info | '/transaction/getcenters' | 
07:25:35.834 | Info | '/transaction/getcenters' | 
07:29:26.046 | Info | '/transaction/getcenters' | 
07:29:26.050 | Info | '/transaction/getcenters' | 
07:44:20.228 | Info | '/transaction/getcenters' | 
07:44:20.237 | Info | '/transaction/getcenters' | 
07:44:23.525 | Info | '/transaction/getcenters' | 
07:44:23.530 | Info | '/transaction/getcenters' | 
07:44:24.537 | Info | '/transaction/getcenters' | 
07:44:24.540 | Info | '/transaction/getcenters' | 
07:51:46.307 | Info | '/transaction/getpermissions' | 
07:51:51.283 | Info | '/transaction/getpermissions' | 
07:56:08.516 | Info | '/transaction/getpermissions' | 
07:58:01.723 | Info | '/transaction/getcenters' | 
07:58:01.739 | Info | '/transaction/getcenters' | 
08:01:00.027 | Info | '/transaction/getcenters' | 
08:01:00.042 | Info | '/transaction/getcenters' | 
08:01:12.642 | Info | '/transaction/getcenters' | 
08:01:12.647 | Info | '/transaction/getcenters' | 
08:01:21.267 | Info | '/transaction/getcenters' | 
08:01:21.274 | Info | '/transaction/getcenters' | 
08:01:51.344 | Info | '/transaction/getcenters' | 
08:01:51.349 | Info | '/transaction/getcenters' | 
08:02:20.623 | Info | '/transaction/getcenters' | 
08:02:20.627 | Info | '/transaction/getcenters' | 
08:02:27.630 | Info | '/transaction/getcenters' | 
08:02:27.635 | Info | '/transaction/getcenters' | 
08:04:59.335 | Info | '/transaction/getpermissions' | 
08:04:59.341 | Info | '/transaction/getpermissions' | 
08:05:44.578 | Info | '/transaction/getpermissions' | 
08:05:44.583 | Info | '/transaction/getpermissions' | 
08:08:19.582 | Info | '/transaction/getpermissions' | 
08:08:19.588 | Info | '/transaction/getpermissions' | 
08:09:18.734 | Info | '/transaction/getpermissions' | 
08:09:18.738 | Info | '/transaction/getpermissions' | 
08:09:18.742 | Info | '/transaction/getpermissions' | 
08:09:18.746 | Info | '/transaction/getpermissions' | 
08:09:36.538 | Info | '/transaction/getpermissions' | 
08:09:36.544 | Info | '/transaction/getpermissions' | 
08:10:01.707 | Info | '/transaction/getpermissions' | 
08:10:01.714 | Info | '/transaction/getpermissions' | 
08:10:46.649 | Info | '/transaction/getpermissions' | 
08:10:46.655 | Info | '/transaction/getpermissions' | 
08:11:18.758 | Info | '/transaction/getpermissions' | 
08:11:18.763 | Info | '/transaction/getpermissions' | 
08:11:22.567 | Info | '/transaction/getpermissions' | 
08:11:22.571 | Info | '/transaction/getpermissions' | 
08:12:09.869 | Info | '/transaction/getpermissions' | 
08:12:09.873 | Info | '/transaction/getpermissions' | 
08:12:34.857 | Info | '/transaction/getpermissions' | 
08:12:34.863 | Info | '/transaction/getpermissions' | 
08:12:48.844 | Info | '/transaction/getpermissions' | 
08:12:48.847 | Info | '/transaction/getpermissions' | 
08:13:13.318 | Info | '/transaction/getpermissions' | 
08:13:13.322 | Info | '/transaction/getpermissions' | 
08:13:48.721 | Info | '/transaction/getpermissions' | 
08:13:48.725 | Info | '/transaction/getpermissions' | 
08:13:48.729 | Info | '/transaction/getpermissions' | 
08:13:48.732 | Info | '/transaction/getpermissions' | 
08:15:06.177 | Info | '/transaction/getpermissions' | 
08:15:06.181 | Info | '/transaction/getpermissions' | 
08:17:50.092 | Info | '/transaction/getpermissions' | 
08:17:50.096 | Info | '/transaction/getpermissions' | 
08:18:33.704 | Info | '/transaction/getpermissions' | 
08:18:33.709 | Info | '/transaction/getpermissions' | 
08:18:41.938 | Info | '/transaction/getpermissions' | 
08:18:41.940 | Info | '/transaction/getpermissions' | 
08:19:12.942 | Info | '/transaction/getpermissions' | 
08:19:12.948 | Info | '/transaction/getpermissions' | 
08:19:30.642 | Info | '/transaction/getpermissions' | 
08:19:30.646 | Info | '/transaction/getpermissions' | 
08:20:10.493 | Info | '/transaction/getpermissions' | 
08:20:10.498 | Info | '/transaction/getpermissions' | 
08:20:36.258 | Info | '/transaction/getpermissions' | 
08:20:36.263 | Info | '/transaction/getpermissions' | 
08:21:31.643 | Info | '/transaction/getpermissions' | 
08:21:31.647 | Info | '/transaction/getpermissions' | 
08:22:09.945 | Info | '/transaction/getpermissions' | 
08:22:09.951 | Info | '/transaction/getpermissions' | 
08:22:28.322 | Info | '/transaction/getpermissions' | 
08:22:28.327 | Info | '/transaction/getpermissions' | 
08:23:18.767 | Info | '/transaction/getpermissions' | 
08:23:18.771 | Info | '/transaction/getpermissions' | 
08:23:20.244 | Info | '/transaction/getpermissions' | 
08:23:20.250 | Info | '/transaction/getpermissions' | 
08:24:10.411 | Info | '/transaction/getpermissions' | 
08:24:10.418 | Info | '/transaction/getpermissions' | 
08:25:04.158 | Info | '/transaction/getpermissions' | 
08:25:04.162 | Info | '/transaction/getpermissions' | 
08:25:53.623 | Info | '/transaction/getpermissions' | 
08:25:53.629 | Info | '/transaction/getpermissions' | 
08:25:59.457 | Info | '/transaction/getpermissions' | 
08:25:59.459 | Info | '/transaction/getpermissions' | 
08:27:26.740 | Info | '/transaction/getpermissions' | 
08:27:26.746 | Info | '/transaction/getpermissions' | 
08:28:59.817 | Info | '/transaction/getpermissions' | 
08:28:59.822 | Info | '/transaction/getpermissions' | 
08:29:48.753 | Info | '/transaction/getpermissions' | 
08:29:48.757 | Info | '/transaction/getpermissions' | 
08:30:34.755 | Info | '/api/user/login' | 
08:30:38.941 | Info | '/transaction/getpermissions' | 
08:30:38.945 | Info | '/transaction/getpermissions' | 
08:31:53.506 | Info | '/transaction/getpermissions' | 
08:31:53.512 | Info | '/transaction/getpermissions' | 
08:31:58.270 | Info | '/transaction/getpermissions' | 
08:31:58.274 | Info | '/transaction/getpermissions' | 
08:32:29.838 | Info | '/transaction/getpermissions' | 
08:32:29.841 | Info | '/transaction/getpermissions' | 
08:33:33.283 | Info | '/transaction/getpermissions' | 
08:33:33.288 | Info | '/transaction/getpermissions' | 
08:34:03.722 | Info | '/transaction/getpermissions' | 
08:34:03.730 | Info | '/transaction/getpermissions' | 
08:34:16.501 | Info | '/transaction/getpermissions' | 
08:34:16.506 | Info | '/transaction/getpermissions' | 
08:35:42.543 | Info | '/transaction/getpermissions' | 
08:35:42.550 | Info | '/transaction/getpermissions' | 
08:36:59.744 | Info | '/transaction/getarea' | 
08:36:59.879 | Info | '/transaction/getarea' | 
08:37:00.318 | Info | '/transaction/getchannel' | 
08:37:00.328 | Info | '/transaction/getchannel' | 
08:37:00.943 | Info | '/transaction/getcenters' | 
08:37:00.950 | Info | '/transaction/getcenters' | 
08:37:01.759 | Info | '/transaction/getpermissions' | 
08:37:01.766 | Info | '/transaction/getpermissions' | 
08:37:07.112 | Info | '/transaction/getpermissions' | 
08:37:07.117 | Info | '/transaction/getpermissions' | 
08:37:09.408 | Info | '/transaction/getchannel' | 
08:37:09.411 | Info | '/transaction/getchannel' | 
08:37:12.400 | Info | '/transaction/getarea' | 
08:37:12.403 | Info | '/transaction/getarea' | 
08:37:14.982 | Info | '/transaction/getcenters' | 
08:37:14.987 | Info | '/transaction/getcenters' | 
08:37:16.929 | Info | '/transaction/getpermissions' | 
08:37:16.933 | Info | '/transaction/getpermissions' | 
08:39:18.760 | Info | '/transaction/getpermissions' | 
08:39:18.764 | Info | '/transaction/getpermissions' | 
08:39:19.131 | Info | '/transaction/getcenters' | 
08:39:19.136 | Info | '/transaction/getcenters' | 
08:39:19.474 | Info | '/transaction/getarea' | 
08:39:19.478 | Info | '/transaction/getarea' | 
08:39:23.296 | Info | '/transaction/getarea' | 
08:39:23.299 | Info | '/transaction/getarea' | 
08:39:35.131 | Info | '/transaction/getpermissions' | 
08:39:35.135 | Info | '/transaction/getpermissions' | 
