13:25:15.802 | Info | '/api/user/login' | 
13:25:17.761 | Info | '/transaction/getuserpermissions' | 
13:25:17.793 | Info | '/dashboard' | 
13:25:18.228 | Info | '/transaction/getuserpermissions' | 
13:25:18.839 | Info | '/dashboard' | 
13:25:22.136 | Info | '/transaction/getuserpermissions' | 
13:25:22.141 | Info | '/transaction/getuserpermissions' | 
13:25:26.212 | Info | '/api/user/login' | 
13:25:26.322 | Info | '/transaction/getuserpermissions' | 
13:25:26.324 | Info | '/dashboard' | 
13:25:26.329 | Info | '/transaction/getuserpermissions' | 
13:25:26.336 | Info | '/dashboard' | 
13:26:11.377 | Info | '/api/user/login' | 
13:26:11.474 | Info | '/transaction/getuserpermissions' | 
13:26:11.477 | Info | '/dashboard' | 
13:26:11.482 | Info | '/transaction/getuserpermissions' | 
13:26:11.488 | Info | '/dashboard' | 
13:26:15.485 | Info | '/transaction/getuserpermissions' | 
13:26:15.487 | Info | '/transaction/getuserpermissions' | 
13:26:19.299 | Info | '/api/user/login' | 
13:26:27.929 | Info | '/api/user/login' | 
13:26:28.087 | Info | '/transaction/getuserpermissions' | 
13:26:28.089 | Info | '/dashboard' | 
13:26:28.098 | Info | '/transaction/getuserpermissions' | 
13:26:28.117 | Info | '/dashboard' | 
13:26:54.990 | Info | '/transaction/getuserpermissions' | 
13:26:54.996 | Info | '/transaction/getuserpermissions' | 
13:37:38.906 | Info | '/api/user/login' | 
13:37:39.104 | Info | '/transaction/getuserpermissions' | 
13:37:39.105 | Info | '/dashboard' | 
13:37:39.110 | Info | '/transaction/getuserpermissions' | 
13:37:39.116 | Info | '/dashboard' | 
13:39:43.516 | Info | '/api/user/login' | 
13:39:43.630 | Info | '/transaction/getuserpermissions' | 
13:39:43.633 | Info | '/dashboard' | 
13:39:43.637 | Info | '/transaction/getuserpermissions' | 
13:39:43.643 | Info | '/dashboard' | 
13:40:58.858 | Info | '/api/user/login' | 
13:41:03.886 | Info | '/api/user/login' | 
13:42:28.119 | Info | '/api/user/login' | 
13:42:28.247 | Info | '/transaction/getuserpermissions' | 
13:42:28.249 | Info | '/dashboard' | 
13:42:28.253 | Info | '/transaction/getuserpermissions' | 
13:42:28.260 | Info | '/dashboard' | 
13:42:41.476 | Info | '/transaction/getuserpermissions' | 
13:42:41.481 | Info | '/transaction/getuserpermissions' | 
13:42:48.445 | Info | '/api/user/login' | 
13:42:48.553 | Info | '/transaction/getuserpermissions' | 
13:42:48.559 | Info | '/dashboard' | 
13:42:48.561 | Info | '/transaction/getuserpermissions' | 
13:42:48.568 | Info | '/dashboard' | 
13:43:06.298 | Info | '/api/user/login' | 
13:43:06.403 | Info | '/transaction/getuserpermissions' | 
13:43:06.405 | Info | '/dashboard' | 
13:43:06.411 | Info | '/transaction/getuserpermissions' | 
13:43:06.419 | Info | '/dashboard' | 
13:43:57.424 | Info | '/transaction/getuserpermissions' | 
13:43:57.429 | Info | '/transaction/getuserpermissions' | 
13:44:14.847 | Info | '/api/user/login' | 
13:44:14.998 | Info | '/transaction/getuserpermissions' | 
13:44:15.003 | Info | '/dashboard' | 
13:44:15.005 | Info | '/transaction/getuserpermissions' | 
13:44:15.012 | Info | '/dashboard' | 
13:44:42.695 | Info | '/transaction/getuserpermissions' | 
13:44:42.699 | Info | '/transaction/getuserpermissions' | 
13:44:49.230 | Info | '/api/user/login' | 
13:44:49.347 | Info | '/transaction/getuserpermissions' | 
13:44:49.350 | Info | '/dashboard' | 
13:44:49.363 | Info | '/transaction/getuserpermissions' | 
13:44:49.372 | Info | '/dashboard' | 
13:45:37.634 | Info | '/transaction/getuserpermissions' | 
13:45:37.642 | Info | '/transaction/getuserpermissions' | 
13:45:43.150 | Info | '/api/user/login' | 
13:45:43.352 | Info | '/transaction/getuserpermissions' | 
13:45:43.365 | Info | '/transaction/getuserpermissions' | 
13:45:43.372 | Info | '/dashboard' | 
13:45:43.383 | Info | '/dashboard' | 
13:46:05.087 | Info | '/api/user/login' | 
13:46:05.192 | Info | '/transaction/getuserpermissions' | 
13:46:05.195 | Info | '/dashboard' | 
13:46:05.204 | Info | '/transaction/getuserpermissions' | 
13:46:05.209 | Info | '/dashboard' | 
13:47:45.670 | Info | '/transaction/getuserpermissions' | 
13:47:45.676 | Info | '/transaction/getuserpermissions' | 
13:47:55.672 | Info | '/api/user/login' | 
13:48:02.391 | Info | '/transaction/getuserpermissions' | 
13:48:02.393 | Info | '/dashboard' | 
13:48:02.399 | Info | '/transaction/getuserpermissions' | 
13:48:02.404 | Info | '/dashboard' | 
13:48:29.056 | Info | '/transaction/getuserpermissions' | 
13:48:29.060 | Info | '/transaction/getuserpermissions' | 
13:48:40.465 | Info | '/api/user/login' | 
13:48:46.433 | Info | '/transaction/getuserpermissions' | 
13:48:46.436 | Info | '/dashboard' | 
13:48:46.440 | Info | '/transaction/getuserpermissions' | 
13:48:46.447 | Info | '/dashboard' | 
13:49:01.235 | Info | '/transaction/getuserpermissions' | 
13:49:01.241 | Info | '/transaction/getuserpermissions' | 
13:49:11.594 | Info | '/api/user/login' | 
13:49:20.492 | Info | '/transaction/getuserpermissions' | 
13:49:20.495 | Info | '/dashboard' | 
13:49:20.498 | Info | '/transaction/getuserpermissions' | 
13:49:20.510 | Info | '/dashboard' | 
13:51:02.482 | Info | '/transaction/getuserpermissions' | 
13:51:02.487 | Info | '/transaction/getuserpermissions' | 
13:51:08.059 | Info | '/api/user/login' | 
13:51:15.429 | Info | '/transaction/getuserpermissions' | 
13:51:15.431 | Info | '/dashboard' | 
13:51:15.439 | Info | '/transaction/getuserpermissions' | 
13:51:15.444 | Info | '/dashboard' | 
13:54:42.806 | Info | '/transaction/getuserpermissions' | 
13:54:42.809 | Info | '/transaction/getuserpermissions' | 
13:55:44.316 | Info | '/api/user/login' | 
13:55:44.430 | Info | '/transaction/getuserpermissions' | 
13:55:44.432 | Info | '/dashboard' | 
13:55:44.437 | Info | '/transaction/getuserpermissions' | 
13:55:44.442 | Info | '/dashboard' | 
13:55:51.192 | Info | '/api/user/login' | 
13:55:53.009 | Info | '/api/user/login' | 
13:55:53.553 | Info | '/api/user/login' | 
13:55:54.232 | Info | '/api/user/login' | 
13:55:54.979 | Info | '/api/user/login' | 
13:55:55.299 | Info | '/api/user/login' | 
13:55:55.546 | Info | '/api/user/login' | 
13:55:55.721 | Info | '/api/user/login' | 
14:05:06.664 | Info | '/api/user/login' | 
14:05:06.967 | Info | '/transaction/getuserpermissions' | 
14:05:06.969 | Info | '/dashboard' | 
14:05:06.973 | Info | '/transaction/getuserpermissions' | 
14:05:06.978 | Info | '/dashboard' | 
14:06:40.802 | Info | '/api/user/login' | 
14:06:40.885 | Info | '/transaction/getuserpermissions' | 
14:06:40.888 | Info | '/dashboard' | 
14:06:40.894 | Info | '/transaction/getuserpermissions' | 
14:06:40.905 | Info | '/dashboard' | 
14:09:57.251 | Info | '/api/user/login' | 
14:09:57.362 | Info | '/transaction/getuserpermissions' | 
14:09:57.363 | Info | '/dashboard' | 
14:09:57.367 | Info | '/transaction/getuserpermissions' | 
14:09:57.372 | Info | '/dashboard' | 
14:14:39.628 | Info | '/transaction/getuserpermissions' | 
14:14:39.631 | Info | '/transaction/getuserpermissions' | 
14:14:51.821 | Info | '/api/user/login' | 
14:14:51.947 | Info | '/transaction/getuserpermissions' | 
14:14:51.950 | Info | '/dashboard' | 
14:14:51.954 | Info | '/transaction/getuserpermissions' | 
14:14:51.960 | Info | '/dashboard' | 
14:14:55.294 | Info | '/transaction/getrequests' | 
14:14:55.304 | Info | '/transaction/getrequests' | 
14:15:18.995 | Info | '/transaction/getuserpermissions' | 
14:15:19.001 | Info | '/transaction/getuserpermissions' | 
14:16:04.275 | Info | '/api/user/login' | 
14:16:04.459 | Info | '/transaction/getuserpermissions' | 
14:16:04.464 | Info | '/dashboard' | 
14:16:04.467 | Info | '/transaction/getuserpermissions' | 
14:16:04.475 | Info | '/dashboard' | 
14:16:11.905 | Info | '/transaction/getrequests' | 
14:16:11.910 | Info | '/transaction/getrequests' | 
14:16:35.208 | Info | '/transaction/getuserpermissions' | 
14:16:35.213 | Info | '/transaction/getuserpermissions' | 
14:16:39.722 | Info | '/api/user/login' | 
14:16:40.000 | Info | '/transaction/getuserpermissions' | 
14:16:40.001 | Info | '/dashboard' | 
14:16:40.035 | Info | '/transaction/getuserpermissions' | 
14:16:40.055 | Info | '/dashboard' | 
14:16:43.952 | Info | '/transaction/getrequests' | 
14:16:43.955 | Info | '/transaction/getrequests' | 
14:17:32.031 | Info | '/transaction/getuserpermissions' | 
14:17:32.036 | Info | '/transaction/getuserpermissions' | 
14:17:36.287 | Info | '/api/user/login' | 
14:17:36.511 | Info | '/transaction/getuserpermissions' | 
14:17:36.523 | Info | '/dashboard' | 
14:17:36.526 | Info | '/transaction/getuserpermissions' | 
14:17:36.536 | Info | '/dashboard' | 
14:17:42.582 | Info | '/transaction/getrequests' | 
14:17:42.589 | Info | '/transaction/getrequests' | 
14:19:36.700 | Info | '/transaction/getuserpermissions' | 
14:19:36.705 | Info | '/transaction/getuserpermissions' | 
14:19:41.863 | Info | '/api/user/login' | 
14:19:42.052 | Info | '/transaction/getuserpermissions' | 
14:19:42.055 | Info | '/dashboard' | 
14:19:42.061 | Info | '/transaction/getuserpermissions' | 
14:19:42.072 | Info | '/dashboard' | 
14:19:47.943 | Info | '/transaction/getrequests' | 
14:19:47.946 | Info | '/transaction/getrequests' | 
14:20:13.487 | Info | '/transaction/getuserpermissions' | 
14:20:13.493 | Info | '/transaction/getuserpermissions' | 
14:20:17.580 | Info | '/api/user/login' | 
14:20:17.754 | Info | '/transaction/getuserpermissions' | 
14:20:17.759 | Info | '/transaction/getuserpermissions' | 
14:20:17.763 | Info | '/dashboard' | 
14:20:17.773 | Info | '/dashboard' | 
14:20:27.936 | Info | '/transaction/getrequests' | 
14:20:27.940 | Info | '/transaction/getrequests' | 
14:24:30.535 | Info | '/transaction/getuserpermissions' | 
14:24:30.539 | Info | '/transaction/getuserpermissions' | 
14:25:26.845 | Info | '/api/user/login' | 
14:25:27.045 | Info | '/transaction/getuserpermissions' | 
14:25:27.050 | Info | '/dashboard' | 
14:25:27.051 | Info | '/transaction/getuserpermissions' | 
14:25:27.059 | Info | '/dashboard' | 
14:25:32.147 | Info | '/transaction/getrequests' | 
14:25:32.153 | Info | '/transaction/getrequests' | 
14:25:57.656 | Info | '/transaction/getuserpermissions' | 
14:25:57.661 | Info | '/transaction/getuserpermissions' | 
14:26:02.450 | Info | '/api/user/login' | 
14:26:02.564 | Info | '/transaction/getuserpermissions' | 
14:26:02.569 | Info | '/transaction/getuserpermissions' | 
14:26:02.573 | Info | '/dashboard' | 
14:26:02.580 | Info | '/dashboard' | 
14:26:05.368 | Info | '/transaction/getrequests' | 
14:26:05.372 | Info | '/transaction/getrequests' | 
14:26:13.075 | Info | '/transaction/createrequest' | 
14:26:13.241 | Info | '/transaction/getrequests' | 
14:26:23.638 | Info | '/transaction/getuserpermissions' | 
14:26:23.639 | Info | '/transaction/getuserpermissions' | 
14:26:27.466 | Info | '/api/user/login' | 
14:26:27.561 | Info | '/transaction/getuserpermissions' | 
14:26:27.569 | Info | '/transaction/getuserpermissions' | 
14:26:27.570 | Info | '/dashboard' | 
14:26:27.577 | Info | '/dashboard' | 
14:26:31.231 | Info | '/transaction/getrequests' | 
14:26:31.234 | Info | '/transaction/getrequests' | 
14:31:14.151 | Info | '/transaction/getuserpermissions' | 
14:31:14.158 | Info | '/transaction/getuserpermissions' | 
14:31:18.228 | Info | '/api/user/login' | 
14:31:18.426 | Info | '/transaction/getuserpermissions' | 
14:31:18.432 | Info | '/transaction/getuserpermissions' | 
14:31:18.437 | Info | '/dashboard' | 
14:31:18.448 | Info | '/dashboard' | 
14:31:22.270 | Info | '/transaction/getrequests' | 
14:31:22.274 | Info | '/transaction/getrequests' | 
14:32:31.079 | Info | '/transaction/getuserpermissions' | 
14:32:31.083 | Info | '/transaction/getuserpermissions' | 
14:32:37.546 | Info | '/api/user/login' | 
14:32:37.742 | Info | '/transaction/getuserpermissions' | 
14:32:37.747 | Info | '/dashboard' | 
14:32:37.750 | Info | '/transaction/getuserpermissions' | 
14:32:37.759 | Info | '/dashboard' | 
14:32:40.869 | Info | '/transaction/getrequests' | 
14:32:40.873 | Info | '/transaction/getrequests' | 
14:32:49.274 | Info | '/transaction/getarea' | 
14:32:49.279 | Info | '/transaction/getdonationtypes' | 
14:32:49.318 | Info | '/transaction/getdonationmethods' | 
14:32:49.334 | Info | '/transaction/getarea' | 
14:32:49.341 | Info | '/transaction/getdonationtypes' | 
14:32:49.367 | Info | '/transaction/getdonationmethods' | 
14:32:59.786 | Info | '/transaction/getrequests' | 
14:32:59.795 | Info | '/transaction/getrequests' | 
15:28:18.960 | Info | '/transaction/getcenters' | 
15:28:18.976 | Info | '/transaction/getcenters' | 
15:28:23.819 | Info | '/transaction/getchannel' | 
15:28:23.850 | Info | '/transaction/getchannel' | 
15:28:24.236 | Info | '/transaction/getdonationtypes' | 
15:28:24.240 | Info | '/transaction/getdonationtypes' | 
15:28:24.781 | Info | '/transaction/getdonationmethods' | 
15:28:24.786 | Info | '/transaction/getdonationmethods' | 
15:28:26.979 | Info | '/transaction/getdonationpurpose' | 
15:28:27.011 | Info | '/transaction/getarea' | 
15:28:27.016 | Info | '/transaction/getarea' | 
15:28:27.063 | Info | '/transaction/getdonationpurpose' | 
15:28:30.095 | Info | '/transaction/getrequests' | 
15:28:30.099 | Info | '/transaction/getrequests' | 
15:30:57.485 | Info | '/api/user/login' | 
15:30:57.860 | Info | '/transaction/getuserpermissions' | 
15:30:57.866 | Info | '/dashboard' | 
15:30:57.868 | Info | '/transaction/getuserpermissions' | 
15:30:57.874 | Info | '/dashboard' | 
15:31:08.547 | Info | '/api/user/login' | 
15:31:08.637 | Info | '/transaction/getuserpermissions' | 
15:31:08.642 | Info | '/dashboard' | 
15:31:08.648 | Info | '/transaction/getuserpermissions' | 
15:31:08.659 | Info | '/dashboard' | 
15:31:11.677 | Info | '/transaction/getrequests' | 
15:31:11.680 | Info | '/transaction/getrequests' | 
15:31:14.891 | Info | '/dashboard' | 
15:31:14.902 | Info | '/dashboard' | 
15:34:54.297 | Info | '/transaction/getuserpermissions' | 
15:34:54.301 | Info | '/transaction/getuserpermissions' | 
15:35:13.587 | Info | '/api/user/login' | 
15:35:13.698 | Info | '/transaction/getuserpermissions' | 
15:35:13.700 | Info | '/dashboard' | 
15:35:13.706 | Info | '/transaction/getuserpermissions' | 
15:35:13.709 | Info | '/dashboard' | 
15:45:37.911 | Info | '/transaction/getuserpermissions' | 
15:45:37.916 | Info | '/transaction/getuserpermissions' | 
15:45:42.387 | Info | '/api/user/login' | 
15:45:42.493 | Info | '/transaction/getuserpermissions' | 
15:45:42.499 | Info | '/transaction/getuserpermissions' | 
15:45:42.501 | Info | '/dashboard' | 
15:45:42.508 | Info | '/dashboard' | 
15:45:46.003 | Info | '/transaction/getalldonations' | 
15:45:46.071 | Info | '/transaction/getalldonations' | 
15:45:47.575 | Info | '/transaction/getalldonations' | 
15:45:47.590 | Info | '/transaction/getalldonations' | 
15:45:49.601 | Info | '/transaction/getalldonations' | 
15:45:49.610 | Info | '/transaction/getalldonations' | 
15:45:50.957 | Info | '/transaction/getalldonations' | 
15:45:50.965 | Info | '/transaction/getalldonations' | 
15:45:51.975 | Info | '/transaction/getalldonations' | 
15:45:51.985 | Info | '/transaction/getalldonations' | 
15:46:02.950 | Info | '/transaction/getuserpermissions' | 
15:46:02.955 | Info | '/transaction/getuserpermissions' | 
15:46:06.836 | Info | '/api/user/login' | 
15:46:06.930 | Info | '/transaction/getuserpermissions' | 
15:46:06.933 | Info | '/dashboard' | 
15:46:06.935 | Info | '/transaction/getuserpermissions' | 
15:46:06.941 | Info | '/dashboard' | 
15:46:10.727 | Info | '/transaction/getalldonations' | 
15:46:10.748 | Info | '/transaction/getalldonations' | 
15:46:10.762 | Info | '/transaction/getalldonations' | 
15:46:10.771 | Info | '/transaction/getalldonations' | 
15:46:12.238 | Info | '/transaction/getalldonations' | 
15:46:12.245 | Info | '/transaction/getalldonations' | 
15:46:13.142 | Info | '/transaction/getalldonations' | 
15:46:13.149 | Info | '/transaction/getalldonations' | 
15:46:30.431 | Info | '/transaction/getuserpermissions' | 
15:46:30.436 | Info | '/transaction/getuserpermissions' | 
15:46:33.925 | Info | '/api/user/login' | 
15:46:34.020 | Info | '/transaction/getuserpermissions' | 
15:46:34.027 | Info | '/transaction/getuserpermissions' | 
15:46:34.030 | Info | '/dashboard' | 
15:46:34.036 | Info | '/dashboard' | 
15:46:37.080 | Info | '/transaction/getalldonations' | 
15:46:37.091 | Info | '/transaction/getalldonations' | 
15:46:37.449 | Info | '/transaction/getalldonations' | 
15:46:37.457 | Info | '/transaction/getalldonations' | 
15:46:38.057 | Info | '/transaction/getalldonations' | 
15:46:38.066 | Info | '/transaction/getalldonations' | 
15:46:38.460 | Info | '/transaction/getalldonations' | 
15:46:38.471 | Info | '/transaction/getalldonations' | 
15:46:38.805 | Info | '/transaction/getalldonations' | 
15:46:38.814 | Info | '/transaction/getalldonations' | 
15:46:39.279 | Info | '/transaction/getalldonations' | 
15:46:39.288 | Info | '/transaction/getalldonations' | 
15:46:39.666 | Info | '/transaction/getalldonations' | 
15:46:39.676 | Info | '/transaction/getalldonations' | 
15:46:41.020 | Info | '/transaction/getalldonations' | 
15:46:41.027 | Info | '/transaction/getalldonations' | 
15:55:12.176 | Info | '/transaction/getuserpermissions' | 
15:55:12.179 | Info | '/transaction/getuserpermissions' | 
15:55:17.514 | Info | '/api/user/login' | 
15:55:17.634 | Info | '/transaction/getuserpermissions' | 
15:55:17.637 | Info | '/dashboard' | 
15:55:17.640 | Info | '/transaction/getuserpermissions' | 
15:55:17.646 | Info | '/dashboard' | 
15:55:21.289 | Info | '/transaction/getalldonations' | 
15:55:21.303 | Info | '/transaction/getalldonations' | 
15:55:21.311 | Info | '/transaction/getalldonations' | 
15:55:21.322 | Info | '/transaction/getalldonations' | 
15:59:01.869 | Info | '/transaction/getuserpermissions' | 
15:59:01.875 | Info | '/transaction/getuserpermissions' | 
15:59:05.274 | Info | '/api/user/login' | 
15:59:05.376 | Info | '/transaction/getuserpermissions' | 
15:59:05.382 | Info | '/transaction/getuserpermissions' | 
15:59:05.384 | Info | '/dashboard' | 
15:59:05.389 | Info | '/dashboard' | 
15:59:08.645 | Info | '/transaction/getalldonations' | 
15:59:08.651 | Info | '/transaction/getalldonations' | 
16:00:07.086 | Info | '/transaction/getuserpermissions' | 
16:00:07.092 | Info | '/transaction/getuserpermissions' | 
16:00:10.647 | Info | '/api/user/login' | 
16:00:10.750 | Info | '/transaction/getuserpermissions' | 
16:00:10.758 | Info | '/dashboard' | 
16:00:10.759 | Info | '/transaction/getuserpermissions' | 
16:00:10.765 | Info | '/dashboard' | 
16:00:13.570 | Info | '/transaction/getalldonations' | 
16:00:13.576 | Info | '/transaction/getalldonations' | 
16:02:28.951 | Info | '/transaction/getuserpermissions' | 
16:02:28.954 | Info | '/transaction/getuserpermissions' | 
16:02:32.252 | Info | '/api/user/login' | 
16:02:32.347 | Info | '/transaction/getuserpermissions' | 
16:02:32.353 | Info | '/transaction/getuserpermissions' | 
16:02:32.358 | Info | '/dashboard' | 
16:02:32.364 | Info | '/dashboard' | 
16:02:35.177 | Info | '/transaction/getalldonations' | 
16:02:35.184 | Info | '/transaction/getalldonations' | 
16:03:02.752 | Info | '/transaction/getuserpermissions' | 
16:03:02.755 | Info | '/transaction/getuserpermissions' | 
16:03:06.474 | Info | '/api/user/login' | 
16:03:06.572 | Info | '/transaction/getuserpermissions' | 
16:03:06.577 | Info | '/transaction/getuserpermissions' | 
16:03:06.579 | Info | '/dashboard' | 
16:03:06.586 | Info | '/dashboard' | 
16:03:09.116 | Info | '/transaction/getalldonations' | 
16:03:09.122 | Info | '/transaction/getalldonations' | 
16:23:22.109 | Info | '/transaction/getuserpermissions' | 
16:23:22.130 | Info | '/transaction/getuserpermissions' | 
16:23:29.344 | Info | '/api/user/login' | 
16:23:29.976 | Info | '/transaction/getuserpermissions' | 
16:23:30.001 | Info | '/dashboard' | 
16:23:30.192 | Info | '/transaction/getuserpermissions' | 
16:23:30.208 | Info | '/dashboard' | 
16:23:47.079 | Info | '/api/user/login' | 
16:23:47.177 | Info | '/transaction/getuserpermissions' | 
16:23:47.181 | Info | '/dashboard' | 
16:23:47.183 | Info | '/transaction/getuserpermissions' | 
16:23:47.191 | Info | '/dashboard' | 
16:23:52.981 | Info | '/transaction/reports/:reportId' | 
16:43:49.383 | Info | '/api/user/login' | 
16:43:49.603 | Info | '/transaction/getuserpermissions' | 
16:43:49.606 | Info | '/dashboard' | 
16:43:49.613 | Info | '/transaction/getuserpermissions' | 
16:43:49.621 | Info | '/dashboard' | 
16:43:55.669 | Info | '/transaction/reports/:reportId' | 
16:44:20.161 | Info | '/transaction/reports/:reportId' | 
16:44:20.769 | Info | '/transaction/reports/:reportId' | 
16:44:20.946 | Info | '/transaction/reports/:reportId' | 
16:44:50.087 | Info | '/transaction/getuserpermissions' | 
16:44:50.091 | Info | '/transaction/getuserpermissions' | 
16:44:55.885 | Info | '/api/user/login' | 
16:44:56.101 | Info | '/transaction/getuserpermissions' | 
16:44:56.106 | Info | '/dashboard' | 
16:44:56.117 | Info | '/transaction/getuserpermissions' | 
16:44:56.127 | Info | '/dashboard' | 
16:44:59.781 | Info | '/transaction/reports/:reportId' | 
16:49:01.918 | Info | '/transaction/getalldonations' | 
16:49:01.927 | Info | '/transaction/getalldonations' | 
16:50:55.348 | Info | '/transaction/getuserpermissions' | 
16:50:55.420 | Info | '/transaction/getuserpermissions' | 
16:51:13.125 | Info | '/api/user/login' | 
16:51:13.243 | Info | '/transaction/getuserpermissions' | 
16:51:13.245 | Info | '/dashboard' | 
16:51:13.249 | Info | '/transaction/getuserpermissions' | 
16:51:13.255 | Info | '/dashboard' | 
16:51:21.908 | Info | '/transaction/reports/:reportId' | 
16:52:56.995 | Info | '/transaction/getuserpermissions' | 
16:52:57.004 | Info | '/transaction/getuserpermissions' | 
16:53:01.267 | Info | '/api/user/login' | 
16:53:01.386 | Info | '/transaction/getuserpermissions' | 
16:53:01.388 | Info | '/dashboard' | 
16:53:01.393 | Info | '/transaction/getuserpermissions' | 
16:53:01.399 | Info | '/dashboard' | 
16:53:05.691 | Info | '/transaction/reports/:reportId' | 
16:55:43.118 | Info | '/transaction/getuserpermissions' | 
16:55:43.122 | Info | '/transaction/getuserpermissions' | 
16:55:47.556 | Info | '/api/user/login' | 
16:55:47.660 | Info | '/transaction/getuserpermissions' | 
16:55:47.666 | Info | '/dashboard' | 
16:55:47.668 | Info | '/transaction/getuserpermissions' | 
16:55:47.676 | Info | '/dashboard' | 
16:55:51.490 | Info | '/transaction/reports/:reportId' | 
16:56:44.897 | Info | '/transaction/getuserpermissions' | 
16:56:44.902 | Info | '/transaction/getuserpermissions' | 
16:56:53.383 | Info | '/api/user/login' | 
16:56:53.487 | Info | '/transaction/getuserpermissions' | 
16:56:53.494 | Info | '/transaction/getuserpermissions' | 
16:56:53.504 | Info | '/dashboard' | 
16:56:53.510 | Info | '/dashboard' | 
16:57:01.182 | Info | '/transaction/reports/:reportId' | 
16:59:21.414 | Info | '/transaction/getuserpermissions' | 
16:59:21.420 | Info | '/transaction/getuserpermissions' | 
16:59:28.075 | Info | '/api/user/login' | 
16:59:28.205 | Info | '/transaction/getuserpermissions' | 
16:59:28.210 | Info | '/dashboard' | 
16:59:28.212 | Info | '/transaction/getuserpermissions' | 
16:59:28.218 | Info | '/dashboard' | 
16:59:34.318 | Info | '/transaction/reports/:reportId' | 
17:00:47.404 | Info | '/transaction/getuserpermissions' | 
17:00:47.408 | Info | '/transaction/getuserpermissions' | 
17:00:56.912 | Info | '/api/user/login' | 
17:00:57.165 | Info | '/transaction/getuserpermissions' | 
17:00:57.168 | Info | '/dashboard' | 
17:00:57.179 | Info | '/transaction/getuserpermissions' | 
17:00:57.195 | Info | '/dashboard' | 
17:01:03.530 | Info | '/transaction/reports/:reportId' | 
17:04:13.009 | Info | '/transaction/getuserpermissions' | 
17:04:13.015 | Info | '/transaction/getuserpermissions' | 
17:04:17.063 | Info | '/api/user/login' | 
17:04:17.241 | Info | '/transaction/getuserpermissions' | 
17:04:17.251 | Info | '/dashboard' | 
17:04:17.253 | Info | '/transaction/getuserpermissions' | 
17:04:17.263 | Info | '/dashboard' | 
17:04:19.975 | Info | '/transaction/getalldonations' | 
17:04:19.987 | Info | '/transaction/getalldonations' | 
17:04:21.526 | Info | '/transaction/reports/:reportId' | 
17:05:17.092 | Info | '/transaction/getuserpermissions' | 
17:05:17.102 | Info | '/transaction/getuserpermissions' | 
17:05:22.827 | Info | '/api/user/login' | 
17:05:22.930 | Info | '/transaction/getuserpermissions' | 
17:05:22.933 | Info | '/dashboard' | 
17:05:22.935 | Info | '/transaction/getuserpermissions' | 
17:05:22.943 | Info | '/dashboard' | 
17:05:26.785 | Info | '/transaction/reports/:reportId' | 
17:09:41.774 | Info | '/transaction/getuserpermissions' | 
17:09:41.780 | Info | '/transaction/getuserpermissions' | 
17:09:45.499 | Info | '/api/user/login' | 
17:09:45.594 | Info | '/transaction/getuserpermissions' | 
17:09:45.600 | Info | '/transaction/getuserpermissions' | 
17:09:45.602 | Info | '/dashboard' | 
17:09:45.610 | Info | '/dashboard' | 
17:09:50.333 | Info | '/transaction/reports/:reportId' | 
17:11:34.786 | Info | '/transaction/getuserpermissions' | 
17:11:34.802 | Info | '/transaction/getuserpermissions' | 
17:11:38.050 | Info | '/api/user/login' | 
17:11:38.152 | Info | '/transaction/getuserpermissions' | 
17:11:38.158 | Info | '/transaction/getuserpermissions' | 
17:11:38.160 | Info | '/dashboard' | 
17:11:38.167 | Info | '/dashboard' | 
17:11:41.836 | Info | '/transaction/reports/:reportId' | 
17:25:33.397 | Info | '/api/user/login' | 
17:25:33.595 | Info | '/transaction/getuserpermissions' | 
17:25:33.597 | Info | '/dashboard' | 
17:25:33.602 | Info | '/transaction/getuserpermissions' | 
17:25:33.605 | Info | '/dashboard' | 
17:25:38.575 | Info | '/transaction/reports/:reportId' | 
17:25:49.427 | Info | '/transaction/reports/:reportId' | 
17:26:13.263 | Info | '/transaction/getuserpermissions' | 
17:26:13.268 | Info | '/transaction/getuserpermissions' | 
17:26:17.948 | Info | '/api/user/login' | 
17:26:18.109 | Info | '/transaction/getuserpermissions' | 
17:26:18.122 | Info | '/transaction/getuserpermissions' | 
17:26:18.139 | Info | '/dashboard' | 
17:26:18.157 | Info | '/dashboard' | 
17:26:23.426 | Info | '/transaction/reports/:reportId' | 
17:27:24.361 | Info | '/transaction/getuserpermissions' | 
17:27:24.367 | Info | '/transaction/getuserpermissions' | 
17:27:31.056 | Info | '/api/user/login' | 
17:27:31.281 | Info | '/transaction/getuserpermissions' | 
17:27:31.283 | Info | '/dashboard' | 
17:27:31.288 | Info | '/transaction/getuserpermissions' | 
17:27:31.297 | Info | '/dashboard' | 
17:27:35.284 | Info | '/transaction/reports/:reportId' | 
17:29:01.053 | Info | '/transaction/getuserpermissions' | 
17:29:01.058 | Info | '/transaction/getuserpermissions' | 
17:29:08.209 | Info | '/api/user/login' | 
17:29:08.460 | Info | '/transaction/getuserpermissions' | 
17:29:08.461 | Info | '/dashboard' | 
17:29:08.474 | Info | '/transaction/getuserpermissions' | 
17:29:08.483 | Info | '/dashboard' | 
17:29:12.568 | Info | '/transaction/reports/:reportId' | 
17:30:41.378 | Info | '/transaction/getuserpermissions' | 
17:30:41.384 | Info | '/transaction/getuserpermissions' | 
17:30:45.512 | Info | '/api/user/login' | 
17:30:45.772 | Info | '/transaction/getuserpermissions' | 
17:30:45.778 | Info | '/transaction/getuserpermissions' | 
17:30:45.790 | Info | '/dashboard' | 
17:30:45.799 | Info | '/dashboard' | 
17:30:49.189 | Info | '/transaction/reports/:reportId' | 
17:37:38.874 | Info | '/transaction/getuserpermissions' | 
17:37:38.878 | Info | '/transaction/getuserpermissions' | 
17:37:43.278 | Info | '/api/user/login' | 
17:37:43.503 | Info | '/transaction/getuserpermissions' | 
17:37:43.510 | Info | '/dashboard' | 
17:37:43.512 | Info | '/transaction/getuserpermissions' | 
17:37:43.536 | Info | '/dashboard' | 
17:37:47.785 | Info | '/transaction/reports/:reportId' | 
17:49:53.778 | Info | '/api/user/login' | 
17:49:53.937 | Info | '/transaction/getuserpermissions' | 
17:49:53.938 | Info | '/dashboard' | 
17:49:53.942 | Info | '/transaction/getuserpermissions' | 
17:49:53.949 | Info | '/dashboard' | 
17:49:58.680 | Info | '/transaction/reports/:reportId' | 
17:51:40.328 | Info | '/transaction/getuserpermissions' | 
17:51:40.333 | Info | '/transaction/getuserpermissions' | 
17:51:46.598 | Info | '/api/user/login' | 
17:51:46.827 | Info | '/transaction/getuserpermissions' | 
17:51:46.830 | Info | '/dashboard' | 
17:51:46.834 | Info | '/transaction/getuserpermissions' | 
17:51:46.851 | Info | '/dashboard' | 
17:51:51.568 | Info | '/transaction/reports/:reportId' | 
17:52:33.617 | Info | '/transaction/getuserpermissions' | 
17:52:33.633 | Info | '/transaction/getuserpermissions' | 
17:52:37.745 | Info | '/api/user/login' | 
17:52:37.935 | Info | '/transaction/getuserpermissions' | 
17:52:37.942 | Info | '/transaction/getuserpermissions' | 
17:52:37.950 | Info | '/dashboard' | 
17:52:37.957 | Info | '/dashboard' | 
17:52:41.043 | Info | '/transaction/reports/:reportId' | 
17:53:45.019 | Info | '/transaction/getuserpermissions' | 
17:53:45.023 | Info | '/transaction/getuserpermissions' | 
17:53:49.054 | Info | '/api/user/login' | 
17:53:49.271 | Info | '/transaction/getuserpermissions' | 
17:53:49.279 | Info | '/dashboard' | 
17:53:49.281 | Info | '/transaction/getuserpermissions' | 
17:53:49.395 | Info | '/dashboard' | 
17:53:53.437 | Info | '/transaction/reports/:reportId' | 
17:58:12.998 | Info | '/transaction/getuserpermissions' | 
17:58:13.002 | Info | '/transaction/getuserpermissions' | 
17:58:16.855 | Info | '/api/user/login' | 
17:58:17.078 | Info | '/transaction/getuserpermissions' | 
17:58:17.087 | Info | '/transaction/getuserpermissions' | 
17:58:17.091 | Info | '/dashboard' | 
17:58:17.110 | Info | '/dashboard' | 
17:58:22.215 | Info | '/transaction/reports/:reportId' | 
18:06:14.771 | Info | '/transaction/getuserpermissions' | 
18:06:14.775 | Info | '/transaction/getuserpermissions' | 
18:06:19.502 | Info | '/api/user/login' | 
18:06:19.655 | Info | '/transaction/getuserpermissions' | 
18:06:19.661 | Info | '/transaction/getuserpermissions' | 
18:06:19.664 | Info | '/dashboard' | 
18:06:19.671 | Info | '/dashboard' | 
18:21:38.563 | Info | '/transaction/getalldonations' | 
18:21:38.575 | Info | '/transaction/getalldonations' | 
18:27:11.588 | Info | '/transaction/getalldonations' | 
18:27:11.593 | Info | '/transaction/getalldonations' | 
