09:53:42.880 | Info | '/api/user/login' | 
09:53:43.623 | Info | '/transaction/getuserpermissions' | 
09:53:43.627 | Info | '/transaction/myprofile' | 
09:53:43.637 | Info | '/transaction/getuserpermissions' | 
09:53:43.727 | Info | '/transaction/myprofile' | 
09:53:43.735 | Info | '/transaction/myprofile' | 
09:53:43.753 | Info | '/transaction/myprofile' | 
10:34:54.504 | Info | '/transaction/getagentrequests' | 
10:34:54.516 | Info | '/transaction/getagentrequests' | 
10:35:28.755 | Info | '/transaction/getchannel' | 
10:35:28.770 | Info | '/transaction/getcenters' | 
10:35:28.773 | Info | '/transaction/getuserroles' | 
10:35:28.778 | Info | '/transaction/getusers' | 
10:35:28.782 | Info | '/transaction/getchannel' | 
10:35:28.796 | Info | '/transaction/getuserroles' | 
10:35:28.793 | Info | '/transaction/getusers' | 
10:35:28.787 | Info | '/transaction/getcenters' | 
10:37:07.772 | Info | '/transaction/getagentrequests' | 
10:37:07.788 | Info | '/transaction/getagentrequests' | 
10:47:40.056 | Info | '/transaction/getchannel' | 
10:47:40.059 | Info | '/transaction/getcenters' | 
10:47:40.062 | Info | '/transaction/getuserroles' | 
10:47:40.080 | Info | '/transaction/getcenters' | 
10:47:40.083 | Info | '/transaction/getuserroles' | 
10:47:40.092 | Info | '/transaction/getusers' | 
10:47:40.073 | Info | '/transaction/getchannel' | 
10:47:40.076 | Info | '/transaction/getusers' | 
10:47:50.295 | Info | '/transaction/getchannel' | 
10:47:50.300 | Info | '/transaction/getchannel' | 
10:47:53.897 | Info | '/transaction/getpermissions' | 
10:47:53.900 | Info | '/transaction/getuserroles' | 
10:47:53.906 | Info | '/transaction/getuserroles' | 
10:47:53.908 | Info | '/transaction/getpermissions' | 
10:47:54.158 | Info | '/transaction/getchannel' | 
10:47:54.166 | Info | '/transaction/getuserroles' | 
10:47:54.171 | Info | '/transaction/getcenters' | 
10:47:54.173 | Info | '/transaction/getusers' | 
10:47:54.186 | Info | '/transaction/getchannel' | 
10:47:54.191 | Info | '/transaction/getuserroles' | 
10:47:54.196 | Info | '/transaction/getusers' | 
10:47:54.193 | Info | '/transaction/getcenters' | 
11:17:47.551 | Info | '/transaction/getagentrequests' | 
11:17:47.561 | Info | '/transaction/getagentrequests' | 
11:17:49.309 | Info | '/transaction/myprofile' | 
11:17:49.325 | Info | '/transaction/myprofile' | 
11:17:49.333 | Info | '/transaction/myprofile' | 
11:17:49.340 | Info | '/transaction/myprofile' | 
12:03:53.575 | Info | '/transaction/getchannel' | 
12:03:53.577 | Info | '/transaction/getuserroles' | 
12:03:53.613 | Info | '/transaction/getchannel' | 
12:03:53.615 | Info | '/transaction/getcenters' | 
12:03:53.617 | Info | '/transaction/getuserroles' | 
12:03:53.619 | Info | '/transaction/getusers' | 
12:03:53.580 | Info | '/transaction/getusers' | 
12:03:53.625 | Info | '/transaction/getcenters' | 
12:03:54.106 | Info | '/transaction/getuserroles' | 
12:03:54.127 | Info | '/transaction/getpermissions' | 
12:03:54.132 | Info | '/transaction/getpermissions' | 
12:03:54.162 | Info | '/transaction/getuserroles' | 
12:03:54.494 | Info | '/transaction/getcenters' | 
12:03:54.499 | Info | '/transaction/getcenters' | 
12:03:55.027 | Info | '/transaction/getchannel' | 
12:03:55.032 | Info | '/transaction/getchannel' | 
12:03:56.021 | Info | '/transaction/getchannel' | 
12:03:56.023 | Info | '/transaction/getcenters' | 
12:03:56.025 | Info | '/transaction/getuserroles' | 
12:03:56.028 | Info | '/transaction/getusers' | 
12:03:56.035 | Info | '/transaction/getchannel' | 
12:03:56.036 | Info | '/transaction/getcenters' | 
12:03:56.038 | Info | '/transaction/getuserroles' | 
12:03:56.040 | Info | '/transaction/getusers' | 
12:03:57.568 | Info | '/transaction/getagentrequests' | 
12:03:57.573 | Info | '/transaction/getagentrequests' | 
12:14:52.221 | Info | '/transaction/getuserpermissions' | 
12:14:52.225 | Info | '/transaction/getuserpermissions' | 
12:14:56.190 | Info | '/api/user/login' | 
12:14:57.200 | Info | '/transaction/getuserpermissions' | 
12:14:57.360 | Info | '/transaction/myprofile' | 
12:14:57.367 | Info | '/transaction/getuserpermissions' | 
12:14:57.445 | Info | '/transaction/myprofile' | 
12:14:57.458 | Info | '/transaction/myprofile' | 
12:14:57.468 | Info | '/transaction/myprofile' | 
12:14:59.456 | Info | '/transaction/getagentrequests' | 
12:14:59.460 | Info | '/transaction/getagentrequests' | 
12:15:38.443 | Info | '/transaction/getuserpermissions' | 
12:15:38.448 | Info | '/transaction/getuserpermissions' | 
12:15:42.873 | Info | '/api/user/login' | 
12:15:42.986 | Info | '/transaction/getuserpermissions' | 
12:15:42.995 | Info | '/transaction/getuserpermissions' | 
12:15:43.003 | Info | '/transaction/myprofile' | 
12:15:43.013 | Info | '/transaction/myprofile' | 
12:15:43.057 | Info | '/transaction/myprofile' | 
12:15:43.067 | Info | '/transaction/myprofile' | 
12:15:46.225 | Info | '/transaction/getagentrequests' | 
12:15:46.229 | Info | '/transaction/getagentrequests' | 
12:15:54.739 | Info | '/transaction/getuserpermissions' | 
12:15:54.744 | Info | '/transaction/getuserpermissions' | 
12:16:01.106 | Info | '/api/user/login' | 
12:16:01.218 | Info | '/transaction/getuserpermissions' | 
12:16:01.234 | Info | '/transaction/myprofile' | 
12:16:01.235 | Info | '/transaction/getuserpermissions' | 
12:16:01.466 | Info | '/transaction/myprofile' | 
12:16:01.473 | Info | '/transaction/myprofile' | 
12:16:01.478 | Info | '/transaction/myprofile' | 
12:16:03.938 | Info | '/transaction/getagentrequests' | 
12:16:03.942 | Info | '/transaction/getagentrequests' | 
12:17:24.835 | Info | '/transaction/getuserpermissions' | 
12:17:24.839 | Info | '/transaction/getuserpermissions' | 
12:17:45.369 | Info | '/api/user/login' | 
12:17:45.561 | Info | '/transaction/getuserpermissions' | 
12:17:45.574 | Info | '/transaction/myprofile' | 
12:17:45.576 | Info | '/transaction/getuserpermissions' | 
12:17:45.587 | Info | '/transaction/myprofile' | 
12:17:45.597 | Info | '/transaction/myprofile' | 
12:17:45.603 | Info | '/transaction/myprofile' | 
12:17:48.249 | Info | '/transaction/getagentrequests' | 
12:17:48.256 | Info | '/transaction/getagentrequests' | 
12:18:04.423 | Info | '/transaction/getuserpermissions' | 
12:18:04.429 | Info | '/transaction/getuserpermissions' | 
12:18:07.919 | Info | '/api/user/login' | 
12:18:08.066 | Info | '/transaction/getuserpermissions' | 
12:18:08.081 | Info | '/transaction/myprofile' | 
12:18:08.084 | Info | '/transaction/getuserpermissions' | 
12:18:08.102 | Info | '/transaction/myprofile' | 
12:18:08.123 | Info | '/transaction/myprofile' | 
12:18:08.129 | Info | '/transaction/myprofile' | 
12:18:17.288 | Info | '/transaction/getagentrequests' | 
12:18:17.298 | Info | '/transaction/getagentrequests' | 
12:27:22.694 | Info | '/transaction/getuserpermissions' | 
12:27:22.699 | Info | '/transaction/getuserpermissions' | 
12:27:26.947 | Info | '/api/user/login' | 
12:27:27.089 | Info | '/transaction/getuserpermissions' | 
12:27:27.100 | Info | '/transaction/getuserpermissions' | 
12:27:27.106 | Info | '/transaction/myprofile' | 
12:27:27.120 | Info | '/transaction/myprofile' | 
12:27:27.127 | Info | '/transaction/myprofile' | 
12:27:27.133 | Info | '/transaction/myprofile' | 
12:27:28.890 | Info | '/transaction/getagentrequests' | 
12:27:28.895 | Info | '/transaction/getagentrequests' | 
12:55:30.517 | Info | '/transaction/getuserpermissions' | 
12:55:30.521 | Info | '/transaction/getuserpermissions' | 
13:00:10.382 | Info | '/api/user/login' | 
13:00:10.613 | Info | '/transaction/getuserpermissions' | 
13:00:10.625 | Info | '/transaction/getuserpermissions' | 
13:00:10.653 | Info | '/transaction/myprofile' | 
13:00:10.724 | Info | '/transaction/myprofile' | 
13:00:10.728 | Info | '/transaction/myprofile' | 
13:00:10.741 | Info | '/transaction/myprofile' | 
13:00:12.355 | Info | '/transaction/getagentrequests' | 
13:00:12.433 | Info | '/transaction/getagentrequests' | 
13:00:12.438 | Info | '/transaction/getagentrequests' | 
13:00:12.443 | Info | '/transaction/getagentrequests' | 
13:01:25.276 | Info | '/transaction/getuserpermissions' | 
13:01:25.283 | Info | '/transaction/getuserpermissions' | 
13:01:28.087 | Info | '/api/user/login' | 
13:01:28.270 | Info | '/transaction/getuserpermissions' | 
13:01:28.338 | Info | '/transaction/myprofile' | 
13:01:28.346 | Info | '/transaction/getuserpermissions' | 
13:01:28.350 | Info | '/transaction/myprofile' | 
13:01:28.362 | Info | '/transaction/myprofile' | 
13:01:28.372 | Info | '/transaction/myprofile' | 
13:01:30.363 | Info | '/transaction/getagentrequests' | 
13:01:30.369 | Info | '/transaction/getagentrequests' | 
13:01:30.375 | Info | '/transaction/getagentrequests' | 
13:01:30.380 | Info | '/transaction/getagentrequests' | 
13:02:16.829 | Info | '/transaction/getuserpermissions' | 
13:02:16.835 | Info | '/transaction/getuserpermissions' | 
13:02:19.884 | Info | '/api/user/login' | 
13:02:20.027 | Info | '/transaction/getuserpermissions' | 
13:02:20.038 | Info | '/transaction/getuserpermissions' | 
13:02:20.050 | Info | '/transaction/myprofile' | 
13:02:20.058 | Info | '/transaction/myprofile' | 
13:02:20.065 | Info | '/transaction/myprofile' | 
13:02:20.077 | Info | '/transaction/myprofile' | 
13:02:21.907 | Info | '/transaction/getagentrequests' | 
13:02:21.912 | Info | '/transaction/getagentrequests' | 
13:02:21.918 | Info | '/transaction/getagentrequests' | 
13:02:21.925 | Info | '/transaction/getagentrequests' | 
13:03:11.171 | Info | '/transaction/getuserpermissions' | 
13:03:11.176 | Info | '/transaction/getuserpermissions' | 
13:03:14.607 | Info | '/api/user/login' | 
13:03:14.770 | Info | '/transaction/getuserpermissions' | 
13:03:14.788 | Info | '/transaction/getuserpermissions' | 
13:03:14.790 | Info | '/transaction/myprofile' | 
13:03:14.816 | Info | '/transaction/myprofile' | 
13:03:14.821 | Info | '/transaction/myprofile' | 
13:03:14.828 | Info | '/transaction/myprofile' | 
13:03:17.027 | Info | '/transaction/getagentrequests' | 
13:03:17.038 | Info | '/transaction/getagentrequests' | 
13:03:17.047 | Info | '/transaction/getagentrequests' | 
13:03:17.053 | Info | '/transaction/getagentrequests' | 
13:04:47.403 | Info | '/transaction/getuserpermissions' | 
13:04:47.407 | Info | '/transaction/getuserpermissions' | 
13:04:50.032 | Info | '/api/user/login' | 
13:04:50.164 | Info | '/transaction/getuserpermissions' | 
13:04:50.173 | Info | '/transaction/getuserpermissions' | 
13:04:50.182 | Info | '/transaction/myprofile' | 
13:04:50.189 | Info | '/transaction/myprofile' | 
13:04:50.199 | Info | '/transaction/myprofile' | 
13:04:50.206 | Info | '/transaction/myprofile' | 
13:04:51.784 | Info | '/transaction/getagentrequests' | 
13:04:51.790 | Info | '/transaction/getagentrequests' | 
13:04:51.796 | Info | '/transaction/getagentrequests' | 
13:04:51.804 | Info | '/transaction/getagentrequests' | 
13:05:54.283 | Info | '/transaction/getuserpermissions' | 
13:05:54.287 | Info | '/transaction/getuserpermissions' | 
13:05:57.489 | Info | '/api/user/login' | 
13:05:57.647 | Info | '/transaction/getuserpermissions' | 
13:05:57.661 | Info | '/transaction/getuserpermissions' | 
13:05:57.665 | Info | '/transaction/myprofile' | 
13:05:57.678 | Info | '/transaction/myprofile' | 
13:05:57.688 | Info | '/transaction/myprofile' | 
13:05:57.699 | Info | '/transaction/myprofile' | 
13:05:59.514 | Info | '/transaction/getagentrequests' | 
13:05:59.523 | Info | '/transaction/getagentrequests' | 
13:05:59.536 | Info | '/transaction/getagentrequests' | 
13:05:59.543 | Info | '/transaction/getagentrequests' | 
13:06:41.824 | Info | '/transaction/getuserpermissions' | 
13:06:41.830 | Info | '/transaction/getuserpermissions' | 
13:06:44.602 | Info | '/api/user/login' | 
13:06:44.780 | Info | '/transaction/getuserpermissions' | 
13:06:44.802 | Info | '/transaction/getuserpermissions' | 
13:06:44.805 | Info | '/transaction/myprofile' | 
13:06:44.834 | Info | '/transaction/myprofile' | 
13:06:44.839 | Info | '/transaction/myprofile' | 
13:06:44.845 | Info | '/transaction/myprofile' | 
13:06:46.675 | Info | '/transaction/getagentrequests' | 
13:06:46.682 | Info | '/transaction/getagentrequests' | 
13:06:46.689 | Info | '/transaction/getagentrequests' | 
13:06:46.695 | Info | '/transaction/getagentrequests' | 
13:13:04.479 | Info | '/transaction/getuserpermissions' | 
13:13:04.484 | Info | '/transaction/getuserpermissions' | 
13:13:06.971 | Info | '/api/user/login' | 
13:13:07.145 | Info | '/transaction/getuserpermissions' | 
13:13:07.157 | Info | '/transaction/myprofile' | 
13:13:07.160 | Info | '/transaction/getuserpermissions' | 
13:13:07.173 | Info | '/transaction/myprofile' | 
13:13:07.185 | Info | '/transaction/myprofile' | 
13:13:07.190 | Info | '/transaction/myprofile' | 
13:13:08.946 | Info | '/transaction/getagentrequests' | 
13:13:09.005 | Info | '/transaction/getagentrequests' | 
13:13:09.009 | Info | '/transaction/getagentrequests' | 
13:13:09.014 | Info | '/transaction/getagentrequests' | 
13:13:37.466 | Info | '/transaction/getuserpermissions' | 
13:13:37.471 | Info | '/transaction/getuserpermissions' | 
13:13:40.652 | Info | '/api/user/login' | 
13:13:40.786 | Info | '/transaction/getuserpermissions' | 
13:13:40.818 | Info | '/transaction/getuserpermissions' | 
13:13:40.820 | Info | '/transaction/myprofile' | 
13:13:40.834 | Info | '/transaction/myprofile' | 
13:13:40.843 | Info | '/transaction/myprofile' | 
13:13:40.855 | Info | '/transaction/myprofile' | 
13:13:42.703 | Info | '/transaction/getagentrequests' | 
13:13:42.710 | Info | '/transaction/getagentrequests' | 
13:13:42.718 | Info | '/transaction/getagentrequests' | 
13:13:42.728 | Info | '/transaction/getagentrequests' | 
13:14:20.080 | Info | '/transaction/getagentrequests' | 
13:14:20.084 | Info | '/transaction/getagentrequests' | 
13:14:36.316 | Info | '/transaction/getuserpermissions' | 
13:14:36.321 | Info | '/transaction/getuserpermissions' | 
13:14:40.854 | Info | '/api/user/login' | 
13:14:40.957 | Info | '/transaction/getuserpermissions' | 
13:14:40.968 | Info | '/transaction/getuserpermissions' | 
13:14:40.975 | Info | '/transaction/myprofile' | 
13:14:40.984 | Info | '/transaction/myprofile' | 
13:14:41.011 | Info | '/transaction/myprofile' | 
13:14:41.023 | Info | '/transaction/myprofile' | 
13:14:42.511 | Info | '/transaction/getagentrequests' | 
13:14:42.515 | Info | '/transaction/getagentrequests' | 
13:14:42.526 | Info | '/transaction/getagentrequests' | 
13:14:42.538 | Info | '/transaction/getagentrequests' | 
13:15:01.589 | Info | '/transaction/getuserpermissions' | 
13:15:01.594 | Info | '/transaction/getuserpermissions' | 
13:15:04.181 | Info | '/api/user/login' | 
13:15:04.274 | Info | '/transaction/getuserpermissions' | 
13:15:04.282 | Info | '/transaction/getuserpermissions' | 
13:15:04.298 | Info | '/transaction/myprofile' | 
13:15:04.306 | Info | '/transaction/myprofile' | 
13:15:04.317 | Info | '/transaction/myprofile' | 
13:15:04.323 | Info | '/transaction/myprofile' | 
13:15:06.338 | Info | '/transaction/getagentrequests' | 
13:15:06.342 | Info | '/transaction/getagentrequests' | 
13:15:06.348 | Info | '/transaction/getagentrequests' | 
13:15:06.354 | Info | '/transaction/getagentrequests' | 
13:45:11.295 | Info | '/api/user/login' | 
13:45:11.513 | Info | '/transaction/getuserpermissions' | 
13:45:11.517 | Info | '/transaction/myprofile' | 
13:45:11.536 | Info | '/transaction/myprofile' | 
13:45:11.538 | Info | '/transaction/getuserpermissions' | 
13:45:11.546 | Info | '/transaction/myprofile' | 
13:45:11.558 | Info | '/transaction/myprofile' | 
13:45:14.732 | Info | '/transaction/getagentrequests' | 
13:45:14.736 | Info | '/transaction/getagentrequests' | 
13:45:44.007 | Info | '/api/user/login' | 
13:45:44.152 | Info | '/transaction/getuserpermissions' | 
13:45:44.165 | Info | '/transaction/getuserpermissions' | 
13:45:44.170 | Info | '/transaction/myprofile' | 
13:45:44.178 | Info | '/transaction/myprofile' | 
13:45:44.188 | Info | '/transaction/myprofile' | 
13:45:44.199 | Info | '/transaction/myprofile' | 
13:45:45.648 | Info | '/transaction/getagentrequests' | 
13:45:45.654 | Info | '/transaction/getagentrequests' | 
13:47:12.293 | Info | '/api/user/login' | 
13:47:12.530 | Info | '/transaction/getuserpermissions' | 
13:47:12.534 | Info | '/transaction/myprofile' | 
13:47:12.547 | Info | '/transaction/getuserpermissions' | 
13:47:12.555 | Info | '/transaction/myprofile' | 
13:47:12.566 | Info | '/transaction/myprofile' | 
13:47:12.572 | Info | '/transaction/myprofile' | 
13:47:14.782 | Info | '/transaction/getagentrequests' | 
13:47:14.793 | Info | '/transaction/getagentrequests' | 
13:47:29.640 | Info | '/transaction/myprofile' | 
13:47:29.648 | Info | '/transaction/myprofile' | 
13:47:29.656 | Info | '/transaction/myprofile' | 
13:47:29.660 | Info | '/transaction/myprofile' | 
13:47:35.430 | Info | '/api/user/login' | 
13:47:35.566 | Info | '/transaction/getuserpermissions' | 
13:47:35.573 | Info | '/transaction/myprofile' | 
13:47:35.576 | Info | '/transaction/getuserpermissions' | 
13:47:35.599 | Info | '/transaction/myprofile' | 
13:47:35.610 | Info | '/transaction/myprofile' | 
13:47:35.615 | Info | '/transaction/myprofile' | 
13:47:38.207 | Info | '/transaction/getagentrequests' | 
13:47:38.213 | Info | '/transaction/getagentrequests' | 
13:48:46.552 | Info | '/api/user/login' | 
13:48:46.693 | Info | '/transaction/getuserpermissions' | 
13:48:46.766 | Info | '/transaction/myprofile' | 
13:48:46.797 | Info | '/transaction/getuserpermissions' | 
13:48:46.835 | Info | '/transaction/myprofile' | 
13:48:46.847 | Info | '/transaction/myprofile' | 
13:48:46.855 | Info | '/transaction/myprofile' | 
13:48:48.191 | Info | '/transaction/getagentrequests' | 
13:48:48.200 | Info | '/transaction/getagentrequests' | 
13:49:07.164 | Info | '/api/user/login' | 
13:49:07.364 | Info | '/transaction/getuserpermissions' | 
13:49:07.381 | Info | '/transaction/myprofile' | 
13:49:07.385 | Info | '/transaction/getuserpermissions' | 
13:49:07.425 | Info | '/transaction/myprofile' | 
13:49:07.439 | Info | '/transaction/myprofile' | 
13:49:07.443 | Info | '/transaction/myprofile' | 
13:49:08.861 | Info | '/transaction/getagentrequests' | 
13:49:08.868 | Info | '/transaction/getagentrequests' | 
13:50:00.756 | Info | '/transaction/getuserpermissions' | 
13:50:00.766 | Info | '/transaction/getuserpermissions' | 
13:50:00.769 | Info | '/transaction/getagentrequests' | 
13:50:00.774 | Info | '/transaction/getagentrequests' | 
13:50:00.786 | Info | '/transaction/getagentrequests' | 
13:50:00.792 | Info | '/transaction/getagentrequests' | 
13:50:08.217 | Info | '/transaction/getuserpermissions' | 
13:50:08.224 | Info | '/transaction/getuserpermissions' | 
13:50:11.146 | Info | '/api/user/login' | 
13:50:11.247 | Info | '/transaction/getuserpermissions' | 
13:50:11.259 | Info | '/transaction/getuserpermissions' | 
13:50:11.263 | Info | '/transaction/myprofile' | 
13:50:11.271 | Info | '/transaction/myprofile' | 
13:50:11.280 | Info | '/transaction/myprofile' | 
13:50:11.330 | Info | '/transaction/myprofile' | 
13:50:12.785 | Info | '/transaction/getagentrequests' | 
13:50:12.788 | Info | '/transaction/getagentrequests' | 
13:50:12.793 | Info | '/transaction/getagentrequests' | 
13:50:12.798 | Info | '/transaction/getagentrequests' | 
13:50:50.992 | Info | '/api/user/login' | 
13:50:51.130 | Info | '/transaction/getuserpermissions' | 
13:50:51.138 | Info | '/transaction/myprofile' | 
13:50:51.145 | Info | '/transaction/getuserpermissions' | 
13:50:51.149 | Info | '/transaction/myprofile' | 
13:50:51.158 | Info | '/transaction/myprofile' | 
13:50:51.167 | Info | '/transaction/myprofile' | 
13:50:52.427 | Info | '/transaction/getagentrequests' | 
13:50:52.432 | Info | '/transaction/getagentrequests' | 
13:50:52.438 | Info | '/transaction/getagentrequests' | 
13:50:52.443 | Info | '/transaction/getagentrequests' | 
14:12:28.122 | Info | '/transaction/getuserpermissions' | 
14:12:28.135 | Info | '/transaction/getuserpermissions' | 
14:12:33.424 | Info | '/api/user/login' | 
14:12:34.242 | Info | '/transaction/getuserpermissions' | 
14:12:34.365 | Info | '/transaction/myprofile' | 
14:12:34.561 | Info | '/transaction/getuserpermissions' | 
14:12:34.572 | Info | '/transaction/myprofile' | 
14:12:34.576 | Info | '/transaction/myprofile' | 
14:12:34.582 | Info | '/transaction/myprofile' | 
14:12:36.208 | Info | '/transaction/getagentrequests' | 
14:12:36.218 | Info | '/transaction/getagentrequests' | 
14:12:38.049 | Info | '/transaction/getagentrequests/:id/id' | 
14:13:33.592 | Info | '/transaction/getuserpermissions' | 
14:13:33.601 | Info | '/transaction/getuserpermissions' | 
14:13:37.002 | Info | '/api/user/login' | 
14:13:37.120 | Info | '/transaction/getuserpermissions' | 
14:13:37.130 | Info | '/transaction/getuserpermissions' | 
14:13:37.135 | Info | '/transaction/myprofile' | 
14:13:37.146 | Info | '/transaction/myprofile' | 
14:13:37.153 | Info | '/transaction/myprofile' | 
14:13:37.159 | Info | '/transaction/myprofile' | 
14:13:38.647 | Info | '/transaction/getagentrequests' | 
14:13:38.654 | Info | '/transaction/getagentrequests' | 
14:13:43.960 | Info | '/transaction/getagentrequests/:id/id' | 
14:15:05.360 | Info | '/transaction/getuserpermissions' | 
14:15:05.379 | Info | '/transaction/getuserpermissions' | 
14:15:08.442 | Info | '/api/user/login' | 
14:15:19.034 | Info | '/api/user/login' | 
14:15:19.173 | Info | '/transaction/getuserpermissions' | 
14:15:19.190 | Info | '/transaction/myprofile' | 
14:15:19.255 | Info | '/transaction/getuserpermissions' | 
14:15:19.268 | Info | '/transaction/myprofile' | 
14:15:19.273 | Info | '/transaction/myprofile' | 
14:15:19.281 | Info | '/transaction/myprofile' | 
14:15:20.890 | Info | '/transaction/getagentrequests' | 
14:15:20.900 | Info | '/transaction/getagentrequests' | 
14:15:25.657 | Info | '/transaction/getagentrequests/:id/id' | 
14:16:15.343 | Info | '/transaction/getagentrequests' | 
14:16:15.564 | Info | '/transaction/getagentrequests' | 
14:16:20.249 | Info | '/transaction/getagentrequests/:id/id' | 
14:17:37.816 | Info | '/api/user/login' | 
14:17:38.189 | Info | '/transaction/getuserpermissions' | 
14:17:38.200 | Info | '/transaction/myprofile' | 
14:17:38.263 | Info | '/transaction/getuserpermissions' | 
14:17:38.273 | Info | '/transaction/myprofile' | 
14:17:38.278 | Info | '/transaction/myprofile' | 
14:17:38.283 | Info | '/transaction/myprofile' | 
14:17:40.141 | Info | '/transaction/getagentrequests' | 
14:17:40.151 | Info | '/transaction/getagentrequests' | 
14:17:44.437 | Info | '/transaction/getagentrequests/:id/id' | 
14:18:23.439 | Info | '/api/user/login' | 
14:18:23.568 | Info | '/transaction/getuserpermissions' | 
14:18:23.578 | Info | '/transaction/myprofile' | 
14:18:23.597 | Info | '/transaction/getuserpermissions' | 
14:18:23.623 | Info | '/transaction/myprofile' | 
14:18:23.630 | Info | '/transaction/myprofile' | 
14:18:23.636 | Info | '/transaction/myprofile' | 
14:19:25.035 | Info | '/api/user/login' | 
14:19:25.208 | Info | '/transaction/getuserpermissions' | 
14:19:25.226 | Info | '/transaction/myprofile' | 
14:19:25.229 | Info | '/transaction/getuserpermissions' | 
14:19:25.240 | Info | '/transaction/myprofile' | 
14:19:25.249 | Info | '/transaction/myprofile' | 
14:19:25.259 | Info | '/transaction/myprofile' | 
14:19:26.774 | Info | '/transaction/getagentrequests' | 
14:19:26.779 | Info | '/transaction/getagentrequests' | 
14:19:31.027 | Info | '/transaction/getagentrequests/:id/id' | 
14:19:44.917 | Info | '/transaction/getagentrequests/:id/id' | 
14:19:51.526 | Info | '/transaction/getagentrequests/:id/id' | 
14:21:16.018 | Info | '/transaction/getagentrequests/:id/id' | 
14:21:59.428 | Info | '/transaction/getuserpermissions' | 
14:21:59.433 | Info | '/transaction/getuserpermissions' | 
14:22:02.391 | Info | '/api/user/login' | 
14:22:02.492 | Info | '/transaction/getuserpermissions' | 
14:22:02.502 | Info | '/transaction/getuserpermissions' | 
14:22:02.509 | Info | '/transaction/myprofile' | 
14:22:02.518 | Info | '/transaction/myprofile' | 
14:22:02.528 | Info | '/transaction/myprofile' | 
14:22:02.538 | Info | '/transaction/myprofile' | 
14:22:04.160 | Info | '/transaction/getagentrequests' | 
14:22:04.166 | Info | '/transaction/getagentrequests' | 
14:22:05.411 | Info | '/transaction/getagentrequests/:id/id' | 
14:22:09.646 | Info | '/transaction/getagentrequests/:id/id' | 
14:22:12.296 | Info | '/transaction/getagentrequests/:id/id' | 
14:22:32.663 | Info | '/transaction/getagentrequests/:id/id' | 
14:23:57.648 | Info | '/transaction/getchannel' | 
14:23:57.698 | Info | '/transaction/getcenters' | 
14:23:57.701 | Info | '/transaction/getuserroles' | 
14:23:57.704 | Info | '/transaction/getusers' | 
14:23:57.714 | Info | '/transaction/getchannel' | 
14:23:57.721 | Info | '/transaction/getcenters' | 
14:23:57.725 | Info | '/transaction/getuserroles' | 
14:23:57.737 | Info | '/transaction/getusers' | 
14:23:58.051 | Info | '/transaction/getuserroles' | 
14:23:58.055 | Info | '/transaction/getpermissions' | 
14:23:58.059 | Info | '/transaction/getuserroles' | 
14:23:58.066 | Info | '/transaction/getpermissions' | 
14:23:58.686 | Info | '/transaction/getcenters' | 
14:23:58.689 | Info | '/transaction/getcenters' | 
14:24:00.187 | Info | '/transaction/getchannel' | 
14:24:00.192 | Info | '/transaction/getchannel' | 
14:24:02.072 | Info | '/transaction/getcenters' | 
14:24:02.077 | Info | '/transaction/getcenters' | 
14:24:02.505 | Info | '/transaction/getpermissions' | 
14:24:02.508 | Info | '/transaction/getuserroles' | 
14:24:02.513 | Info | '/transaction/getpermissions' | 
14:24:02.516 | Info | '/transaction/getuserroles' | 
14:24:03.104 | Info | '/transaction/getchannel' | 
14:24:03.114 | Info | '/transaction/getcenters' | 
14:24:03.120 | Info | '/transaction/getchannel' | 
14:24:03.122 | Info | '/transaction/getuserroles' | 
14:24:03.126 | Info | '/transaction/getcenters' | 
14:24:03.131 | Info | '/transaction/getusers' | 
14:24:03.136 | Info | '/transaction/getuserroles' | 
14:24:03.143 | Info | '/transaction/getusers' | 
14:24:05.729 | Info | '/transaction/myprofile' | 
14:24:05.735 | Info | '/transaction/myprofile' | 
14:24:05.747 | Info | '/transaction/myprofile' | 
14:24:05.755 | Info | '/transaction/myprofile' | 
14:24:06.760 | Info | '/transaction/getagentrequests' | 
14:24:06.766 | Info | '/transaction/getagentrequests' | 
14:24:17.288 | Info | '/transaction/myprofile' | 
14:24:17.295 | Info | '/transaction/myprofile' | 
14:24:17.302 | Info | '/transaction/myprofile' | 
14:24:17.309 | Info | '/transaction/myprofile' | 
14:24:19.368 | Info | '/transaction/getagentrequests' | 
14:24:19.378 | Info | '/transaction/getagentrequests' | 
14:25:34.716 | Info | '/transaction/getagentrequests' | 
14:25:34.721 | Info | '/transaction/getagentrequests' | 
14:25:36.436 | Info | '/transaction/myprofile' | 
14:25:36.444 | Info | '/transaction/myprofile' | 
14:25:36.458 | Info | '/transaction/myprofile' | 
14:25:36.487 | Info | '/transaction/myprofile' | 
14:25:44.046 | Info | '/transaction/getagentrequests' | 
14:25:44.051 | Info | '/transaction/getagentrequests' | 
14:26:20.278 | Info | '/transaction/myprofile' | 
14:26:20.295 | Info | '/transaction/myprofile' | 
14:26:20.313 | Info | '/transaction/myprofile' | 
14:26:20.323 | Info | '/transaction/myprofile' | 
14:26:24.432 | Info | '/transaction/getagentrequests' | 
14:26:24.436 | Info | '/transaction/getagentrequests' | 
14:26:27.178 | Info | '/transaction/getagentrequests/:id/id' | 
14:26:31.421 | Info | '/transaction/getagentrequests/:id/id' | 
14:26:33.141 | Info | '/transaction/getagentrequests/:id/id' | 
14:28:54.503 | Info | '/transaction/getagentrequests/:id/id' | 
14:28:57.285 | Info | '/transaction/getagentrequests/:id/id' | 
14:28:59.581 | Info | '/transaction/getagentrequests/:id/id' | 
14:29:06.788 | Info | '/transaction/getagentrequests/:id/id' | 
14:29:08.852 | Info | '/transaction/getagentrequests/:id/id' | 
14:29:11.556 | Info | '/transaction/getagentrequests/:id/id' | 
14:29:39.411 | Info | '/transaction/getagentrequests/:id/id' | 
14:29:41.662 | Info | '/transaction/getagentrequests/:id/id' | 
14:29:43.796 | Info | '/transaction/getagentrequests/:id/id' | 
14:29:48.183 | Info | '/transaction/myprofile' | 
14:29:48.190 | Info | '/transaction/myprofile' | 
14:29:48.199 | Info | '/transaction/myprofile' | 
14:29:48.215 | Info | '/transaction/myprofile' | 
14:29:51.573 | Info | '/transaction/getchannel' | 
14:29:51.576 | Info | '/transaction/getcenters' | 
14:29:51.581 | Info | '/transaction/getuserroles' | 
14:29:51.582 | Info | '/transaction/getusers' | 
14:29:51.584 | Info | '/transaction/getchannel' | 
14:29:51.604 | Info | '/transaction/getcenters' | 
14:29:51.609 | Info | '/transaction/getuserroles' | 
14:29:51.612 | Info | '/transaction/getusers' | 
14:29:52.317 | Info | '/transaction/getuserroles' | 
14:29:52.321 | Info | '/transaction/getpermissions' | 
14:29:52.324 | Info | '/transaction/getuserroles' | 
14:29:52.329 | Info | '/transaction/getpermissions' | 
14:29:53.755 | Info | '/transaction/getcenters' | 
14:29:53.759 | Info | '/transaction/getcenters' | 
14:29:54.454 | Info | '/transaction/getchannel' | 
14:29:54.457 | Info | '/transaction/getchannel' | 
14:29:56.628 | Info | '/transaction/getagentrequests' | 
14:29:56.633 | Info | '/transaction/getagentrequests' | 
14:29:58.972 | Info | '/transaction/getagentrequests/:id/id' | 
14:30:06.156 | Info | '/transaction/myprofile' | 
14:30:06.165 | Info | '/transaction/myprofile' | 
14:30:06.174 | Info | '/transaction/myprofile' | 
14:30:06.183 | Info | '/transaction/myprofile' | 
14:36:06.873 | Info | '/transaction/getuserpermissions' | 
14:36:06.881 | Info | '/transaction/getuserpermissions' | 
14:36:10.405 | Info | '/api/user/login' | 
14:36:10.778 | Info | '/transaction/getuserpermissions' | 
14:36:10.804 | Info | '/transaction/myprofile' | 
14:36:10.861 | Info | '/transaction/getuserpermissions' | 
14:36:10.881 | Info | '/transaction/myprofile' | 
14:36:10.892 | Info | '/transaction/myprofile' | 
14:36:10.898 | Info | '/transaction/myprofile' | 
14:45:33.971 | Info | '/api/user/login' | 
14:45:34.094 | Info | '/transaction/getuserpermissions' | 
14:45:34.113 | Info | '/transaction/myprofile' | 
14:45:34.117 | Info | '/transaction/getuserpermissions' | 
14:45:34.142 | Info | '/transaction/myprofile' | 
14:45:34.152 | Info | '/transaction/myprofile' | 
14:45:34.160 | Info | '/transaction/myprofile' | 
14:45:35.757 | Info | '/transaction/getagentrequests' | 
14:45:36.855 | Info | '/transaction/getagentrequests' | 
14:45:40.231 | Info | '/transaction/getagentrequests' | 
14:45:40.236 | Info | '/transaction/getagentrequests' | 
14:45:41.672 | Info | '/transaction/getagentrequests/:id/id' | 
14:46:38.539 | Info | '/transaction/updateagentrequest/:id/id' | 
14:47:05.192 | Info | '/transaction/updateagentrequest/:id/id' | 
14:47:15.962 | Info | '/transaction/updateagentrequest/:id/id' | 
14:48:14.110 | Info | '/transaction/updateagentrequest/:id/id' | 
14:49:03.774 | Info | '/transaction/updateagentrequest/:id/id' | 
14:54:01.233 | Info | '/transaction/getuserpermissions' | 
14:54:01.240 | Info | '/transaction/getuserpermissions' | 
14:54:04.561 | Info | '/api/user/login' | 
14:54:04.723 | Info | '/transaction/getuserpermissions' | 
14:54:04.744 | Info | '/transaction/myprofile' | 
14:54:04.801 | Info | '/transaction/getuserpermissions' | 
14:54:04.818 | Info | '/transaction/myprofile' | 
14:54:04.827 | Info | '/transaction/myprofile' | 
14:54:04.831 | Info | '/transaction/myprofile' | 
14:54:06.370 | Info | '/transaction/getagentrequests' | 
14:54:06.380 | Info | '/transaction/getagentrequests' | 
14:54:08.886 | Info | '/transaction/updateagentrequest/:id/id' | 
14:54:09.654 | Info | '/transaction/getagentrequests' | 
14:54:50.432 | Info | '/transaction/getuserpermissions' | 
14:54:50.451 | Info | '/transaction/getuserpermissions' | 
14:54:53.480 | Info | '/api/user/login' | 
14:54:53.846 | Info | '/transaction/getuserpermissions' | 
14:54:53.871 | Info | '/transaction/myprofile' | 
14:54:53.932 | Info | '/transaction/getuserpermissions' | 
14:54:53.952 | Info | '/transaction/myprofile' | 
14:54:53.960 | Info | '/transaction/myprofile' | 
14:54:53.967 | Info | '/transaction/myprofile' | 
14:54:55.519 | Info | '/transaction/getagentrequests' | 
14:54:55.661 | Info | '/transaction/getagentrequests' | 
14:54:58.836 | Info | '/transaction/updateagentrequest/:id/id' | 
14:55:00.720 | Info | '/transaction/getagentrequests' | 
14:55:43.965 | Info | '/transaction/getuserpermissions' | 
14:55:43.979 | Info | '/transaction/getuserpermissions' | 
14:55:46.524 | Info | '/api/user/login' | 
14:55:46.844 | Info | '/transaction/getuserpermissions' | 
14:55:46.867 | Info | '/transaction/myprofile' | 
14:55:46.921 | Info | '/transaction/getuserpermissions' | 
14:55:46.934 | Info | '/transaction/myprofile' | 
14:55:46.943 | Info | '/transaction/myprofile' | 
14:55:46.948 | Info | '/transaction/myprofile' | 
14:55:48.464 | Info | '/transaction/getagentrequests' | 
14:55:48.563 | Info | '/transaction/getagentrequests' | 
14:55:50.554 | Info | '/transaction/updateagentrequest/:id/id' | 
14:55:52.430 | Info | '/transaction/getagentrequests' | 
14:55:54.717 | Info | '/transaction/getagentrequests/:id/id' | 
14:55:58.543 | Info | '/transaction/updateagentrequest/:id/id' | 
14:55:59.061 | Info | '/transaction/getagentrequests' | 
14:57:07.556 | Info | '/transaction/getuserpermissions' | 
14:57:07.562 | Info | '/transaction/getuserpermissions' | 
14:57:10.669 | Info | '/api/user/login' | 
14:57:10.794 | Info | '/transaction/getuserpermissions' | 
14:57:10.810 | Info | '/transaction/myprofile' | 
14:57:10.818 | Info | '/transaction/getuserpermissions' | 
14:57:10.830 | Info | '/transaction/myprofile' | 
14:57:10.842 | Info | '/transaction/myprofile' | 
14:57:10.850 | Info | '/transaction/myprofile' | 
14:57:15.248 | Info | '/transaction/getagentrequests' | 
14:57:15.258 | Info | '/transaction/getagentrequests' | 
14:57:42.825 | Info | '/transaction/getagentrequests' | 
14:57:42.835 | Info | '/transaction/getagentrequests' | 
14:57:45.054 | Info | '/transaction/getagentrequests/:id/id' | 
14:57:46.440 | Info | '/transaction/updateagentrequest/:id/id' | 
14:57:46.947 | Info | '/transaction/getagentrequests' | 
14:58:25.604 | Info | '/api/user/login' | 
14:58:25.737 | Info | '/transaction/getuserpermissions' | 
14:58:25.754 | Info | '/transaction/myprofile' | 
14:58:25.756 | Info | '/transaction/getuserpermissions' | 
14:58:25.764 | Info | '/transaction/myprofile' | 
14:58:25.776 | Info | '/transaction/myprofile' | 
14:58:25.782 | Info | '/transaction/myprofile' | 
14:58:27.311 | Info | '/transaction/getagentrequests' | 
14:58:27.317 | Info | '/transaction/getagentrequests' | 
14:58:28.760 | Info | '/transaction/getagentrequests/:id/id' | 
14:58:29.921 | Info | '/transaction/updateagentrequest/:id/id' | 
14:58:30.391 | Info | '/transaction/getagentrequests' | 
14:59:01.122 | Info | '/transaction/getuserpermissions' | 
14:59:01.137 | Info | '/transaction/getuserpermissions' | 
14:59:01.151 | Info | '/transaction/getagentrequests' | 
14:59:01.156 | Info | '/transaction/getagentrequests' | 
14:59:01.160 | Info | '/transaction/getagentrequests' | 
14:59:01.167 | Info | '/transaction/getagentrequests' | 
14:59:01.172 | Info | '/transaction/getagentrequests' | 
14:59:01.184 | Info | '/transaction/getagentrequests' | 
14:59:14.836 | Info | '/transaction/getuserpermissions' | 
14:59:14.853 | Info | '/transaction/getuserpermissions' | 
14:59:36.015 | Info | '/api/user/login' | 
14:59:36.135 | Info | '/transaction/getuserpermissions' | 
14:59:36.143 | Info | '/transaction/getuserpermissions' | 
14:59:36.151 | Info | '/transaction/myprofile' | 
14:59:36.164 | Info | '/transaction/myprofile' | 
14:59:36.174 | Info | '/transaction/myprofile' | 
14:59:36.181 | Info | '/transaction/myprofile' | 
14:59:38.490 | Info | '/transaction/getagentrequests' | 
14:59:38.497 | Info | '/transaction/getagentrequests' | 
14:59:39.769 | Info | '/transaction/updateagentrequest/:id/id' | 
14:59:41.836 | Info | '/transaction/getagentrequests' | 
15:00:38.192 | Info | '/api/user/login' | 
15:00:38.312 | Info | '/transaction/getuserpermissions' | 
15:00:38.323 | Info | '/transaction/myprofile' | 
15:00:38.327 | Info | '/transaction/getuserpermissions' | 
15:00:38.338 | Info | '/transaction/myprofile' | 
15:00:38.346 | Info | '/transaction/myprofile' | 
15:00:38.354 | Info | '/transaction/myprofile' | 
15:00:39.912 | Info | '/transaction/getagentrequests' | 
15:00:39.918 | Info | '/transaction/getagentrequests' | 
15:00:42.320 | Info | '/transaction/getagentrequests/:id/id' | 
15:00:44.250 | Info | '/transaction/updateagentrequest/:id/id' | 
15:00:47.474 | Info | '/transaction/getagentrequests' | 
15:01:36.465 | Info | '/api/user/login' | 
15:01:36.582 | Info | '/transaction/getuserpermissions' | 
15:01:36.594 | Info | '/transaction/getuserpermissions' | 
15:01:36.599 | Info | '/transaction/myprofile' | 
15:01:36.606 | Info | '/transaction/myprofile' | 
15:01:36.613 | Info | '/transaction/myprofile' | 
15:01:36.636 | Info | '/transaction/myprofile' | 
15:01:38.220 | Info | '/transaction/getagentrequests' | 
15:01:38.227 | Info | '/transaction/getagentrequests' | 
15:01:41.050 | Info | '/transaction/getagentrequests/:id/id' | 
15:01:43.677 | Info | '/transaction/updateagentrequest/:id/id' | 
15:01:44.207 | Info | '/transaction/getagentrequests' | 
15:01:47.353 | Info | '/transaction/getagentrequests/:id/id' | 
15:01:49.327 | Info | '/transaction/updateagentrequest/:id/id' | 
15:01:49.774 | Info | '/transaction/getagentrequests' | 
15:02:51.746 | Info | '/transaction/getagentrequests' | 
15:02:51.752 | Info | '/transaction/getagentrequests' | 
15:02:53.688 | Info | '/transaction/getagentrequests/:id/id' | 
15:02:59.044 | Info | '/transaction/getagentrequests/:id/id' | 
15:03:02.178 | Info | '/transaction/getagentrequests/:id/id' | 
15:03:03.901 | Info | '/transaction/getagentrequests/:id/id' | 
15:03:05.653 | Info | '/transaction/getagentrequests/:id/id' | 
15:03:07.809 | Info | '/transaction/getagentrequests/:id/id' | 
15:03:09.921 | Info | '/transaction/getagentrequests/:id/id' | 
15:03:11.563 | Info | '/transaction/getagentrequests/:id/id' | 
15:03:13.258 | Info | '/transaction/getagentrequests/:id/id' | 
15:05:41.722 | Info | '/transaction/myprofile' | 
15:05:41.730 | Info | '/transaction/myprofile' | 
15:05:41.738 | Info | '/transaction/myprofile' | 
15:05:41.742 | Info | '/transaction/myprofile' | 
15:05:45.179 | Info | '/transaction/getchannel' | 
15:05:45.186 | Info | '/transaction/getcenters' | 
15:05:45.194 | Info | '/transaction/getuserroles' | 
15:05:45.199 | Info | '/transaction/getusers' | 
15:05:45.205 | Info | '/transaction/getchannel' | 
15:05:45.208 | Info | '/transaction/getcenters' | 
15:05:45.217 | Info | '/transaction/getuserroles' | 
15:05:45.225 | Info | '/transaction/getusers' | 
15:05:46.102 | Info | '/transaction/getuserroles' | 
15:05:46.106 | Info | '/transaction/getpermissions' | 
15:05:46.109 | Info | '/transaction/getuserroles' | 
15:05:46.115 | Info | '/transaction/getpermissions' | 
15:05:47.073 | Info | '/transaction/getcenters' | 
15:05:47.076 | Info | '/transaction/getcenters' | 
15:05:47.537 | Info | '/transaction/getchannel' | 
15:05:47.541 | Info | '/transaction/getchannel' | 
15:05:50.610 | Info | '/transaction/myprofile' | 
15:05:50.617 | Info | '/transaction/myprofile' | 
15:05:50.624 | Info | '/transaction/myprofile' | 
15:05:50.648 | Info | '/transaction/myprofile' | 
15:05:52.494 | Info | '/transaction/getagentrequests' | 
15:05:52.497 | Info | '/transaction/getagentrequests' | 
15:05:54.250 | Info | '/transaction/getagentrequests/:id/id' | 
